#
# A fatal error has been detected by the Java Runtime Environment:
#
#  EXCEPTION_UNCAUGHT_CXX_EXCEPTION (0xe06d7363) at pc=0x00007ff90afd478c, pid=19660, tid=21752
#
# JRE version: OpenJDK Runtime Environment (16.0.2+7) (build 16.0.2+7-67)
# Java VM: OpenJDK 64-Bit Server VM (16.0.2+7-67, mixed mode, tiered, compressed oops, compressed class ptrs, g1 gc, windows-amd64)
# Problematic frame:
# C  [KERNELBASE.dll+0x4478c]
#
# No core dump will be written. Minidumps are not enabled by default on client versions of Windows
#
# If you would like to submit a bug report, please visit:
#   https://bugreport.java.com/bugreport/crash.jsp
# The crash happened outside the Java Virtual Machine in native code.
# See problematic frame for where to report the bug.
#

---------------  S U M M A R Y ------------

Command Line: -Dcom.sun.management.jmxremote -Dcom.sun.management.jmxremote.port=50472 -Dcom.sun.management.jmxremote.authenticate=false -Dcom.sun.management.jmxremote.ssl=false -Djava.rmi.server.hostname=localhost -Dspring.jmx.enabled=true -Dspring.application.admin.enabled=true -Djava.library.path=C:\Users\utente\Desktop\Nuova cartella (4)\oRatio-3.0\build\bin\Release -XX:TieredStopAtLevel=1 -Dspring.boot.project.name=Wikitel-new -Dfile.encoding=UTF-8 -XX:+ShowCodeDetailsInExceptionMessages it.cnr.istc.psts.WikitelNewApplication --spring.output.ansi.enabled=always

Host: Intel(R) Core(TM) i7-9750H CPU @ 2.60GHz, 12 cores, 15G,  Windows 10 , 64 bit Build 22000 (10.0.22000.318)
Time: Wed Dec 22 11:34:33 2021 ora solare Europa occidentale elapsed time: 4.825036 seconds (0d 0h 0m 4s)

---------------  T H R E A D  ---------------

Current thread (0x000001f96151dfc0):  JavaThread "restartedMain" [_thread_in_native, id=21752, stack(0x0000005dba700000,0x0000005dba800000)]

Stack: [0x0000005dba700000,0x0000005dba800000],  sp=0x0000005dba7fcc20,  free space=1011k
Native frames: (J=compiled Java code, j=interpreted, Vv=VM code, C=native code)
C  [KERNELBASE.dll+0x4478c]
C  [VCRUNTIME140.dll+0x6220]
C  [core.dll+0xbcee]

Java frames: (J=compiled Java code, j=interpreted, Vv=VM code)
j  it.cnr.istc.pst.oratio.Solver.new_instance()J+0
j  it.cnr.istc.pst.oratio.Solver.<init>(ZZ)V+83
j  it.cnr.istc.pst.oratio.Solver.<init>()V+3
j  it.cnr.istc.psts.wikitel.controller.pageController.<init>()V+9
v  ~StubRoutines::call_stub
J 1545  jdk.internal.reflect.NativeConstructorAccessorImpl.newInstance0(Ljava/lang/reflect/Constructor;[Ljava/lang/Object;)Ljava/lang/Object; java.base@16.0.2 (0 bytes) @ 0x000001f94508bd2e [0x000001f94508bcc0+0x000000000000006e]
J 1544 c1 jdk.internal.reflect.NativeConstructorAccessorImpl.newInstance([Ljava/lang/Object;)Ljava/lang/Object; java.base@16.0.2 (135 bytes) @ 0x000001f94508c58c [0x000001f94508c220+0x000000000000036c]
J 1449 c1 jdk.internal.reflect.DelegatingConstructorAccessorImpl.newInstance([Ljava/lang/Object;)Ljava/lang/Object; java.base@16.0.2 (9 bytes) @ 0x000001f94506c484 [0x000001f94506c440+0x0000000000000044]
J 1448 c1 java.lang.reflect.Constructor.newInstanceWithCaller([Ljava/lang/Object;ZLjava/lang/Class;)Ljava/lang/Object; java.base@16.0.2 (75 bytes) @ 0x000001f94506bfac [0x000001f94506bee0+0x00000000000000cc]
J 2663 c1 org.springframework.beans.BeanUtils.instantiateClass(Ljava/lang/reflect/Constructor;[Ljava/lang/Object;)Ljava/lang/Object; (187 bytes) @ 0x000001f94525717c [0x000001f945256da0+0x00000000000003dc]
j  org.springframework.beans.factory.support.SimpleInstantiationStrategy.instantiate(Lorg/springframework/beans/factory/support/RootBeanDefinition;Ljava/lang/String;Lorg/springframework/beans/factory/BeanFactory;)Ljava/lang/Object;+140
j  org.springframework.beans.factory.support.AbstractAutowireCapableBeanFactory.instantiateBean(Ljava/lang/String;Lorg/springframework/beans/factory/support/RootBeanDefinition;)Lorg/springframework/beans/BeanWrapper;+32
j  org.springframework.beans.factory.support.AbstractAutowireCapableBeanFactory.createBeanInstance(Ljava/lang/String;Lorg/springframework/beans/factory/support/RootBeanDefinition;[Ljava/lang/Object;)Lorg/springframework/beans/BeanWrapper;+250
j  org.springframework.beans.factory.support.AbstractAutowireCapableBeanFactory.doCreateBean(Ljava/lang/String;Lorg/springframework/beans/factory/support/RootBeanDefinition;[Ljava/lang/Object;)Ljava/lang/Object;+34
j  org.springframework.beans.factory.support.AbstractAutowireCapableBeanFactory.createBean(Ljava/lang/String;Lorg/springframework/beans/factory/support/RootBeanDefinition;[Ljava/lang/Object;)Ljava/lang/Object;+169
j  org.springframework.beans.factory.support.AbstractBeanFactory.lambda$doGetBean$0(Ljava/lang/String;Lorg/springframework/beans/factory/support/RootBeanDefinition;[Ljava/lang/Object;)Ljava/lang/Object;+4
j  org.springframework.beans.factory.support.AbstractBeanFactory$$Lambda$352+0x00000008002d0000.getObject()Ljava/lang/Object;+16
j  org.springframework.beans.factory.support.DefaultSingletonBeanRegistry.getSingleton(Ljava/lang/String;Lorg/springframework/beans/factory/ObjectFactory;)Ljava/lang/Object;+132
J 3056 c1 org.springframework.beans.factory.support.AbstractBeanFactory.doGetBean(Ljava/lang/String;Ljava/lang/Class;[Ljava/lang/Object;Z)Ljava/lang/Object; (832 bytes) @ 0x000001f9452fed8c [0x000001f9452fe7a0+0x00000000000005ec]
j  org.springframework.beans.factory.support.AbstractBeanFactory.getBean(Ljava/lang/String;)Ljava/lang/Object;+5
j  org.springframework.beans.factory.support.DefaultListableBeanFactory.preInstantiateSingletons()V+248
j  org.springframework.context.support.AbstractApplicationContext.finishBeanFactoryInitialization(Lorg/springframework/beans/factory/config/ConfigurableListableBeanFactory;)V+124
j  org.springframework.context.support.AbstractApplicationContext.refresh()V+86
j  org.springframework.boot.web.servlet.context.ServletWebServerApplicationContext.refresh()V+1
j  org.springframework.boot.SpringApplication.refresh(Lorg/springframework/context/ConfigurableApplicationContext;)V+1
j  org.springframework.boot.SpringApplication.refreshContext(Lorg/springframework/context/ConfigurableApplicationContext;)V+16
j  org.springframework.boot.SpringApplication.run([Ljava/lang/String;)Lorg/springframework/context/ConfigurableApplicationContext;+111
j  org.springframework.boot.SpringApplication.run([Ljava/lang/Class;[Ljava/lang/String;)Lorg/springframework/context/ConfigurableApplicationContext;+9
j  org.springframework.boot.SpringApplication.run(Ljava/lang/Class;[Ljava/lang/String;)Lorg/springframework/context/ConfigurableApplicationContext;+9
j  it.cnr.istc.psts.WikitelNewApplication.main([Ljava/lang/String;)V+3
v  ~StubRoutines::call_stub
j  jdk.internal.reflect.NativeMethodAccessorImpl.invoke0(Ljava/lang/reflect/Method;Ljava/lang/Object;[Ljava/lang/Object;)Ljava/lang/Object;+0 java.base@16.0.2
j  jdk.internal.reflect.NativeMethodAccessorImpl.invoke(Ljava/lang/Object;[Ljava/lang/Object;)Ljava/lang/Object;+146 java.base@16.0.2
j  jdk.internal.reflect.DelegatingMethodAccessorImpl.invoke(Ljava/lang/Object;[Ljava/lang/Object;)Ljava/lang/Object;+6 java.base@16.0.2
j  java.lang.reflect.Method.invoke(Ljava/lang/Object;[Ljava/lang/Object;)Ljava/lang/Object;+59 java.base@16.0.2
j  org.springframework.boot.devtools.restart.RestartLauncher.run()V+42
v  ~StubRoutines::call_stub

siginfo: EXCEPTION_UNCAUGHT_CXX_EXCEPTION (0xe06d7363), ExceptionInformation=0x0000000019930520 0x0000005dba7fcd80 0x00007ff8eea58838 0x00007ff8eea20000 


Register to memory mapping:

RIP=0x00007ff90afd478c KERNELBASE.dll
RAX=0x00007ff90d687551 ntdll.dll
RBX=0x00007ff8eea58838 core.dll
RCX=0x000001f96519bd70 points into unknown readable memory: 0x3b6e726574743b65 | 65 3b 74 74 65 72 6e 3b
RDX=0x000001f93ef10000 points into unknown readable memory: 0x0000000000000000 | 00 00 00 00 00 00 00 00
RSP=0x0000005dba7fcc20 is pointing into the stack for thread: 0x000001f96151dfc0
RBP=0x0000005dba7fcef8 is pointing into the stack for thread: 0x000001f96151dfc0
RSI=0x0000005dba7fcd80 is pointing into the stack for thread: 0x000001f96151dfc0
RDI=0x0000000019930520 is an unknown value
R8 =0x00007ff90b3e218b ucrtbase.dll
R9 =0x00007ff8ef0c1860 solver-java-api.dll
R10=0x000001f96519bd80 points into unknown readable memory: 0x000001f96519bd80 | 80 bd 19 65 f9 01 00 00
R11=0x0000005dba7fc548 is pointing into the stack for thread: 0x000001f96151dfc0
R12=0x0 is NULL
R13={method} {0x000001f966563120} 'new_instance' '()J' in 'it/cnr/istc/pst/oratio/Solver'
R14=0x0000005dba7fcf18 is pointing into the stack for thread: 0x000001f96151dfc0
R15=0x000001f96151dfc0 is a thread


Registers:
RAX=0x00007ff90d687551, RBX=0x00007ff8eea58838, RCX=0x000001f96519bd70, RDX=0x000001f93ef10000
RSP=0x0000005dba7fcc20, RBP=0x0000005dba7fcef8, RSI=0x0000005dba7fcd80, RDI=0x0000000019930520
R8 =0x00007ff90b3e218b, R9 =0x00007ff8ef0c1860, R10=0x000001f96519bd80, R11=0x0000005dba7fc548
R12=0x0000000000000000, R13=0x000001f966563118, R14=0x0000005dba7fcf18, R15=0x000001f96151dfc0
RIP=0x00007ff90afd478c, EFLAGS=0x0000000000000206

Top of Stack: (sp=0x0000005dba7fcc20)
0x0000005dba7fcc20:   000001f900000065 00007ff8eea58838
0x0000005dba7fcc30:   0000005dba7fcd80 000001f93eea0000
0x0000005dba7fcc40:   00000081e06d7363 0000000000000000
0x0000005dba7fcc50:   00007ff90afd478c 000001f900000004
0x0000005dba7fcc60:   0000000019930520 0000005dba7fcd80
0x0000005dba7fcc70:   00007ff8eea58838 00007ff8eea20000
0x0000005dba7fcc80:   000001f900000000 0000005dba7fcd88
0x0000005dba7fcc90:   000001f966563118 0000000000000000
0x0000005dba7fcca0:   0000005dba7fcf18 00007ff90d6da4af
0x0000005dba7fccb0:   0000005dba7fcd20 00007ff8eea62000
0x0000005dba7fccc0:   0000005dba7fcd80 0000000019930520
0x0000005dba7fccd0:   00007ff8eea62000 00007ff8eea20000
0x0000005dba7fcce0:   0000ce15e23eba7a 00007ff8ef475f5e
0x0000005dba7fccf0:   00007ff8eea58838 00007ff8ef476220
0x0000005dba7fcd00:   0000000000000000 000001f964f384f0
0x0000005dba7fcd10:   0000005dba7fcf18 00007ff8eea2831e 

Instructions: (pc=0x00007ff90afd478c)
0x00007ff90afd468c:   48 21 75 48 4c 8d 45 48 41 b9 08 00 00 00 49 8b
0x00007ff90afd469c:   cd 41 8d 51 fd 48 ff 15 c8 89 1f 00 0f 1f 44 00
0x00007ff90afd46ac:   00 8b f8 85 c0 78 86 be 01 00 00 00 e9 18 ff ff
0x00007ff90afd46bc:   ff 85 f6 74 21 41 b9 08 00 00 00 4c 8d 45 38 49
0x00007ff90afd46cc:   8b cd 41 8d 51 fd 48 ff 15 97 89 1f 00 0f 1f 44
0x00007ff90afd46dc:   00 00 48 8b 4d 38 48 ff 15 af 83 1f 00 0f 1f 44
0x00007ff90afd46ec:   00 00 e9 4f ff ff ff cc cc cc cc cc 71 e1 d3 32
0x00007ff90afd46fc:   5b 07 d5 dd 65 48 8b 04 25 30 00 00 00 8b 40 68
0x00007ff90afd470c:   c3 cc cc cc cc cc cc cc cc cc cc cc 71 18 d3 7a
0x00007ff90afd471c:   1a 87 89 f9 48 81 ec d8 00 00 00 48 8b 05 22 38
0x00007ff90afd472c:   2e 00 48 33 c4 48 89 84 24 c0 00 00 00 48 83 64
0x00007ff90afd473c:   24 28 00 48 8d 05 da ff ff ff 83 e2 01 89 4c 24
0x00007ff90afd474c:   20 89 54 24 24 48 89 44 24 30 4d 85 c9 74 4f b8
0x00007ff90afd475c:   0f 00 00 00 48 8d 4c 24 40 44 3b c0 49 8b d1 41
0x00007ff90afd476c:   0f 46 c0 44 8b c0 44 89 44 24 38 49 c1 e0 03 e8
0x00007ff90afd477c:   37 38 07 00 48 8d 4c 24 20 48 ff 15 2c 84 1f 00
0x00007ff90afd478c:   0f 1f 44 00 00 48 8b 8c 24 c0 00 00 00 48 33 cc
0x00007ff90afd479c:   e8 6f b1 06 00 48 81 c4 d8 00 00 00 c3 cc 83 64
0x00007ff90afd47ac:   24 38 00 eb cf cc cc cc cc cc cc cc 71 c2 5b 1e
0x00007ff90afd47bc:   ed 06 b0 d2 48 89 5c 24 10 55 56 57 41 54 41 55
0x00007ff90afd47cc:   41 56 41 57 48 81 ec a0 03 00 00 48 8d 6c 24 50
0x00007ff90afd47dc:   48 83 e5 e0 48 8b 05 69 37 2e 00 48 33 c4 48 89
0x00007ff90afd47ec:   85 40 03 00 00 44 8b ea 44 89 45 2c 33 d2 48 89
0x00007ff90afd47fc:   4d 10 41 8b c1 48 8b d9 89 45 04 8b fa 48 85 c9
0x00007ff90afd480c:   0f 84 8c 2d 09 00 85 c0 0f 84 c7 03 00 00 45 85
0x00007ff90afd481c:   ed 8d 5a 37 41 0f 45 dd f7 c3 c8 ff ff ff 0f 85
0x00007ff90afd482c:   b4 31 09 00 44 8b e2 8d 72 01 8b ca 44 8b f3 41
0x00007ff90afd483c:   c1 ee 02 44 23 f6 f6 c3 21 41 0f 95 c4 f6 c3 11
0x00007ff90afd484c:   44 89 65 1c 0f 95 c1 44 89 65 28 89 4d 00 89 4d
0x00007ff90afd485c:   20 89 4d 24 45 85 e4 74 37 e8 d6 de ff ff 48 8b
0x00007ff90afd486c:   78 10 e8 e9 ab ff ff 33 d2 4c 8b f8 48 85 ff 74
0x00007ff90afd487c:   0f 44 8b 5f 4c 41 0f ba e3 10 0f 82 1c 2d 09 00 


Stack slot to memory mapping:
stack at sp + 0 slots: 0x000001f900000065 is an unknown value
stack at sp + 1 slots: 0x00007ff8eea58838 core.dll
stack at sp + 2 slots: 0x0000005dba7fcd80 is pointing into the stack for thread: 0x000001f96151dfc0
stack at sp + 3 slots: 0x000001f93eea0000 points into unknown readable memory: 0x0000000000000000 | 00 00 00 00 00 00 00 00
stack at sp + 4 slots: 0x00000081e06d7363 is an unknown value
stack at sp + 5 slots: 0x0 is NULL
stack at sp + 6 slots: 0x00007ff90afd478c KERNELBASE.dll
stack at sp + 7 slots: 0x000001f900000004 is an unknown value


---------------  P R O C E S S  ---------------

Threads class SMR info:
_java_thread_list=0x000001f96290e550, length=25, elements={
0x000001f9411ac420, 0x000001f96085f260, 0x000001f96085fe60, 0x000001f9608914b0,
0x000001f960893dd0, 0x000001f9608946e0, 0x000001f96089a500, 0x000001f9608a2e20,
0x000001f9608a4780, 0x000001f960964c10, 0x000001f960a71260, 0x000001f961140bd0,
0x000001f9611410f0, 0x000001f9610f9ab0, 0x000001f96151daa0, 0x000001f96151dfc0,
0x000001f96248c260, 0x000001f96246cce0, 0x000001f962490fb0, 0x000001f9624964d0,
0x000001f962497f60, 0x000001f962498f50, 0x000001f962496a20, 0x000001f962497a10,
0x000001f9624984b0
}

Java Threads: ( => current thread )
  0x000001f9411ac420 JavaThread "main" [_thread_blocked, id=26456, stack(0x0000005db8800000,0x0000005db8900000)]
  0x000001f96085f260 JavaThread "Reference Handler" daemon [_thread_blocked, id=19496, stack(0x0000005db8f00000,0x0000005db9000000)]
  0x000001f96085fe60 JavaThread "Finalizer" daemon [_thread_blocked, id=23572, stack(0x0000005db9000000,0x0000005db9100000)]
  0x000001f9608914b0 JavaThread "Signal Dispatcher" daemon [_thread_blocked, id=12732, stack(0x0000005db9100000,0x0000005db9200000)]
  0x000001f960893dd0 JavaThread "Attach Listener" daemon [_thread_blocked, id=23036, stack(0x0000005db9200000,0x0000005db9300000)]
  0x000001f9608946e0 JavaThread "Service Thread" daemon [_thread_blocked, id=14020, stack(0x0000005db9300000,0x0000005db9400000)]
  0x000001f96089a500 JavaThread "Monitor Deflation Thread" daemon [_thread_blocked, id=25344, stack(0x0000005db9400000,0x0000005db9500000)]
  0x000001f9608a2e20 JavaThread "C1 CompilerThread0" daemon [_thread_blocked, id=24436, stack(0x0000005db9500000,0x0000005db9600000)]
  0x000001f9608a4780 JavaThread "Sweeper thread" daemon [_thread_blocked, id=25048, stack(0x0000005db9600000,0x0000005db9700000)]
  0x000001f960964c10 JavaThread "Common-Cleaner" daemon [_thread_blocked, id=3652, stack(0x0000005db9700000,0x0000005db9800000)]
  0x000001f960a71260 JavaThread "Notification Thread" daemon [_thread_blocked, id=24060, stack(0x0000005db9800000,0x0000005db9900000)]
  0x000001f961140bd0 JavaThread "RMI TCP Accept-0" daemon [_thread_in_native, id=17728, stack(0x0000005db9900000,0x0000005db9a00000)]
  0x000001f9611410f0 JavaThread "RMI TCP Accept-50472" daemon [_thread_in_native, id=27684, stack(0x0000005db9a00000,0x0000005db9b00000)]
  0x000001f9610f9ab0 JavaThread "RMI TCP Accept-0" daemon [_thread_in_native, id=10296, stack(0x0000005db9b00000,0x0000005db9c00000)]
  0x000001f96151daa0 JavaThread "Thread-0" [_thread_blocked, id=25848, stack(0x0000005dba600000,0x0000005dba700000)]
=>0x000001f96151dfc0 JavaThread "restartedMain" [_thread_in_native, id=21752, stack(0x0000005dba700000,0x0000005dba800000)]
  0x000001f96248c260 JavaThread "RMI TCP Connection(1)-127.0.0.1" daemon [_thread_in_native, id=20032, stack(0x0000005dba800000,0x0000005dba900000)]
  0x000001f96246cce0 JavaThread "RMI Scheduler(0)" daemon [_thread_blocked, id=13404, stack(0x0000005dba900000,0x0000005dbaa00000)]
  0x000001f962490fb0 JavaThread "RMI TCP Connection(2)-127.0.0.1" daemon [_thread_in_native, id=25784, stack(0x0000005dbaa00000,0x0000005dbab00000)]
  0x000001f9624964d0 JavaThread "JMX server connection timeout 25" daemon [_thread_blocked, id=27836, stack(0x0000005dbab00000,0x0000005dbac00000)]
  0x000001f962497f60 JavaThread "HikariPool-1 housekeeper" daemon [_thread_blocked, id=5224, stack(0x0000005dbb100000,0x0000005dbb200000)]
  0x000001f962498f50 JavaThread "Catalina-utility-1" [_thread_blocked, id=5784, stack(0x0000005dbb200000,0x0000005dbb300000)]
  0x000001f962496a20 JavaThread "Catalina-utility-2" [_thread_blocked, id=16424, stack(0x0000005dbb300000,0x0000005dbb400000)]
  0x000001f962497a10 JavaThread "container-0" [_thread_blocked, id=18712, stack(0x0000005dbb400000,0x0000005dbb500000)]
  0x000001f9624984b0 JavaThread "HikariPool-1 connection adder" daemon [_thread_blocked, id=25788, stack(0x0000005dbb500000,0x0000005dbb600000)]

Other Threads:
  0x000001f96084c270 VMThread "VM Thread" [stack: 0x0000005db8e00000,0x0000005db8f00000] [id=12812]
  0x000001f961154d10 WatcherThread [stack: 0x0000005db9c00000,0x0000005db9d00000] [id=25640]
  0x000001f9411f86c0 GCTaskThread "GC Thread#0" [stack: 0x0000005db8900000,0x0000005db8a00000] [id=28796]
  0x000001f961503b00 GCTaskThread "GC Thread#1" [stack: 0x0000005db9d00000,0x0000005db9e00000] [id=996]
  0x000001f9614fc020 GCTaskThread "GC Thread#2" [stack: 0x0000005db9e00000,0x0000005db9f00000] [id=12100]
  0x000001f9614fc330 GCTaskThread "GC Thread#3" [stack: 0x0000005db9f00000,0x0000005dba000000] [id=24344]
  0x000001f9614fc640 GCTaskThread "GC Thread#4" [stack: 0x0000005dba000000,0x0000005dba100000] [id=21248]
  0x000001f961500c90 GCTaskThread "GC Thread#5" [stack: 0x0000005dba100000,0x0000005dba200000] [id=14160]
  0x000001f96151eab0 GCTaskThread "GC Thread#6" [stack: 0x0000005dba200000,0x0000005dba300000] [id=26268]
  0x000001f962351ad0 GCTaskThread "GC Thread#7" [stack: 0x0000005dba300000,0x0000005dba400000] [id=10156]
  0x000001f96251ffd0 GCTaskThread "GC Thread#8" [stack: 0x0000005dbad00000,0x0000005dbae00000] [id=24260]
  0x000001f96251c760 GCTaskThread "GC Thread#9" [stack: 0x0000005dbae00000,0x0000005dbaf00000] [id=14076]
  0x000001f941209cd0 ConcurrentGCThread "G1 Main Marker" [stack: 0x0000005db8a00000,0x0000005db8b00000] [id=20064]
  0x000001f94120a660 ConcurrentGCThread "G1 Conc#0" [stack: 0x0000005db8b00000,0x0000005db8c00000] [id=21748]
  0x000001f962589c40 ConcurrentGCThread "G1 Conc#1" [stack: 0x0000005dbaf00000,0x0000005dbb000000] [id=15844]
  0x000001f9625bc3c0 ConcurrentGCThread "G1 Conc#2" [stack: 0x0000005dbb000000,0x0000005dbb100000] [id=10488]
  0x000001f95fe4b530 ConcurrentGCThread "G1 Refine#0" [stack: 0x0000005db8c00000,0x0000005db8d00000] [id=11500]
  0x000001f96235a600 ConcurrentGCThread "G1 Refine#1" [stack: 0x0000005dba400000,0x0000005dba500000] [id=26284]
  0x000001f96150be20 ConcurrentGCThread "G1 Refine#2" [stack: 0x0000005dba500000,0x0000005dba600000] [id=3004]
  0x000001f95fe4cc70 ConcurrentGCThread "G1 Service" [stack: 0x0000005db8d00000,0x0000005db8e00000] [id=23272]

Threads with active compile tasks:

VM state: not at safepoint (normal execution)

VM Mutex/Monitor currently owned by a thread: None

Heap address: 0x0000000702400000, size: 4060 MB, Compressed Oops mode: Zero based, Oop shift amount: 3

CDS disabled.
Compressed class space mapped at: 0x0000000800000000-0x0000000840000000, reserved size: 1073741824
Narrow klass base: 0x0000000800000000, Narrow klass shift: 0, Narrow klass range: 0x40000000

GC Precious Log:
 CPUs: 12 total, 12 available
 Memory: 16233M
 Large Page Support: Disabled
 NUMA Support: Disabled
 Compressed Oops: Enabled (Zero based)
 Heap Region Size: 2M
 Heap Min Capacity: 8M
 Heap Initial Capacity: 254M
 Heap Max Capacity: 4060M
 Pre-touch: Disabled
 Parallel Workers: 10
 Concurrent Workers: 3
 Concurrent Refinement Workers: 10
 Periodic GC: Disabled

Heap:
 garbage-first heap   total 69632K, used 46275K [0x0000000702400000, 0x0000000800000000)
  region size 2048K, 15 young (30720K), 2 survivors (4096K)
 Metaspace       used 57849K, committed 58240K, reserved 1105920K
  class space    used 7695K, committed 7872K, reserved 1048576K

Heap Regions: E=young(eden), S=young(survivor), O=old, HS=humongous(starts), HC=humongous(continues), CS=collection set, F=free, OA=open archive, CA=closed archive, TAMS=top-at-mark-start (previous, next)
|   0|0x0000000702400000, 0x0000000702600000, 0x0000000702600000|100%| O|  |TAMS 0x0000000702600000, 0x0000000702400000| Untracked 
|   1|0x0000000702600000, 0x0000000702800000, 0x0000000702800000|100%| O|  |TAMS 0x0000000702800000, 0x0000000702600000| Untracked 
|   2|0x0000000702800000, 0x0000000702a00000, 0x0000000702a00000|100%| O|  |TAMS 0x0000000702a00000, 0x0000000702800000| Untracked 
|   3|0x0000000702a00000, 0x0000000702afb800, 0x0000000702c00000| 49%| O|  |TAMS 0x0000000702afb800, 0x0000000702a00000| Untracked 
|   4|0x0000000702c00000, 0x0000000702e00000, 0x0000000702e00000|100%| O|  |TAMS 0x0000000702dec400, 0x0000000702c00000| Untracked 
|   5|0x0000000702e00000, 0x0000000702f07c00, 0x0000000703000000| 51%| O|  |TAMS 0x0000000702e00000, 0x0000000702e00000| Untracked 
|   6|0x0000000703000000, 0x0000000703200000, 0x0000000703200000|100%| O|  |TAMS 0x0000000703000000, 0x0000000703000000| Untracked 
|   7|0x0000000703200000, 0x0000000703400000, 0x0000000703400000|100%| O|  |TAMS 0x0000000703200000, 0x0000000703200000| Untracked 
|   8|0x0000000703400000, 0x0000000703600000, 0x0000000703600000|100%| O|  |TAMS 0x0000000703400000, 0x0000000703400000| Untracked 
|   9|0x0000000703600000, 0x00000007037b2400, 0x0000000703800000| 84%| O|  |TAMS 0x0000000703600000, 0x0000000703600000| Untracked 
|  10|0x0000000703800000, 0x0000000703800000, 0x0000000703a00000|  0%| F|  |TAMS 0x0000000703800000, 0x0000000703800000| Untracked 
|  11|0x0000000703a00000, 0x0000000703a00000, 0x0000000703c00000|  0%| F|  |TAMS 0x0000000703a00000, 0x0000000703a00000| Untracked 
|  12|0x0000000703c00000, 0x0000000703c00000, 0x0000000703e00000|  0%| F|  |TAMS 0x0000000703c00000, 0x0000000703c00000| Untracked 
|  13|0x0000000703e00000, 0x0000000703e00000, 0x0000000704000000|  0%| F|  |TAMS 0x0000000703e00000, 0x0000000703e00000| Untracked 
|  14|0x0000000704000000, 0x000000070417b550, 0x0000000704200000| 74%| S|CS|TAMS 0x0000000704000000, 0x0000000704000000| Complete 
|  15|0x0000000704200000, 0x0000000704200000, 0x0000000704400000|  0%| F|  |TAMS 0x0000000704200000, 0x0000000704200000| Untracked 
|  16|0x0000000704400000, 0x0000000704400000, 0x0000000704600000|  0%| F|  |TAMS 0x0000000704400000, 0x0000000704400000| Untracked 
|  17|0x0000000704600000, 0x0000000704600000, 0x0000000704800000|  0%| F|  |TAMS 0x0000000704600000, 0x0000000704600000| Untracked 
|  18|0x0000000704800000, 0x0000000704a00000, 0x0000000704a00000|100%| S|CS|TAMS 0x0000000704800000, 0x0000000704800000| Complete 
|  19|0x0000000704a00000, 0x0000000704a00000, 0x0000000704c00000|  0%| F|  |TAMS 0x0000000704a00000, 0x0000000704a00000| Untracked 
|  20|0x0000000704c00000, 0x0000000704c00000, 0x0000000704e00000|  0%| F|  |TAMS 0x0000000704c00000, 0x0000000704c00000| Untracked 
|  21|0x0000000704e00000, 0x0000000704f22028, 0x0000000705000000| 56%| E|  |TAMS 0x0000000704e00000, 0x0000000704e00000| Complete 
|  22|0x0000000705000000, 0x0000000705200000, 0x0000000705200000|100%| E|CS|TAMS 0x0000000705000000, 0x0000000705000000| Complete 
|  23|0x0000000705200000, 0x0000000705400000, 0x0000000705400000|100%| E|CS|TAMS 0x0000000705200000, 0x0000000705200000| Complete 
|  24|0x0000000705400000, 0x0000000705600000, 0x0000000705600000|100%| E|CS|TAMS 0x0000000705400000, 0x0000000705400000| Complete 
|  25|0x0000000705600000, 0x0000000705800000, 0x0000000705800000|100%| E|CS|TAMS 0x0000000705600000, 0x0000000705600000| Complete 
|  26|0x0000000705800000, 0x0000000705a00000, 0x0000000705a00000|100%| E|CS|TAMS 0x0000000705800000, 0x0000000705800000| Complete 
|  27|0x0000000705a00000, 0x0000000705c00000, 0x0000000705c00000|100%| E|CS|TAMS 0x0000000705a00000, 0x0000000705a00000| Complete 
|  28|0x0000000705c00000, 0x0000000705e00000, 0x0000000705e00000|100%| E|CS|TAMS 0x0000000705c00000, 0x0000000705c00000| Complete 
|  29|0x0000000705e00000, 0x0000000706000000, 0x0000000706000000|100%| E|CS|TAMS 0x0000000705e00000, 0x0000000705e00000| Complete 
|  49|0x0000000708600000, 0x0000000708800000, 0x0000000708800000|100%| E|CS|TAMS 0x0000000708600000, 0x0000000708600000| Complete 
|  50|0x0000000708800000, 0x0000000708a00000, 0x0000000708a00000|100%| E|CS|TAMS 0x0000000708800000, 0x0000000708800000| Complete 
|  51|0x0000000708a00000, 0x0000000708c00000, 0x0000000708c00000|100%| E|CS|TAMS 0x0000000708a00000, 0x0000000708a00000| Complete 
| 126|0x0000000712000000, 0x0000000712200000, 0x0000000712200000|100%| E|CS|TAMS 0x0000000712000000, 0x0000000712000000| Complete 

Card table byte_map: [0x000001f954450000,0x000001f954c40000] _byte_map_base: 0x000001f950c3e000

Marking Bits (Prev, Next): (CMBitMap*) 0x000001f9411f8c50, (CMBitMap*) 0x000001f9411f8c90
 Prev Bits: [0x000001f955430000, 0x000001f9593a0000)
 Next Bits: [0x000001f9593a0000, 0x000001f95d310000)

Polling page: 0x000001f940970000

Metaspace:

Usage:
  Non-class:     48.98 MB used.
      Class:      7.52 MB used.
       Both:     56.49 MB used.

Virtual space:
  Non-class space:       56.00 MB reserved,      49.19 MB ( 88%) committed,  7 nodes.
      Class space:        1.00 GB reserved,       7.69 MB ( <1%) committed,  1 nodes.
              Both:        1.05 GB reserved,      56.88 MB (  5%) committed. 

Chunk freelists:
   Non-Class:  2.59 MB
       Class:  324.00 KB
        Both:  2.91 MB

MaxMetaspaceSize: 17179869184.00 GB
CompressedClassSpaceSize: 1.00 GB
 - commit_granule_bytes: 65536.
 - commit_granule_words: 8192.
 - virtual_space_node_default_size: 1048576.
 - enlarge_chunks_in_place: 1.
 - new_chunks_are_fully_committed: 0.
 - uncommit_free_chunks: 1.
 - use_allocation_guard: 0.
 - handle_deallocations: 1.


Internal statistics:

num_allocs_failed_limit: 8.
num_arena_births: 512.
num_arena_deaths: 0.
num_vsnodes_births: 8.
num_vsnodes_deaths: 0.
num_space_committed: 910.
num_space_uncommitted: 0.
num_chunks_returned_to_freelist: 8.
num_chunks_taken_from_freelist: 2294.
num_chunk_merges: 8.
num_chunk_splits: 1620.
num_chunks_enlarged: 1239.
num_purges: 0.

CodeHeap 'non-profiled nmethods': size=238336Kb used=8159Kb max_used=8159Kb free=230176Kb
 bounds [0x000001f944e50000, 0x000001f945650000, 0x000001f953710000]
CodeHeap 'non-nmethods': size=7424Kb used=1258Kb max_used=1258Kb free=6165Kb
 bounds [0x000001f944710000, 0x000001f944980000, 0x000001f944e50000]
 total_blobs=5799 nmethods=5229 adapters=496
 compilation: enabled
              stopped_count=0, restarted_count=0
 full_count=0

Compilation events (20 events):
Event: 4.799 Thread 0x000001f9608a2e20 5221       1       org.springframework.cglib.core.Signature::equals (54 bytes)
Event: 4.799 Thread 0x000001f9608a2e20 nmethod 5221 0x000001f945643f10 code [0x000001f9456440e0, 0x000001f945644338]
Event: 4.799 Thread 0x000001f9608a2e20 5217       1       org.springframework.cglib.core.Local::getIndex (5 bytes)
Event: 4.799 Thread 0x000001f9608a2e20 nmethod 5217 0x000001f945644490 code [0x000001f945644620, 0x000001f9456446f8]
Event: 4.799 Thread 0x000001f9608a2e20 5219       1       org.springframework.cglib.core.Local::getType (5 bytes)
Event: 4.799 Thread 0x000001f9608a2e20 nmethod 5219 0x000001f945644790 code [0x000001f945644920, 0x000001f9456449f8]
Event: 4.799 Thread 0x000001f9608a2e20 5223       1       java.io.FileDescriptor::<init> (17 bytes)
Event: 4.799 Thread 0x000001f9608a2e20 nmethod 5223 0x000001f945644a90 code [0x000001f945644c20, 0x000001f945644cf8]
Event: 4.801 Thread 0x000001f9608a2e20 5224       1       java.lang.reflect.ProxyGenerator::generateStaticInitializer (342 bytes)
Event: 4.802 Thread 0x000001f9608a2e20 nmethod 5224 0x000001f945644d90 code [0x000001f945645120, 0x000001f945645ba8]
Event: 4.802 Thread 0x000001f9608a2e20 5225       1       org.springframework.beans.PropertyEditorRegistrySupport::setConversionService (6 bytes)
Event: 4.802 Thread 0x000001f9608a2e20 nmethod 5225 0x000001f945646190 code [0x000001f945646320, 0x000001f945646438]
Event: 4.802 Thread 0x000001f9608a2e20 5226       1       java.util.Collections::unmodifiableList (27 bytes)
Event: 4.803 Thread 0x000001f9608a2e20 nmethod 5226 0x000001f945646490 code [0x000001f945646680, 0x000001f945646bb8]
Event: 4.803 Thread 0x000001f9608a2e20 5227       1       java.util.Collections$UnmodifiableRandomAccessList::<init> (6 bytes)
Event: 4.803 Thread 0x000001f9608a2e20 nmethod 5227 0x000001f945646d10 code [0x000001f945646ec0, 0x000001f945647108]
Event: 4.803 Thread 0x000001f9608a2e20 5228       1       java.util.Collections$UnmodifiableList::<init> (11 bytes)
Event: 4.803 Thread 0x000001f9608a2e20 nmethod 5228 0x000001f945647210 code [0x000001f9456473c0, 0x000001f945647608]
Event: 4.803 Thread 0x000001f9608a2e20 5229   !   1       jdk.proxy2.$Proxy11::value (29 bytes)
Event: 4.803 Thread 0x000001f9608a2e20 nmethod 5229 0x000001f945647710 code [0x000001f9456478c0, 0x000001f945647af8]

GC Heap History (20 events):
Event: 0.800 GC heap before
{Heap before GC invocations=1 (full 0):
 garbage-first heap   total 260096K, used 29671K [0x0000000702400000, 0x0000000800000000)
  region size 2048K, 14 young (28672K), 2 survivors (4096K)
 Metaspace       used 15268K, committed 15424K, reserved 1064960K
  class space    used 1583K, committed 1664K, reserved 1048576K
}
Event: 0.803 GC heap after
{Heap after GC invocations=2 (full 0):
 garbage-first heap   total 260096K, used 7589K [0x0000000702400000, 0x0000000800000000)
  region size 2048K, 1 young (2048K), 1 survivors (2048K)
 Metaspace       used 15268K, committed 15424K, reserved 1064960K
  class space    used 1583K, committed 1664K, reserved 1048576K
}
Event: 1.163 GC heap before
{Heap before GC invocations=2 (full 0):
 garbage-first heap   total 260096K, used 52645K [0x0000000702400000, 0x0000000800000000)
  region size 2048K, 25 young (51200K), 1 survivors (2048K)
 Metaspace       used 21016K, committed 21248K, reserved 1073152K
  class space    used 2421K, committed 2560K, reserved 1048576K
}
Event: 1.168 GC heap after
{Heap after GC invocations=3 (full 0):
 garbage-first heap   total 260096K, used 9240K [0x0000000702400000, 0x0000000800000000)
  region size 2048K, 2 young (4096K), 2 survivors (4096K)
 Metaspace       used 21016K, committed 21248K, reserved 1073152K
  class space    used 2421K, committed 2560K, reserved 1048576K
}
Event: 1.461 GC heap before
{Heap before GC invocations=4 (full 0):
 garbage-first heap   total 49152K, used 44056K [0x0000000702400000, 0x0000000800000000)
  region size 2048K, 20 young (40960K), 2 survivors (4096K)
 Metaspace       used 26512K, committed 26816K, reserved 1073152K
  class space    used 3128K, committed 3264K, reserved 1048576K
}
Event: 1.465 GC heap after
{Heap after GC invocations=5 (full 0):
 garbage-first heap   total 53248K, used 10793K [0x0000000702400000, 0x0000000800000000)
  region size 2048K, 2 young (4096K), 2 survivors (4096K)
 Metaspace       used 26512K, committed 26816K, reserved 1073152K
  class space    used 3128K, committed 3264K, reserved 1048576K
}
Event: 1.469 GC heap before
{Heap before GC invocations=5 (full 0):
 garbage-first heap   total 53248K, used 31273K [0x0000000702400000, 0x0000000800000000)
  region size 2048K, 13 young (26624K), 2 survivors (4096K)
 Metaspace       used 26512K, committed 26816K, reserved 1073152K
  class space    used 3128K, committed 3264K, reserved 1048576K
}
Event: 1.472 GC heap after
{Heap after GC invocations=6 (full 0):
 garbage-first heap   total 53248K, used 10960K [0x0000000702400000, 0x0000000800000000)
  region size 2048K, 1 young (2048K), 1 survivors (2048K)
 Metaspace       used 26512K, committed 26816K, reserved 1073152K
  class space    used 3128K, committed 3264K, reserved 1048576K
}
Event: 1.676 GC heap before
{Heap before GC invocations=6 (full 0):
 garbage-first heap   total 53248K, used 33488K [0x0000000702400000, 0x0000000800000000)
  region size 2048K, 13 young (26624K), 1 survivors (2048K)
 Metaspace       used 27850K, committed 28160K, reserved 1081344K
  class space    used 3296K, committed 3392K, reserved 1048576K
}
Event: 1.679 GC heap after
{Heap after GC invocations=7 (full 0):
 garbage-first heap   total 157696K, used 12138K [0x0000000702400000, 0x0000000800000000)
  region size 2048K, 2 young (4096K), 2 survivors (4096K)
 Metaspace       used 27850K, committed 28160K, reserved 1081344K
  class space    used 3296K, committed 3392K, reserved 1048576K
}
Event: 2.424 GC heap before
{Heap before GC invocations=7 (full 0):
 garbage-first heap   total 157696K, used 100202K [0x0000000702400000, 0x0000000800000000)
  region size 2048K, 46 young (94208K), 2 survivors (4096K)
 Metaspace       used 35088K, committed 35520K, reserved 1081344K
  class space    used 4376K, committed 4608K, reserved 1048576K
}
Event: 2.430 GC heap after
{Heap after GC invocations=8 (full 0):
 garbage-first heap   total 157696K, used 15996K [0x0000000702400000, 0x0000000800000000)
  region size 2048K, 4 young (8192K), 4 survivors (8192K)
 Metaspace       used 35088K, committed 35520K, reserved 1081344K
  class space    used 4376K, committed 4608K, reserved 1048576K
}
Event: 2.518 GC heap before
{Heap before GC invocations=8 (full 0):
 garbage-first heap   total 157696K, used 63100K [0x0000000702400000, 0x0000000800000000)
  region size 2048K, 29 young (59392K), 4 survivors (8192K)
 Metaspace       used 35618K, committed 35968K, reserved 1081344K
  class space    used 4423K, committed 4608K, reserved 1048576K
}
Event: 2.523 GC heap after
{Heap after GC invocations=9 (full 0):
 garbage-first heap   total 157696K, used 16158K [0x0000000702400000, 0x0000000800000000)
  region size 2048K, 3 young (6144K), 3 survivors (6144K)
 Metaspace       used 35618K, committed 35968K, reserved 1081344K
  class space    used 4423K, committed 4608K, reserved 1048576K
}
Event: 3.105 GC heap before
{Heap before GC invocations=10 (full 0):
 garbage-first heap   total 69632K, used 50974K [0x0000000702400000, 0x0000000800000000)
  region size 2048K, 20 young (40960K), 3 survivors (6144K)
 Metaspace       used 42436K, committed 42752K, reserved 1089536K
  class space    used 5352K, committed 5504K, reserved 1048576K
}
Event: 3.109 GC heap after
{Heap after GC invocations=11 (full 0):
 garbage-first heap   total 69632K, used 18614K [0x0000000702400000, 0x0000000800000000)
  region size 2048K, 2 young (4096K), 2 survivors (4096K)
 Metaspace       used 42436K, committed 42752K, reserved 1089536K
  class space    used 5352K, committed 5504K, reserved 1048576K
}
Event: 3.635 GC heap before
{Heap before GC invocations=11 (full 0):
 garbage-first heap   total 69632K, used 49334K [0x0000000702400000, 0x0000000800000000)
  region size 2048K, 18 young (36864K), 2 survivors (4096K)
 Metaspace       used 50156K, committed 50624K, reserved 1097728K
  class space    used 6487K, committed 6720K, reserved 1048576K
}
Event: 3.640 GC heap after
{Heap after GC invocations=12 (full 0):
 garbage-first heap   total 69632K, used 20459K [0x0000000702400000, 0x0000000800000000)
  region size 2048K, 3 young (6144K), 3 survivors (6144K)
 Metaspace       used 50156K, committed 50624K, reserved 1097728K
  class space    used 6487K, committed 6720K, reserved 1048576K
}
Event: 4.497 GC heap before
{Heap before GC invocations=12 (full 0):
 garbage-first heap   total 69632K, used 51179K [0x0000000702400000, 0x0000000800000000)
  region size 2048K, 18 young (36864K), 3 survivors (6144K)
 Metaspace       used 54055K, committed 54464K, reserved 1097728K
  class space    used 7181K, committed 7424K, reserved 1048576K
}
Event: 4.501 GC heap after
{Heap after GC invocations=13 (full 0):
 garbage-first heap   total 69632K, used 21699K [0x0000000702400000, 0x0000000800000000)
  region size 2048K, 2 young (4096K), 2 survivors (4096K)
 Metaspace       used 54055K, committed 54464K, reserved 1097728K
  class space    used 7181K, committed 7424K, reserved 1048576K
}

Deoptimization events (4 events):
Event: 1.906 Thread 0x000001f96151dfc0 DEOPT PACKING pc=0x000001f945148ff4 sp=0x0000005dba7fcb00
Event: 1.906 Thread 0x000001f96151dfc0 DEOPT UNPACKING pc=0x000001f94475dece sp=0x0000005dba7fc058 mode 0
Event: 2.791 Thread 0x000001f962497f60 DEOPT PACKING pc=0x000001f9450a251f sp=0x0000005dbb1fea70
Event: 2.791 Thread 0x000001f962497f60 DEOPT UNPACKING pc=0x000001f94475dece sp=0x0000005dbb1fdec8 mode 3

Classes unloaded (0 events):
No events

Classes redefined (0 events):
No events

Internal exceptions (20 events):
Event: 4.641 Thread 0x000001f96151dfc0 Exception <a 'java/lang/ClassNotFoundException'{0x0000000705d381c8}: java/lang/ObjectCustomizer> (0x0000000705d381c8) 
thrown [t:\workspace\open\src\hotspot\share\classfile\systemDictionary.cpp, line 256]
Event: 4.641 Thread 0x000001f96151dfc0 Exception <a 'java/lang/ClassNotFoundException'{0x0000000705d42518}: it/cnr/istc/psts/wikitel/db/ModelEntityCustomizer> (0x0000000705d42518) 
thrown [t:\workspace\open\src\hotspot\share\classfile\systemDictionary.cpp, line 256]
Event: 4.643 Thread 0x000001f96151dfc0 Exception <a 'java/lang/ClassNotFoundException'{0x0000000705d6a5f8}: java/lang/ObjectCustomizer> (0x0000000705d6a5f8) 
thrown [t:\workspace\open\src\hotspot\share\classfile\systemDictionary.cpp, line 256]
Event: 4.644 Thread 0x000001f96151dfc0 Exception <a 'java/lang/ClassNotFoundException'{0x0000000705d74878}: it/cnr/istc/psts/wikitel/db/UserEntityCustomizer> (0x0000000705d74878) 
thrown [t:\workspace\open\src\hotspot\share\classfile\systemDictionary.cpp, line 256]
Event: 4.647 Thread 0x000001f96151dfc0 Exception <a 'java/lang/ClassNotFoundException'{0x0000000705dcc210}: java/lang/ObjectCustomizer> (0x0000000705dcc210) 
thrown [t:\workspace\open\src\hotspot\share\classfile\systemDictionary.cpp, line 256]
Event: 4.647 Thread 0x000001f96151dfc0 Exception <a 'java/lang/ClassNotFoundException'{0x0000000705dd6490}: it/cnr/istc/psts/wikitel/db/RuleEntityCustomizer> (0x0000000705dd6490) 
thrown [t:\workspace\open\src\hotspot\share\classfile\systemDictionary.cpp, line 256]
Event: 4.651 Thread 0x000001f96151dfc0 Exception <a 'java/lang/ClassNotFoundException'{0x0000000705a2d040}: java/lang/ObjectCustomizer> (0x0000000705a2d040) 
thrown [t:\workspace\open\src\hotspot\share\classfile\systemDictionary.cpp, line 256]
Event: 4.652 Thread 0x000001f96151dfc0 Exception <a 'java/lang/ClassNotFoundException'{0x0000000705a37870}: it/cnr/istc/psts/wikitel/db/RuleSuggestionRelationEntityCustomizer> (0x0000000705a37870) 
thrown [t:\workspace\open\src\hotspot\share\classfile\systemDictionary.cpp, line 256]
Event: 4.653 Thread 0x000001f96151dfc0 Exception <a 'java/lang/ClassNotFoundException'{0x0000000705a50fe0}: java/lang/ObjectCustomizer> (0x0000000705a50fe0) 
thrown [t:\workspace\open\src\hotspot\share\classfile\systemDictionary.cpp, line 256]
Event: 4.653 Thread 0x000001f96151dfc0 Exception <a 'java/lang/ClassNotFoundException'{0x0000000705a5b660}: it/cnr/istc/psts/wikitel/db/RuleSuggestionRelationIdCustomizer> (0x0000000705a5b660) 
thrown [t:\workspace\open\src\hotspot\share\classfile\systemDictionary.cpp, line 256]
Event: 4.657 Thread 0x000001f96151dfc0 Exception <a 'java/lang/ClassNotFoundException'{0x0000000705ab25e8}: java/lang/ObjectCustomizer> (0x0000000705ab25e8) 
thrown [t:\workspace\open\src\hotspot\share\classfile\systemDictionary.cpp, line 256]
Event: 4.657 Thread 0x000001f96151dfc0 Exception <a 'java/lang/ClassNotFoundException'{0x0000000705abc9f8}: it/cnr/istc/psts/wikitel/db/SuggestionEntityCustomizer> (0x0000000705abc9f8) 
thrown [t:\workspace\open\src\hotspot\share\classfile\systemDictionary.cpp, line 256]
Event: 4.682 Thread 0x000001f96151dfc0 Exception <a 'java/lang/IncompatibleClassChangeError'{0x000000070588c2a0}: Found class java.lang.Object, but interface was expected> (0x000000070588c2a0) 
thrown [t:\workspace\open\src\hotspot\share\interpreter\linkResolver.cpp, line 857]
Event: 4.718 Thread 0x000001f96151dfc0 Exception <a 'java/lang/reflect/InvocationTargetException'{0x00000007057e9ce8}> (0x00000007057e9ce8) 
thrown [t:\workspace\open\src\hotspot\share\runtime\reflection.cpp, line 1157]
Event: 4.726 Thread 0x000001f96151dfc0 Exception <a 'java/lang/NoSuchMethodError'{0x0000000705468df8}: 'java.lang.Object java.lang.invoke.DirectMethodHandle$Holder.invokeStatic(java.lang.Object, java.lang.Object, int, java.lang.Object)'> (0x0000000705468df8) 
thrown [t:\workspace\open\src\hotspot\share\interpreter\linkResolver.cpp, line 790]
Event: 4.727 Thread 0x000001f96151dfc0 Exception <a 'java/lang/NoSuchMethodError'{0x00000007054706e8}: 'java.lang.Object java.lang.invoke.DirectMethodHandle$Holder.newInvokeSpecial(java.lang.Object, java.lang.Object, int)'> (0x00000007054706e8) 
thrown [t:\workspace\open\src\hotspot\share\interpreter\linkResolver.cpp, line 790]
Event: 4.731 Thread 0x000001f96151dfc0 Exception <a 'java/lang/IncompatibleClassChangeError'{0x00000007054a1528}: Found class java.lang.Object, but interface was expected> (0x00000007054a1528) 
thrown [t:\workspace\open\src\hotspot\share\interpreter\linkResolver.cpp, line 857]
Event: 4.755 Thread 0x000001f96151dfc0 Exception <a 'java/lang/reflect/InvocationTargetException'{0x000000070525b5c8}> (0x000000070525b5c8) 
thrown [t:\workspace\open\src\hotspot\share\runtime\reflection.cpp, line 1157]
Event: 4.790 Thread 0x000001f96151dfc0 Exception <a 'java/lang/reflect/InvocationTargetException'{0x00000007051c4190}> (0x00000007051c4190) 
thrown [t:\workspace\open\src\hotspot\share\runtime\reflection.cpp, line 1157]
Event: 4.791 Thread 0x000001f96151dfc0 Exception <a 'java/lang/reflect/InvocationTargetException'{0x00000007051d3ce8}> (0x00000007051d3ce8) 
thrown [t:\workspace\open\src\hotspot\share\runtime\reflection.cpp, line 1157]

Events (20 events):
Event: 4.747 loading class java/util/regex/Pattern$NotBehind
Event: 4.747 loading class java/util/regex/Pattern$NotBehind done
Event: 4.747 loading class java/util/regex/Pattern$Behind
Event: 4.747 loading class java/util/regex/Pattern$Behind done
Event: 4.747 loading class java/util/regex/Pattern$GroupCurly
Event: 4.747 loading class java/util/regex/Pattern$GroupCurly done
Event: 4.772 loading class sun/reflect/ReflectionFactory
Event: 4.772 loading class sun/reflect/ReflectionFactory done
Event: 4.772 loading class sun/reflect/ReflectionFactory$1
Event: 4.772 loading class sun/reflect/ReflectionFactory$1 done
Event: 4.772 loading class java/io/OptionalDataException
Event: 4.772 loading class java/io/OptionalDataException done
Event: 4.807 Loaded shared library C:\Users\utente\Desktop\Nuova cartella (4)\oRatio-3.0\build\bin\Release\json.dll
Event: 4.808 Loaded shared library C:\Users\utente\Desktop\Nuova cartella (4)\oRatio-3.0\build\bin\Release\smt.dll
Event: 4.809 Loaded shared library C:\Users\utente\Desktop\Nuova cartella (4)\oRatio-3.0\build\bin\Release\riddle.dll
Event: 4.810 Loaded shared library C:\Users\utente\Desktop\Nuova cartella (4)\oRatio-3.0\build\bin\Release\core.dll
Event: 4.811 Loaded shared library C:\Users\utente\Desktop\Nuova cartella (4)\oRatio-3.0\build\bin\Release\solver.dll
Event: 4.812 Loaded shared library C:\Users\utente\Desktop\Nuova cartella (4)\oRatio-3.0\build\bin\Release\executor.dll
Event: 4.813 Loaded shared library C:\Users\utente\Desktop\Nuova cartella (4)\oRatio-3.0\build\bin\Release\solver-java-api.dll
Event: 4.815 Loaded shared library C:\Users\utente\Desktop\Nuova cartella (4)\oRatio-3.0\build\bin\Release\executor-java-api.dll


Dynamic libraries:
0x00007ff7e1430000 - 0x00007ff7e143e000 	C:\Users\utente\Desktop\Uni\ST4\contents\sts-4.11.1.RELEASE\plugins\org.eclipse.justj.openjdk.hotspot.jre.full.win32.x86_64_16.0.2.v20210721-1149\jre\bin\javaw.exe
0x00007ff90d660000 - 0x00007ff90d867000 	C:\WINDOWS\SYSTEM32\ntdll.dll
0x00007ff8d2510000 - 0x00007ff8d2526000 	C:\Program Files\AVG\Antivirus\aswhook.dll
0x00007ff90bbe0000 - 0x00007ff90bc9d000 	C:\WINDOWS\System32\KERNEL32.DLL
0x00007ff90af90000 - 0x00007ff90b304000 	C:\WINDOWS\System32\KERNELBASE.dll
0x00007ff90b3d0000 - 0x00007ff90b4e1000 	C:\WINDOWS\System32\ucrtbase.dll
0x00007ff905ef0000 - 0x00007ff905f08000 	C:\Users\utente\Desktop\Uni\ST4\contents\sts-4.11.1.RELEASE\plugins\org.eclipse.justj.openjdk.hotspot.jre.full.win32.x86_64_16.0.2.v20210721-1149\jre\bin\jli.dll
0x00007ff8ef470000 - 0x00007ff8ef489000 	C:\Users\utente\Desktop\Uni\ST4\contents\sts-4.11.1.RELEASE\plugins\org.eclipse.justj.openjdk.hotspot.jre.full.win32.x86_64_16.0.2.v20210721-1149\jre\bin\VCRUNTIME140.dll
0x00007ff90cd20000 - 0x00007ff90cecc000 	C:\WINDOWS\System32\USER32.dll
0x00007ff8f1ab0000 - 0x00007ff8f1d55000 	C:\WINDOWS\WinSxS\amd64_microsoft.windows.common-controls_6595b64144ccf1df_6.0.22000.120_none_9d947278b86cc467\COMCTL32.dll
0x00007ff90ab40000 - 0x00007ff90ab66000 	C:\WINDOWS\System32\win32u.dll
0x00007ff90bf30000 - 0x00007ff90bfd3000 	C:\WINDOWS\System32\msvcrt.dll
0x00007ff90c180000 - 0x00007ff90c1a9000 	C:\WINDOWS\System32\GDI32.dll
0x00007ff90ac90000 - 0x00007ff90ada2000 	C:\WINDOWS\System32\gdi32full.dll
0x00007ff90abf0000 - 0x00007ff90ac8d000 	C:\WINDOWS\System32\msvcp_win.dll
0x00007ff90bd20000 - 0x00007ff90bd51000 	C:\WINDOWS\System32\IMM32.DLL
0x00007ff8fd6a0000 - 0x00007ff8fd6ac000 	C:\Users\utente\Desktop\Uni\ST4\contents\sts-4.11.1.RELEASE\plugins\org.eclipse.justj.openjdk.hotspot.jre.full.win32.x86_64_16.0.2.v20210721-1149\jre\bin\vcruntime140_1.dll
0x00007ff8eec40000 - 0x00007ff8eecd1000 	C:\Users\utente\Desktop\Uni\ST4\contents\sts-4.11.1.RELEASE\plugins\org.eclipse.justj.openjdk.hotspot.jre.full.win32.x86_64_16.0.2.v20210721-1149\jre\bin\msvcp140.dll
0x00007ff872310000 - 0x00007ff872ebb000 	C:\Users\utente\Desktop\Uni\ST4\contents\sts-4.11.1.RELEASE\plugins\org.eclipse.justj.openjdk.hotspot.jre.full.win32.x86_64_16.0.2.v20210721-1149\jre\bin\server\jvm.dll
0x00007ff90bb30000 - 0x00007ff90bbdc000 	C:\WINDOWS\System32\ADVAPI32.dll
0x00007ff90cc80000 - 0x00007ff90cd1d000 	C:\WINDOWS\System32\sechost.dll
0x00007ff90d170000 - 0x00007ff90d291000 	C:\WINDOWS\System32\RPCRT4.dll
0x00007ff90bd10000 - 0x00007ff90bd18000 	C:\WINDOWS\System32\PSAPI.DLL
0x00007ff904340000 - 0x00007ff904373000 	C:\WINDOWS\SYSTEM32\WINMM.dll
0x00007ff902270000 - 0x00007ff90227a000 	C:\WINDOWS\SYSTEM32\VERSION.dll
0x00007ff8ecdb0000 - 0x00007ff8ecdb9000 	C:\WINDOWS\SYSTEM32\WSOCK32.dll
0x00007ff90be50000 - 0x00007ff90bebf000 	C:\WINDOWS\System32\WS2_32.dll
0x00007ff909d50000 - 0x00007ff909d68000 	C:\WINDOWS\SYSTEM32\kernel.appcore.dll
0x00007ff907400000 - 0x00007ff90740a000 	C:\Users\utente\Desktop\Uni\ST4\contents\sts-4.11.1.RELEASE\plugins\org.eclipse.justj.openjdk.hotspot.jre.full.win32.x86_64_16.0.2.v20210721-1149\jre\bin\jimage.dll
0x00007ff907f60000 - 0x00007ff908181000 	C:\WINDOWS\SYSTEM32\DBGHELP.DLL
0x00007ff8fda10000 - 0x00007ff8fda41000 	C:\WINDOWS\SYSTEM32\dbgcore.DLL
0x00007ff90ab70000 - 0x00007ff90abef000 	C:\WINDOWS\System32\bcryptPrimitives.dll
0x00007ff8fc4c0000 - 0x00007ff8fc4e5000 	C:\Users\utente\Desktop\Uni\ST4\contents\sts-4.11.1.RELEASE\plugins\org.eclipse.justj.openjdk.hotspot.jre.full.win32.x86_64_16.0.2.v20210721-1149\jre\bin\java.dll
0x00007ff8fc4a0000 - 0x00007ff8fc4b8000 	C:\Users\utente\Desktop\Uni\ST4\contents\sts-4.11.1.RELEASE\plugins\org.eclipse.justj.openjdk.hotspot.jre.full.win32.x86_64_16.0.2.v20210721-1149\jre\bin\zip.dll
0x00007ff90c440000 - 0x00007ff90cbee000 	C:\WINDOWS\System32\SHELL32.dll
0x00007ff908cf0000 - 0x00007ff909557000 	C:\WINDOWS\SYSTEM32\windows.storage.dll
0x00007ff90d2a0000 - 0x00007ff90d618000 	C:\WINDOWS\System32\combase.dll
0x00007ff908b80000 - 0x00007ff908ce6000 	C:\WINDOWS\SYSTEM32\wintypes.dll
0x00007ff90c1d0000 - 0x00007ff90c2ba000 	C:\WINDOWS\System32\SHCORE.dll
0x00007ff90bad0000 - 0x00007ff90bb2d000 	C:\WINDOWS\System32\shlwapi.dll
0x00007ff90aa70000 - 0x00007ff90aa91000 	C:\WINDOWS\SYSTEM32\profapi.dll
0x00007ff8fa1a0000 - 0x00007ff8fa1b9000 	C:\Users\utente\Desktop\Uni\ST4\contents\sts-4.11.1.RELEASE\plugins\org.eclipse.justj.openjdk.hotspot.jre.full.win32.x86_64_16.0.2.v20210721-1149\jre\bin\net.dll
0x00007ff9059c0000 - 0x00007ff905acc000 	C:\WINDOWS\SYSTEM32\WINHTTP.dll
0x00007ff90a160000 - 0x00007ff90a1c7000 	C:\WINDOWS\system32\mswsock.dll
0x00007ff8fa180000 - 0x00007ff8fa193000 	C:\Users\utente\Desktop\Uni\ST4\contents\sts-4.11.1.RELEASE\plugins\org.eclipse.justj.openjdk.hotspot.jre.full.win32.x86_64_16.0.2.v20210721-1149\jre\bin\nio.dll
0x00007ff8fc490000 - 0x00007ff8fc499000 	C:\Users\utente\Desktop\Uni\ST4\contents\sts-4.11.1.RELEASE\plugins\org.eclipse.justj.openjdk.hotspot.jre.full.win32.x86_64_16.0.2.v20210721-1149\jre\bin\management.dll
0x00007ff8fc420000 - 0x00007ff8fc42b000 	C:\Users\utente\Desktop\Uni\ST4\contents\sts-4.11.1.RELEASE\plugins\org.eclipse.justj.openjdk.hotspot.jre.full.win32.x86_64_16.0.2.v20210721-1149\jre\bin\management_ext.dll
0x00007ff8e5810000 - 0x00007ff8e5827000 	C:\WINDOWS\system32\napinsp.dll
0x00007ff8e57f0000 - 0x00007ff8e580b000 	C:\WINDOWS\system32\pnrpnsp.dll
0x00007ff9098b0000 - 0x00007ff909997000 	C:\WINDOWS\SYSTEM32\DNSAPI.dll
0x00007ff909880000 - 0x00007ff9098ad000 	C:\WINDOWS\SYSTEM32\IPHLPAPI.DLL
0x00007ff90c1b0000 - 0x00007ff90c1b9000 	C:\WINDOWS\System32\NSI.dll
0x00007ff8e57d0000 - 0x00007ff8e57e2000 	C:\WINDOWS\System32\winrnr.dll
0x00007ff8e57b0000 - 0x00007ff8e57c5000 	C:\WINDOWS\system32\wshbth.dll
0x00007ff8e5790000 - 0x00007ff8e57af000 	C:\WINDOWS\system32\nlansp_c.dll
0x00007ff902ca0000 - 0x00007ff902caa000 	C:\Windows\System32\rasadhlp.dll
0x00007ff903540000 - 0x00007ff9035c1000 	C:\WINDOWS\System32\fwpuclnt.dll
0x00007ff90a3a0000 - 0x00007ff90a3b8000 	C:\WINDOWS\SYSTEM32\CRYPTSP.dll
0x00007ff909cb0000 - 0x00007ff909ce5000 	C:\WINDOWS\system32\rsaenh.dll
0x00007ff90a250000 - 0x00007ff90a279000 	C:\WINDOWS\SYSTEM32\USERENV.dll
0x00007ff90a520000 - 0x00007ff90a547000 	C:\WINDOWS\SYSTEM32\bcrypt.dll
0x00007ff90a3c0000 - 0x00007ff90a3cc000 	C:\WINDOWS\SYSTEM32\CRYPTBASE.dll
0x00007ff905950000 - 0x00007ff905969000 	C:\WINDOWS\SYSTEM32\dhcpcsvc6.DLL
0x00007ff905ce0000 - 0x00007ff905cfe000 	C:\WINDOWS\SYSTEM32\dhcpcsvc.DLL
0x00007ff904810000 - 0x00007ff904820000 	C:\Users\utente\Desktop\Uni\ST4\contents\sts-4.11.1.RELEASE\plugins\org.eclipse.justj.openjdk.hotspot.jre.full.win32.x86_64_16.0.2.v20210721-1149\jre\bin\verify.dll
0x00007ff8fc730000 - 0x00007ff8fc73e000 	C:\Users\utente\Desktop\Uni\ST4\contents\sts-4.11.1.RELEASE\plugins\org.eclipse.justj.openjdk.hotspot.jre.full.win32.x86_64_16.0.2.v20210721-1149\jre\bin\sunmscapi.dll
0x00007ff90ae20000 - 0x00007ff90af82000 	C:\WINDOWS\System32\CRYPT32.dll
0x00007ff90a4f0000 - 0x00007ff90a518000 	C:\WINDOWS\SYSTEM32\ncrypt.dll
0x00007ff90a4b0000 - 0x00007ff90a4e7000 	C:\WINDOWS\SYSTEM32\NTASN1.dll
0x00007ff905f30000 - 0x00007ff905f3f000 	C:\Users\utente\Desktop\Nuova cartella (4)\oRatio-3.0\build\bin\Release\json.dll
0x00007ff8eed40000 - 0x00007ff8eed81000 	C:\Users\utente\Desktop\Nuova cartella (4)\oRatio-3.0\build\bin\Release\smt.dll
0x00007ff8f2400000 - 0x00007ff8f2420000 	C:\Users\utente\Desktop\Nuova cartella (4)\oRatio-3.0\build\bin\Release\riddle.dll
0x00007ff8eea20000 - 0x00007ff8eea67000 	C:\Users\utente\Desktop\Nuova cartella (4)\oRatio-3.0\build\bin\Release\core.dll
0x00007ff8e4360000 - 0x00007ff8e43a4000 	C:\Users\utente\Desktop\Nuova cartella (4)\oRatio-3.0\build\bin\Release\solver.dll
0x00007ff8f0b90000 - 0x00007ff8f0ba3000 	C:\Users\utente\Desktop\Nuova cartella (4)\oRatio-3.0\build\bin\Release\executor.dll
0x00007ff8ef0c0000 - 0x00007ff8ef0d4000 	C:\Users\utente\Desktop\Nuova cartella (4)\oRatio-3.0\build\bin\Release\solver-java-api.dll
0x00007ff9047c0000 - 0x00007ff9047cc000 	C:\Users\utente\Desktop\Nuova cartella (4)\oRatio-3.0\build\bin\Release\executor-java-api.dll

dbghelp: loaded successfully - version: 4.0.5 - missing functions: none
symbol engine: initialized successfully - sym options: 0x614 - pdb path: .;C:\Users\utente\Desktop\Uni\ST4\contents\sts-4.11.1.RELEASE\plugins\org.eclipse.justj.openjdk.hotspot.jre.full.win32.x86_64_16.0.2.v20210721-1149\jre\bin;C:\WINDOWS\SYSTEM32;C:\Program Files\AVG\Antivirus;C:\WINDOWS\WinSxS\amd64_microsoft.windows.common-controls_6595b64144ccf1df_6.0.22000.120_none_9d947278b86cc467;C:\Users\utente\Desktop\Uni\ST4\contents\sts-4.11.1.RELEASE\plugins\org.eclipse.justj.openjdk.hotspot.jre.full.win32.x86_64_16.0.2.v20210721-1149\jre\bin\server;C:\Users\utente\Desktop\Nuova cartella (4)\oRatio-3.0\build\bin\Release

VM Arguments:
jvm_args: -Dcom.sun.management.jmxremote -Dcom.sun.management.jmxremote.port=50472 -Dcom.sun.management.jmxremote.authenticate=false -Dcom.sun.management.jmxremote.ssl=false -Djava.rmi.server.hostname=localhost -Dspring.jmx.enabled=true -Dspring.application.admin.enabled=true -Djava.library.path=C:\Users\utente\Desktop\Nuova cartella (4)\oRatio-3.0\build\bin\Release -XX:TieredStopAtLevel=1 -Dspring.boot.project.name=Wikitel-new -Dfile.encoding=UTF-8 -XX:+ShowCodeDetailsInExceptionMessages 
java_command: it.cnr.istc.psts.WikitelNewApplication --spring.output.ansi.enabled=always
java_class_path (initial): C:\Users\utente\Documents\workspace-spring-tool-suite-4-4.11.1.RELEASE\Wikitel-new\target\classes;C:\Users\utente\Desktop\Nuova cartella (3)\oRatio-3.0\api\java\target\oratio-1.0.jar;C:\Users\utente\.m2\repository\org\springframework\boot\spring-boot-starter-data-jpa\2.5.7\spring-boot-starter-data-jpa-2.5.7.jar;C:\Users\utente\.m2\repository\org\springframework\boot\spring-boot-starter-aop\2.5.7\spring-boot-starter-aop-2.5.7.jar;C:\Users\utente\.m2\repository\org\aspectj\aspectjweaver\1.9.7\aspectjweaver-1.9.7.jar;C:\Users\utente\.m2\repository\org\springframework\boot\spring-boot-starter-jdbc\2.5.7\spring-boot-starter-jdbc-2.5.7.jar;C:\Users\utente\.m2\repository\com\zaxxer\HikariCP\4.0.3\HikariCP-4.0.3.jar;C:\Users\utente\.m2\repository\org\springframework\spring-jdbc\5.3.13\spring-jdbc-5.3.13.jar;C:\Users\utente\.m2\repository\jakarta\transaction\jakarta.transaction-api\1.3.3\jakarta.transaction-api-1.3.3.jar;C:\Users\utente\.m2\repository\jakarta\persistence\jakarta.persistence-api\2.2.3\jakarta.persistence-api-2.2.3.jar;C:\Users\utente\.m2\repository\org\hibernate\hibernate-core\5.4.32.Final\hibernate-core-5.4.32.Final.jar;C:\Users\utente\.m2\repository\org\jboss\logging\jboss-logging\3.4.2.Final\jboss-logging-3.4.2.Final.jar;C:\Users\utente\.m2\repository\org\javassist\javassist\3.27.0-GA\javassist-3.27.0-GA.jar;C:\Users\utente\.m2\repository\net\bytebuddy\byte-buddy\1.10.22\byte-buddy-1.10.22.jar;C:\Users\utente\.m2\repository\antlr\antlr\2.7.7\antlr-2.7.7.jar;C:\Users\utente\.m2\repository\org\jboss\jandex\2.2.3.Final\jandex-2.2.3.Final.jar;C:\Users\utente\.m2\repository\com\fasterxml\classmate\1.5.1\classmate-1.5.1.jar;C:\Users\utente\.m2\repository\org\dom4j\dom4j\2.1.3\dom4j-2.1.3.jar;C:\Users\utente\.m2\repository\org\hibernate\common\hibernate-commons-annotations\5.1.2.Final\hibernate-commons-annotations-5.1.2.Final.jar;C:\Users\utente\.m2\repository\org\glassfish\jaxb\jaxb-runtime\2.3.5\jaxb-runtime-2.3.5.jar;C:\Users\utent
Launcher Type: SUN_STANDARD

[Global flags]
     intx CICompilerCount                          = 4                                         {product} {ergonomic}
     uint ConcGCThreads                            = 3                                         {product} {ergonomic}
     uint G1ConcRefinementThreads                  = 10                                        {product} {ergonomic}
   size_t G1HeapRegionSize                         = 2097152                                   {product} {ergonomic}
    uintx GCDrainStackTargetSize                   = 64                                        {product} {ergonomic}
   size_t InitialHeapSize                          = 266338304                                 {product} {ergonomic}
     bool ManagementServer                         = true                                      {product} {command line}
   size_t MarkStackSize                            = 4194304                                   {product} {ergonomic}
   size_t MaxHeapSize                              = 4257218560                                {product} {ergonomic}
   size_t MaxNewSize                               = 2554331136                                {product} {ergonomic}
   size_t MinHeapDeltaBytes                        = 2097152                                   {product} {ergonomic}
   size_t MinHeapSize                              = 8388608                                   {product} {ergonomic}
    uintx NonNMethodCodeHeapSize                   = 7549744                                {pd product} {ergonomic}
    uintx NonProfiledCodeHeapSize                  = 244108496                              {pd product} {ergonomic}
    uintx ProfiledCodeHeapSize                     = 0                                      {pd product} {ergonomic}
    uintx ReservedCodeCacheSize                    = 251658240                              {pd product} {ergonomic}
     bool SegmentedCodeCache                       = true                                      {product} {ergonomic}
     bool ShowCodeDetailsInExceptionMessages       = true                                   {manageable} {command line}
   size_t SoftMaxHeapSize                          = 4257218560                             {manageable} {ergonomic}
     intx TieredStopAtLevel                        = 1                                         {product} {command line}
     bool UseCompressedClassPointers               = true                           {product lp64_product} {ergonomic}
     bool UseCompressedOops                        = true                           {product lp64_product} {ergonomic}
     bool UseG1GC                                  = true                                      {product} {ergonomic}
     bool UseLargePagesIndividualAllocation        = false                                  {pd product} {ergonomic}

Logging:
Log output configuration:
 #0: stdout all=warning uptime,level,tags
 #1: stderr all=off uptime,level,tags

Environment Variables:
JAVA_HOME=C:\Program Files\Java\jdk-17.0.1
PATH=C:/Users/utente/Desktop/Uni/ST4/contents/sts-4.11.1.RELEASE//plugins/org.eclipse.justj.openjdk.hotspot.jre.full.win32.x86_64_16.0.2.v20210721-1149/jre/bin/server;C:/Users/utente/Desktop/Uni/ST4/contents/sts-4.11.1.RELEASE//plugins/org.eclipse.justj.openjdk.hotspot.jre.full.win32.x86_64_16.0.2.v20210721-1149/jre/bin;C:\Program Files (x86)\Common Files\Intel\Shared Libraries\redist\intel64\compiler;C:\Program Files (x86)\Common Files\Oracle\Java\javapath;C:\windows\system32;C:\windows;C:\windows\System32\Wbem;C:\windows\System32\WindowsPowerShell\v1.0\;C:\windows\System32\OpenSSH\;C:\Program Files (x86)\NVIDIA Corporation\PhysX\Common;C:\Program Files\NVIDIA Corporation\NVIDIA NvDLISR;C:\WINDOWS\system32;C:\WINDOWS;C:\WINDOWS\System32\Wbem;C:\WINDOWS\System32\WindowsPowerShell\v1.0\;C:\WINDOWS\System32\OpenSSH\;C:\Program Files (x86)\Objective Caml\bin;C:\WINDOWS\system32;C:\WINDOWS;C:\WINDOWS\System32\Wbem;C:\WINDOWS\System32\WindowsPowerShell\v1.0\;C:\WINDOWS\System32\OpenSSH\;C:\Program Files\Git\cmd;C:\apache-maven-3.8.3\bin;C:\apache-maven-3.8.3\bin;C:\db-derby-10.14.2.0-bin;C:\db-derby-10.14.2.0-bin;C:\Program Files\Git\bin;C:\Program Files\CMake\bin;C:\MinGW\bin;C:\Users\utente\Documents\oRatio-3.0\oRatio-3.0\build\bin\Debug;C:\Users\utente\AppData\Local\Microsoft\WindowsApps;C:\Users\utente\AppData\Local\GitHubDesktop\bin;C:\Users\utente\AppData\Local\Programs\Microsoft VS Code\bin;C:\Users\utente\Desktop\apache-maven-3.8.3;C:\MinGW\bin;C:\Program Files\CMake\bin;C:\Users\utente\Documents\oRatio-3.0\oRatio-3.0\build\bin\Debug;;C:\Users\utente\Desktop\Uni\ST4\contents\sts-4.11.1.RELEASE;
USERNAME=utente
OS=Windows_NT
PROCESSOR_IDENTIFIER=Intel64 Family 6 Model 158 Stepping 10, GenuineIntel



---------------  S Y S T E M  ---------------

OS:
 Windows 10 , 64 bit Build 22000 (10.0.22000.318)
OS uptime: 4 days 12:48 hours

CPU: total 12 (initial active 12) (6 cores per cpu, 2 threads per core) family 6 model 158 stepping 10 microcode 0xde, cx8, cmov, fxsr, ht, mmx, 3dnowpref, sse, sse2, sse3, ssse3, sse4.1, sse4.2, popcnt, lzcnt, tsc, tscinvbit, avx, avx2, aes, erms, clmul, bmi1, bmi2, adx, fma, vzeroupper, clflush, clflushopt

Memory: 4k page, system-wide physical 16233M (6008M free)
TotalPageFile size 26985M (AvailPageFile size 8386M)
current process WorkingSet (physical memory assigned to process): 196M, peak: 239M
current process commit charge ("private bytes"): 234M, peak: 367M

vm_info: OpenJDK 64-Bit Server VM (16.0.2+7-67) for windows-amd64 JRE (16.0.2+7-67), built on Jun  8 2021 23:21:43 by "mach5one" with MS VC++ 16.7 (VS2019)

END.
