#
# There is insufficient memory for the Java Runtime Environment to continue.
# Native memory allocation (mmap) failed to map 96468992 bytes for G1 virtual space
# Possible reasons:
#   The system is out of physical RAM or swap space
#   The process is running with CompressedOops enabled, and the Java Heap may be blocking the growth of the native heap
# Possible solutions:
#   Reduce memory load on the system
#   Increase physical memory or swap space
#   Check if swap backing store is full
#   Decrease Java heap size (-Xmx/-Xms)
#   Decrease number of Java threads
#   Decrease Java thread stack sizes (-Xss)
#   Set larger code cache with -XX:ReservedCodeCacheSize=
#   JVM is running with Zero Based Compressed Oops mode in which the Java heap is
#     placed in the first 32GB address space. The Java Heap base address is the
#     maximum limit for the native heap growth. Please use -XX:HeapBaseMinAddress
#     to set the Java Heap base and to place the Java Heap above 32GB virtual address.
# This output file may be truncated or incomplete.
#
#  Out of Memory Error (os_windows.cpp:3466), pid=32336, tid=31944
#
# JRE version: OpenJDK Runtime Environment (16.0.2+7) (build 16.0.2+7-67)
# Java VM: OpenJDK 64-Bit Server VM (16.0.2+7-67, mixed mode, tiered, compressed oops, compressed class ptrs, g1 gc, windows-amd64)
# No core dump will be written. Minidumps are not enabled by default on client versions of Windows
#

---------------  S U M M A R Y ------------

Command Line: -Dcom.sun.management.jmxremote -Dcom.sun.management.jmxremote.port=55766 -Dcom.sun.management.jmxremote.authenticate=false -Dcom.sun.management.jmxremote.ssl=false -Djava.rmi.server.hostname=localhost -Dspring.jmx.enabled=true -Dspring.application.admin.enabled=true -Djava.library.path=C:\Users\utente\Desktop\Nuova cartella (4)\oRatio-3.0\build\bin\Release;C:\Users\utente\Desktop\Nuova cartella (6)\oRatio-3.0\build\bin\Release -XX:TieredStopAtLevel=1 -Dspring.boot.project.name=Wikitel-new -Dfile.encoding=UTF-8 -XX:+ShowCodeDetailsInExceptionMessages it.cnr.istc.psts.WikitelNewApplication --spring.output.ansi.enabled=always

Host: Intel(R) Core(TM) i7-9750H CPU @ 2.60GHz, 12 cores, 15G,  Windows 10 , 64 bit Build 22000 (10.0.22000.434)
Time: Thu Jan 20 22:54:24 2022 ora solare Europa occidentale elapsed time: 17664.692814 seconds (0d 4h 54m 24s)

---------------  T H R E A D  ---------------

Current thread (0x000001ab3e42a360):  VMThread "VM Thread" [stack: 0x0000008416900000,0x0000008416a00000] [id=31944]

Stack: [0x0000008416900000,0x0000008416a00000]
Native frames: (J=compiled Java code, j=interpreted, Vv=VM code, C=native code)
V  [jvm.dll+0x6681ca]
V  [jvm.dll+0x7c9e69]
V  [jvm.dll+0x7cb61e]
V  [jvm.dll+0x7cbc73]
V  [jvm.dll+0x242c55]
V  [jvm.dll+0x664f89]
V  [jvm.dll+0x659b75]
V  [jvm.dll+0x2fbfbb]
V  [jvm.dll+0x3031b6]
V  [jvm.dll+0x35299e]
V  [jvm.dll+0x352bcf]
V  [jvm.dll+0x2d3028]
V  [jvm.dll+0x2d0bb5]
V  [jvm.dll+0x2d01ec]
V  [jvm.dll+0x3152d2]
V  [jvm.dll+0x7d00ab]
V  [jvm.dll+0x7d0da4]
V  [jvm.dll+0x7d12a9]
V  [jvm.dll+0x7d1564]
V  [jvm.dll+0x7d1630]
V  [jvm.dll+0x7795aa]
V  [jvm.dll+0x667066]
C  [ucrtbase.dll+0x26c0c]
C  [KERNEL32.DLL+0x154e0]
C  [ntdll.dll+0x485b]

VM_Operation (0x0000008418ffb140): G1CollectForAllocation, mode: safepoint, requested by thread 0x000001ab3f049530


---------------  P R O C E S S  ---------------

Threads class SMR info:
_java_thread_list=0x000001ab43737440, length=35, elements={
0x000001ab1ed69c40, 0x000001ab3e43f260, 0x000001ab3e4420f0, 0x000001ab3e4724b0,
0x000001ab3e4771e0, 0x000001ab3e478290, 0x000001ab3e47c840, 0x000001ab3e47d9a0,
0x000001ab3e480850, 0x000001ab3e58be30, 0x000001ab3e653cb0, 0x000001ab3ed1ac50,
0x000001ab3ed1b170, 0x000001ab3ed186e0, 0x000001ab3ed8bcb0, 0x000001ab3edc7ba0,
0x000001ab3edb0470, 0x000001ab40074eb0, 0x000001ab40075400, 0x000001ab40d33700,
0x000001ab3f04ba60, 0x000001ab3f04a520, 0x000001ab3f048fe0, 0x000001ab3f047550,
0x000001ab3f047aa0, 0x000001ab3f049a80, 0x000001ab40d34c40, 0x000001ab40d31720,
0x000001ab3f04da40, 0x000001ab3f049530, 0x000001ab3f04ca50, 0x000001ab3f049fd0,
0x000001ab3f048540, 0x000001ab3f04aa70, 0x000001ab3f04d4f0
}

Java Threads: ( => current thread )
  0x000001ab1ed69c40 JavaThread "main" [_thread_blocked, id=19764, stack(0x0000008416300000,0x0000008416400000)]
  0x000001ab3e43f260 JavaThread "Reference Handler" daemon [_thread_blocked, id=32196, stack(0x0000008416a00000,0x0000008416b00000)]
  0x000001ab3e4420f0 JavaThread "Finalizer" daemon [_thread_blocked, id=33696, stack(0x0000008416b00000,0x0000008416c00000)]
  0x000001ab3e4724b0 JavaThread "Signal Dispatcher" daemon [_thread_blocked, id=1544, stack(0x0000008416c00000,0x0000008416d00000)]
  0x000001ab3e4771e0 JavaThread "Attach Listener" daemon [_thread_blocked, id=21784, stack(0x0000008416d00000,0x0000008416e00000)]
  0x000001ab3e478290 JavaThread "Service Thread" daemon [_thread_blocked, id=16784, stack(0x0000008416e00000,0x0000008416f00000)]
  0x000001ab3e47c840 JavaThread "Monitor Deflation Thread" daemon [_thread_blocked, id=31004, stack(0x0000008416f00000,0x0000008417000000)]
  0x000001ab3e47d9a0 JavaThread "C1 CompilerThread0" daemon [_thread_blocked, id=10644, stack(0x0000008417000000,0x0000008417100000)]
  0x000001ab3e480850 JavaThread "Sweeper thread" daemon [_thread_blocked, id=28432, stack(0x0000008417100000,0x0000008417200000)]
  0x000001ab3e58be30 JavaThread "Common-Cleaner" daemon [_thread_blocked, id=26068, stack(0x0000008417200000,0x0000008417300000)]
  0x000001ab3e653cb0 JavaThread "Notification Thread" daemon [_thread_blocked, id=24508, stack(0x0000008417300000,0x0000008417400000)]
  0x000001ab3ed1ac50 JavaThread "RMI TCP Accept-0" daemon [_thread_in_native, id=14956, stack(0x0000008417400000,0x0000008417500000)]
  0x000001ab3ed1b170 JavaThread "RMI TCP Accept-55766" daemon [_thread_in_native, id=30316, stack(0x0000008417500000,0x0000008417600000)]
  0x000001ab3ed186e0 JavaThread "RMI TCP Accept-0" daemon [_thread_in_native, id=36792, stack(0x0000008417700000,0x0000008417800000)]
  0x000001ab3ed8bcb0 JavaThread "RMI Scheduler(0)" daemon [_thread_blocked, id=22408, stack(0x0000008417900000,0x0000008417a00000)]
  0x000001ab3edc7ba0 JavaThread "RMI TCP Connection(idle)" daemon [_thread_blocked, id=30628, stack(0x0000008417a00000,0x0000008417b00000)]
  0x000001ab3edb0470 JavaThread "JMX server connection timeout 22" daemon [_thread_blocked, id=29704, stack(0x0000008417b00000,0x0000008417c00000)]
  0x000001ab40074eb0 JavaThread "Thread-0" [_thread_blocked, id=37680, stack(0x0000008418700000,0x0000008418800000)]
  0x000001ab40075400 JavaThread "restartedMain" [_thread_in_native, id=19008, stack(0x0000008418800000,0x0000008418900000)]
  0x000001ab40d33700 JavaThread "Live Reload Server" daemon [_thread_in_native, id=28680, stack(0x0000008419300000,0x0000008419400000)]
  0x000001ab3f04ba60 JavaThread "Thread-5" [_thread_blocked, id=39800, stack(0x0000008416200000,0x0000008416300000)]
  0x000001ab3f04a520 JavaThread "restartedMain" [_thread_in_native, id=30736, stack(0x0000008418b00000,0x0000008418c00000)]
  0x000001ab3f048fe0 JavaThread "Thread-7" [_thread_blocked, id=11604, stack(0x0000008416100000,0x0000008416200000)]
  0x000001ab3f047550 JavaThread "restartedMain" [_thread_in_native, id=32184, stack(0x0000008416000000,0x0000008416100000)]
  0x000001ab3f047aa0 JavaThread "Thread-11" [_thread_blocked, id=17400, stack(0x0000008419000000,0x0000008419100000)]
  0x000001ab3f049a80 JavaThread "restartedMain" [_thread_in_native, id=39372, stack(0x0000008418c00000,0x0000008418d00000)]
  0x000001ab40d34c40 JavaThread "Thread-19" [_thread_blocked, id=37696, stack(0x0000008419a00000,0x0000008419b00000)]
  0x000001ab40d31720 JavaThread "restartedMain" [_thread_in_native, id=13980, stack(0x0000008418e00000,0x0000008418f00000)]
  0x000001ab3f04da40 JavaThread "Thread-27" [_thread_blocked, id=17012, stack(0x0000008419600000,0x0000008419700000)]
  0x000001ab3f049530 JavaThread "restartedMain" [_thread_blocked, id=36956, stack(0x0000008418f00000,0x0000008419000000)]
  0x000001ab3f04ca50 JavaThread "HikariPool-8 housekeeper" daemon [_thread_blocked, id=37004, stack(0x0000008419100000,0x0000008419200000)]
  0x000001ab3f049fd0 JavaThread "Catalina-utility-1" [_thread_blocked, id=7284, stack(0x0000008419200000,0x0000008419300000)]
  0x000001ab3f048540 JavaThread "Catalina-utility-2" [_thread_blocked, id=34036, stack(0x0000008419500000,0x0000008419600000)]
  0x000001ab3f04aa70 JavaThread "container-0" [_thread_blocked, id=3684, stack(0x0000008419700000,0x0000008419800000)]
  0x000001ab3f04d4f0 JavaThread "HikariPool-8 connection adder" daemon [_thread_blocked, id=32260, stack(0x0000008419800000,0x0000008419900000)]

Other Threads:
=>0x000001ab3e42a360 VMThread "VM Thread" [stack: 0x0000008416900000,0x0000008416a00000] [id=31944]
  0x000001ab3ed4ebf0 WatcherThread [stack: 0x0000008417800000,0x0000008417900000] [id=36076]
  0x000001ab1edb8230 GCTaskThread "GC Thread#0" [stack: 0x0000008416400000,0x0000008416500000] [id=19964]
  0x000001ab3ef25000 GCTaskThread "GC Thread#1" [stack: 0x0000008417c00000,0x0000008417d00000] [id=25100]
  0x000001ab3f045f10 GCTaskThread "GC Thread#2" [stack: 0x0000008417d00000,0x0000008417e00000] [id=31572]
  0x000001ab3f046220 GCTaskThread "GC Thread#3" [stack: 0x0000008417e00000,0x0000008417f00000] [id=18868]
  0x000001ab3f046530 GCTaskThread "GC Thread#4" [stack: 0x0000008417f00000,0x0000008418000000] [id=9656]
  0x000001ab3ff50060 GCTaskThread "GC Thread#5" [stack: 0x0000008418000000,0x0000008418100000] [id=31228]
  0x000001ab3efab240 GCTaskThread "GC Thread#6" [stack: 0x0000008418100000,0x0000008418200000] [id=29352]
  0x000001ab3f11d190 GCTaskThread "GC Thread#7" [stack: 0x0000008418200000,0x0000008418300000] [id=4280]
  0x000001ab40153c70 GCTaskThread "GC Thread#8" [stack: 0x0000008418500000,0x0000008418600000] [id=30196]
  0x000001ab3ffee6f0 GCTaskThread "GC Thread#9" [stack: 0x0000008418600000,0x0000008418700000] [id=23092]
  0x000001ab1edc9670 ConcurrentGCThread "G1 Main Marker" [stack: 0x0000008416500000,0x0000008416600000] [id=13456]
  0x000001ab1edc9f80 ConcurrentGCThread "G1 Conc#0" [stack: 0x0000008416600000,0x0000008416700000] [id=18012]
  0x000001ab401f9850 ConcurrentGCThread "G1 Conc#1" [stack: 0x0000008418900000,0x0000008418a00000] [id=3644]
  0x000001ab401f9b60 ConcurrentGCThread "G1 Conc#2" [stack: 0x0000008418a00000,0x0000008418b00000] [id=34960]
  0x000001ab3da230e0 ConcurrentGCThread "G1 Refine#0" [stack: 0x0000008416700000,0x0000008416800000] [id=16140]
  0x000001ab3ff5a4e0 ConcurrentGCThread "G1 Refine#1" [stack: 0x0000008418300000,0x0000008418400000] [id=35036]
  0x000001ab3ff5ac20 ConcurrentGCThread "G1 Refine#2" [stack: 0x0000008418400000,0x0000008418500000] [id=21668]
  0x000001ab3da23a00 ConcurrentGCThread "G1 Service" [stack: 0x0000008416800000,0x0000008416900000] [id=25500]

Threads with active compile tasks:

VM state: at safepoint (normal execution)

VM Mutex/Monitor currently owned by a thread:  ([mutex/lock_event])
[0x000001ab1ed643a0] Threads_lock - owner thread: 0x000001ab3e42a360
[0x000001ab1ed657e0] Heap_lock - owner thread: 0x000001ab3f049530

OutOfMemory and StackOverflow Exception counts:
StackOverflowErrors=9
LinkageErrors=141

Heap address: 0x0000000702400000, size: 4060 MB, Compressed Oops mode: Zero based, Oop shift amount: 3

CDS disabled.
Compressed class space mapped at: 0x0000000800000000-0x0000000840000000, reserved size: 1073741824
Narrow klass base: 0x0000000800000000, Narrow klass shift: 0, Narrow klass range: 0x40000000

GC Precious Log:
 CPUs: 12 total, 12 available
 Memory: 16233M
 Large Page Support: Disabled
 NUMA Support: Disabled
 Compressed Oops: Enabled (Zero based)
 Heap Region Size: 2M
 Heap Min Capacity: 8M
 Heap Initial Capacity: 254M
 Heap Max Capacity: 4060M
 Pre-touch: Disabled
 Parallel Workers: 10
 Concurrent Workers: 3
 Concurrent Refinement Workers: 10
 Periodic GC: Disabled

Heap:
 garbage-first heap   total 90112K, used 32763K [0x0000000702400000, 0x0000000800000000)
  region size 2048K, 3 young (6144K), 3 survivors (6144K)
 Metaspace       used 76995K, committed 77824K, reserved 1122304K
  class space    used 10082K, committed 10496K, reserved 1048576K

Heap Regions: E=young(eden), S=young(survivor), O=old, HS=humongous(starts), HC=humongous(continues), CS=collection set, F=free, OA=open archive, CA=closed archive, TAMS=top-at-mark-start (previous, next)
|   0|0x0000000702400000, 0x00000007025fffe8, 0x0000000702600000| 99%| O|  |TAMS 0x0000000702400000, 0x0000000702400000| Untracked 
|   1|0x0000000702600000, 0x0000000702800000, 0x0000000702800000|100%| O|  |TAMS 0x0000000702600000, 0x0000000702600000| Untracked 
|   2|0x0000000702800000, 0x00000007029ffff0, 0x0000000702a00000| 99%| O|  |TAMS 0x0000000702800000, 0x0000000702800000| Untracked 
|   3|0x0000000702a00000, 0x0000000702bffff0, 0x0000000702c00000| 99%| O|  |TAMS 0x0000000702a00000, 0x0000000702a00000| Untracked 
|   4|0x0000000702c00000, 0x0000000702dffff8, 0x0000000702e00000| 99%| O|  |TAMS 0x0000000702c00000, 0x0000000702c00000| Untracked 
|   5|0x0000000702e00000, 0x0000000702fffff8, 0x0000000703000000| 99%| O|  |TAMS 0x0000000702e00000, 0x0000000702e00000| Untracked 
|   6|0x0000000703000000, 0x00000007031ffe08, 0x0000000703200000| 99%| O|  |TAMS 0x0000000703000000, 0x0000000703000000| Untracked 
|   7|0x0000000703200000, 0x00000007033ffff0, 0x0000000703400000| 99%| O|  |TAMS 0x0000000703200000, 0x0000000703200000| Untracked 
|   8|0x0000000703400000, 0x00000007035fffd8, 0x0000000703600000| 99%| O|  |TAMS 0x0000000703400000, 0x0000000703400000| Untracked 
|   9|0x0000000703600000, 0x0000000703800000, 0x0000000703800000|100%| O|  |TAMS 0x0000000703600000, 0x0000000703600000| Untracked 
|  10|0x0000000703800000, 0x0000000703a00000, 0x0000000703a00000|100%| O|  |TAMS 0x0000000703800000, 0x0000000703800000| Untracked 
|  11|0x0000000703a00000, 0x0000000703bffe38, 0x0000000703c00000| 99%| O|  |TAMS 0x0000000703a00000, 0x0000000703a00000| Untracked 
|  12|0x0000000703c00000, 0x0000000703d79a98, 0x0000000703e00000| 73%| O|  |TAMS 0x0000000703c00000, 0x0000000703c00000| Untracked 
|  13|0x0000000703e00000, 0x0000000703e00000, 0x0000000704000000|  0%| F|  |TAMS 0x0000000703e00000, 0x0000000703e00000| Untracked 
|  14|0x0000000704000000, 0x000000070405f560, 0x0000000704200000| 18%| O|  |TAMS 0x0000000704000000, 0x0000000704000000| Untracked 
|  15|0x0000000704200000, 0x0000000704200000, 0x0000000704400000|  0%| F|  |TAMS 0x0000000704200000, 0x0000000704200000| Untracked 
|  16|0x0000000704400000, 0x0000000704400000, 0x0000000704600000|  0%| F|  |TAMS 0x0000000704400000, 0x0000000704400000| Untracked 
|  17|0x0000000704600000, 0x0000000704600000, 0x0000000704800000|  0%| F|  |TAMS 0x0000000704600000, 0x0000000704600000| Untracked 
|  18|0x0000000704800000, 0x0000000704800000, 0x0000000704a00000|  0%| F|  |TAMS 0x0000000704800000, 0x0000000704800000| Untracked 
|  19|0x0000000704a00000, 0x0000000704b2ea78, 0x0000000704c00000| 59%| S|CS|TAMS 0x0000000704a00000, 0x0000000704a00000| Complete 
|  20|0x0000000704c00000, 0x0000000704e00000, 0x0000000704e00000|100%| S|CS|TAMS 0x0000000704c00000, 0x0000000704c00000| Complete 
|  21|0x0000000704e00000, 0x0000000705000000, 0x0000000705000000|100%| S|CS|TAMS 0x0000000704e00000, 0x0000000704e00000| Complete 
|  22|0x0000000705000000, 0x0000000705000000, 0x0000000705200000|  0%| F|  |TAMS 0x0000000705000000, 0x0000000705000000| Untracked 
|  23|0x0000000705200000, 0x00000007052df558, 0x0000000705400000| 43%| O|  |TAMS 0x0000000705200000, 0x0000000705200000| Untracked 
|  24|0x0000000705400000, 0x0000000705418308, 0x0000000705600000|  4%| O|  |TAMS 0x0000000705400000, 0x0000000705400000| Untracked 
|  25|0x0000000705600000, 0x0000000705600000, 0x0000000705800000|  0%| F|  |TAMS 0x0000000705600000, 0x0000000705600000| Untracked 
|  26|0x0000000705800000, 0x0000000705800000, 0x0000000705a00000|  0%| F|  |TAMS 0x0000000705800000, 0x0000000705800000| Untracked 
|  27|0x0000000705a00000, 0x0000000705a00000, 0x0000000705c00000|  0%| F|  |TAMS 0x0000000705a00000, 0x0000000705a00000| Untracked 
|  28|0x0000000705c00000, 0x0000000705c00000, 0x0000000705e00000|  0%| F|  |TAMS 0x0000000705c00000, 0x0000000705c00000| Untracked 
|  29|0x0000000705e00000, 0x0000000705e00000, 0x0000000706000000|  0%| F|  |TAMS 0x0000000705e00000, 0x0000000705e00000| Untracked 
|  30|0x0000000706000000, 0x0000000706000000, 0x0000000706200000|  0%| F|  |TAMS 0x0000000706000000, 0x0000000706000000| Untracked 
|  31|0x0000000706200000, 0x0000000706200000, 0x0000000706400000|  0%| F|  |TAMS 0x0000000706200000, 0x0000000706200000| Untracked 
|  32|0x0000000706400000, 0x0000000706400000, 0x0000000706600000|  0%| F|  |TAMS 0x0000000706400000, 0x0000000706400000| Untracked 
|  33|0x0000000706600000, 0x0000000706600000, 0x0000000706800000|  0%| F|  |TAMS 0x0000000706600000, 0x0000000706600000| Untracked 
|  34|0x0000000706800000, 0x0000000706800000, 0x0000000706a00000|  0%| F|  |TAMS 0x0000000706800000, 0x0000000706800000| Untracked 
|  35|0x0000000706a00000, 0x0000000706a00000, 0x0000000706c00000|  0%| F|  |TAMS 0x0000000706a00000, 0x0000000706a00000| Untracked 
|  36|0x0000000706c00000, 0x0000000706c00000, 0x0000000706e00000|  0%| F|  |TAMS 0x0000000706c00000, 0x0000000706c00000| Untracked 
|  37|0x0000000706e00000, 0x0000000706e00000, 0x0000000707000000|  0%| F|  |TAMS 0x0000000706e00000, 0x0000000706e00000| Untracked 
|  38|0x0000000707000000, 0x0000000707000000, 0x0000000707200000|  0%| F|  |TAMS 0x0000000707000000, 0x0000000707000000| Untracked 
|  39|0x0000000707200000, 0x0000000707200000, 0x0000000707400000|  0%| F|  |TAMS 0x0000000707200000, 0x0000000707200000| Untracked 
|  40|0x0000000707400000, 0x0000000707400000, 0x0000000707600000|  0%| F|  |TAMS 0x0000000707400000, 0x0000000707400000| Untracked 
|  41|0x0000000707600000, 0x0000000707600000, 0x0000000707800000|  0%| F|  |TAMS 0x0000000707600000, 0x0000000707600000| Untracked 
|  42|0x0000000707800000, 0x0000000707800000, 0x0000000707a00000|  0%| F|  |TAMS 0x0000000707800000, 0x0000000707800000| Untracked 
|  43|0x0000000707a00000, 0x0000000707a00000, 0x0000000707c00000|  0%| F|  |TAMS 0x0000000707a00000, 0x0000000707a00000| Untracked 

Card table byte_map: [0x000001ab32030000,0x000001ab32820000] _byte_map_base: 0x000001ab2e81e000

Marking Bits (Prev, Next): (CMBitMap*) 0x000001ab1edb8740, (CMBitMap*) 0x000001ab1edb8780
 Prev Bits: [0x000001ab33010000, 0x000001ab36f80000)
 Next Bits: [0x000001ab36f80000, 0x000001ab3aef0000)

Polling page: 0x000001ab1cd20000

Metaspace:

Usage:
  Non-class:     65.34 MB used.
      Class:      9.85 MB used.
       Both:     75.19 MB used.

Virtual space:
  Non-class space:       72.00 MB reserved,      65.75 MB ( 91%) committed,  9 nodes.
      Class space:        1.00 GB reserved,      10.25 MB (  1%) committed,  1 nodes.
              Both:        1.07 GB reserved,      76.00 MB (  7%) committed. 

Chunk freelists:
   Non-Class:  2.17 MB
       Class:  1.59 MB
        Both:  3.76 MB

MaxMetaspaceSize: 17179869184.00 GB
CompressedClassSpaceSize: 1.00 GB
 - commit_granule_bytes: 65536.
 - commit_granule_words: 8192.
 - virtual_space_node_default_size: 1048576.
 - enlarge_chunks_in_place: 1.
 - new_chunks_are_fully_committed: 0.
 - uncommit_free_chunks: 1.
 - use_allocation_guard: 0.
 - handle_deallocations: 1.


Internal statistics:

num_allocs_failed_limit: 9.
num_arena_births: 1476.
num_arena_deaths: 402.
num_vsnodes_births: 10.
num_vsnodes_deaths: 0.
num_space_committed: 1216.
num_space_uncommitted: 0.
num_chunks_returned_to_freelist: 526.
num_chunks_taken_from_freelist: 4532.
num_chunk_merges: 155.
num_chunk_splits: 2700.
num_chunks_enlarged: 1725.
num_purges: 14.

CodeHeap 'non-profiled nmethods': size=238336Kb used=21669Kb max_used=21669Kb free=216666Kb
 bounds [0x000001ab22a10000, 0x000001ab23f40000, 0x000001ab312d0000]
CodeHeap 'non-nmethods': size=7424Kb used=1321Kb max_used=1321Kb free=6102Kb
 bounds [0x000001ab222d0000, 0x000001ab22540000, 0x000001ab22a10000]
 total_blobs=13588 nmethods=12942 adapters=572
 compilation: enabled
              stopped_count=0, restarted_count=0
 full_count=0

Compilation events (20 events):
Event: 17664.667 Thread 0x000001ab3e47d9a0 12936       1       java.util.concurrent.atomic.LongAdder::reset (51 bytes)
Event: 17664.668 Thread 0x000001ab3e47d9a0 nmethod 12936 0x000001ab23f36690 code [0x000001ab23f36840, 0x000001ab23f369a8]
Event: 17664.668 Thread 0x000001ab3e47d9a0 12934       1       org.hibernate.internal.util.collections.BoundedConcurrentHashMap$Eviction$2::make (16 bytes)
Event: 17664.668 Thread 0x000001ab3e47d9a0 nmethod 12934 0x000001ab23f36a90 code [0x000001ab23f36c40, 0x000001ab23f36da8]
Event: 17664.668 Thread 0x000001ab3e47d9a0 12935       1       org.hibernate.internal.util.collections.BoundedConcurrentHashMap$LRU::<init> (64 bytes)
Event: 17664.668 Thread 0x000001ab3e47d9a0 nmethod 12935 0x000001ab23f36e90 code [0x000001ab23f37060, 0x000001ab23f375a8]
Event: 17664.670 Thread 0x000001ab3e47d9a0 12937       1       java.lang.Package::getName (5 bytes)
Event: 17664.670 Thread 0x000001ab3e47d9a0 nmethod 12937 0x000001ab23f37710 code [0x000001ab23f378a0, 0x000001ab23f37978]
Event: 17664.673 Thread 0x000001ab3e47d9a0 12938       1       org.springframework.aop.framework.ProxyConfig::<init> (30 bytes)
Event: 17664.673 Thread 0x000001ab3e47d9a0 nmethod 12938 0x000001ab23f37a10 code [0x000001ab23f37ba0, 0x000001ab23f37c78]
Event: 17664.679 Thread 0x000001ab3e47d9a0 12939       1       java.util.zip.ZipFile$ZipEntryIterator::hasMoreElements (5 bytes)
Event: 17664.679 Thread 0x000001ab3e47d9a0 nmethod 12939 0x000001ab23f37d10 code [0x000001ab23f37ea0, 0x000001ab23f37f78]
Event: 17664.679 Thread 0x000001ab3e47d9a0 12940       1       java.util.zip.ZipFile$ZipEntryIterator::nextElement (5 bytes)
Event: 17664.679 Thread 0x000001ab3e47d9a0 nmethod 12940 0x000001ab23f38010 code [0x000001ab23f381a0, 0x000001ab23f38288]
Event: 17664.679 Thread 0x000001ab3e47d9a0 12941       1       java.util.zip.ZipFile$ZipEntryIterator::nextElement (5 bytes)
Event: 17664.679 Thread 0x000001ab3e47d9a0 nmethod 12941 0x000001ab23f38310 code [0x000001ab23f384a0, 0x000001ab23f38588]
Event: 17664.679 Thread 0x000001ab3e47d9a0 12942   !   1       java.util.zip.ZipFile$ZipEntryIterator::next (71 bytes)
Event: 17664.680 Thread 0x000001ab3e47d9a0 nmethod 12942 0x000001ab23f38610 code [0x000001ab23f38800, 0x000001ab23f38b68]
Event: 17664.680 Thread 0x000001ab3e47d9a0 12943       1       org.springframework.beans.ExtendedBeanInfoFactory::supports (41 bytes)
Event: 17664.680 Thread 0x000001ab3e47d9a0 nmethod 12943 0x000001ab23f38f10 code [0x000001ab23f390e0, 0x000001ab23f39308]

GC Heap History (20 events):
Event: 17610.746 GC heap after
{Heap after GC invocations=49 (full 5):
 garbage-first heap   total 90112K, used 29675K [0x0000000702400000, 0x0000000800000000)
  region size 2048K, 2 young (4096K), 2 survivors (4096K)
 Metaspace       used 75254K, committed 75968K, reserved 1122304K
  class space    used 9932K, committed 10304K, reserved 1048576K
}
Event: 17611.458 GC heap before
{Heap before GC invocations=49 (full 5):
 garbage-first heap   total 90112K, used 68587K [0x0000000702400000, 0x0000000800000000)
  region size 2048K, 21 young (43008K), 2 survivors (4096K)
 Metaspace       used 75589K, committed 76352K, reserved 1122304K
  class space    used 9958K, committed 10368K, reserved 1048576K
}
Event: 17611.464 GC heap after
{Heap after GC invocations=50 (full 5):
 garbage-first heap   total 90112K, used 32389K [0x0000000702400000, 0x0000000800000000)
  region size 2048K, 3 young (6144K), 3 survivors (6144K)
 Metaspace       used 75589K, committed 76352K, reserved 1122304K
  class space    used 9958K, committed 10368K, reserved 1048576K
}
Event: 17627.488 GC heap before
{Heap before GC invocations=50 (full 5):
 garbage-first heap   total 90112K, used 54917K [0x0000000702400000, 0x0000000800000000)
  region size 2048K, 15 young (30720K), 3 survivors (6144K)
 Metaspace       used 75826K, committed 76608K, reserved 1122304K
  class space    used 9976K, committed 10368K, reserved 1048576K
}
Event: 17627.533 GC heap after
{Heap after GC invocations=51 (full 6):
 garbage-first heap   total 90112K, used 26116K [0x0000000702400000, 0x0000000800000000)
  region size 2048K, 0 young (0K), 0 survivors (0K)
 Metaspace       used 75807K, committed 76608K, reserved 1122304K
  class space    used 9973K, committed 10368K, reserved 1048576K
}
Event: 17627.816 GC heap before
{Heap before GC invocations=51 (full 6):
 garbage-first heap   total 90112K, used 62980K [0x0000000702400000, 0x0000000800000000)
  region size 2048K, 19 young (38912K), 0 survivors (0K)
 Metaspace       used 75930K, committed 76672K, reserved 1122304K
  class space    used 9990K, committed 10368K, reserved 1048576K
}
Event: 17627.818 GC heap after
{Heap after GC invocations=52 (full 6):
 garbage-first heap   total 90112K, used 29422K [0x0000000702400000, 0x0000000800000000)
  region size 2048K, 2 young (4096K), 2 survivors (4096K)
 Metaspace       used 75930K, committed 76672K, reserved 1122304K
  class space    used 9990K, committed 10368K, reserved 1048576K
}
Event: 17627.825 GC heap before
{Heap before GC invocations=52 (full 6):
 garbage-first heap   total 90112K, used 62190K [0x0000000702400000, 0x0000000800000000)
  region size 2048K, 19 young (38912K), 2 survivors (4096K)
 Metaspace       used 75930K, committed 76672K, reserved 1122304K
  class space    used 9990K, committed 10368K, reserved 1048576K
}
Event: 17627.828 GC heap after
{Heap after GC invocations=53 (full 6):
 garbage-first heap   total 90112K, used 29296K [0x0000000702400000, 0x0000000800000000)
  region size 2048K, 2 young (4096K), 2 survivors (4096K)
 Metaspace       used 75930K, committed 76672K, reserved 1122304K
  class space    used 9990K, committed 10368K, reserved 1048576K
}
Event: 17628.726 GC heap before
{Heap before GC invocations=53 (full 6):
 garbage-first heap   total 90112K, used 66160K [0x0000000702400000, 0x0000000800000000)
  region size 2048K, 20 young (40960K), 2 survivors (4096K)
 Metaspace       used 76189K, committed 76992K, reserved 1122304K
  class space    used 10011K, committed 10432K, reserved 1048576K
}
Event: 17628.729 GC heap after
{Heap after GC invocations=54 (full 6):
 garbage-first heap   total 90112K, used 31489K [0x0000000702400000, 0x0000000800000000)
  region size 2048K, 3 young (6144K), 3 survivors (6144K)
 Metaspace       used 76189K, committed 76992K, reserved 1122304K
  class space    used 10011K, committed 10432K, reserved 1048576K
}
Event: 17660.401 GC heap before
{Heap before GC invocations=54 (full 6):
 garbage-first heap   total 90112K, used 66305K [0x0000000702400000, 0x0000000800000000)
  region size 2048K, 20 young (40960K), 3 survivors (6144K)
 Metaspace       used 76577K, committed 77376K, reserved 1122304K
  class space    used 10038K, committed 10432K, reserved 1048576K
}
Event: 17660.404 GC heap after
{Heap after GC invocations=55 (full 6):
 garbage-first heap   total 90112K, used 32963K [0x0000000702400000, 0x0000000800000000)
  region size 2048K, 3 young (6144K), 3 survivors (6144K)
 Metaspace       used 76577K, committed 77376K, reserved 1122304K
  class space    used 10038K, committed 10432K, reserved 1048576K
}
Event: 17663.346 GC heap before
{Heap before GC invocations=55 (full 6):
 garbage-first heap   total 90112K, used 32963K [0x0000000702400000, 0x0000000800000000)
  region size 2048K, 4 young (8192K), 3 survivors (6144K)
 Metaspace       used 76580K, committed 77376K, reserved 1122304K
  class space    used 10038K, committed 10432K, reserved 1048576K
}
Event: 17663.394 GC heap after
{Heap after GC invocations=56 (full 7):
 garbage-first heap   total 90112K, used 27457K [0x0000000702400000, 0x0000000800000000)
  region size 2048K, 0 young (0K), 0 survivors (0K)
 Metaspace       used 76561K, committed 77376K, reserved 1122304K
  class space    used 10035K, committed 10432K, reserved 1048576K
}
Event: 17663.755 GC heap before
{Heap before GC invocations=56 (full 7):
 garbage-first heap   total 90112K, used 64321K [0x0000000702400000, 0x0000000800000000)
  region size 2048K, 19 young (38912K), 0 survivors (0K)
 Metaspace       used 76713K, committed 77568K, reserved 1122304K
  class space    used 10058K, committed 10496K, reserved 1048576K
}
Event: 17663.757 GC heap after
{Heap after GC invocations=57 (full 7):
 garbage-first heap   total 90112K, used 30726K [0x0000000702400000, 0x0000000800000000)
  region size 2048K, 2 young (4096K), 2 survivors (4096K)
 Metaspace       used 76713K, committed 77568K, reserved 1122304K
  class space    used 10058K, committed 10496K, reserved 1048576K
}
Event: 17663.766 GC heap before
{Heap before GC invocations=57 (full 7):
 garbage-first heap   total 90112K, used 63494K [0x0000000702400000, 0x0000000800000000)
  region size 2048K, 19 young (38912K), 2 survivors (4096K)
 Metaspace       used 76713K, committed 77568K, reserved 1122304K
  class space    used 10058K, committed 10496K, reserved 1048576K
}
Event: 17663.768 GC heap after
{Heap after GC invocations=58 (full 7):
 garbage-first heap   total 90112K, used 30527K [0x0000000702400000, 0x0000000800000000)
  region size 2048K, 2 young (4096K), 2 survivors (4096K)
 Metaspace       used 76713K, committed 77568K, reserved 1122304K
  class space    used 10058K, committed 10496K, reserved 1048576K
}
Event: 17664.682 GC heap before
{Heap before GC invocations=58 (full 7):
 garbage-first heap   total 90112K, used 67391K [0x0000000702400000, 0x0000000800000000)
  region size 2048K, 20 young (40960K), 2 survivors (4096K)
 Metaspace       used 76995K, committed 77824K, reserved 1122304K
  class space    used 10082K, committed 10496K, reserved 1048576K
}

Deoptimization events (6 events):
Event: 1.720 Thread 0x000001ab40075400 DEOPT PACKING pc=0x000001ab22d28ef4 sp=0x00000084188fc8b0
Event: 1.720 Thread 0x000001ab40075400 DEOPT UNPACKING pc=0x000001ab2231dece sp=0x00000084188fbe08 mode 0
Event: 4.855 Thread 0x000001ab40075400 DEOPT PACKING pc=0x000001ab22d02402 sp=0x00000084188f9330
Event: 4.855 Thread 0x000001ab40075400 DEOPT UNPACKING pc=0x000001ab2231dece sp=0x00000084188f8838 mode 3
Event: 4.855 Thread 0x000001ab40075400 DEOPT PACKING pc=0x000001ab22cf8765 sp=0x00000084188f92f0
Event: 4.855 Thread 0x000001ab40075400 DEOPT UNPACKING pc=0x000001ab2231dece sp=0x00000084188f8838 mode 3

Classes unloaded (20 events):
Event: 17431.612 Thread 0x000001ab3e42a360 Unloading class 0x0000000800a00c00 'jdk/internal/reflect/GeneratedSerializationConstructorAccessor50'
Event: 17431.612 Thread 0x000001ab3e42a360 Unloading class 0x0000000800350800 'org/apache/catalina/loader/JdbcLeakPrevention'
Event: 17610.436 Thread 0x000001ab3e42a360 Unloading class 0x0000000800a30000 'jdk/internal/reflect/GeneratedSerializationConstructorAccessor76'
Event: 17610.436 Thread 0x000001ab3e42a360 Unloading class 0x0000000800a2ac00 'jdk/internal/reflect/GeneratedSerializationConstructorAccessor75'
Event: 17610.436 Thread 0x000001ab3e42a360 Unloading class 0x0000000800a2a800 'jdk/internal/reflect/GeneratedSerializationConstructorAccessor74'
Event: 17610.436 Thread 0x000001ab3e42a360 Unloading class 0x0000000800a2a000 'jdk/internal/reflect/GeneratedSerializationConstructorAccessor73'
Event: 17610.436 Thread 0x000001ab3e42a360 Unloading class 0x0000000800a28400 'jdk/internal/reflect/GeneratedSerializationConstructorAccessor72'
Event: 17610.436 Thread 0x000001ab3e42a360 Unloading class 0x0000000800a1d800 'org/apache/catalina/loader/JdbcLeakPrevention'
Event: 17627.499 Thread 0x000001ab3e42a360 Unloading class 0x0000000800a42000 'jdk/internal/reflect/GeneratedSerializationConstructorAccessor81'
Event: 17627.499 Thread 0x000001ab3e42a360 Unloading class 0x0000000800a41c00 'jdk/internal/reflect/GeneratedSerializationConstructorAccessor80'
Event: 17627.499 Thread 0x000001ab3e42a360 Unloading class 0x0000000800a41800 'jdk/internal/reflect/GeneratedSerializationConstructorAccessor79'
Event: 17627.499 Thread 0x000001ab3e42a360 Unloading class 0x0000000800a41000 'jdk/internal/reflect/GeneratedSerializationConstructorAccessor78'
Event: 17627.499 Thread 0x000001ab3e42a360 Unloading class 0x0000000800a40800 'jdk/internal/reflect/GeneratedSerializationConstructorAccessor77'
Event: 17627.499 Thread 0x000001ab3e42a360 Unloading class 0x0000000800a32000 'org/apache/catalina/loader/JdbcLeakPrevention'
Event: 17663.358 Thread 0x000001ab3e42a360 Unloading class 0x0000000800a51400 'jdk/internal/reflect/GeneratedSerializationConstructorAccessor86'
Event: 17663.358 Thread 0x000001ab3e42a360 Unloading class 0x0000000800a51000 'jdk/internal/reflect/GeneratedSerializationConstructorAccessor85'
Event: 17663.358 Thread 0x000001ab3e42a360 Unloading class 0x0000000800a50c00 'jdk/internal/reflect/GeneratedSerializationConstructorAccessor84'
Event: 17663.358 Thread 0x000001ab3e42a360 Unloading class 0x0000000800a50400 'jdk/internal/reflect/GeneratedSerializationConstructorAccessor83'
Event: 17663.358 Thread 0x000001ab3e42a360 Unloading class 0x0000000800a50000 'jdk/internal/reflect/GeneratedSerializationConstructorAccessor82'
Event: 17663.358 Thread 0x000001ab3e42a360 Unloading class 0x0000000800a48800 'org/apache/catalina/loader/JdbcLeakPrevention'

Classes redefined (0 events):
No events

Internal exceptions (20 events):
Event: 17663.720 Thread 0x000001ab3f049530 Exception <a 'java/lang/NoClassDefFoundError'{0x0000000705ffd100}: org/springframework/batch/core/repository/JobRepository> (0x0000000705ffd100) 
thrown [t:\workspace\open\src\hotspot\share\oops\constantPool.cpp, line 809]
Event: 17663.720 Thread 0x000001ab3f049530 Exception <a 'java/lang/NoClassDefFoundError'{0x0000000705ffd438}: org/quartz/Scheduler> (0x0000000705ffd438) 
thrown [t:\workspace\open\src\hotspot\share\oops\constantPool.cpp, line 809]
Event: 17663.720 Thread 0x000001ab3f049530 Exception <a 'java/lang/NoClassDefFoundError'{0x0000000705ffd770}: org/springframework/session/jdbc/JdbcIndexedSessionRepository> (0x0000000705ffd770) 
thrown [t:\workspace\open\src\hotspot\share\oops\constantPool.cpp, line 809]
Event: 17663.771 Thread 0x000001ab3f049530 Exception <a 'sun/nio/fs/WindowsException'{0x0000000707b66050}> (0x0000000707b66050) 
thrown [t:\workspace\open\src\hotspot\share\prims\jni.cpp, line 579]
Event: 17663.772 Thread 0x000001ab3f049530 Exception <a 'sun/nio/fs/WindowsException'{0x0000000707b66750}> (0x0000000707b66750) 
thrown [t:\workspace\open\src\hotspot\share\prims\jni.cpp, line 579]
Event: 17663.772 Thread 0x000001ab3f049530 Exception <a 'sun/nio/fs/WindowsException'{0x0000000707b66e30}> (0x0000000707b66e30) 
thrown [t:\workspace\open\src\hotspot\share\prims\jni.cpp, line 579]
Event: 17663.782 Thread 0x000001ab3f049530 Exception <a 'java/io/FileNotFoundException'{0x0000000707ba3538}> (0x0000000707ba3538) 
thrown [t:\workspace\open\src\hotspot\share\prims\jni.cpp, line 579]
Event: 17664.636 Thread 0x000001ab3f049530 Exception <a 'java/lang/ClassNotFoundException'{0x0000000705fbfda0}: java/lang/ObjectCustomizer> (0x0000000705fbfda0) 
thrown [t:\workspace\open\src\hotspot\share\classfile\systemDictionary.cpp, line 256]
Event: 17664.636 Thread 0x000001ab3f049530 Exception <a 'java/lang/ClassNotFoundException'{0x0000000705fc9da0}: org/springframework/security/config/annotation/web/configuration/WebSecurityConfigurerAdapterCustomizer> (0x0000000705fc9da0) 
thrown [t:\workspace\open\src\hotspot\share\classfile\systemDictionary.cpp, line 256]
Event: 17664.637 Thread 0x000001ab3f049530 Exception <a 'java/lang/ClassNotFoundException'{0x0000000705fda148}: it/cnr/istc/psts/wikitel/Authentication/AuthConfigurationCustomizer> (0x0000000705fda148) 
thrown [t:\workspace\open\src\hotspot\share\classfile\systemDictionary.cpp, line 256]
Event: 17664.637 Thread 0x000001ab3f049530 Exception <a 'java/lang/ClassNotFoundException'{0x0000000705fe4380}: it/cnr/istc/psts/wikitel/Authentication/AuthConfiguration$$EnhancerBySpringCGLIB$$ccde86d4Customizer> (0x0000000705fe4380) 
thrown [t:\workspace\open\src\hotspot\share\classfile\systemDictionary.cpp, line 256]
Event: 17664.637 Thread 0x000001ab3f049530 Exception <a 'java/lang/ClassNotFoundException'{0x0000000705ff7640}: org/springframework/context/annotation/ConfigurationClassEnhancer$EnhancedConfigurationCustomizer> (0x0000000705ff7640) 
thrown [t:\workspace\open\src\hotspot\share\classfile\systemDictionary.cpp, line 256]
Event: 17664.638 Thread 0x000001ab3f049530 Exception <a 'java/lang/ClassNotFoundException'{0x0000000705ffca40}: org/springframework/beans/factory/BeanFactoryAwareCustomizer> (0x0000000705ffca40) 
thrown [t:\workspace\open\src\hotspot\share\classfile\systemDictionary.cpp, line 256]
Event: 17664.638 Thread 0x000001ab3f049530 Exception <a 'java/lang/ClassNotFoundException'{0x0000000705c038a0}: org/springframework/beans/factory/AwareCustomizer> (0x0000000705c038a0) 
thrown [t:\workspace\open\src\hotspot\share\classfile\systemDictionary.cpp, line 256]
Event: 17664.638 Thread 0x000001ab3f049530 Exception <a 'java/lang/ClassNotFoundException'{0x0000000705c09238}: org/springframework/security/config/annotation/web/WebSecurityConfigurerCustomizer> (0x0000000705c09238) 
thrown [t:\workspace\open\src\hotspot\share\classfile\systemDictionary.cpp, line 256]
Event: 17664.638 Thread 0x000001ab3f049530 Exception <a 'java/lang/ClassNotFoundException'{0x0000000705c0eb78}: org/springframework/security/config/annotation/SecurityConfigurerCustomizer> (0x0000000705c0eb78) 
thrown [t:\workspace\open\src\hotspot\share\classfile\systemDictionary.cpp, line 256]
Event: 17664.668 Thread 0x000001ab3f049530 Exception <a 'java/lang/ClassNotFoundException'{0x0000000705bf9e00}: java/lang/ObjectCustomizer> (0x0000000705bf9e00) 
thrown [t:\workspace\open\src\hotspot\share\classfile\systemDictionary.cpp, line 256]
Event: 17664.669 Thread 0x000001ab3f049530 Exception <a 'java/lang/ClassNotFoundException'{0x0000000705003d70}: it/cnr/istc/psts/wikitel/db/FileEntityCustomizer> (0x0000000705003d70) 
thrown [t:\workspace\open\src\hotspot\share\classfile\systemDictionary.cpp, line 256]
Event: 17664.680 Thread 0x000001ab3f049530 Exception <a 'java/lang/ClassNotFoundException'{0x00000007051d0aa8}: java/lang/ObjectCustomizer> (0x00000007051d0aa8) 
thrown [t:\workspace\open\src\hotspot\share\classfile\systemDictionary.cpp, line 256]
Event: 17664.681 Thread 0x000001ab3f049530 Exception <a 'java/lang/ClassNotFoundException'{0x00000007051da5c0}: it/cnr/istc/psts/wikitel/db/LessonEntityCustomizer> (0x00000007051da5c0) 
thrown [t:\workspace\open\src\hotspot\share\classfile\systemDictionary.cpp, line 256]

Events (20 events):
Event: 17663.897 Thread 0x000001ab3f048540 Thread added: 0x000001ab3f048540
Event: 17663.898 Thread 0x000001ab3f04aa70 Thread added: 0x000001ab3f04aa70
Event: 17663.977 Executing  VM operation: ICBufferFull
Event: 17663.977 Executing  VM operation: ICBufferFull done
Event: 17663.998 Thread 0x000001ab3f04d4f0 Thread added: 0x000001ab3f04d4f0
Event: 17664.636 loading class java/lang/ObjectCustomizer
Event: 17664.636 loading class java/lang/ObjectCustomizer done
Event: 17664.636 loading class java/lang/ObjectCustomizer
Event: 17664.636 loading class java/lang/ObjectCustomizer done
Event: 17664.668 loading class java/lang/ObjectCustomizer
Event: 17664.668 loading class java/lang/ObjectCustomizer done
Event: 17664.668 loading class java/lang/ObjectCustomizer
Event: 17664.668 loading class java/lang/ObjectCustomizer done
Event: 17664.680 loading class java/lang/ObjectCustomizer
Event: 17664.680 loading class java/lang/ObjectCustomizer done
Event: 17664.680 loading class java/lang/ObjectCustomizer
Event: 17664.680 loading class java/lang/ObjectCustomizer done
Event: 17664.681 Executing  VM operation: ICBufferFull
Event: 17664.682 Executing  VM operation: ICBufferFull done
Event: 17664.682 Executing  VM operation: G1CollectForAllocation


Dynamic libraries:
0x00007ff76f940000 - 0x00007ff76f94e000 	C:\Users\utente\Desktop\Uni\ST4\contents\sts-4.11.1.RELEASE\plugins\org.eclipse.justj.openjdk.hotspot.jre.full.win32.x86_64_16.0.2.v20210721-1149\jre\bin\javaw.exe
0x00007ffbac720000 - 0x00007ffbac927000 	C:\WINDOWS\SYSTEM32\ntdll.dll
0x00007ffb91270000 - 0x00007ffb91286000 	C:\Program Files\AVG\Antivirus\aswhook.dll
0x00007ffbab280000 - 0x00007ffbab33d000 	C:\WINDOWS\System32\KERNEL32.DLL
0x00007ffbaa010000 - 0x00007ffbaa384000 	C:\WINDOWS\System32\KERNELBASE.dll
0x00007ffba9e20000 - 0x00007ffba9f31000 	C:\WINDOWS\System32\ucrtbase.dll
0x00007ffb405d0000 - 0x00007ffb405e8000 	C:\Users\utente\Desktop\Uni\ST4\contents\sts-4.11.1.RELEASE\plugins\org.eclipse.justj.openjdk.hotspot.jre.full.win32.x86_64_16.0.2.v20210721-1149\jre\bin\jli.dll
0x00007ffba5070000 - 0x00007ffba5089000 	C:\Users\utente\Desktop\Uni\ST4\contents\sts-4.11.1.RELEASE\plugins\org.eclipse.justj.openjdk.hotspot.jre.full.win32.x86_64_16.0.2.v20210721-1149\jre\bin\VCRUNTIME140.dll
0x00007ffbac220000 - 0x00007ffbac3cc000 	C:\WINDOWS\System32\USER32.dll
0x00007ffb90ac0000 - 0x00007ffb90d65000 	C:\WINDOWS\WinSxS\amd64_microsoft.windows.common-controls_6595b64144ccf1df_6.0.22000.120_none_9d947278b86cc467\COMCTL32.dll
0x00007ffba9f40000 - 0x00007ffba9f66000 	C:\WINDOWS\System32\win32u.dll
0x00007ffbaa6e0000 - 0x00007ffbaa783000 	C:\WINDOWS\System32\msvcrt.dll
0x00007ffbaa810000 - 0x00007ffbaa839000 	C:\WINDOWS\System32\GDI32.dll
0x00007ffba9c10000 - 0x00007ffba9d22000 	C:\WINDOWS\System32\gdi32full.dll
0x00007ffba9f70000 - 0x00007ffbaa00d000 	C:\WINDOWS\System32\msvcp_win.dll
0x00007ffbaaa80000 - 0x00007ffbaaab1000 	C:\WINDOWS\System32\IMM32.DLL
0x00007ffba5060000 - 0x00007ffba506c000 	C:\Users\utente\Desktop\Uni\ST4\contents\sts-4.11.1.RELEASE\plugins\org.eclipse.justj.openjdk.hotspot.jre.full.win32.x86_64_16.0.2.v20210721-1149\jre\bin\vcruntime140_1.dll
0x00007ffb910e0000 - 0x00007ffb91171000 	C:\Users\utente\Desktop\Uni\ST4\contents\sts-4.11.1.RELEASE\plugins\org.eclipse.justj.openjdk.hotspot.jre.full.win32.x86_64_16.0.2.v20210721-1149\jre\bin\msvcp140.dll
0x00007ffb22d60000 - 0x00007ffb2390b000 	C:\Users\utente\Desktop\Uni\ST4\contents\sts-4.11.1.RELEASE\plugins\org.eclipse.justj.openjdk.hotspot.jre.full.win32.x86_64_16.0.2.v20210721-1149\jre\bin\server\jvm.dll
0x00007ffbac000000 - 0x00007ffbac0ae000 	C:\WINDOWS\System32\ADVAPI32.dll
0x00007ffbaa9e0000 - 0x00007ffbaaa7e000 	C:\WINDOWS\System32\sechost.dll
0x00007ffbaaf30000 - 0x00007ffbab050000 	C:\WINDOWS\System32\RPCRT4.dll
0x00007ffbab270000 - 0x00007ffbab278000 	C:\WINDOWS\System32\PSAPI.DLL
0x00007ffb907f0000 - 0x00007ffb907f9000 	C:\WINDOWS\SYSTEM32\WSOCK32.dll
0x00007ffba2ee0000 - 0x00007ffba2f13000 	C:\WINDOWS\SYSTEM32\WINMM.dll
0x00007ffba1000000 - 0x00007ffba100a000 	C:\WINDOWS\SYSTEM32\VERSION.dll
0x00007ffbab460000 - 0x00007ffbab4cf000 	C:\WINDOWS\System32\WS2_32.dll
0x00007ffba8e00000 - 0x00007ffba8e18000 	C:\WINDOWS\SYSTEM32\kernel.appcore.dll
0x00007ffba4ba0000 - 0x00007ffba4baa000 	C:\Users\utente\Desktop\Uni\ST4\contents\sts-4.11.1.RELEASE\plugins\org.eclipse.justj.openjdk.hotspot.jre.full.win32.x86_64_16.0.2.v20210721-1149\jre\bin\jimage.dll
0x00007ffba7120000 - 0x00007ffba7341000 	C:\WINDOWS\SYSTEM32\DBGHELP.DLL
0x00007ffb9ce50000 - 0x00007ffb9ce81000 	C:\WINDOWS\SYSTEM32\dbgcore.DLL
0x00007ffba9da0000 - 0x00007ffba9e1f000 	C:\WINDOWS\System32\bcryptPrimitives.dll
0x00007ffb3e2d0000 - 0x00007ffb3e2f5000 	C:\Users\utente\Desktop\Uni\ST4\contents\sts-4.11.1.RELEASE\plugins\org.eclipse.justj.openjdk.hotspot.jre.full.win32.x86_64_16.0.2.v20210721-1149\jre\bin\java.dll
0x00007ffb3fe00000 - 0x00007ffb3fe18000 	C:\Users\utente\Desktop\Uni\ST4\contents\sts-4.11.1.RELEASE\plugins\org.eclipse.justj.openjdk.hotspot.jre.full.win32.x86_64_16.0.2.v20210721-1149\jre\bin\zip.dll
0x00007ffbab850000 - 0x00007ffbabffe000 	C:\WINDOWS\System32\SHELL32.dll
0x00007ffba7d90000 - 0x00007ffba85f7000 	C:\WINDOWS\SYSTEM32\windows.storage.dll
0x00007ffbab4d0000 - 0x00007ffbab848000 	C:\WINDOWS\System32\combase.dll
0x00007ffba7c20000 - 0x00007ffba7d86000 	C:\WINDOWS\SYSTEM32\wintypes.dll
0x00007ffbab370000 - 0x00007ffbab45a000 	C:\WINDOWS\System32\SHCORE.dll
0x00007ffbaa620000 - 0x00007ffbaa67d000 	C:\WINDOWS\System32\shlwapi.dll
0x00007ffba9b40000 - 0x00007ffba9b61000 	C:\WINDOWS\SYSTEM32\profapi.dll
0x00007ffb3e1e0000 - 0x00007ffb3e1f9000 	C:\Users\utente\Desktop\Uni\ST4\contents\sts-4.11.1.RELEASE\plugins\org.eclipse.justj.openjdk.hotspot.jre.full.win32.x86_64_16.0.2.v20210721-1149\jre\bin\net.dll
0x00007ffba4720000 - 0x00007ffba482c000 	C:\WINDOWS\SYSTEM32\WINHTTP.dll
0x00007ffba9230000 - 0x00007ffba9297000 	C:\WINDOWS\system32\mswsock.dll
0x00007ffb3dc20000 - 0x00007ffb3dc33000 	C:\Users\utente\Desktop\Uni\ST4\contents\sts-4.11.1.RELEASE\plugins\org.eclipse.justj.openjdk.hotspot.jre.full.win32.x86_64_16.0.2.v20210721-1149\jre\bin\nio.dll
0x00007ffb97a50000 - 0x00007ffb97a59000 	C:\Users\utente\Desktop\Uni\ST4\contents\sts-4.11.1.RELEASE\plugins\org.eclipse.justj.openjdk.hotspot.jre.full.win32.x86_64_16.0.2.v20210721-1149\jre\bin\management.dll
0x00007ffb97a40000 - 0x00007ffb97a4b000 	C:\Users\utente\Desktop\Uni\ST4\contents\sts-4.11.1.RELEASE\plugins\org.eclipse.justj.openjdk.hotspot.jre.full.win32.x86_64_16.0.2.v20210721-1149\jre\bin\management_ext.dll
0x00007ffb857b0000 - 0x00007ffb857c7000 	C:\WINDOWS\system32\napinsp.dll
0x00007ffb85790000 - 0x00007ffb857ab000 	C:\WINDOWS\system32\pnrpnsp.dll
0x00007ffba88e0000 - 0x00007ffba89c7000 	C:\WINDOWS\SYSTEM32\DNSAPI.dll
0x00007ffba88b0000 - 0x00007ffba88dd000 	C:\WINDOWS\SYSTEM32\IPHLPAPI.DLL
0x00007ffbac5b0000 - 0x00007ffbac5b9000 	C:\WINDOWS\System32\NSI.dll
0x00007ffb85770000 - 0x00007ffb85782000 	C:\WINDOWS\System32\winrnr.dll
0x00007ffb85750000 - 0x00007ffb85765000 	C:\WINDOWS\system32\wshbth.dll
0x00007ffb85730000 - 0x00007ffb8574f000 	C:\WINDOWS\system32\nlansp_c.dll
0x00007ffba11f0000 - 0x00007ffba11fa000 	C:\Windows\System32\rasadhlp.dll
0x00007ffba22e0000 - 0x00007ffba2361000 	C:\WINDOWS\System32\fwpuclnt.dll
0x00007ffba9470000 - 0x00007ffba9488000 	C:\WINDOWS\SYSTEM32\CRYPTSP.dll
0x00007ffba8d60000 - 0x00007ffba8d95000 	C:\WINDOWS\system32\rsaenh.dll
0x00007ffba9320000 - 0x00007ffba9349000 	C:\WINDOWS\SYSTEM32\USERENV.dll
0x00007ffba95f0000 - 0x00007ffba9617000 	C:\WINDOWS\SYSTEM32\bcrypt.dll
0x00007ffba9490000 - 0x00007ffba949c000 	C:\WINDOWS\SYSTEM32\CRYPTBASE.dll
0x00007ffba4530000 - 0x00007ffba4549000 	C:\WINDOWS\SYSTEM32\dhcpcsvc6.DLL
0x00007ffba4930000 - 0x00007ffba494e000 	C:\WINDOWS\SYSTEM32\dhcpcsvc.DLL
0x00007ffb90f70000 - 0x00007ffb90f80000 	C:\Users\utente\Desktop\Uni\ST4\contents\sts-4.11.1.RELEASE\plugins\org.eclipse.justj.openjdk.hotspot.jre.full.win32.x86_64_16.0.2.v20210721-1149\jre\bin\verify.dll
0x00007ffb9c470000 - 0x00007ffb9c47e000 	C:\Users\utente\Desktop\Uni\ST4\contents\sts-4.11.1.RELEASE\plugins\org.eclipse.justj.openjdk.hotspot.jre.full.win32.x86_64_16.0.2.v20210721-1149\jre\bin\sunmscapi.dll
0x00007ffbaa450000 - 0x00007ffbaa5b2000 	C:\WINDOWS\System32\CRYPT32.dll
0x00007ffba95c0000 - 0x00007ffba95e8000 	C:\WINDOWS\SYSTEM32\ncrypt.dll
0x00007ffba9580000 - 0x00007ffba95b7000 	C:\WINDOWS\SYSTEM32\NTASN1.dll
0x00007ffba6e70000 - 0x00007ffba6e7f000 	C:\Users\utente\Desktop\Nuova cartella (6)\oRatio-3.0\build\bin\Release\json.dll
0x00007ffb9cae0000 - 0x00007ffb9cb21000 	C:\Users\utente\Desktop\Nuova cartella (6)\oRatio-3.0\build\bin\Release\smt.dll
0x00007ffba6990000 - 0x00007ffba69b0000 	C:\Users\utente\Desktop\Nuova cartella (6)\oRatio-3.0\build\bin\Release\riddle.dll
0x00007ffb97c50000 - 0x00007ffb97c97000 	C:\Users\utente\Desktop\Nuova cartella (6)\oRatio-3.0\build\bin\Release\core.dll
0x00007ffb97970000 - 0x00007ffb979b2000 	C:\Users\utente\Desktop\Nuova cartella (6)\oRatio-3.0\build\bin\Release\solver.dll
0x00007ffba4fd0000 - 0x00007ffba4fe3000 	C:\Users\utente\Desktop\Nuova cartella (6)\oRatio-3.0\build\bin\Release\executor.dll
0x00007ffba0fc0000 - 0x00007ffba0fd4000 	C:\Users\utente\Desktop\Nuova cartella (6)\oRatio-3.0\build\bin\Release\solver-java-api.dll
0x00007ffba64c0000 - 0x00007ffba64cc000 	C:\Users\utente\Desktop\Nuova cartella (6)\oRatio-3.0\build\bin\Release\executor-java-api.dll
0x00007ffba50b0000 - 0x00007ffba50b8000 	C:\WINDOWS\system32\wshunix.dll
0x00007ffb85830000 - 0x00007ffb85856000 	C:\WINDOWS\SYSTEM32\apisethost.appexecutionalias.dll
0x00007ffb84c60000 - 0x00007ffb84d64000 	C:\WINDOWS\SYSTEM32\daxexec.dll
0x00007ffbac0b0000 - 0x00007ffbac186000 	C:\WINDOWS\System32\OLEAUT32.dll
0x00007ffb84c10000 - 0x00007ffb84c53000 	C:\WINDOWS\SYSTEM32\container.dll
0x00007ffbab0d0000 - 0x00007ffbab17f000 	C:\WINDOWS\System32\clbcatq.dll
0x00007ffb8f4b0000 - 0x00007ffb8f5e4000 	C:\Windows\System32\Windows.StateRepositoryPS.dll
0x00007ffb84710000 - 0x00007ffb8477c000 	C:\WINDOWS\SYSTEM32\AppXAllUserStore.dll
0x00007ffb99850000 - 0x00007ffb9988e000 	C:\WINDOWS\SYSTEM32\windows.staterepositoryclient.dll
0x00007ffba20c0000 - 0x00007ffba20db000 	C:\WINDOWS\SYSTEM32\windows.staterepositorycore.dll
0x00007ffb84250000 - 0x00007ffb842b3000 	C:\WINDOWS\SYSTEM32\capauthz.dll
0x00007ffba75c0000 - 0x00007ffba75f4000 	C:\WINDOWS\SYSTEM32\ntmarta.dll

dbghelp: loaded successfully - version: 4.0.5 - missing functions: none
symbol engine: initialized successfully - sym options: 0x614 - pdb path: .;C:\Users\utente\Desktop\Uni\ST4\contents\sts-4.11.1.RELEASE\plugins\org.eclipse.justj.openjdk.hotspot.jre.full.win32.x86_64_16.0.2.v20210721-1149\jre\bin;C:\WINDOWS\SYSTEM32;C:\Program Files\AVG\Antivirus;C:\WINDOWS\WinSxS\amd64_microsoft.windows.common-controls_6595b64144ccf1df_6.0.22000.120_none_9d947278b86cc467;C:\Users\utente\Desktop\Uni\ST4\contents\sts-4.11.1.RELEASE\plugins\org.eclipse.justj.openjdk.hotspot.jre.full.win32.x86_64_16.0.2.v20210721-1149\jre\bin\server;C:\Users\utente\Desktop\Nuova cartella (6)\oRatio-3.0\build\bin\Release

VM Arguments:
jvm_args: -Dcom.sun.management.jmxremote -Dcom.sun.management.jmxremote.port=55766 -Dcom.sun.management.jmxremote.authenticate=false -Dcom.sun.management.jmxremote.ssl=false -Djava.rmi.server.hostname=localhost -Dspring.jmx.enabled=true -Dspring.application.admin.enabled=true -Djava.library.path=C:\Users\utente\Desktop\Nuova cartella (4)\oRatio-3.0\build\bin\Release;C:\Users\utente\Desktop\Nuova cartella (6)\oRatio-3.0\build\bin\Release -XX:TieredStopAtLevel=1 -Dspring.boot.project.name=Wikitel-new -Dfile.encoding=UTF-8 -XX:+ShowCodeDetailsInExceptionMessages 
java_command: it.cnr.istc.psts.WikitelNewApplication --spring.output.ansi.enabled=always
java_class_path (initial): C:\Users\utente\Documents\workspace-spring-tool-suite-4-4.11.1.RELEASE\Wikitel-new\target\classes;C:\Users\utente\Desktop\Nuova cartella (6)\oRatio-3.0\api\java\target\oratio-1.0.jar;C:\Users\utente\.m2\repository\org\springframework\boot\spring-boot-starter-data-jpa\2.5.7\spring-boot-starter-data-jpa-2.5.7.jar;C:\Users\utente\.m2\repository\org\springframework\boot\spring-boot-starter-aop\2.5.7\spring-boot-starter-aop-2.5.7.jar;C:\Users\utente\.m2\repository\org\aspectj\aspectjweaver\1.9.7\aspectjweaver-1.9.7.jar;C:\Users\utente\.m2\repository\org\springframework\boot\spring-boot-starter-jdbc\2.5.7\spring-boot-starter-jdbc-2.5.7.jar;C:\Users\utente\.m2\repository\com\zaxxer\HikariCP\4.0.3\HikariCP-4.0.3.jar;C:\Users\utente\.m2\repository\org\springframework\spring-jdbc\5.3.13\spring-jdbc-5.3.13.jar;C:\Users\utente\.m2\repository\jakarta\transaction\jakarta.transaction-api\1.3.3\jakarta.transaction-api-1.3.3.jar;C:\Users\utente\.m2\repository\jakarta\persistence\jakarta.persistence-api\2.2.3\jakarta.persistence-api-2.2.3.jar;C:\Users\utente\.m2\repository\org\hibernate\hibernate-core\5.4.32.Final\hibernate-core-5.4.32.Final.jar;C:\Users\utente\.m2\repository\org\jboss\logging\jboss-logging\3.4.2.Final\jboss-logging-3.4.2.Final.jar;C:\Users\utente\.m2\repository\org\javassist\javassist\3.27.0-GA\javassist-3.27.0-GA.jar;C:\Users\utente\.m2\repository\net\bytebuddy\byte-buddy\1.10.22\byte-buddy-1.10.22.jar;C:\Users\utente\.m2\repository\antlr\antlr\2.7.7\antlr-2.7.7.jar;C:\Users\utente\.m2\repository\org\jboss\jandex\2.2.3.Final\jandex-2.2.3.Final.jar;C:\Users\utente\.m2\repository\com\fasterxml\classmate\1.5.1\classmate-1.5.1.jar;C:\Users\utente\.m2\repository\org\dom4j\dom4j\2.1.3\dom4j-2.1.3.jar;C:\Users\utente\.m2\repository\org\hibernate\common\hibernate-commons-annotations\5.1.2.Final\hibernate-commons-annotations-5.1.2.Final.jar;C:\Users\utente\.m2\repository\org\glassfish\jaxb\jaxb-runtime\2.3.5\jaxb-runtime-2.3.5.jar;C:\Users\utent
Launcher Type: SUN_STANDARD

[Global flags]
     intx CICompilerCount                          = 4                                         {product} {ergonomic}
     uint ConcGCThreads                            = 3                                         {product} {ergonomic}
     uint G1ConcRefinementThreads                  = 10                                        {product} {ergonomic}
   size_t G1HeapRegionSize                         = 2097152                                   {product} {ergonomic}
    uintx GCDrainStackTargetSize                   = 64                                        {product} {ergonomic}
   size_t InitialHeapSize                          = 266338304                                 {product} {ergonomic}
     bool ManagementServer                         = true                                      {product} {command line}
   size_t MarkStackSize                            = 4194304                                   {product} {ergonomic}
   size_t MaxHeapSize                              = 4257218560                                {product} {ergonomic}
   size_t MaxNewSize                               = 2554331136                                {product} {ergonomic}
   size_t MinHeapDeltaBytes                        = 2097152                                   {product} {ergonomic}
   size_t MinHeapSize                              = 8388608                                   {product} {ergonomic}
    uintx NonNMethodCodeHeapSize                   = 7549744                                {pd product} {ergonomic}
    uintx NonProfiledCodeHeapSize                  = 244108496                              {pd product} {ergonomic}
    uintx ProfiledCodeHeapSize                     = 0                                      {pd product} {ergonomic}
    uintx ReservedCodeCacheSize                    = 251658240                              {pd product} {ergonomic}
     bool SegmentedCodeCache                       = true                                      {product} {ergonomic}
     bool ShowCodeDetailsInExceptionMessages       = true                                   {manageable} {command line}
   size_t SoftMaxHeapSize                          = 4257218560                             {manageable} {ergonomic}
     intx TieredStopAtLevel                        = 1                                         {product} {command line}
     bool UseCompressedClassPointers               = true                           {product lp64_product} {ergonomic}
     bool UseCompressedOops                        = true                           {product lp64_product} {ergonomic}
     bool UseG1GC                                  = true                                      {product} {ergonomic}
     bool UseLargePagesIndividualAllocation        = false                                  {pd product} {ergonomic}

Logging:
Log output configuration:
 #0: stdout all=warning uptime,level,tags
 #1: stderr all=off uptime,level,tags

Environment Variables:
JAVA_HOME=C:\Program Files\Java\jdk-17.0.1
PATH=C:/Users/utente/Desktop/Uni/ST4/contents/sts-4.11.1.RELEASE//plugins/org.eclipse.justj.openjdk.hotspot.jre.full.win32.x86_64_16.0.2.v20210721-1149/jre/bin/server;C:/Users/utente/Desktop/Uni/ST4/contents/sts-4.11.1.RELEASE//plugins/org.eclipse.justj.openjdk.hotspot.jre.full.win32.x86_64_16.0.2.v20210721-1149/jre/bin;C:\Program Files (x86)\Common Files\Intel\Shared Libraries\redist\intel64\compiler;C:\Program Files (x86)\Common Files\Oracle\Java\javapath;C:\windows\system32;C:\windows;C:\windows\System32\Wbem;C:\windows\System32\WindowsPowerShell\v1.0\;C:\windows\System32\OpenSSH\;C:\Program Files (x86)\NVIDIA Corporation\PhysX\Common;C:\Program Files\NVIDIA Corporation\NVIDIA NvDLISR;C:\WINDOWS\system32;C:\WINDOWS;C:\WINDOWS\System32\Wbem;C:\WINDOWS\System32\WindowsPowerShell\v1.0\;C:\WINDOWS\System32\OpenSSH\;C:\Program Files (x86)\Objective Caml\bin;C:\WINDOWS\system32;C:\WINDOWS;C:\WINDOWS\System32\Wbem;C:\WINDOWS\System32\WindowsPowerShell\v1.0\;C:\WINDOWS\System32\OpenSSH\;C:\Program Files\Git\cmd;C:\apache-maven-3.8.3\bin;C:\apache-maven-3.8.3\bin;C:\db-derby-10.14.2.0-bin;C:\db-derby-10.14.2.0-bin;C:\Program Files\Git\bin;C:\Program Files\CMake\bin;C:\Users\utente\Documents\oRatio-3.0\oRatio-3.0\build\bin\Debug;C:\msys64\mingw64\bin;C:\Users\utente\AppData\Local\Microsoft\WindowsApps;C:\Users\utente\AppData\Local\GitHubDesktop\bin;C:\Users\utente\AppData\Local\Programs\Microsoft VS Code\bin;C:\Users\utente\Desktop\apache-maven-3.8.3;C:\Program Files\CMake\bin;C:\Users\utente\Documents\oRatio-3.0\oRatio-3.0\build\bin\Debug;C:\msys64\mingw64\bin;;C:\Users\utente\Desktop\Uni\ST4\contents\sts-4.11.1.RELEASE;
USERNAME=utente
OS=Windows_NT
PROCESSOR_IDENTIFIER=Intel64 Family 6 Model 158 Stepping 10, GenuineIntel



---------------  S Y S T E M  ---------------

OS:
 Windows 10 , 64 bit Build 22000 (10.0.22000.434)
OS uptime: 6 days 23:02 hours

CPU: total 12 (initial active 12) (6 cores per cpu, 2 threads per core) family 6 model 158 stepping 10 microcode 0xde, cx8, cmov, fxsr, ht, mmx, 3dnowpref, sse, sse2, sse3, ssse3, sse4.1, sse4.2, popcnt, lzcnt, tsc, tscinvbit, avx, avx2, aes, erms, clmul, bmi1, bmi2, adx, fma, vzeroupper, clflush, clflushopt

Memory: 4k page, system-wide physical 16233M (2230M free)
TotalPageFile size 65385M (AvailPageFile size 64M)
current process WorkingSet (physical memory assigned to process): 261M, peak: 319M
current process commit charge ("private bytes"): 301M, peak: 393M

vm_info: OpenJDK 64-Bit Server VM (16.0.2+7-67) for windows-amd64 JRE (16.0.2+7-67), built on Jun  8 2021 23:21:43 by "mach5one" with MS VC++ 16.7 (VS2019)

END.
