#
# There is insufficient memory for the Java Runtime Environment to continue.
# Native memory allocation (mmap) failed to map 39845888 bytes for G1 virtual space
# Possible reasons:
#   The system is out of physical RAM or swap space
#   The process is running with CompressedOops enabled, and the Java Heap may be blocking the growth of the native heap
# Possible solutions:
#   Reduce memory load on the system
#   Increase physical memory or swap space
#   Check if swap backing store is full
#   Decrease Java heap size (-Xmx/-Xms)
#   Decrease number of Java threads
#   Decrease Java thread stack sizes (-Xss)
#   Set larger code cache with -XX:ReservedCodeCacheSize=
#   JVM is running with Zero Based Compressed Oops mode in which the Java heap is
#     placed in the first 32GB address space. The Java Heap base address is the
#     maximum limit for the native heap growth. Please use -XX:HeapBaseMinAddress
#     to set the Java Heap base and to place the Java Heap above 32GB virtual address.
# This output file may be truncated or incomplete.
#
#  Out of Memory Error (os_windows.cpp:3466), pid=37160, tid=16700
#
# JRE version: OpenJDK Runtime Environment (16.0.2+7) (build 16.0.2+7-67)
# Java VM: OpenJDK 64-Bit Server VM (16.0.2+7-67, mixed mode, tiered, compressed oops, compressed class ptrs, g1 gc, windows-amd64)
# No core dump will be written. Minidumps are not enabled by default on client versions of Windows
#

---------------  S U M M A R Y ------------

Command Line: -Dcom.sun.management.jmxremote -Dcom.sun.management.jmxremote.port=63785 -Dcom.sun.management.jmxremote.authenticate=false -Dcom.sun.management.jmxremote.ssl=false -Djava.rmi.server.hostname=localhost -Dspring.jmx.enabled=true -Dspring.application.admin.enabled=true -Djava.library.path=C:\Users\utente\Desktop\Nuova cartella (4)\oRatio-3.0\build\bin\Release;C:\Users\utente\Desktop\Nuova cartella (6)\oRatio-3.0\build\bin\Release -XX:TieredStopAtLevel=1 -Dspring.boot.project.name=Wikitel-new -Dfile.encoding=UTF-8 -XX:+ShowCodeDetailsInExceptionMessages it.cnr.istc.psts.WikitelNewApplication --spring.output.ansi.enabled=always

Host: Intel(R) Core(TM) i7-9750H CPU @ 2.60GHz, 12 cores, 15G,  Windows 10 , 64 bit Build 22000 (10.0.22000.434)
Time: Thu Jan 20 22:55:10 2022 ora solare Europa occidentale elapsed time: 19.958945 seconds (0d 0h 0m 19s)

---------------  T H R E A D  ---------------

Current thread (0x00000228258de2f0):  VMThread "VM Thread" [stack: 0x0000005982800000,0x0000005982900000] [id=16700]

Stack: [0x0000005982800000,0x0000005982900000]
Native frames: (J=compiled Java code, j=interpreted, Vv=VM code, C=native code)
V  [jvm.dll+0x6681ca]
V  [jvm.dll+0x7c9e69]
V  [jvm.dll+0x7cb61e]
V  [jvm.dll+0x7cbc73]
V  [jvm.dll+0x242c55]
V  [jvm.dll+0x664f89]
V  [jvm.dll+0x659b75]
V  [jvm.dll+0x2fbfbb]
V  [jvm.dll+0x3031b6]
V  [jvm.dll+0x35299e]
V  [jvm.dll+0x352bcf]
V  [jvm.dll+0x2d3028]
V  [jvm.dll+0x2d0bb5]
V  [jvm.dll+0x2d01ec]
V  [jvm.dll+0x3152d2]
V  [jvm.dll+0x7d00ab]
V  [jvm.dll+0x7d0da4]
V  [jvm.dll+0x7d12a9]
V  [jvm.dll+0x7d1564]
V  [jvm.dll+0x7d1630]
V  [jvm.dll+0x7795aa]
V  [jvm.dll+0x667066]
C  [ucrtbase.dll+0x26c0c]
C  [KERNEL32.DLL+0x154e0]
C  [ntdll.dll+0x485b]

VM_Operation (0x00000059842fd5a0): G1CollectForAllocation, mode: safepoint, requested by thread 0x0000022827e63c80


---------------  P R O C E S S  ---------------

Threads class SMR info:
_java_thread_list=0x000002282b076c60, length=27, elements={
0x000002282644f020, 0x000002282644f930, 0x000002282643b1c0, 0x000002282643bad0,
0x000002282647a3f0, 0x0000022826486210, 0x0000022826486b20, 0x0000022826488480,
0x0000022826548020, 0x000002282663bcc0, 0x0000022826c60280, 0x0000022826c63210,
0x0000022826c57450, 0x0000022827e3d380, 0x0000022827e53380, 0x0000022827e56120,
0x0000022827e64720, 0x0000022827e631e0, 0x0000022827e61750, 0x0000022827e621f0,
0x0000022827e63730, 0x0000022827e641d0, 0x0000022827e61200, 0x0000022827e61ca0,
0x0000022827e62740, 0x0000022827e62c90, 0x0000022827e63c80
}

Java Threads: ( => current thread )
  0x000002282644f020 JavaThread "Reference Handler" daemon [_thread_blocked, id=20344, stack(0x0000005982900000,0x0000005982a00000)]
  0x000002282644f930 JavaThread "Finalizer" daemon [_thread_blocked, id=37548, stack(0x0000005982a00000,0x0000005982b00000)]
  0x000002282643b1c0 JavaThread "Signal Dispatcher" daemon [_thread_blocked, id=11448, stack(0x0000005982b00000,0x0000005982c00000)]
  0x000002282643bad0 JavaThread "Attach Listener" daemon [_thread_blocked, id=33864, stack(0x0000005982c00000,0x0000005982d00000)]
  0x000002282647a3f0 JavaThread "Service Thread" daemon [_thread_blocked, id=13136, stack(0x0000005982d00000,0x0000005982e00000)]
  0x0000022826486210 JavaThread "Monitor Deflation Thread" daemon [_thread_blocked, id=37828, stack(0x0000005982e00000,0x0000005982f00000)]
  0x0000022826486b20 JavaThread "C1 CompilerThread0" daemon [_thread_blocked, id=22000, stack(0x0000005982f00000,0x0000005983000000)]
  0x0000022826488480 JavaThread "Sweeper thread" daemon [_thread_blocked, id=18756, stack(0x0000005983000000,0x0000005983100000)]
  0x0000022826548020 JavaThread "Common-Cleaner" daemon [_thread_blocked, id=27960, stack(0x0000005983100000,0x0000005983200000)]
  0x000002282663bcc0 JavaThread "Notification Thread" daemon [_thread_blocked, id=38232, stack(0x0000005983200000,0x0000005983300000)]
  0x0000022826c60280 JavaThread "RMI TCP Accept-0" daemon [_thread_in_native, id=36752, stack(0x0000005983300000,0x0000005983400000)]
  0x0000022826c63210 JavaThread "RMI TCP Accept-63785" daemon [_thread_in_native, id=27700, stack(0x0000005983400000,0x0000005983500000)]
  0x0000022826c57450 JavaThread "RMI TCP Accept-0" daemon [_thread_in_native, id=2512, stack(0x0000005983500000,0x0000005983600000)]
  0x0000022827e3d380 JavaThread "RMI TCP Connection(1)-127.0.0.1" daemon [_thread_in_native, id=22100, stack(0x0000005984600000,0x0000005984700000)]
  0x0000022827e53380 JavaThread "RMI Scheduler(0)" daemon [_thread_blocked, id=29816, stack(0x0000005984700000,0x0000005984800000)]
  0x0000022827e56120 JavaThread "RMI TCP Connection(2)-127.0.0.1" daemon [_thread_in_native, id=9832, stack(0x0000005984800000,0x0000005984900000)]
  0x0000022827e64720 JavaThread "JMX server connection timeout 25" daemon [_thread_blocked, id=34184, stack(0x0000005984900000,0x0000005984a00000)]
  0x0000022827e631e0 JavaThread "HikariPool-1 housekeeper" daemon [_thread_blocked, id=2232, stack(0x0000005984b00000,0x0000005984c00000)]
  0x0000022827e61750 JavaThread "Catalina-utility-1" [_thread_blocked, id=11404, stack(0x0000005984c00000,0x0000005984d00000)]
  0x0000022827e621f0 JavaThread "Catalina-utility-2" [_thread_blocked, id=15816, stack(0x0000005984d00000,0x0000005984e00000)]
  0x0000022827e63730 JavaThread "container-0" [_thread_blocked, id=10004, stack(0x0000005984e00000,0x0000005984f00000)]
  0x0000022827e641d0 JavaThread "File Watcher" daemon [_thread_blocked, id=10084, stack(0x0000005985000000,0x0000005985100000)]
  0x0000022827e61200 JavaThread "Live Reload Server" daemon [_thread_in_native, id=39300, stack(0x0000005985200000,0x0000005985300000)]
  0x0000022827e61ca0 JavaThread "http-nio-7000-Poller" daemon [_thread_in_native, id=17288, stack(0x0000005985100000,0x0000005985200000)]
  0x0000022827e62740 JavaThread "http-nio-7000-Acceptor" daemon [_thread_in_native, id=26188, stack(0x0000005985300000,0x0000005985400000)]
  0x0000022827e62c90 JavaThread "DestroyJavaVM" [_thread_blocked, id=23496, stack(0x0000005982200000,0x0000005982300000)]
  0x0000022827e63c80 JavaThread "http-nio-7000-exec-1" daemon [_thread_blocked, id=22008, stack(0x0000005984200000,0x0000005984300000)]

Other Threads:
=>0x00000228258de2f0 VMThread "VM Thread" [stack: 0x0000005982800000,0x0000005982900000] [id=16700]
  0x0000022806ad8cb0 WatcherThread [stack: 0x0000005983600000,0x0000005983700000] [id=1028]
  0x0000022806b27550 GCTaskThread "GC Thread#0" [stack: 0x0000005982300000,0x0000005982400000] [id=3112]
  0x0000022826dba090 GCTaskThread "GC Thread#1" [stack: 0x0000005983700000,0x0000005983800000] [id=28040]
  0x0000022826e68a10 GCTaskThread "GC Thread#2" [stack: 0x0000005983800000,0x0000005983900000] [id=21968]
  0x0000022826dee510 GCTaskThread "GC Thread#3" [stack: 0x0000005983900000,0x0000005983a00000] [id=20856]
  0x0000022826ccdfb0 GCTaskThread "GC Thread#4" [stack: 0x0000005983a00000,0x0000005983b00000] [id=4648]
  0x0000022826cce2c0 GCTaskThread "GC Thread#5" [stack: 0x0000005983b00000,0x0000005983c00000] [id=39712]
  0x0000022826d52eb0 GCTaskThread "GC Thread#6" [stack: 0x0000005983c00000,0x0000005983d00000] [id=23956]
  0x0000022826d531c0 GCTaskThread "GC Thread#7" [stack: 0x0000005983d00000,0x0000005983e00000] [id=9004]
  0x0000022827b79d90 GCTaskThread "GC Thread#8" [stack: 0x0000005983e00000,0x0000005983f00000] [id=21296]
  0x0000022827d349b0 GCTaskThread "GC Thread#9" [stack: 0x0000005984100000,0x0000005984200000] [id=15456]
  0x0000022806b381f0 ConcurrentGCThread "G1 Main Marker" [stack: 0x0000005982400000,0x0000005982500000] [id=38096]
  0x0000022806b3b380 ConcurrentGCThread "G1 Conc#0" [stack: 0x0000005982500000,0x0000005982600000] [id=1244]
  0x0000022827ddfe50 ConcurrentGCThread "G1 Conc#1" [stack: 0x0000005984400000,0x0000005984500000] [id=25744]
  0x0000022827dee800 ConcurrentGCThread "G1 Conc#2" [stack: 0x0000005984500000,0x0000005984600000] [id=35508]
  0x00000228257630e0 ConcurrentGCThread "G1 Refine#0" [stack: 0x0000005982600000,0x0000005982700000] [id=26292]
  0x0000022826d538c0 ConcurrentGCThread "G1 Refine#1" [stack: 0x0000005983f00000,0x0000005984000000] [id=20252]
  0x0000022827b4ba50 ConcurrentGCThread "G1 Refine#2" [stack: 0x0000005984000000,0x0000005984100000] [id=1076]
  0x0000022825763a20 ConcurrentGCThread "G1 Service" [stack: 0x0000005982700000,0x0000005982800000] [id=36208]

Threads with active compile tasks:

VM state: at safepoint (normal execution)

VM Mutex/Monitor currently owned by a thread:  ([mutex/lock_event])
[0x0000022806ad3d30] Threads_lock - owner thread: 0x00000228258de2f0
[0x0000022806ad46c0] Heap_lock - owner thread: 0x0000022827e63c80

Heap address: 0x0000000702400000, size: 4060 MB, Compressed Oops mode: Zero based, Oop shift amount: 3

CDS disabled.
Compressed class space mapped at: 0x0000000800000000-0x0000000840000000, reserved size: 1073741824
Narrow klass base: 0x0000000800000000, Narrow klass shift: 0, Narrow klass range: 0x40000000

GC Precious Log:
 CPUs: 12 total, 12 available
 Memory: 16233M
 Large Page Support: Disabled
 NUMA Support: Disabled
 Compressed Oops: Enabled (Zero based)
 Heap Region Size: 2M
 Heap Min Capacity: 8M
 Heap Initial Capacity: 254M
 Heap Max Capacity: 4060M
 Pre-touch: Disabled
 Parallel Workers: 10
 Concurrent Workers: 3
 Concurrent Refinement Workers: 10
 Periodic GC: Disabled

Heap:
 garbage-first heap   total 83968K, used 28348K [0x0000000702400000, 0x0000000800000000)
  region size 2048K, 2 young (4096K), 2 survivors (4096K)
 Metaspace       used 63670K, committed 64128K, reserved 1105920K
  class space    used 8549K, committed 8768K, reserved 1048576K

Heap Regions: E=young(eden), S=young(survivor), O=old, HS=humongous(starts), HC=humongous(continues), CS=collection set, F=free, OA=open archive, CA=closed archive, TAMS=top-at-mark-start (previous, next)
|   0|0x0000000702400000, 0x0000000702600000, 0x0000000702600000|100%| O|  |TAMS 0x0000000702600000, 0x0000000702400000| Untracked 
|   1|0x0000000702600000, 0x0000000702800000, 0x0000000702800000|100%| O|  |TAMS 0x0000000702800000, 0x0000000702600000| Untracked 
|   2|0x0000000702800000, 0x0000000702a00000, 0x0000000702a00000|100%| O|  |TAMS 0x0000000702a00000, 0x0000000702800000| Untracked 
|   3|0x0000000702a00000, 0x0000000702afac00, 0x0000000702c00000| 48%| O|  |TAMS 0x0000000702afac00, 0x0000000702a00000| Untracked 
|   4|0x0000000702c00000, 0x0000000702e00000, 0x0000000702e00000|100%| O|  |TAMS 0x0000000702e00000, 0x0000000702c00000| Untracked 
|   5|0x0000000702e00000, 0x0000000702f74a00, 0x0000000703000000| 72%| O|  |TAMS 0x0000000702f74a00, 0x0000000702e00000| Untracked 
|   6|0x0000000703000000, 0x0000000703200000, 0x0000000703200000|100%| O|  |TAMS 0x0000000703200000, 0x0000000703000000| Untracked 
|   7|0x0000000703200000, 0x0000000703400000, 0x0000000703400000|100%| O|  |TAMS 0x0000000703400000, 0x0000000703200000| Untracked 
|   8|0x0000000703400000, 0x0000000703600000, 0x0000000703600000|100%| O|  |TAMS 0x0000000703600000, 0x0000000703400000| Untracked 
|   9|0x0000000703600000, 0x0000000703800000, 0x0000000703800000|100%| O|  |TAMS 0x0000000703800000, 0x0000000703600000| Untracked 
|  10|0x0000000703800000, 0x0000000703a00000, 0x0000000703a00000|100%| O|  |TAMS 0x00000007038f3200, 0x0000000703800000| Untracked 
|  11|0x0000000703a00000, 0x0000000703c00000, 0x0000000703c00000|100%| O|  |TAMS 0x0000000703a00000, 0x0000000703a00000| Untracked 
|  12|0x0000000703c00000, 0x0000000703dd8200, 0x0000000703e00000| 92%| O|  |TAMS 0x0000000703c00000, 0x0000000703c00000| Untracked 
|  13|0x0000000703e00000, 0x0000000703e00000, 0x0000000704000000|  0%| F|  |TAMS 0x0000000703e00000, 0x0000000703e00000| Untracked 
|  14|0x0000000704000000, 0x0000000704000000, 0x0000000704200000|  0%| F|  |TAMS 0x0000000704000000, 0x0000000704000000| Untracked 
|  15|0x0000000704200000, 0x0000000704200000, 0x0000000704400000|  0%| F|  |TAMS 0x0000000704200000, 0x0000000704200000| Untracked 
|  16|0x0000000704400000, 0x0000000704400000, 0x0000000704600000|  0%| F|  |TAMS 0x0000000704400000, 0x0000000704400000| Untracked 
|  17|0x0000000704600000, 0x0000000704600000, 0x0000000704800000|  0%| F|  |TAMS 0x0000000704600000, 0x0000000704600000| Untracked 
|  18|0x0000000704800000, 0x0000000704800000, 0x0000000704a00000|  0%| F|  |TAMS 0x0000000704800000, 0x0000000704800000| Untracked 
|  19|0x0000000704a00000, 0x0000000704a00000, 0x0000000704c00000|  0%| F|  |TAMS 0x0000000704a00000, 0x0000000704a00000| Untracked 
|  20|0x0000000704c00000, 0x0000000704d67b90, 0x0000000704e00000| 70%| S|CS|TAMS 0x0000000704c00000, 0x0000000704c00000| Complete 
|  21|0x0000000704e00000, 0x0000000705000000, 0x0000000705000000|100%| S|CS|TAMS 0x0000000704e00000, 0x0000000704e00000| Complete 
|  22|0x0000000705000000, 0x0000000705000000, 0x0000000705200000|  0%| F|  |TAMS 0x0000000705000000, 0x0000000705000000| Untracked 
|  23|0x0000000705200000, 0x0000000705200000, 0x0000000705400000|  0%| F|  |TAMS 0x0000000705200000, 0x0000000705200000| Untracked 
|  24|0x0000000705400000, 0x0000000705400000, 0x0000000705600000|  0%| F|  |TAMS 0x0000000705400000, 0x0000000705400000| Untracked 
|  25|0x0000000705600000, 0x0000000705600000, 0x0000000705800000|  0%| F|  |TAMS 0x0000000705600000, 0x0000000705600000| Untracked 
|  26|0x0000000705800000, 0x0000000705800000, 0x0000000705a00000|  0%| F|  |TAMS 0x0000000705800000, 0x0000000705800000| Untracked 
|  27|0x0000000705a00000, 0x0000000705a00000, 0x0000000705c00000|  0%| F|  |TAMS 0x0000000705a00000, 0x0000000705a00000| Untracked 
|  28|0x0000000705c00000, 0x0000000705c00000, 0x0000000705e00000|  0%| F|  |TAMS 0x0000000705c00000, 0x0000000705c00000| Untracked 
|  29|0x0000000705e00000, 0x0000000705e00000, 0x0000000706000000|  0%| F|  |TAMS 0x0000000705e00000, 0x0000000705e00000| Untracked 
|  30|0x0000000706000000, 0x0000000706000000, 0x0000000706200000|  0%| F|  |TAMS 0x0000000706000000, 0x0000000706000000| Untracked 
|  31|0x0000000706200000, 0x0000000706200000, 0x0000000706400000|  0%| F|  |TAMS 0x0000000706200000, 0x0000000706200000| Untracked 
|  32|0x0000000706400000, 0x0000000706400000, 0x0000000706600000|  0%| F|  |TAMS 0x0000000706400000, 0x0000000706400000| Untracked 
|  33|0x0000000706600000, 0x0000000706600000, 0x0000000706800000|  0%| F|  |TAMS 0x0000000706600000, 0x0000000706600000| Untracked 
|  34|0x0000000706800000, 0x0000000706800000, 0x0000000706a00000|  0%| F|  |TAMS 0x0000000706800000, 0x0000000706800000| Untracked 
|  35|0x0000000706a00000, 0x0000000706a00000, 0x0000000706c00000|  0%| F|  |TAMS 0x0000000706a00000, 0x0000000706a00000| Untracked 
|  55|0x0000000709200000, 0x0000000709200000, 0x0000000709400000|  0%| F|  |TAMS 0x0000000709200000, 0x0000000709200000| Untracked 
|  56|0x0000000709400000, 0x0000000709400000, 0x0000000709600000|  0%| F|  |TAMS 0x0000000709400000, 0x0000000709400000| Untracked 
|  57|0x0000000709600000, 0x0000000709600000, 0x0000000709800000|  0%| F|  |TAMS 0x0000000709600000, 0x0000000709600000| Untracked 
|  58|0x0000000709800000, 0x0000000709800000, 0x0000000709a00000|  0%| F|  |TAMS 0x0000000709800000, 0x0000000709800000| Untracked 
| 126|0x0000000712000000, 0x0000000712000000, 0x0000000712200000|  0%| F|  |TAMS 0x0000000712000000, 0x0000000712000000| Untracked 

Card table byte_map: [0x0000022819d80000,0x000002281a570000] _byte_map_base: 0x000002281656e000

Marking Bits (Prev, Next): (CMBitMap*) 0x0000022806b27aa0, (CMBitMap*) 0x0000022806b27a60
 Prev Bits: [0x000002281ecd0000, 0x0000022822c40000)
 Next Bits: [0x000002281ad60000, 0x000002281ecd0000)

Polling page: 0x00000228062a0000

Metaspace:

Usage:
  Non-class:     53.83 MB used.
      Class:      8.35 MB used.
       Both:     62.18 MB used.

Virtual space:
  Non-class space:       56.00 MB reserved,      54.06 MB ( 97%) committed,  7 nodes.
      Class space:        1.00 GB reserved,       8.56 MB ( <1%) committed,  1 nodes.
              Both:        1.05 GB reserved,      62.62 MB (  6%) committed. 

Chunk freelists:
   Non-Class:  1.73 MB
       Class:  3.45 MB
        Both:  5.19 MB

MaxMetaspaceSize: 17179869184.00 GB
CompressedClassSpaceSize: 1.00 GB
 - commit_granule_bytes: 65536.
 - commit_granule_words: 8192.
 - virtual_space_node_default_size: 1048576.
 - enlarge_chunks_in_place: 1.
 - new_chunks_are_fully_committed: 0.
 - uncommit_free_chunks: 1.
 - use_allocation_guard: 0.
 - handle_deallocations: 1.


Internal statistics:

num_allocs_failed_limit: 9.
num_arena_births: 618.
num_arena_deaths: 0.
num_vsnodes_births: 8.
num_vsnodes_deaths: 0.
num_space_committed: 1002.
num_space_uncommitted: 0.
num_chunks_returned_to_freelist: 9.
num_chunks_taken_from_freelist: 2654.
num_chunk_merges: 9.
num_chunk_splits: 1860.
num_chunks_enlarged: 1397.
num_purges: 0.

CodeHeap 'non-profiled nmethods': size=238336Kb used=9214Kb max_used=9214Kb free=229121Kb
 bounds [0x000002280a780000, 0x000002280b080000, 0x0000022819040000]
CodeHeap 'non-nmethods': size=7424Kb used=1281Kb max_used=1281Kb free=6142Kb
 bounds [0x000002280a040000, 0x000002280a2b0000, 0x000002280a780000]
 total_blobs=6471 nmethods=5871 adapters=526
 compilation: enabled
              stopped_count=0, restarted_count=0
 full_count=0

Compilation events (20 events):
Event: 11.285 Thread 0x0000022826486b20 5860       1       org.springframework.boot.devtools.filewatch.FileSnapshot::hashCode (49 bytes)
Event: 11.286 Thread 0x0000022826486b20 nmethod 5860 0x000002280b07b190 code [0x000002280b07b340, 0x000002280b07b4d8]
Event: 11.692 Thread 0x0000022826486b20 5862       1       java.lang.reflect.Field::setFieldAccessor (34 bytes)
Event: 11.693 Thread 0x0000022826486b20 nmethod 5862 0x000002280b07b610 code [0x000002280b07b7c0, 0x000002280b07ba88]
Event: 11.693 Thread 0x0000022826486b20 5861       1       java.lang.reflect.Field::getRoot (5 bytes)
Event: 11.693 Thread 0x0000022826486b20 nmethod 5861 0x000002280b07bb90 code [0x000002280b07bd20, 0x000002280b07bdf8]
Event: 12.303 Thread 0x0000022826486b20 5863       1       org.springframework.boot.devtools.filewatch.FileSnapshot::equals (110 bytes)
Event: 12.303 Thread 0x0000022826486b20 nmethod 5863 0x000002280b07be90 code [0x000002280b07c060, 0x000002280b07c408]
Event: 12.905 Thread 0x0000022826486b20 5864       1       java.io.File::length (33 bytes)
Event: 12.905 Thread 0x0000022826486b20 nmethod 5864 0x000002280b07c990 code [0x000002280b07cb60, 0x000002280b07cd08]
Event: 12.911 Thread 0x0000022826486b20 5866       1       org.springframework.boot.devtools.filewatch.FileSnapshot::<init> (64 bytes)
Event: 12.912 Thread 0x0000022826486b20 nmethod 5866 0x000002280b07d210 code [0x000002280b07d4a0, 0x000002280b07db88]
Event: 12.912 Thread 0x0000022826486b20 5867       1       java.io.File::lastModified (33 bytes)
Event: 12.912 Thread 0x0000022826486b20 nmethod 5867 0x000002280b07de90 code [0x000002280b07e060, 0x000002280b07e208]
Event: 17.715 Thread 0x0000022826486b20 5869       1       java.util.EventObject::<init> (24 bytes)
Event: 17.715 Thread 0x0000022826486b20 nmethod 5869 0x000002280b07e310 code [0x000002280b07e4c0, 0x000002280b07e6a8]
Event: 17.995 Thread 0x0000022826486b20 5870       1       java.io.File::listFiles (52 bytes)
Event: 17.995 Thread 0x0000022826486b20 nmethod 5870 0x000002280b07e790 code [0x000002280b07e960, 0x000002280b07ed18]
Event: 19.013 Thread 0x0000022826486b20 5871       1       java.io.File::normalizedList (86 bytes)
Event: 19.014 Thread 0x0000022826486b20 nmethod 5871 0x000002280b07f410 code [0x000002280b07f600, 0x000002280b07f9f8]

GC Heap History (20 events):
Event: 6.438 GC heap after
{Heap after GC invocations=5 (full 0):
 garbage-first heap   total 45056K, used 10782K [0x0000000702400000, 0x0000000800000000)
  region size 2048K, 2 young (4096K), 2 survivors (4096K)
 Metaspace       used 26526K, committed 26880K, reserved 1073152K
  class space    used 3114K, committed 3264K, reserved 1048576K
}
Event: 6.459 GC heap before
{Heap before GC invocations=5 (full 0):
 garbage-first heap   total 45056K, used 25118K [0x0000000702400000, 0x0000000800000000)
  region size 2048K, 10 young (20480K), 2 survivors (4096K)
 Metaspace       used 26664K, committed 27008K, reserved 1073152K
  class space    used 3136K, committed 3264K, reserved 1048576K
}
Event: 6.461 GC heap after
{Heap after GC invocations=6 (full 0):
 garbage-first heap   total 45056K, used 11234K [0x0000000702400000, 0x0000000800000000)
  region size 2048K, 2 young (4096K), 2 survivors (4096K)
 Metaspace       used 26664K, committed 27008K, reserved 1073152K
  class space    used 3136K, committed 3264K, reserved 1048576K
}
Event: 6.463 GC heap before
{Heap before GC invocations=6 (full 0):
 garbage-first heap   total 45056K, used 25570K [0x0000000702400000, 0x0000000800000000)
  region size 2048K, 10 young (20480K), 2 survivors (4096K)
 Metaspace       used 26664K, committed 27008K, reserved 1073152K
  class space    used 3136K, committed 3264K, reserved 1048576K
}
Event: 6.465 GC heap after
{Heap after GC invocations=7 (full 0):
 garbage-first heap   total 153600K, used 11434K [0x0000000702400000, 0x0000000800000000)
  region size 2048K, 1 young (2048K), 1 survivors (2048K)
 Metaspace       used 26664K, committed 27008K, reserved 1073152K
  class space    used 3136K, committed 3264K, reserved 1048576K
}
Event: 7.333 GC heap before
{Heap before GC invocations=7 (full 0):
 garbage-first heap   total 153600K, used 99498K [0x0000000702400000, 0x0000000800000000)
  region size 2048K, 45 young (92160K), 1 survivors (2048K)
 Metaspace       used 35168K, committed 35584K, reserved 1081344K
  class space    used 4388K, committed 4608K, reserved 1048576K
}
Event: 7.337 GC heap after
{Heap after GC invocations=8 (full 0):
 garbage-first heap   total 153600K, used 16636K [0x0000000702400000, 0x0000000800000000)
  region size 2048K, 3 young (6144K), 3 survivors (6144K)
 Metaspace       used 35168K, committed 35584K, reserved 1081344K
  class space    used 4388K, committed 4608K, reserved 1048576K
}
Event: 7.358 GC heap before
{Heap before GC invocations=8 (full 0):
 garbage-first heap   total 153600K, used 45308K [0x0000000702400000, 0x0000000800000000)
  region size 2048K, 19 young (38912K), 3 survivors (6144K)
 Metaspace       used 35288K, committed 35648K, reserved 1081344K
  class space    used 4400K, committed 4608K, reserved 1048576K
}
Event: 7.362 GC heap after
{Heap after GC invocations=9 (full 0):
 garbage-first heap   total 153600K, used 16978K [0x0000000702400000, 0x0000000800000000)
  region size 2048K, 4 young (8192K), 4 survivors (8192K)
 Metaspace       used 35288K, committed 35648K, reserved 1081344K
  class space    used 4400K, committed 4608K, reserved 1048576K
}
Event: 7.638 GC heap before
{Heap before GC invocations=10 (full 0):
 garbage-first heap   total 75776K, used 70226K [0x0000000702400000, 0x0000000800000000)
  region size 2048K, 31 young (63488K), 4 survivors (8192K)
 Metaspace       used 37794K, committed 38208K, reserved 1089536K
  class space    used 4708K, committed 4928K, reserved 1048576K
}
Event: 7.643 GC heap after
{Heap after GC invocations=11 (full 0):
 garbage-first heap   total 83968K, used 17624K [0x0000000702400000, 0x0000000800000000)
  region size 2048K, 4 young (8192K), 4 survivors (8192K)
 Metaspace       used 37794K, committed 38208K, reserved 1089536K
  class space    used 4708K, committed 4928K, reserved 1048576K
}
Event: 8.320 GC heap before
{Heap before GC invocations=11 (full 0):
 garbage-first heap   total 83968K, used 58584K [0x0000000702400000, 0x0000000800000000)
  region size 2048K, 24 young (49152K), 4 survivors (8192K)
 Metaspace       used 46739K, committed 47104K, reserved 1097728K
  class space    used 6065K, committed 6208K, reserved 1048576K
}
Event: 8.325 GC heap after
{Heap after GC invocations=12 (full 0):
 garbage-first heap   total 83968K, used 20063K [0x0000000702400000, 0x0000000800000000)
  region size 2048K, 2 young (4096K), 2 survivors (4096K)
 Metaspace       used 46739K, committed 47104K, reserved 1097728K
  class space    used 6065K, committed 6208K, reserved 1048576K
}
Event: 9.388 GC heap before
{Heap before GC invocations=12 (full 0):
 garbage-first heap   total 83968K, used 63071K [0x0000000702400000, 0x0000000800000000)
  region size 2048K, 23 young (47104K), 2 survivors (4096K)
 Metaspace       used 53833K, committed 54272K, reserved 1097728K
  class space    used 7149K, committed 7360K, reserved 1048576K
}
Event: 9.391 GC heap after
{Heap after GC invocations=13 (full 0):
 garbage-first heap   total 83968K, used 21801K [0x0000000702400000, 0x0000000800000000)
  region size 2048K, 3 young (6144K), 3 survivors (6144K)
 Metaspace       used 53833K, committed 54272K, reserved 1097728K
  class space    used 7149K, committed 7360K, reserved 1048576K
}
Event: 9.875 GC heap before
{Heap before GC invocations=13 (full 0):
 garbage-first heap   total 83968K, used 60713K [0x0000000702400000, 0x0000000800000000)
  region size 2048K, 22 young (45056K), 3 survivors (6144K)
 Metaspace       used 58338K, committed 58816K, reserved 1105920K
  class space    used 7771K, committed 8000K, reserved 1048576K
}
Event: 9.879 GC heap after
{Heap after GC invocations=14 (full 0):
 garbage-first heap   total 83968K, used 25014K [0x0000000702400000, 0x0000000800000000)
  region size 2048K, 3 young (6144K), 3 survivors (6144K)
 Metaspace       used 58338K, committed 58816K, reserved 1105920K
  class space    used 7771K, committed 8000K, reserved 1048576K
}
Event: 9.926 GC heap before
{Heap before GC invocations=14 (full 0):
 garbage-first heap   total 83968K, used 29110K [0x0000000702400000, 0x0000000800000000)
  region size 2048K, 6 young (12288K), 3 survivors (6144K)
 Metaspace       used 59198K, committed 59648K, reserved 1105920K
  class space    used 7881K, committed 8128K, reserved 1048576K
}
Event: 9.929 GC heap after
{Heap after GC invocations=15 (full 0):
 garbage-first heap   total 83968K, used 25777K [0x0000000702400000, 0x0000000800000000)
  region size 2048K, 1 young (2048K), 1 survivors (2048K)
 Metaspace       used 59198K, committed 59648K, reserved 1105920K
  class space    used 7881K, committed 8128K, reserved 1048576K
}
Event: 19.944 GC heap before
{Heap before GC invocations=16 (full 0):
 garbage-first heap   total 83968K, used 62641K [0x0000000702400000, 0x0000000800000000)
  region size 2048K, 19 young (38912K), 1 survivors (2048K)
 Metaspace       used 63670K, committed 64128K, reserved 1105920K
  class space    used 8549K, committed 8768K, reserved 1048576K
}

Deoptimization events (8 events):
Event: 6.840 Thread 0x0000022827d241b0 DEOPT PACKING pc=0x000002280aa88e74 sp=0x00000059843fd1b0
Event: 6.840 Thread 0x0000022827d241b0 DEOPT UNPACKING pc=0x000002280a08dece sp=0x00000059843fc708 mode 0
Event: 7.669 Thread 0x0000022827e631e0 DEOPT PACKING pc=0x000002280a9ee89f sp=0x0000005984bfec50
Event: 7.669 Thread 0x0000022827e631e0 DEOPT UNPACKING pc=0x000002280a08dece sp=0x0000005984bfe0a8 mode 3
Event: 10.049 Thread 0x0000022827d241b0 DEOPT PACKING pc=0x000002280aab8572 sp=0x00000059843f9c30
Event: 10.049 Thread 0x0000022827d241b0 DEOPT UNPACKING pc=0x000002280a08dece sp=0x00000059843f9138 mode 3
Event: 10.050 Thread 0x0000022827d241b0 DEOPT PACKING pc=0x000002280aa59ee5 sp=0x00000059843f9bf0
Event: 10.050 Thread 0x0000022827d241b0 DEOPT UNPACKING pc=0x000002280a08dece sp=0x00000059843f9138 mode 3

Classes unloaded (0 events):
No events

Classes redefined (0 events):
No events

Internal exceptions (20 events):
Event: 9.870 Thread 0x0000022827d241b0 Exception <a 'java/lang/ClassNotFoundException'{0x0000000705197618}: org/springframework/security/config/annotation/web/configuration/WebSecurityConfigurationCustomizer> (0x0000000705197618) 
thrown [t:\workspace\open\src\hotspot\share\classfile\systemDictionary.cpp, line 256]
Event: 9.871 Thread 0x0000022827d241b0 Exception <a 'java/lang/ClassNotFoundException'{0x00000007051a7408}: org/springframework/context/annotation/ImportAwareCustomizer> (0x00000007051a7408) 
thrown [t:\workspace\open\src\hotspot\share\classfile\systemDictionary.cpp, line 256]
Event: 9.871 Thread 0x0000022827d241b0 Exception <a 'java/lang/ClassNotFoundException'{0x00000007051ad250}: org/springframework/beans/factory/AwareCustomizer> (0x00000007051ad250) 
thrown [t:\workspace\open\src\hotspot\share\classfile\systemDictionary.cpp, line 256]
Event: 9.871 Thread 0x0000022827d241b0 Exception <a 'java/lang/ClassNotFoundException'{0x00000007051b25b0}: org/springframework/beans/factory/BeanClassLoaderAwareCustomizer> (0x00000007051b25b0) 
thrown [t:\workspace\open\src\hotspot\share\classfile\systemDictionary.cpp, line 256]
Event: 9.872 Thread 0x0000022827d241b0 Exception <a 'java/lang/ClassNotFoundException'{0x00000007051b8408}: org/springframework/beans/factory/AwareCustomizer> (0x00000007051b8408) 
thrown [t:\workspace\open\src\hotspot\share\classfile\systemDictionary.cpp, line 256]
Event: 9.992 Thread 0x0000022827d241b0 Exception <a 'java/lang/ClassNotFoundException'{0x000000070966d5b8}: java/lang/ObjectCustomizer> (0x000000070966d5b8) 
thrown [t:\workspace\open\src\hotspot\share\classfile\systemDictionary.cpp, line 256]
Event: 9.992 Thread 0x0000022827d241b0 Exception <a 'java/lang/ClassNotFoundException'{0x0000000709676830}: org/springframework/security/config/annotation/web/configuration/HttpSecurityConfigurationCustomizer> (0x0000000709676830) 
thrown [t:\workspace\open\src\hotspot\share\classfile\systemDictionary.cpp, line 256]
Event: 10.067 Thread 0x0000022827d241b0 Exception <a 'java/lang/NoSuchMethodError'{0x0000000706933138}: 'void java.lang.invoke.DirectMethodHandle$Holder.invokeVirtual(java.lang.Object, java.lang.Object, int)'> (0x0000000706933138) 
thrown [t:\workspace\open\src\hotspot\share\interpreter\linkResolver.cpp, line 790]
Event: 10.068 Thread 0x0000022827d241b0 Exception <a 'java/lang/NoSuchMethodError'{0x000000070694e4a0}: 'void java.lang.invoke.DirectMethodHandle$Holder.invokeVirtual(java.lang.Object, java.lang.Object, long)'> (0x000000070694e4a0) 
thrown [t:\workspace\open\src\hotspot\share\interpreter\linkResolver.cpp, line 790]
Event: 10.147 Thread 0x0000022827d241b0 Exception <a 'java/lang/IncompatibleClassChangeError'{0x0000000706331378}: Found class java.lang.Object, but interface was expected> (0x0000000706331378) 
thrown [t:\workspace\open\src\hotspot\share\interpreter\linkResolver.cpp, line 857]
Event: 10.171 Thread 0x0000022827d241b0 Exception <a 'java/lang/NoSuchMethodError'{0x00000007060bff90}: 'int java.lang.invoke.DirectMethodHandle$Holder.invokeStaticInit(java.lang.Object, java.lang.Object, java.lang.Object, java.lang.Object)'> (0x00000007060bff90) 
thrown [t:\workspace\open\src\hotspot\share\interpreter\linkResolver.cpp, line 790]
Event: 10.281 Thread 0x0000022827d241b0 Exception <a 'java/lang/NoSuchMethodError'{0x00000007056b8678}: 'java.lang.Object java.lang.invoke.DirectMethodHandle$Holder.invokeSpecial(java.lang.Object, java.lang.Object, int, java.lang.Object, int, java.lang.Object)'> (0x00000007056b8678) 
thrown [t:\workspace\open\src\hotspot\share\interpreter\linkResolver.cpp, line 790]
Event: 10.282 Thread 0x0000022827d241b0 Exception <a 'java/lang/NoSuchMethodError'{0x00000007056c0ce0}: 'java.lang.Object java.lang.invoke.DirectMethodHandle$Holder.newInvokeSpecial(java.lang.Object, java.lang.Object, int, java.lang.Object, int)'> (0x00000007056c0ce0) 
thrown [t:\workspace\open\src\hotspot\share\interpreter\linkResolver.cpp, line 790]
Event: 10.282 Thread 0x0000022827d241b0 Exception <a 'java/lang/NoSuchMethodError'{0x00000007056c4ef0}: 'java.lang.Object java.lang.invoke.DirectMethodHandle$Holder.invokeSpecial(java.lang.Object, java.lang.Object, java.lang.Object, int, java.lang.Object, int)'> (0x00000007056c4ef0) 
thrown [t:\workspace\open\src\hotspot\share\interpreter\linkResolver.cpp, line 790]
Event: 10.283 Thread 0x0000022827d241b0 Exception <a 'java/lang/NoSuchMethodError'{0x00000007056cfa98}: 'void java.lang.invoke.DirectMethodHandle$Holder.invokeVirtual(java.lang.Object, java.lang.Object)'> (0x00000007056cfa98) 
thrown [t:\workspace\open\src\hotspot\share\interpreter\linkResolver.cpp, line 790]
Event: 10.384 Thread 0x0000022827d241b0 Exception <a 'java/lang/NoSuchMethodError'{0x00000007054f0f58}: 'void java.lang.invoke.DirectMethodHandle$Holder.invokeStatic(java.lang.Object, long)'> (0x00000007054f0f58) 
thrown [t:\workspace\open\src\hotspot\share\interpreter\linkResolver.cpp, line 790]
Event: 10.384 Thread 0x0000022827d241b0 Exception <a 'java/lang/NoSuchMethodError'{0x00000007054f6350}: 'java.lang.Object java.lang.invoke.DirectMethodHandle$Holder.newInvokeSpecial(java.lang.Object, long)'> (0x00000007054f6350) 
thrown [t:\workspace\open\src\hotspot\share\interpreter\linkResolver.cpp, line 790]
Event: 10.385 Thread 0x0000022827d241b0 Exception <a 'java/lang/NoSuchMethodError'{0x00000007054fc928}: 'java.lang.Object java.lang.invoke.DirectMethodHandle$Holder.invokeStatic(java.lang.Object, java.lang.Object, long, java.lang.Object)'> (0x00000007054fc928) 
thrown [t:\workspace\open\src\hotspot\share\interpreter\linkResolver.cpp, line 790]
Event: 10.385 Thread 0x0000022827d241b0 Exception <a 'java/lang/NoSuchMethodError'{0x0000000705500320}: 'java.lang.Object java.lang.invoke.DirectMethodHandle$Holder.invokeStaticInit(java.lang.Object, java.lang.Object, long, java.lang.Object)'> (0x0000000705500320) 
thrown [t:\workspace\open\src\hotspot\share\interpreter\linkResolver.cpp, line 790]
Event: 10.385 Thread 0x0000022827d241b0 Exception <a 'java/lang/NoSuchMethodError'{0x00000007055066a0}: 'java.lang.Object java.lang.invoke.DirectMethodHandle$Holder.newInvokeSpecial(java.lang.Object, java.lang.Object, long)'> (0x00000007055066a0) 
thrown [t:\workspace\open\src\hotspot\share\interpreter\linkResolver.cpp, line 790]

Events (20 events):
Event: 19.924 loading class java/nio/channels/WritePendingException
Event: 19.924 loading class java/nio/channels/WritePendingException done
Event: 19.924 loading class java/nio/channels/ClosedChannelException
Event: 19.924 loading class java/nio/channels/ClosedChannelException done
Event: 19.927 loading class java/util/concurrent/Semaphore
Event: 19.927 loading class java/util/concurrent/Semaphore done
Event: 19.927 loading class java/util/concurrent/Semaphore$NonfairSync
Event: 19.927 loading class java/util/concurrent/Semaphore$Sync
Event: 19.927 loading class java/util/concurrent/Semaphore$Sync done
Event: 19.927 loading class java/util/concurrent/Semaphore$NonfairSync done
Event: 19.927 loading class sun/nio/ch/SocketAdaptor
Event: 19.927 loading class sun/nio/ch/SocketAdaptor done
Event: 19.928 loading class sun/nio/ch/SocketChannelImpl$DefaultOptionsHolder
Event: 19.928 loading class sun/nio/ch/SocketChannelImpl$DefaultOptionsHolder done
Event: 19.929 loading class java/lang/invoke/ConstantBootstraps
Event: 19.929 loading class java/lang/invoke/ConstantBootstraps done
Event: 19.929 loading class sun/nio/ch/WindowsSelectorImpl$MapEntry
Event: 19.929 loading class sun/nio/ch/WindowsSelectorImpl$MapEntry done
Event: 19.932 Thread 0x0000022827e63c80 Thread added: 0x0000022827e63c80
Event: 19.944 Executing  VM operation: G1CollectForAllocation


Dynamic libraries:
0x00007ff76f940000 - 0x00007ff76f94e000 	C:\Users\utente\Desktop\Uni\ST4\contents\sts-4.11.1.RELEASE\plugins\org.eclipse.justj.openjdk.hotspot.jre.full.win32.x86_64_16.0.2.v20210721-1149\jre\bin\javaw.exe
0x00007ffbac720000 - 0x00007ffbac927000 	C:\WINDOWS\SYSTEM32\ntdll.dll
0x00007ffb91270000 - 0x00007ffb91286000 	C:\Program Files\AVG\Antivirus\aswhook.dll
0x00007ffbab280000 - 0x00007ffbab33d000 	C:\WINDOWS\System32\KERNEL32.DLL
0x00007ffbaa010000 - 0x00007ffbaa384000 	C:\WINDOWS\System32\KERNELBASE.dll
0x00007ffba9e20000 - 0x00007ffba9f31000 	C:\WINDOWS\System32\ucrtbase.dll
0x00007ffb405d0000 - 0x00007ffb405e8000 	C:\Users\utente\Desktop\Uni\ST4\contents\sts-4.11.1.RELEASE\plugins\org.eclipse.justj.openjdk.hotspot.jre.full.win32.x86_64_16.0.2.v20210721-1149\jre\bin\jli.dll
0x00007ffba5070000 - 0x00007ffba5089000 	C:\Users\utente\Desktop\Uni\ST4\contents\sts-4.11.1.RELEASE\plugins\org.eclipse.justj.openjdk.hotspot.jre.full.win32.x86_64_16.0.2.v20210721-1149\jre\bin\VCRUNTIME140.dll
0x00007ffbac220000 - 0x00007ffbac3cc000 	C:\WINDOWS\System32\USER32.dll
0x00007ffb90ac0000 - 0x00007ffb90d65000 	C:\WINDOWS\WinSxS\amd64_microsoft.windows.common-controls_6595b64144ccf1df_6.0.22000.120_none_9d947278b86cc467\COMCTL32.dll
0x00007ffba9f40000 - 0x00007ffba9f66000 	C:\WINDOWS\System32\win32u.dll
0x00007ffbaa6e0000 - 0x00007ffbaa783000 	C:\WINDOWS\System32\msvcrt.dll
0x00007ffbaa810000 - 0x00007ffbaa839000 	C:\WINDOWS\System32\GDI32.dll
0x00007ffba9c10000 - 0x00007ffba9d22000 	C:\WINDOWS\System32\gdi32full.dll
0x00007ffba9f70000 - 0x00007ffbaa00d000 	C:\WINDOWS\System32\msvcp_win.dll
0x00007ffbaaa80000 - 0x00007ffbaaab1000 	C:\WINDOWS\System32\IMM32.DLL
0x00007ffba5060000 - 0x00007ffba506c000 	C:\Users\utente\Desktop\Uni\ST4\contents\sts-4.11.1.RELEASE\plugins\org.eclipse.justj.openjdk.hotspot.jre.full.win32.x86_64_16.0.2.v20210721-1149\jre\bin\vcruntime140_1.dll
0x00007ffb910e0000 - 0x00007ffb91171000 	C:\Users\utente\Desktop\Uni\ST4\contents\sts-4.11.1.RELEASE\plugins\org.eclipse.justj.openjdk.hotspot.jre.full.win32.x86_64_16.0.2.v20210721-1149\jre\bin\msvcp140.dll
0x00007ffb22d60000 - 0x00007ffb2390b000 	C:\Users\utente\Desktop\Uni\ST4\contents\sts-4.11.1.RELEASE\plugins\org.eclipse.justj.openjdk.hotspot.jre.full.win32.x86_64_16.0.2.v20210721-1149\jre\bin\server\jvm.dll
0x00007ffbac000000 - 0x00007ffbac0ae000 	C:\WINDOWS\System32\ADVAPI32.dll
0x00007ffbaa9e0000 - 0x00007ffbaaa7e000 	C:\WINDOWS\System32\sechost.dll
0x00007ffbaaf30000 - 0x00007ffbab050000 	C:\WINDOWS\System32\RPCRT4.dll
0x00007ffbab270000 - 0x00007ffbab278000 	C:\WINDOWS\System32\PSAPI.DLL
0x00007ffb907f0000 - 0x00007ffb907f9000 	C:\WINDOWS\SYSTEM32\WSOCK32.dll
0x00007ffba1000000 - 0x00007ffba100a000 	C:\WINDOWS\SYSTEM32\VERSION.dll
0x00007ffba2ee0000 - 0x00007ffba2f13000 	C:\WINDOWS\SYSTEM32\WINMM.dll
0x00007ffbab460000 - 0x00007ffbab4cf000 	C:\WINDOWS\System32\WS2_32.dll
0x00007ffba8e00000 - 0x00007ffba8e18000 	C:\WINDOWS\SYSTEM32\kernel.appcore.dll
0x00007ffba4ba0000 - 0x00007ffba4baa000 	C:\Users\utente\Desktop\Uni\ST4\contents\sts-4.11.1.RELEASE\plugins\org.eclipse.justj.openjdk.hotspot.jre.full.win32.x86_64_16.0.2.v20210721-1149\jre\bin\jimage.dll
0x00007ffba7120000 - 0x00007ffba7341000 	C:\WINDOWS\SYSTEM32\DBGHELP.DLL
0x00007ffb9ce50000 - 0x00007ffb9ce81000 	C:\WINDOWS\SYSTEM32\dbgcore.DLL
0x00007ffba9da0000 - 0x00007ffba9e1f000 	C:\WINDOWS\System32\bcryptPrimitives.dll
0x00007ffb3e2d0000 - 0x00007ffb3e2f5000 	C:\Users\utente\Desktop\Uni\ST4\contents\sts-4.11.1.RELEASE\plugins\org.eclipse.justj.openjdk.hotspot.jre.full.win32.x86_64_16.0.2.v20210721-1149\jre\bin\java.dll
0x00007ffb3fe00000 - 0x00007ffb3fe18000 	C:\Users\utente\Desktop\Uni\ST4\contents\sts-4.11.1.RELEASE\plugins\org.eclipse.justj.openjdk.hotspot.jre.full.win32.x86_64_16.0.2.v20210721-1149\jre\bin\zip.dll
0x00007ffbab850000 - 0x00007ffbabffe000 	C:\WINDOWS\System32\SHELL32.dll
0x00007ffba7d90000 - 0x00007ffba85f7000 	C:\WINDOWS\SYSTEM32\windows.storage.dll
0x00007ffbab4d0000 - 0x00007ffbab848000 	C:\WINDOWS\System32\combase.dll
0x00007ffba7c20000 - 0x00007ffba7d86000 	C:\WINDOWS\SYSTEM32\wintypes.dll
0x00007ffbab370000 - 0x00007ffbab45a000 	C:\WINDOWS\System32\SHCORE.dll
0x00007ffbaa620000 - 0x00007ffbaa67d000 	C:\WINDOWS\System32\shlwapi.dll
0x00007ffba9b40000 - 0x00007ffba9b61000 	C:\WINDOWS\SYSTEM32\profapi.dll
0x00007ffb3e1e0000 - 0x00007ffb3e1f9000 	C:\Users\utente\Desktop\Uni\ST4\contents\sts-4.11.1.RELEASE\plugins\org.eclipse.justj.openjdk.hotspot.jre.full.win32.x86_64_16.0.2.v20210721-1149\jre\bin\net.dll
0x00007ffba4720000 - 0x00007ffba482c000 	C:\WINDOWS\SYSTEM32\WINHTTP.dll
0x00007ffba9230000 - 0x00007ffba9297000 	C:\WINDOWS\system32\mswsock.dll
0x00007ffb3dc20000 - 0x00007ffb3dc33000 	C:\Users\utente\Desktop\Uni\ST4\contents\sts-4.11.1.RELEASE\plugins\org.eclipse.justj.openjdk.hotspot.jre.full.win32.x86_64_16.0.2.v20210721-1149\jre\bin\nio.dll
0x00007ffb97a50000 - 0x00007ffb97a59000 	C:\Users\utente\Desktop\Uni\ST4\contents\sts-4.11.1.RELEASE\plugins\org.eclipse.justj.openjdk.hotspot.jre.full.win32.x86_64_16.0.2.v20210721-1149\jre\bin\management.dll
0x00007ffb97a40000 - 0x00007ffb97a4b000 	C:\Users\utente\Desktop\Uni\ST4\contents\sts-4.11.1.RELEASE\plugins\org.eclipse.justj.openjdk.hotspot.jre.full.win32.x86_64_16.0.2.v20210721-1149\jre\bin\management_ext.dll
0x00007ffb857b0000 - 0x00007ffb857c7000 	C:\WINDOWS\system32\napinsp.dll
0x00007ffb85790000 - 0x00007ffb857ab000 	C:\WINDOWS\system32\pnrpnsp.dll
0x00007ffba88e0000 - 0x00007ffba89c7000 	C:\WINDOWS\SYSTEM32\DNSAPI.dll
0x00007ffba88b0000 - 0x00007ffba88dd000 	C:\WINDOWS\SYSTEM32\IPHLPAPI.DLL
0x00007ffbac5b0000 - 0x00007ffbac5b9000 	C:\WINDOWS\System32\NSI.dll
0x00007ffb85770000 - 0x00007ffb85782000 	C:\WINDOWS\System32\winrnr.dll
0x00007ffb85750000 - 0x00007ffb85765000 	C:\WINDOWS\system32\wshbth.dll
0x00007ffb85730000 - 0x00007ffb8574f000 	C:\WINDOWS\system32\nlansp_c.dll
0x00007ffba11f0000 - 0x00007ffba11fa000 	C:\Windows\System32\rasadhlp.dll
0x00007ffba22e0000 - 0x00007ffba2361000 	C:\WINDOWS\System32\fwpuclnt.dll
0x00007ffba9470000 - 0x00007ffba9488000 	C:\WINDOWS\SYSTEM32\CRYPTSP.dll
0x00007ffba8d60000 - 0x00007ffba8d95000 	C:\WINDOWS\system32\rsaenh.dll
0x00007ffba9320000 - 0x00007ffba9349000 	C:\WINDOWS\SYSTEM32\USERENV.dll
0x00007ffba95f0000 - 0x00007ffba9617000 	C:\WINDOWS\SYSTEM32\bcrypt.dll
0x00007ffba9490000 - 0x00007ffba949c000 	C:\WINDOWS\SYSTEM32\CRYPTBASE.dll
0x00007ffba4530000 - 0x00007ffba4549000 	C:\WINDOWS\SYSTEM32\dhcpcsvc6.DLL
0x00007ffba4930000 - 0x00007ffba494e000 	C:\WINDOWS\SYSTEM32\dhcpcsvc.DLL
0x00007ffb90f70000 - 0x00007ffb90f80000 	C:\Users\utente\Desktop\Uni\ST4\contents\sts-4.11.1.RELEASE\plugins\org.eclipse.justj.openjdk.hotspot.jre.full.win32.x86_64_16.0.2.v20210721-1149\jre\bin\verify.dll
0x00007ffba69a0000 - 0x00007ffba69af000 	C:\Users\utente\Desktop\Nuova cartella (6)\oRatio-3.0\build\bin\Release\json.dll
0x00007ffb9cae0000 - 0x00007ffb9cb21000 	C:\Users\utente\Desktop\Nuova cartella (6)\oRatio-3.0\build\bin\Release\smt.dll
0x00007ffba5040000 - 0x00007ffba5060000 	C:\Users\utente\Desktop\Nuova cartella (6)\oRatio-3.0\build\bin\Release\riddle.dll
0x00007ffb97c50000 - 0x00007ffb97c97000 	C:\Users\utente\Desktop\Nuova cartella (6)\oRatio-3.0\build\bin\Release\core.dll
0x00007ffb97970000 - 0x00007ffb979b2000 	C:\Users\utente\Desktop\Nuova cartella (6)\oRatio-3.0\build\bin\Release\solver.dll
0x00007ffba4fd0000 - 0x00007ffba4fe3000 	C:\Users\utente\Desktop\Nuova cartella (6)\oRatio-3.0\build\bin\Release\executor.dll
0x00007ffba0fc0000 - 0x00007ffba0fd4000 	C:\Users\utente\Desktop\Nuova cartella (6)\oRatio-3.0\build\bin\Release\solver-java-api.dll
0x00007ffba6990000 - 0x00007ffba699c000 	C:\Users\utente\Desktop\Nuova cartella (6)\oRatio-3.0\build\bin\Release\executor-java-api.dll
0x00007ffb9c470000 - 0x00007ffb9c47e000 	C:\Users\utente\Desktop\Uni\ST4\contents\sts-4.11.1.RELEASE\plugins\org.eclipse.justj.openjdk.hotspot.jre.full.win32.x86_64_16.0.2.v20210721-1149\jre\bin\sunmscapi.dll
0x00007ffbaa450000 - 0x00007ffbaa5b2000 	C:\WINDOWS\System32\CRYPT32.dll
0x00007ffba95c0000 - 0x00007ffba95e8000 	C:\WINDOWS\SYSTEM32\ncrypt.dll
0x00007ffba9580000 - 0x00007ffba95b7000 	C:\WINDOWS\SYSTEM32\NTASN1.dll
0x00007ffba64c0000 - 0x00007ffba64c8000 	C:\WINDOWS\system32\wshunix.dll
0x00007ffb85830000 - 0x00007ffb85856000 	C:\WINDOWS\SYSTEM32\apisethost.appexecutionalias.dll
0x00007ffb84c60000 - 0x00007ffb84d64000 	C:\WINDOWS\SYSTEM32\daxexec.dll
0x00007ffbac0b0000 - 0x00007ffbac186000 	C:\WINDOWS\System32\OLEAUT32.dll
0x00007ffb84c10000 - 0x00007ffb84c53000 	C:\WINDOWS\SYSTEM32\container.dll
0x00007ffbab0d0000 - 0x00007ffbab17f000 	C:\WINDOWS\System32\clbcatq.dll
0x00007ffb8f4b0000 - 0x00007ffb8f5e4000 	C:\Windows\System32\Windows.StateRepositoryPS.dll
0x00007ffb84710000 - 0x00007ffb8477c000 	C:\WINDOWS\SYSTEM32\AppXAllUserStore.dll
0x00007ffb99850000 - 0x00007ffb9988e000 	C:\WINDOWS\SYSTEM32\windows.staterepositoryclient.dll
0x00007ffba20c0000 - 0x00007ffba20db000 	C:\WINDOWS\SYSTEM32\windows.staterepositorycore.dll
0x00007ffb84250000 - 0x00007ffb842b3000 	C:\WINDOWS\SYSTEM32\capauthz.dll
0x00007ffba75c0000 - 0x00007ffba75f4000 	C:\WINDOWS\SYSTEM32\ntmarta.dll

dbghelp: loaded successfully - version: 4.0.5 - missing functions: none
symbol engine: initialized successfully - sym options: 0x614 - pdb path: .;C:\Users\utente\Desktop\Uni\ST4\contents\sts-4.11.1.RELEASE\plugins\org.eclipse.justj.openjdk.hotspot.jre.full.win32.x86_64_16.0.2.v20210721-1149\jre\bin;C:\WINDOWS\SYSTEM32;C:\Program Files\AVG\Antivirus;C:\WINDOWS\WinSxS\amd64_microsoft.windows.common-controls_6595b64144ccf1df_6.0.22000.120_none_9d947278b86cc467;C:\Users\utente\Desktop\Uni\ST4\contents\sts-4.11.1.RELEASE\plugins\org.eclipse.justj.openjdk.hotspot.jre.full.win32.x86_64_16.0.2.v20210721-1149\jre\bin\server;C:\Users\utente\Desktop\Nuova cartella (6)\oRatio-3.0\build\bin\Release

VM Arguments:
jvm_args: -Dcom.sun.management.jmxremote -Dcom.sun.management.jmxremote.port=63785 -Dcom.sun.management.jmxremote.authenticate=false -Dcom.sun.management.jmxremote.ssl=false -Djava.rmi.server.hostname=localhost -Dspring.jmx.enabled=true -Dspring.application.admin.enabled=true -Djava.library.path=C:\Users\utente\Desktop\Nuova cartella (4)\oRatio-3.0\build\bin\Release;C:\Users\utente\Desktop\Nuova cartella (6)\oRatio-3.0\build\bin\Release -XX:TieredStopAtLevel=1 -Dspring.boot.project.name=Wikitel-new -Dfile.encoding=UTF-8 -XX:+ShowCodeDetailsInExceptionMessages 
java_command: it.cnr.istc.psts.WikitelNewApplication --spring.output.ansi.enabled=always
java_class_path (initial): C:\Users\utente\Documents\workspace-spring-tool-suite-4-4.11.1.RELEASE\Wikitel-new\target\classes;C:\Users\utente\Desktop\Nuova cartella (6)\oRatio-3.0\api\java\target\oratio-1.0.jar;C:\Users\utente\.m2\repository\org\springframework\boot\spring-boot-starter-data-jpa\2.5.7\spring-boot-starter-data-jpa-2.5.7.jar;C:\Users\utente\.m2\repository\org\springframework\boot\spring-boot-starter-aop\2.5.7\spring-boot-starter-aop-2.5.7.jar;C:\Users\utente\.m2\repository\org\aspectj\aspectjweaver\1.9.7\aspectjweaver-1.9.7.jar;C:\Users\utente\.m2\repository\org\springframework\boot\spring-boot-starter-jdbc\2.5.7\spring-boot-starter-jdbc-2.5.7.jar;C:\Users\utente\.m2\repository\com\zaxxer\HikariCP\4.0.3\HikariCP-4.0.3.jar;C:\Users\utente\.m2\repository\org\springframework\spring-jdbc\5.3.13\spring-jdbc-5.3.13.jar;C:\Users\utente\.m2\repository\jakarta\transaction\jakarta.transaction-api\1.3.3\jakarta.transaction-api-1.3.3.jar;C:\Users\utente\.m2\repository\jakarta\persistence\jakarta.persistence-api\2.2.3\jakarta.persistence-api-2.2.3.jar;C:\Users\utente\.m2\repository\org\hibernate\hibernate-core\5.4.32.Final\hibernate-core-5.4.32.Final.jar;C:\Users\utente\.m2\repository\org\jboss\logging\jboss-logging\3.4.2.Final\jboss-logging-3.4.2.Final.jar;C:\Users\utente\.m2\repository\org\javassist\javassist\3.27.0-GA\javassist-3.27.0-GA.jar;C:\Users\utente\.m2\repository\net\bytebuddy\byte-buddy\1.10.22\byte-buddy-1.10.22.jar;C:\Users\utente\.m2\repository\antlr\antlr\2.7.7\antlr-2.7.7.jar;C:\Users\utente\.m2\repository\org\jboss\jandex\2.2.3.Final\jandex-2.2.3.Final.jar;C:\Users\utente\.m2\repository\com\fasterxml\classmate\1.5.1\classmate-1.5.1.jar;C:\Users\utente\.m2\repository\org\dom4j\dom4j\2.1.3\dom4j-2.1.3.jar;C:\Users\utente\.m2\repository\org\hibernate\common\hibernate-commons-annotations\5.1.2.Final\hibernate-commons-annotations-5.1.2.Final.jar;C:\Users\utente\.m2\repository\org\glassfish\jaxb\jaxb-runtime\2.3.5\jaxb-runtime-2.3.5.jar;C:\Users\utent
Launcher Type: SUN_STANDARD

[Global flags]
     intx CICompilerCount                          = 4                                         {product} {ergonomic}
     uint ConcGCThreads                            = 3                                         {product} {ergonomic}
     uint G1ConcRefinementThreads                  = 10                                        {product} {ergonomic}
   size_t G1HeapRegionSize                         = 2097152                                   {product} {ergonomic}
    uintx GCDrainStackTargetSize                   = 64                                        {product} {ergonomic}
   size_t InitialHeapSize                          = 266338304                                 {product} {ergonomic}
     bool ManagementServer                         = true                                      {product} {command line}
   size_t MarkStackSize                            = 4194304                                   {product} {ergonomic}
   size_t MaxHeapSize                              = 4257218560                                {product} {ergonomic}
   size_t MaxNewSize                               = 2554331136                                {product} {ergonomic}
   size_t MinHeapDeltaBytes                        = 2097152                                   {product} {ergonomic}
   size_t MinHeapSize                              = 8388608                                   {product} {ergonomic}
    uintx NonNMethodCodeHeapSize                   = 7549744                                {pd product} {ergonomic}
    uintx NonProfiledCodeHeapSize                  = 244108496                              {pd product} {ergonomic}
    uintx ProfiledCodeHeapSize                     = 0                                      {pd product} {ergonomic}
    uintx ReservedCodeCacheSize                    = 251658240                              {pd product} {ergonomic}
     bool SegmentedCodeCache                       = true                                      {product} {ergonomic}
     bool ShowCodeDetailsInExceptionMessages       = true                                   {manageable} {command line}
   size_t SoftMaxHeapSize                          = 4257218560                             {manageable} {ergonomic}
     intx TieredStopAtLevel                        = 1                                         {product} {command line}
     bool UseCompressedClassPointers               = true                           {product lp64_product} {ergonomic}
     bool UseCompressedOops                        = true                           {product lp64_product} {ergonomic}
     bool UseG1GC                                  = true                                      {product} {ergonomic}
     bool UseLargePagesIndividualAllocation        = false                                  {pd product} {ergonomic}

Logging:
Log output configuration:
 #0: stdout all=warning uptime,level,tags
 #1: stderr all=off uptime,level,tags

Environment Variables:
JAVA_HOME=C:\Program Files\Java\jdk-17.0.1
PATH=C:/Users/utente/Desktop/Uni/ST4/contents/sts-4.11.1.RELEASE//plugins/org.eclipse.justj.openjdk.hotspot.jre.full.win32.x86_64_16.0.2.v20210721-1149/jre/bin/server;C:/Users/utente/Desktop/Uni/ST4/contents/sts-4.11.1.RELEASE//plugins/org.eclipse.justj.openjdk.hotspot.jre.full.win32.x86_64_16.0.2.v20210721-1149/jre/bin;C:\Program Files (x86)\Common Files\Intel\Shared Libraries\redist\intel64\compiler;C:\Program Files (x86)\Common Files\Oracle\Java\javapath;C:\windows\system32;C:\windows;C:\windows\System32\Wbem;C:\windows\System32\WindowsPowerShell\v1.0\;C:\windows\System32\OpenSSH\;C:\Program Files (x86)\NVIDIA Corporation\PhysX\Common;C:\Program Files\NVIDIA Corporation\NVIDIA NvDLISR;C:\WINDOWS\system32;C:\WINDOWS;C:\WINDOWS\System32\Wbem;C:\WINDOWS\System32\WindowsPowerShell\v1.0\;C:\WINDOWS\System32\OpenSSH\;C:\Program Files (x86)\Objective Caml\bin;C:\WINDOWS\system32;C:\WINDOWS;C:\WINDOWS\System32\Wbem;C:\WINDOWS\System32\WindowsPowerShell\v1.0\;C:\WINDOWS\System32\OpenSSH\;C:\Program Files\Git\cmd;C:\apache-maven-3.8.3\bin;C:\apache-maven-3.8.3\bin;C:\db-derby-10.14.2.0-bin;C:\db-derby-10.14.2.0-bin;C:\Program Files\Git\bin;C:\Program Files\CMake\bin;C:\Users\utente\Documents\oRatio-3.0\oRatio-3.0\build\bin\Debug;C:\msys64\mingw64\bin;C:\Users\utente\AppData\Local\Microsoft\WindowsApps;C:\Users\utente\AppData\Local\GitHubDesktop\bin;C:\Users\utente\AppData\Local\Programs\Microsoft VS Code\bin;C:\Users\utente\Desktop\apache-maven-3.8.3;C:\Program Files\CMake\bin;C:\Users\utente\Documents\oRatio-3.0\oRatio-3.0\build\bin\Debug;C:\msys64\mingw64\bin;;C:\Users\utente\Desktop\Uni\ST4\contents\sts-4.11.1.RELEASE;
USERNAME=utente
OS=Windows_NT
PROCESSOR_IDENTIFIER=Intel64 Family 6 Model 158 Stepping 10, GenuineIntel



---------------  S Y S T E M  ---------------

OS:
 Windows 10 , 64 bit Build 22000 (10.0.22000.434)
OS uptime: 6 days 23:03 hours

CPU: total 12 (initial active 12) (6 cores per cpu, 2 threads per core) family 6 model 158 stepping 10 microcode 0xde, cx8, cmov, fxsr, ht, mmx, 3dnowpref, sse, sse2, sse3, ssse3, sse4.1, sse4.2, popcnt, lzcnt, tsc, tscinvbit, avx, avx2, aes, erms, clmul, bmi1, bmi2, adx, fma, vzeroupper, clflush, clflushopt

Memory: 4k page, system-wide physical 16233M (2565M free)
TotalPageFile size 65385M (AvailPageFile size 35M)
current process WorkingSet (physical memory assigned to process): 222M, peak: 243M
current process commit charge ("private bytes"): 257M, peak: 366M

vm_info: OpenJDK 64-Bit Server VM (16.0.2+7-67) for windows-amd64 JRE (16.0.2+7-67), built on Jun  8 2021 23:21:43 by "mach5one" with MS VC++ 16.7 (VS2019)

END.
