#
# A fatal error has been detected by the Java Runtime Environment:
#
#  EXCEPTION_ACCESS_VIOLATION (0xc0000005) at pc=0x00007ffe88c691a6, pid=9636, tid=5808
#
# JRE version: OpenJDK Runtime Environment Temurin-17.0.2+8 (17.0.2+8) (build 17.0.2+8)
# Java VM: OpenJDK 64-Bit Server VM Temurin-17.0.2+8 (17.0.2+8, mixed mode, emulated-client, tiered, compressed oops, compressed class ptrs, g1 gc, windows-amd64)
# Problematic frame:
# V  [jvm.dll+0x3d91a6]
#
# No core dump will be written. Minidumps are not enabled by default on client versions of Windows
#
# If you would like to submit a bug report, please visit:
#   https://github.com/adoptium/adoptium-support/issues
#

---------------  S U M M A R Y ------------

Command Line: -Dcom.sun.management.jmxremote -Dcom.sun.management.jmxremote.port=56940 -Dcom.sun.management.jmxremote.authenticate=false -Dcom.sun.management.jmxremote.ssl=false -Djava.rmi.server.hostname=localhost -Dspring.jmx.enabled=true -Dspring.application.admin.enabled=true -XX:TieredStopAtLevel=1 -Dspring.boot.project.name=Wikitel-new -Dfile.encoding=UTF-8 -XX:+ShowCodeDetailsInExceptionMessages it.cnr.istc.psts.WikitelNewApplication --spring.output.ansi.enabled=always

Host: Intel(R) Core(TM) i7-9750H CPU @ 2.60GHz, 12 cores, 15G,  Windows 11 , 64 bit Build 22000 (10.0.22000.708)
Time: Sat Jun 11 12:27:39 2022 ora legale Europa occidentale elapsed time: 6.350548 seconds (0d 0h 0m 6s)

---------------  T H R E A D  ---------------

Current thread (0x000002a58a396880):  JavaThread "restartedMain" [_thread_in_vm, id=5808, stack(0x000000b792300000,0x000000b792400000)]

Stack: [0x000000b792300000,0x000000b792400000],  sp=0x000000b7923fcd60,  free space=1011k
Native frames: (J=compiled Java code, j=interpreted, Vv=VM code, C=native code)
V  [jvm.dll+0x3d91a6]
C  [solver-java-api.dll+0x4550]

Java frames: (J=compiled Java code, j=interpreted, Vv=VM code)
j  it.cnr.istc.pst.oratio.Solver.new_instance()J+0
j  it.cnr.istc.pst.oratio.Solver.<init>(ZZ)V+83
j  it.cnr.istc.pst.oratio.Solver.<init>()V+3
j  it.cnr.istc.psts.wikitel.controller.pageController.<init>()V+9
v  ~StubRoutines::call_stub
J 1615  jdk.internal.reflect.NativeConstructorAccessorImpl.newInstance0(Ljava/lang/reflect/Constructor;[Ljava/lang/Object;)Ljava/lang/Object; java.base@17.0.2 (0 bytes) @ 0x000002a5f82b5d0e [0x000002a5f82b5ca0+0x000000000000006e]
J 1614 c1 jdk.internal.reflect.NativeConstructorAccessorImpl.newInstance([Ljava/lang/Object;)Ljava/lang/Object; java.base@17.0.2 (122 bytes) @ 0x000002a5f82b64ec [0x000002a5f82b6200+0x00000000000002ec]
J 1501 c1 jdk.internal.reflect.DelegatingConstructorAccessorImpl.newInstance([Ljava/lang/Object;)Ljava/lang/Object; java.base@17.0.2 (9 bytes) @ 0x000002a5f82872e4 [0x000002a5f82872a0+0x0000000000000044]
J 1385 c1 java.lang.reflect.Constructor.newInstanceWithCaller([Ljava/lang/Object;ZLjava/lang/Class;)Ljava/lang/Object; java.base@17.0.2 (75 bytes) @ 0x000002a5f8254234 [0x000002a5f8254160+0x00000000000000d4]
J 2829 c1 org.springframework.beans.BeanUtils.instantiateClass(Ljava/lang/reflect/Constructor;[Ljava/lang/Object;)Ljava/lang/Object; (187 bytes) @ 0x000002a5f84aaf74 [0x000002a5f84aab80+0x00000000000003f4]
j  org.springframework.beans.factory.support.SimpleInstantiationStrategy.instantiate(Lorg/springframework/beans/factory/support/RootBeanDefinition;Ljava/lang/String;Lorg/springframework/beans/factory/BeanFactory;)Ljava/lang/Object;+140
j  org.springframework.beans.factory.support.AbstractAutowireCapableBeanFactory.instantiateBean(Ljava/lang/String;Lorg/springframework/beans/factory/support/RootBeanDefinition;)Lorg/springframework/beans/BeanWrapper;+32
j  org.springframework.beans.factory.support.AbstractAutowireCapableBeanFactory.createBeanInstance(Ljava/lang/String;Lorg/springframework/beans/factory/support/RootBeanDefinition;[Ljava/lang/Object;)Lorg/springframework/beans/BeanWrapper;+250
j  org.springframework.beans.factory.support.AbstractAutowireCapableBeanFactory.doCreateBean(Ljava/lang/String;Lorg/springframework/beans/factory/support/RootBeanDefinition;[Ljava/lang/Object;)Ljava/lang/Object;+34
j  org.springframework.beans.factory.support.AbstractAutowireCapableBeanFactory.createBean(Ljava/lang/String;Lorg/springframework/beans/factory/support/RootBeanDefinition;[Ljava/lang/Object;)Ljava/lang/Object;+169
j  org.springframework.beans.factory.support.AbstractBeanFactory.lambda$doGetBean$0(Ljava/lang/String;Lorg/springframework/beans/factory/support/RootBeanDefinition;[Ljava/lang/Object;)Ljava/lang/Object;+4
j  org.springframework.beans.factory.support.AbstractBeanFactory$$Lambda$373+0x0000000800323460.getObject()Ljava/lang/Object;+16
j  org.springframework.beans.factory.support.DefaultSingletonBeanRegistry.getSingleton(Ljava/lang/String;Lorg/springframework/beans/factory/ObjectFactory;)Ljava/lang/Object;+132
J 3145 c1 org.springframework.beans.factory.support.AbstractBeanFactory.doGetBean(Ljava/lang/String;Ljava/lang/Class;[Ljava/lang/Object;Z)Ljava/lang/Object; (832 bytes) @ 0x000002a5f8528794 [0x000002a5f8528180+0x0000000000000614]
j  org.springframework.beans.factory.support.AbstractBeanFactory.getBean(Ljava/lang/String;)Ljava/lang/Object;+5
j  org.springframework.beans.factory.support.DefaultListableBeanFactory.preInstantiateSingletons()V+248
j  org.springframework.context.support.AbstractApplicationContext.finishBeanFactoryInitialization(Lorg/springframework/beans/factory/config/ConfigurableListableBeanFactory;)V+124
j  org.springframework.context.support.AbstractApplicationContext.refresh()V+86
j  org.springframework.boot.web.servlet.context.ServletWebServerApplicationContext.refresh()V+1
j  org.springframework.boot.SpringApplication.refresh(Lorg/springframework/context/ConfigurableApplicationContext;)V+1
j  org.springframework.boot.SpringApplication.refreshContext(Lorg/springframework/context/ConfigurableApplicationContext;)V+16
j  org.springframework.boot.SpringApplication.run([Ljava/lang/String;)Lorg/springframework/context/ConfigurableApplicationContext;+111
j  org.springframework.boot.SpringApplication.run([Ljava/lang/Class;[Ljava/lang/String;)Lorg/springframework/context/ConfigurableApplicationContext;+9
j  org.springframework.boot.SpringApplication.run(Ljava/lang/Class;[Ljava/lang/String;)Lorg/springframework/context/ConfigurableApplicationContext;+9
j  it.cnr.istc.psts.WikitelNewApplication.main([Ljava/lang/String;)V+3
v  ~StubRoutines::call_stub
j  jdk.internal.reflect.NativeMethodAccessorImpl.invoke0(Ljava/lang/reflect/Method;Ljava/lang/Object;[Ljava/lang/Object;)Ljava/lang/Object;+0 java.base@17.0.2
j  jdk.internal.reflect.NativeMethodAccessorImpl.invoke(Ljava/lang/Object;[Ljava/lang/Object;)Ljava/lang/Object;+133 java.base@17.0.2
j  jdk.internal.reflect.DelegatingMethodAccessorImpl.invoke(Ljava/lang/Object;[Ljava/lang/Object;)Ljava/lang/Object;+6 java.base@17.0.2
j  java.lang.reflect.Method.invoke(Ljava/lang/Object;[Ljava/lang/Object;)Ljava/lang/Object;+59 java.base@17.0.2
j  org.springframework.boot.devtools.restart.RestartLauncher.run()V+42
v  ~StubRoutines::call_stub

siginfo: EXCEPTION_ACCESS_VIOLATION (0xc0000005), reading address 0x0000000000000000


Register to memory mapping:

RIP=0x00007ffe88c691a6 jvm.dll
RAX=0x000002a58a2d7988 points into unknown readable memory: 0x0000000705e52850 | 50 28 e5 05 07 00 00 00
RBX=0x000002a58a396880 is a thread
RCX=0x000002a58a2d7988 points into unknown readable memory: 0x0000000705e52850 | 50 28 e5 05 07 00 00 00
RDX=0x0000000705e52850 is an oop: it.cnr.istc.pst.oratio.Item$ArithItem 
{0x0000000705e52850} - klass: 'it/cnr/istc/pst/oratio/Item$ArithItem'
 - ---- fields (total size 6 words):
 - final 'solver' 'Lit/cnr/istc/pst/oratio/Solver;' @12  NULL (0)
 - final 'type' 'Lit/cnr/istc/pst/oratio/Type;' @16  NULL (0)
 - final 'exprs' 'Ljava/util/Map;' @20  NULL (0)
 - private 'name' 'Ljava/lang/String;' @24  NULL (0)
 - private final 'lin' 'Ljava/lang/String;' @28  NULL (0)
 - private final 'lb' 'Lit/cnr/istc/pst/oratio/InfRational;' @32  NULL (0)
 - private final 'ub' 'Lit/cnr/istc/pst/oratio/InfRational;' @36  NULL (0)
 - private final 'val' 'Lit/cnr/istc/pst/oratio/InfRational;' @40  NULL (0)
RSP=0x000000b7923fcd60 is pointing into the stack for thread: 0x000002a58a396880
RBP=0x000002a58a396b28 points into unknown readable memory: 0x00007ffe893907d0 | d0 07 39 89 fe 7f 00 00
RSI=0x000002a58a2d7950 points into unknown readable memory: 0x0000000705e52788 | 88 27 e5 05 07 00 00 00
RDI=0x000002a588851068 is a global jni handle
R8 =0x0000000000000048 is an unknown value
R9 =0x0000000000000003 is an unknown value
R10=0x00007ffe88c690b0 jvm.dll
R11=0x000000b7923fcbd0 is pointing into the stack for thread: 0x000002a58a396880
R12=0x0 is NULL
R13=0x000002a588fb7090 points into unknown readable memory: 0x00007ffec06fc400 | 00 c4 6f c0 fe 7f 00 00
R14=0x0 is NULL
R15=0x000000b7923fce68 is pointing into the stack for thread: 0x000002a58a396880


Registers:
RAX=0x000002a58a2d7988, RBX=0x000002a58a396880, RCX=0x000002a58a2d7988, RDX=0x0000000705e52850
RSP=0x000000b7923fcd60, RBP=0x000002a58a396b28, RSI=0x000002a58a2d7950, RDI=0x000002a588851068
R8 =0x0000000000000048, R9 =0x0000000000000003, R10=0x00007ffe88c690b0, R11=0x000000b7923fcbd0
R12=0x0000000000000000, R13=0x000002a588fb7090, R14=0x0000000000000000, R15=0x000000b7923fce68
RIP=0x00007ffe88c691a6, EFLAGS=0x0000000000010206

Top of Stack: (sp=0x000000b7923fcd60)
0x000000b7923fcd60:   0000000000000000 000002a58a396880
0x000000b7923fcd70:   000002a58a396b28 000002a58a396880
0x000000b7923fcd80:   000002a58ab6fbd8 000000b7923fcdd0
0x000000b7923fcd90:   000002a58a396880 0000000000000000
0x000000b7923fcda0:   000000b70000000e 00007ffee0bca4ff
0x000000b7923fcdb0:   000002a58a396880 000002a58a2910c0
0x000000b7923fcdc0:   0000000000000431 00007ffe891f7390
0x000000b7923fcdd0:   00007ffe891f7438 000002a58ab20b70
0x000000b7923fcde0:   000000000000000e 000000000000199c
0x000000b7923fcdf0:   000000b7923fcca0 0000000000000000
0x000000b7923fce00:   000002a58a396b28 000002a58a2d5bb8
0x000000b7923fce10:   0000000000000000 00007ffec06f4550
0x000000b7923fce20:   000002a58a2d7980 000000b7923fcf50
0x000000b7923fce30:   000002a58a2d7950 000002a58a2d7968
0x000000b7923fce40:   000002a58ab3e1f0 00007ffec06f74b3
0x000000b7923fce50:   0000000000000000 000002a58ccd75b8 

Instructions: (pc=0x00007ffe88c691a6)
0x00007ffe88c690a6:   cc cc cc cc cc cc cc cc cc cc 48 89 5c 24 08 48
0x00007ffe88c690b6:   89 6c 24 10 48 89 74 24 18 48 89 7c 24 20 41 54
0x00007ffe88c690c6:   41 56 41 57 48 81 ec a0 00 00 00 8b 81 b8 00 00
0x00007ffe88c690d6:   00 48 8d 99 58 fd ff ff 05 55 21 ff ff 45 33 e4
0x00007ffe88c690e6:   4d 8b f9 4d 8b f0 48 8b fa 48 8b e9 83 f8 01 76
0x00007ffe88c690f6:   0b 48 8b cb e8 51 6d 40 00 41 8b dc c7 83 38 03
0x00007ffe88c69106:   00 00 05 00 00 00 e8 ef d7 28 00 48 8b 83 40 03
0x00007ffe88c69116:   00 00 a8 01 74 0a b2 01 48 8b cb e8 2a ce 2f 00
0x00007ffe88c69126:   44 39 a3 2c 03 00 00 75 0a 8b 83 28 03 00 00 a8
0x00007ffe88c69136:   0c 74 0a 33 d2 48 8b cb e8 ed 94 40 00 c7 83 38
0x00007ffe88c69146:   03 00 00 06 00 00 00 48 89 5c 24 50 4c 89 64 24
0x00007ffe88c69156:   58 4c 39 63 08 74 0a 48 8d 4c 24 50 e8 09 6d 2c
0x00007ffe88c69166:   00 40 f6 c7 01 74 0c 48 8d 4f ff ff 15 19 4d 72
0x00007ffe88c69176:   00 eb 09 48 8b cf ff 15 9e ce 71 00 48 8b d3 48
0x00007ffe88c69186:   8b c8 e8 e3 29 01 00 4c 39 63 08 74 05 49 8b f4
0x00007ffe88c69196:   eb 79 45 33 c0 48 8b d0 48 8b cb e8 6a 05 03 00
0x00007ffe88c691a6:   49 8b 16 48 8d 4c 24 70 48 8b f0 c7 44 24 40 0e
0x00007ffe88c691b6:   00 00 00 e8 62 25 01 00 48 8d 44 24 70 48 89 5c
0x00007ffe88c691c6:   24 30 48 89 44 24 28 48 8d 3d 64 e2 58 00 41 b9
0x00007ffe88c691d6:   02 00 00 00 4c 89 74 24 20 4c 8b c6 48 89 7c 24
0x00007ffe88c691e6:   70 48 8d 54 24 40 4c 89 bc 24 98 00 00 00 48 8b
0x00007ffe88c691f6:   cd e8 44 36 01 00 4c 39 63 08 48 89 7c 24 70 49
0x00007ffe88c69206:   0f 45 f4 4c 89 a4 24 98 00 00 00 4c 39 64 24 58
0x00007ffe88c69216:   74 0a 48 8d 4c 24 50 e8 ee 6c 2c 00 48 8b bb e8
0x00007ffe88c69226:   00 00 00 48 8b 47 10 4c 39 20 74 0c 48 8b cf e8
0x00007ffe88c69236:   b6 13 f7 ff 48 8b 47 10 48 8b 4f 08 48 89 41 10
0x00007ffe88c69246:   48 8b 57 08 48 8b 4f 18 48 89 4a 18 48 8b 57 08
0x00007ffe88c69256:   48 8b 4f 20 48 89 4a 20 48 8d 8b 88 02 00 00 48
0x00007ffe88c69266:   8b d3 e8 c3 02 ef ff 4c 8d 9c 24 a0 00 00 00 c7
0x00007ffe88c69276:   83 38 03 00 00 04 00 00 00 49 8b 5b 20 48 8b c6
0x00007ffe88c69286:   49 8b 6b 28 49 8b 73 30 49 8b 7b 38 49 8b e3 41
0x00007ffe88c69296:   5f 41 5e 41 5c c3 cc cc cc cc 4c 89 44 24 18 4c 


Stack slot to memory mapping:
stack at sp + 0 slots: 0x0 is NULL
stack at sp + 1 slots: 0x000002a58a396880 is a thread
stack at sp + 2 slots: 0x000002a58a396b28 points into unknown readable memory: 0x00007ffe893907d0 | d0 07 39 89 fe 7f 00 00
stack at sp + 3 slots: 0x000002a58a396880 is a thread
stack at sp + 4 slots: 0x000002a58ab6fbd8 points into unknown readable memory: 0x000002a58e723a70 | 70 3a 72 8e a5 02 00 00
stack at sp + 5 slots: 0x000000b7923fcdd0 is pointing into the stack for thread: 0x000002a58a396880
stack at sp + 6 slots: 0x000002a58a396880 is a thread
stack at sp + 7 slots: 0x0 is NULL


---------------  P R O C E S S  ---------------

Threads class SMR info:
_java_thread_list=0x000002a58ce5b9a0, length=25, elements={
0x000002a5f46e3680, 0x000002a588818690, 0x000002a588819b10, 0x000002a58885baa0,
0x000002a58885c450, 0x000002a58885ce00, 0x000002a58885d7b0, 0x000002a588886a90,
0x000002a58888f3a0, 0x000002a5889033c0, 0x000002a588a65520, 0x000002a589170c90,
0x000002a589171e20, 0x000002a58916c440, 0x000002a58a1af800, 0x000002a58a229130,
0x000002a58a243670, 0x000002a58a2be020, 0x000002a58a397bc0, 0x000002a58a396880,
0x000002a58a398560, 0x000002a58a395540, 0x000002a58a396d50, 0x000002a58a397220,
0x000002a58a3976f0
}

Java Threads: ( => current thread )
  0x000002a5f46e3680 JavaThread "main" [_thread_blocked, id=18932, stack(0x000000b78fe00000,0x000000b78ff00000)]
  0x000002a588818690 JavaThread "Reference Handler" daemon [_thread_blocked, id=18692, stack(0x000000b790500000,0x000000b790600000)]
  0x000002a588819b10 JavaThread "Finalizer" daemon [_thread_blocked, id=18836, stack(0x000000b790600000,0x000000b790700000)]
  0x000002a58885baa0 JavaThread "Signal Dispatcher" daemon [_thread_blocked, id=18728, stack(0x000000b790700000,0x000000b790800000)]
  0x000002a58885c450 JavaThread "Attach Listener" daemon [_thread_blocked, id=18684, stack(0x000000b790800000,0x000000b790900000)]
  0x000002a58885ce00 JavaThread "Service Thread" daemon [_thread_blocked, id=18668, stack(0x000000b790900000,0x000000b790a00000)]
  0x000002a58885d7b0 JavaThread "Monitor Deflation Thread" daemon [_thread_blocked, id=18664, stack(0x000000b790a00000,0x000000b790b00000)]
  0x000002a588886a90 JavaThread "C1 CompilerThread0" daemon [_thread_blocked, id=18732, stack(0x000000b790b00000,0x000000b790c00000)]
  0x000002a58888f3a0 JavaThread "Sweeper thread" daemon [_thread_blocked, id=18840, stack(0x000000b790c00000,0x000000b790d00000)]
  0x000002a5889033c0 JavaThread "Common-Cleaner" daemon [_thread_blocked, id=18796, stack(0x000000b790d00000,0x000000b790e00000)]
  0x000002a588a65520 JavaThread "Notification Thread" daemon [_thread_blocked, id=18804, stack(0x000000b791000000,0x000000b791100000)]
  0x000002a589170c90 JavaThread "RMI TCP Accept-0" daemon [_thread_in_native, id=14912, stack(0x000000b791100000,0x000000b791200000)]
  0x000002a589171e20 JavaThread "RMI TCP Accept-56940" daemon [_thread_in_native, id=18688, stack(0x000000b791200000,0x000000b791300000)]
  0x000002a58916c440 JavaThread "RMI TCP Accept-0" daemon [_thread_in_native, id=18760, stack(0x000000b791300000,0x000000b791400000)]
  0x000002a58a1af800 JavaThread "RMI TCP Connection(1)-127.0.0.1" daemon [_thread_in_native, id=15152, stack(0x000000b791e00000,0x000000b791f00000)]
  0x000002a58a229130 JavaThread "RMI Scheduler(0)" daemon [_thread_blocked, id=7088, stack(0x000000b791f00000,0x000000b792000000)]
  0x000002a58a243670 JavaThread "RMI TCP Connection(2)-127.0.0.1" daemon [_thread_in_native, id=6072, stack(0x000000b792000000,0x000000b792100000)]
  0x000002a58a2be020 JavaThread "JMX server connection timeout 22" daemon [_thread_blocked, id=18548, stack(0x000000b792100000,0x000000b792200000)]
  0x000002a58a397bc0 JavaThread "Thread-0" [_thread_blocked, id=8408, stack(0x000000b792200000,0x000000b792300000)]
=>0x000002a58a396880 JavaThread "restartedMain" [_thread_in_vm, id=5808, stack(0x000000b792300000,0x000000b792400000)]
  0x000002a58a398560 JavaThread "HikariPool-1 housekeeper" daemon [_thread_blocked, id=11672, stack(0x000000b792900000,0x000000b792a00000)]
  0x000002a58a395540 JavaThread "Catalina-utility-1" [_thread_blocked, id=9736, stack(0x000000b792a00000,0x000000b792b00000)]
  0x000002a58a396d50 JavaThread "Catalina-utility-2" [_thread_blocked, id=14036, stack(0x000000b792b00000,0x000000b792c00000)]
  0x000002a58a397220 JavaThread "container-0" [_thread_blocked, id=18256, stack(0x000000b792c00000,0x000000b792d00000)]
  0x000002a58a3976f0 JavaThread "HikariPool-1 connection adder" daemon [_thread_blocked, id=9468, stack(0x000000b792d00000,0x000000b792e00000)]

Other Threads:
  0x000002a588839a60 VMThread "VM Thread" [stack: 0x000000b790400000,0x000000b790500000] [id=18696]
  0x000002a5f46e4300 WatcherThread [stack: 0x000000b791400000,0x000000b791500000] [id=18660]
  0x000002a5f4734ca0 GCTaskThread "GC Thread#0" [stack: 0x000000b78ff00000,0x000000b790000000] [id=18768]
  0x000002a58a04fdf0 GCTaskThread "GC Thread#1" [stack: 0x000000b791600000,0x000000b791700000] [id=13740]
  0x000002a58a0500a0 GCTaskThread "GC Thread#2" [stack: 0x000000b791700000,0x000000b791800000] [id=18752]
  0x000002a58a050350 GCTaskThread "GC Thread#3" [stack: 0x000000b791800000,0x000000b791900000] [id=18700]
  0x000002a58a050600 GCTaskThread "GC Thread#4" [stack: 0x000000b791900000,0x000000b791a00000] [id=18704]
  0x000002a5893c7ae0 GCTaskThread "GC Thread#5" [stack: 0x000000b791a00000,0x000000b791b00000] [id=14384]
  0x000002a5893c99c0 GCTaskThread "GC Thread#6" [stack: 0x000000b791b00000,0x000000b791c00000] [id=18324]
  0x000002a58a1e3810 GCTaskThread "GC Thread#7" [stack: 0x000000b791c00000,0x000000b791d00000] [id=18708]
  0x000002a58a3e0e70 GCTaskThread "GC Thread#8" [stack: 0x000000b792400000,0x000000b792500000] [id=18576]
  0x000002a58a40be90 GCTaskThread "GC Thread#9" [stack: 0x000000b792500000,0x000000b792600000] [id=15532]
  0x000002a5f4746140 ConcurrentGCThread "G1 Main Marker" [stack: 0x000000b790000000,0x000000b790100000] [id=18748]
  0x000002a5f4746b50 ConcurrentGCThread "G1 Conc#0" [stack: 0x000000b790100000,0x000000b790200000] [id=18972]
  0x000002a58a48a560 ConcurrentGCThread "G1 Conc#1" [stack: 0x000000b792600000,0x000000b792700000] [id=4632]
  0x000002a58a48a810 ConcurrentGCThread "G1 Conc#2" [stack: 0x000000b792700000,0x000000b792800000] [id=19324]
  0x000002a5ff4444e0 ConcurrentGCThread "G1 Refine#0" [stack: 0x000000b790200000,0x000000b790300000] [id=18960]
  0x000002a5893c7d90 ConcurrentGCThread "G1 Refine#1" [stack: 0x000000b791d00000,0x000000b791e00000] [id=16132]
  0x000002a5f47a3200 ConcurrentGCThread "G1 Service" [stack: 0x000000b790300000,0x000000b790400000] [id=18868]

Threads with active compile tasks:

VM state: not at safepoint (normal execution)

VM Mutex/Monitor currently owned by a thread: None

Heap address: 0x0000000702400000, size: 4060 MB, Compressed Oops mode: Zero based, Oop shift amount: 3

CDS archive(s) not mapped
Compressed class space mapped at: 0x0000000800000000-0x0000000840000000, reserved size: 1073741824
Narrow klass base: 0x0000000800000000, Narrow klass shift: 0, Narrow klass range: 0x40000000

GC Precious Log:
 CPUs: 12 total, 12 available
 Memory: 16233M
 Large Page Support: Disabled
 NUMA Support: Disabled
 Compressed Oops: Enabled (Zero based)
 Heap Region Size: 2M
 Heap Min Capacity: 8M
 Heap Initial Capacity: 254M
 Heap Max Capacity: 4060M
 Pre-touch: Disabled
 Parallel Workers: 10
 Concurrent Workers: 3
 Concurrent Refinement Workers: 10
 Periodic GC: Disabled

Heap:
 garbage-first heap   total 75776K, used 37159K [0x0000000702400000, 0x0000000800000000)
  region size 2048K, 8 young (16384K), 2 survivors (4096K)
 Metaspace       used 60288K, committed 60736K, reserved 1105920K
  class space    used 8217K, committed 8448K, reserved 1048576K

Heap Regions: E=young(eden), S=young(survivor), O=old, HS=humongous(starts), HC=humongous(continues), CS=collection set, F=free, OA=open archive, CA=closed archive, TAMS=top-at-mark-start (previous, next)
|   0|0x0000000702400000, 0x0000000702600000, 0x0000000702600000|100%| O|  |TAMS 0x0000000702600000, 0x0000000702400000| Untracked 
|   1|0x0000000702600000, 0x0000000702800000, 0x0000000702800000|100%| O|  |TAMS 0x0000000702800000, 0x0000000702600000| Untracked 
|   2|0x0000000702800000, 0x0000000702a00000, 0x0000000702a00000|100%| O|  |TAMS 0x0000000702a00000, 0x0000000702800000| Untracked 
|   3|0x0000000702a00000, 0x0000000702c00000, 0x0000000702c00000|100%| O|  |TAMS 0x0000000702c00000, 0x0000000702a00000| Untracked 
|   4|0x0000000702c00000, 0x0000000702e00000, 0x0000000702e00000|100%| O|  |TAMS 0x0000000702e00000, 0x0000000702c00000| Untracked 
|   5|0x0000000702e00000, 0x0000000703000000, 0x0000000703000000|100%| O|  |TAMS 0x0000000703000000, 0x0000000702e00000| Untracked 
|   6|0x0000000703000000, 0x0000000703200000, 0x0000000703200000|100%| O|  |TAMS 0x0000000703154200, 0x0000000703000000| Untracked 
|   7|0x0000000703200000, 0x0000000703400000, 0x0000000703400000|100%| O|  |TAMS 0x0000000703400000, 0x0000000703200000| Untracked 
|   8|0x0000000703400000, 0x0000000703600000, 0x0000000703600000|100%| O|  |TAMS 0x0000000703600000, 0x0000000703400000| Untracked 
|   9|0x0000000703600000, 0x0000000703800000, 0x0000000703800000|100%| O|  |TAMS 0x0000000703800000, 0x0000000703600000| Untracked 
|  10|0x0000000703800000, 0x0000000703a00000, 0x0000000703a00000|100%| O|  |TAMS 0x0000000703a00000, 0x0000000703800000| Complete 
|  11|0x0000000703a00000, 0x0000000703ac2800, 0x0000000703c00000| 37%| O|  |TAMS 0x0000000703a00000, 0x0000000703a00000| Untracked 
|  12|0x0000000703c00000, 0x0000000703c00000, 0x0000000703e00000|  0%| F|  |TAMS 0x0000000703c00000, 0x0000000703c00000| Untracked 
|  13|0x0000000703e00000, 0x0000000703e00000, 0x0000000704000000|  0%| F|  |TAMS 0x0000000703e00000, 0x0000000703e00000| Untracked 
|  14|0x0000000704000000, 0x0000000704000000, 0x0000000704200000|  0%| F|  |TAMS 0x0000000704000000, 0x0000000704000000| Untracked 
|  15|0x0000000704200000, 0x0000000704200000, 0x0000000704400000|  0%| F|  |TAMS 0x0000000704200000, 0x0000000704200000| Untracked 
|  16|0x0000000704400000, 0x0000000704400000, 0x0000000704600000|  0%| F|  |TAMS 0x0000000704400000, 0x0000000704400000| Untracked 
|  17|0x0000000704600000, 0x0000000704600000, 0x0000000704800000|  0%| F|  |TAMS 0x0000000704600000, 0x0000000704600000| Untracked 
|  18|0x0000000704800000, 0x0000000704800000, 0x0000000704a00000|  0%| F|  |TAMS 0x0000000704800000, 0x0000000704800000| Untracked 
|  19|0x0000000704a00000, 0x0000000704a00000, 0x0000000704c00000|  0%| F|  |TAMS 0x0000000704a00000, 0x0000000704a00000| Untracked 
|  20|0x0000000704c00000, 0x0000000704c00000, 0x0000000704e00000|  0%| F|  |TAMS 0x0000000704c00000, 0x0000000704c00000| Untracked 
|  21|0x0000000704e00000, 0x0000000704e00000, 0x0000000705000000|  0%| F|  |TAMS 0x0000000704e00000, 0x0000000704e00000| Untracked 
|  22|0x0000000705000000, 0x0000000705000000, 0x0000000705200000|  0%| F|  |TAMS 0x0000000705000000, 0x0000000705000000| Untracked 
|  23|0x0000000705200000, 0x0000000705200000, 0x0000000705400000|  0%| F|  |TAMS 0x0000000705200000, 0x0000000705200000| Untracked 
|  24|0x0000000705400000, 0x0000000705400000, 0x0000000705600000|  0%| F|  |TAMS 0x0000000705400000, 0x0000000705400000| Untracked 
|  25|0x0000000705600000, 0x0000000705600000, 0x0000000705800000|  0%| F|  |TAMS 0x0000000705600000, 0x0000000705600000| Untracked 
|  26|0x0000000705800000, 0x0000000705800000, 0x0000000705a00000|  0%| F|  |TAMS 0x0000000705800000, 0x0000000705800000| Untracked 
|  27|0x0000000705a00000, 0x0000000705a00000, 0x0000000705c00000|  0%| F|  |TAMS 0x0000000705a00000, 0x0000000705a00000| Untracked 
|  28|0x0000000705c00000, 0x0000000705c00000, 0x0000000705e00000|  0%| F|  |TAMS 0x0000000705c00000, 0x0000000705c00000| Untracked 
|  29|0x0000000705e00000, 0x0000000705ea3600, 0x0000000706000000| 31%| E|  |TAMS 0x0000000705e00000, 0x0000000705e00000| Complete 
|  30|0x0000000706000000, 0x0000000706200000, 0x0000000706200000|100%| E|CS|TAMS 0x0000000706000000, 0x0000000706000000| Complete 
|  31|0x0000000706200000, 0x00000007063874a0, 0x0000000706400000| 76%| S|CS|TAMS 0x0000000706200000, 0x0000000706200000| Complete 
|  32|0x0000000706400000, 0x0000000706600000, 0x0000000706600000|100%| S|CS|TAMS 0x0000000706400000, 0x0000000706400000| Complete 
|  33|0x0000000706600000, 0x0000000706800000, 0x0000000706800000|100%| E|CS|TAMS 0x0000000706600000, 0x0000000706600000| Complete 
|  34|0x0000000706800000, 0x0000000706a00000, 0x0000000706a00000|100%| E|CS|TAMS 0x0000000706800000, 0x0000000706800000| Complete 
|  35|0x0000000706a00000, 0x0000000706c00000, 0x0000000706c00000|100%| E|CS|TAMS 0x0000000706a00000, 0x0000000706a00000| Complete 
| 126|0x0000000712000000, 0x0000000712200000, 0x0000000712200000|100%| E|CS|TAMS 0x0000000712000000, 0x0000000712000000| Complete 

Card table byte_map: [0x000002a5fb8b0000,0x000002a5fc0a0000] _byte_map_base: 0x000002a5f809e000

Marking Bits (Prev, Next): (CMBitMap*) 0x000002a5f47352f0, (CMBitMap*) 0x000002a5f47352b0
 Prev Bits: [0x000002a583f70000, 0x000002a587ee0000)
 Next Bits: [0x000002a580000000, 0x000002a583f70000)

Polling page: 0x000002a5f2650000

Metaspace:

Usage:
  Non-class:     50.85 MB used.
      Class:      8.03 MB used.
       Both:     58.88 MB used.

Virtual space:
  Non-class space:       56.00 MB reserved,      51.06 MB ( 91%) committed,  7 nodes.
      Class space:        1.00 GB reserved,       8.25 MB ( <1%) committed,  1 nodes.
             Both:        1.05 GB reserved,      59.31 MB (  5%) committed. 

Chunk freelists:
   Non-Class:  848.00 KB
       Class:  3.66 MB
        Both:  4.49 MB

MaxMetaspaceSize: unlimited
CompressedClassSpaceSize: 1.00 GB
Initial GC threshold: 21.00 MB
Current GC threshold: 98.12 MB
CDS: off
MetaspaceReclaimPolicy: balanced
 - commit_granule_bytes: 65536.
 - commit_granule_words: 8192.
 - virtual_space_node_default_size: 1048576.
 - enlarge_chunks_in_place: 1.
 - new_chunks_are_fully_committed: 0.
 - uncommit_free_chunks: 1.
 - use_allocation_guard: 0.
 - handle_deallocations: 1.


Internal statistics:

num_allocs_failed_limit: 9.
num_arena_births: 584.
num_arena_deaths: 0.
num_vsnodes_births: 8.
num_vsnodes_deaths: 0.
num_space_committed: 949.
num_space_uncommitted: 0.
num_chunks_returned_to_freelist: 9.
num_chunks_taken_from_freelist: 2555.
num_chunk_merges: 9.
num_chunk_splits: 1741.
num_chunks_enlarged: 1294.
num_purges: 0.
num_inconsistent_stats: 0.

CodeCache: size=49152Kb used=10414Kb max_used=12103Kb free=38737Kb
 bounds [0x000002a5f7d90000, 0x000002a5f8970000, 0x000002a5fad90000]
 total_blobs=6504 nmethods=5927 adapters=504
 compilation: enabled
              stopped_count=0, restarted_count=0
 full_count=0

Compilation events (20 events):
Event: 5.241 Thread 0x000002a58907f390 5918   !   1       java.io.ObjectOutputStream::writeOrdinaryObject (196 bytes)
Event: 5.241 Thread 0x000002a588886a90 5920   !   1       java.io.ObjectOutputStream::writeSerialData (223 bytes)
Event: 5.241 Thread 0x000002a588903a60 5919       1       java.io.ObjectStreamClass::checkSerialize (20 bytes)
Event: 5.241 Thread 0x000002a5889a7ff0 5921       1       java.io.BufferedOutputStream::flushBuffer (29 bytes)
Event: 5.241 Thread 0x000002a5889a7ff0 nmethod 5921 0x000002a5f895c990 code [0x000002a5f895cb20, 0x000002a5f895cc48]
Event: 5.241 Thread 0x000002a588903a60 nmethod 5919 0x000002a5f895cd10 code [0x000002a5f895cec0, 0x000002a5f895d118]
Event: 5.241 Thread 0x000002a58907f390 nmethod 5918 0x000002a5f895d290 code [0x000002a5f895d520, 0x000002a5f895dc68]
Event: 5.241 Thread 0x000002a588886a90 nmethod 5920 0x000002a5f895e490 code [0x000002a5f895e6c0, 0x000002a5f895f028]
Event: 5.793 Thread 0x000002a58907f390 5922       1       java.io.ObjectOutputStream::writeByte (9 bytes)
Event: 5.793 Thread 0x000002a58907f390 nmethod 5922 0x000002a5f895f590 code [0x000002a5f895f720, 0x000002a5f895f868]
Event: 5.793 Thread 0x000002a588903a60 5925       1       java.io.ObjectStreamClass$FieldReflector::getObjFieldValues (96 bytes)
Event: 5.793 Thread 0x000002a588886a90 5927       1       java.io.ObjectStreamClass$FieldReflector::getPrimFieldValues (317 bytes)
Event: 5.793 Thread 0x000002a58907f390 5923       1       java.io.ObjectOutputStream::writeUTF (9 bytes)
Event: 5.793 Thread 0x000002a5889a7ff0 5926       1       java.io.ObjectOutputStream$BlockDataOutputStream::write (152 bytes)
Event: 5.794 Thread 0x000002a58907f390 nmethod 5923 0x000002a5f895f990 code [0x000002a5f895fb40, 0x000002a5f895fc78]
Event: 5.794 Thread 0x000002a58907f390 5924       1       java.io.ObjectOutputStream$BlockDataOutputStream::writeUTF (11 bytes)
Event: 5.794 Thread 0x000002a58907f390 nmethod 5924 0x000002a5f895fd90 code [0x000002a5f895ff40, 0x000002a5f8960058]
Event: 5.794 Thread 0x000002a588903a60 nmethod 5925 0x000002a5f8960110 code [0x000002a5f89602e0, 0x000002a5f8960778]
Event: 5.794 Thread 0x000002a5889a7ff0 nmethod 5926 0x000002a5f8960a10 code [0x000002a5f8960c00, 0x000002a5f8960fb8]
Event: 5.794 Thread 0x000002a588886a90 nmethod 5927 0x000002a5f8961190 code [0x000002a5f89613a0, 0x000002a5f8961a18]

GC Heap History (20 events):
Event: 1.151 GC heap before
{Heap before GC invocations=4 (full 0):
 garbage-first heap   total 40960K, used 27778K [0x0000000702400000, 0x0000000800000000)
  region size 2048K, 11 young (22528K), 1 survivors (2048K)
 Metaspace       used 24678K, committed 25024K, reserved 1073152K
  class space    used 2909K, committed 3072K, reserved 1048576K
}
Event: 1.153 GC heap after
{Heap after GC invocations=5 (full 0):
 garbage-first heap   total 40960K, used 10623K [0x0000000702400000, 0x0000000800000000)
  region size 2048K, 2 young (4096K), 2 survivors (4096K)
 Metaspace       used 24678K, committed 25024K, reserved 1073152K
  class space    used 2909K, committed 3072K, reserved 1048576K
}
Event: 1.190 GC heap before
{Heap before GC invocations=5 (full 0):
 garbage-first heap   total 40960K, used 12671K [0x0000000702400000, 0x0000000800000000)
  region size 2048K, 3 young (6144K), 2 survivors (4096K)
 Metaspace       used 25152K, committed 25472K, reserved 1073152K
  class space    used 2986K, committed 3136K, reserved 1048576K
}
Event: 1.193 GC heap after
{Heap after GC invocations=6 (full 0):
 garbage-first heap   total 40960K, used 10839K [0x0000000702400000, 0x0000000800000000)
  region size 2048K, 1 young (2048K), 1 survivors (2048K)
 Metaspace       used 25152K, committed 25472K, reserved 1073152K
  class space    used 2986K, committed 3136K, reserved 1048576K
}
Event: 1.407 GC heap before
{Heap before GC invocations=6 (full 0):
 garbage-first heap   total 40960K, used 25175K [0x0000000702400000, 0x0000000800000000)
  region size 2048K, 8 young (16384K), 1 survivors (2048K)
 Metaspace       used 26988K, committed 27264K, reserved 1073152K
  class space    used 3197K, committed 3328K, reserved 1048576K
}
Event: 1.409 GC heap after
{Heap after GC invocations=7 (full 0):
 garbage-first heap   total 151552K, used 11644K [0x0000000702400000, 0x0000000800000000)
  region size 2048K, 1 young (2048K), 1 survivors (2048K)
 Metaspace       used 26988K, committed 27264K, reserved 1073152K
  class space    used 3197K, committed 3328K, reserved 1048576K
}
Event: 2.424 GC heap before
{Heap before GC invocations=7 (full 0):
 garbage-first heap   total 151552K, used 87420K [0x0000000702400000, 0x0000000800000000)
  region size 2048K, 39 young (79872K), 1 survivors (2048K)
 Metaspace       used 35667K, committed 35968K, reserved 1081344K
  class space    used 4611K, committed 4736K, reserved 1048576K
}
Event: 2.428 GC heap after
{Heap after GC invocations=8 (full 0):
 garbage-first heap   total 151552K, used 16624K [0x0000000702400000, 0x0000000800000000)
  region size 2048K, 4 young (8192K), 4 survivors (8192K)
 Metaspace       used 35667K, committed 35968K, reserved 1081344K
  class space    used 4611K, committed 4736K, reserved 1048576K
}
Event: 2.932 GC heap before
{Heap before GC invocations=9 (full 0):
 garbage-first heap   total 75776K, used 53488K [0x0000000702400000, 0x0000000800000000)
  region size 2048K, 22 young (45056K), 4 survivors (8192K)
 Metaspace       used 41504K, committed 41920K, reserved 1089536K
  class space    used 5304K, committed 5504K, reserved 1048576K
}
Event: 2.936 GC heap after
{Heap after GC invocations=10 (full 0):
 garbage-first heap   total 75776K, used 19282K [0x0000000702400000, 0x0000000800000000)
  region size 2048K, 2 young (4096K), 2 survivors (4096K)
 Metaspace       used 41504K, committed 41920K, reserved 1089536K
  class space    used 5304K, committed 5504K, reserved 1048576K
}
Event: 2.965 GC heap before
{Heap before GC invocations=10 (full 0):
 garbage-first heap   total 75776K, used 21330K [0x0000000702400000, 0x0000000800000000)
  region size 2048K, 3 young (6144K), 2 survivors (4096K)
 Metaspace       used 41791K, committed 42176K, reserved 1089536K
  class space    used 5356K, committed 5568K, reserved 1048576K
}
Event: 2.967 GC heap after
{Heap after GC invocations=11 (full 0):
 garbage-first heap   total 75776K, used 20032K [0x0000000702400000, 0x0000000800000000)
  region size 2048K, 1 young (2048K), 1 survivors (2048K)
 Metaspace       used 41791K, committed 42176K, reserved 1089536K
  class space    used 5356K, committed 5568K, reserved 1048576K
}
Event: 3.543 GC heap before
{Heap before GC invocations=11 (full 0):
 garbage-first heap   total 75776K, used 52800K [0x0000000702400000, 0x0000000800000000)
  region size 2048K, 17 young (34816K), 1 survivors (2048K)
 Metaspace       used 49287K, committed 49664K, reserved 1097728K
  class space    used 6531K, committed 6720K, reserved 1048576K
}
Event: 3.545 GC heap after
{Heap after GC invocations=12 (full 0):
 garbage-first heap   total 75776K, used 22076K [0x0000000702400000, 0x0000000800000000)
  region size 2048K, 2 young (4096K), 2 survivors (4096K)
 Metaspace       used 49287K, committed 49664K, reserved 1097728K
  class space    used 6531K, committed 6720K, reserved 1048576K
}
Event: 4.000 GC heap before
{Heap before GC invocations=12 (full 0):
 garbage-first heap   total 75776K, used 54844K [0x0000000702400000, 0x0000000800000000)
  region size 2048K, 18 young (36864K), 2 survivors (4096K)
 Metaspace       used 55205K, committed 55616K, reserved 1097728K
  class space    used 7475K, committed 7680K, reserved 1048576K
}
Event: 4.002 GC heap after
{Heap after GC invocations=13 (full 0):
 garbage-first heap   total 75776K, used 23460K [0x0000000702400000, 0x0000000800000000)
  region size 2048K, 2 young (4096K), 2 survivors (4096K)
 Metaspace       used 55205K, committed 55616K, reserved 1097728K
  class space    used 7475K, committed 7680K, reserved 1048576K
}
Event: 4.523 GC heap before
{Heap before GC invocations=13 (full 0):
 garbage-first heap   total 75776K, used 58276K [0x0000000702400000, 0x0000000800000000)
  region size 2048K, 19 young (38912K), 2 survivors (4096K)
 Metaspace       used 59023K, committed 59520K, reserved 1105920K
  class space    used 8024K, committed 8256K, reserved 1048576K
}
Event: 4.527 GC heap after
{Heap after GC invocations=14 (full 0):
 garbage-first heap   total 75776K, used 26381K [0x0000000702400000, 0x0000000800000000)
  region size 2048K, 3 young (6144K), 3 survivors (6144K)
 Metaspace       used 59023K, committed 59520K, reserved 1105920K
  class space    used 8024K, committed 8256K, reserved 1048576K
}
Event: 4.587 GC heap before
{Heap before GC invocations=14 (full 0):
 garbage-first heap   total 75776K, used 32525K [0x0000000702400000, 0x0000000800000000)
  region size 2048K, 7 young (14336K), 3 survivors (6144K)
 Metaspace       used 59785K, committed 60160K, reserved 1105920K
  class space    used 8126K, committed 8320K, reserved 1048576K
}
Event: 4.589 GC heap after
{Heap after GC invocations=15 (full 0):
 garbage-first heap   total 75776K, used 26919K [0x0000000702400000, 0x0000000800000000)
  region size 2048K, 2 young (4096K), 2 survivors (4096K)
 Metaspace       used 59785K, committed 60160K, reserved 1105920K
  class space    used 8126K, committed 8320K, reserved 1048576K
}

Deoptimization events (18 events):
Event: 0.235 Thread 0x000002a5f46e3680 DEOPT PACKING pc=0x000002a5f8009b2d sp=0x000000b78fefc460
Event: 0.235 Thread 0x000002a5f46e3680 DEOPT UNPACKING pc=0x000002a5f7de2b43 sp=0x000000b78fefb9c0 mode 3
Event: 0.719 Thread 0x000002a5f46e3680 DEOPT PACKING pc=0x000002a5f8065401 sp=0x000000b78fefd610
Event: 0.719 Thread 0x000002a5f46e3680 DEOPT UNPACKING pc=0x000002a5f7de2b43 sp=0x000000b78fefca68 mode 3
Event: 1.147 Thread 0x000002a58a396880 DEOPT PACKING pc=0x000002a5f83812f9 sp=0x000000b7923fcde0
Event: 1.147 Thread 0x000002a58a396880 DEOPT UNPACKING pc=0x000002a5f7de2b43 sp=0x000000b7923fc2c0 mode 3
Event: 1.854 Thread 0x000002a58a396880 DEOPT PACKING pc=0x000002a5f838e854 sp=0x000000b7923fd200
Event: 1.854 Thread 0x000002a58a396880 DEOPT UNPACKING pc=0x000002a5f7de2b43 sp=0x000000b7923fc758 mode 0
Event: 2.147 Thread 0x000002a58a396880 DEOPT PACKING pc=0x000002a5f85add01 sp=0x000000b7923fc800
Event: 2.147 Thread 0x000002a58a396880 DEOPT UNPACKING pc=0x000002a5f7de2b43 sp=0x000000b7923fbc70 mode 3
Event: 2.845 Thread 0x000002a58a396880 DEOPT PACKING pc=0x000002a5f86388a5 sp=0x000000b7923fc080
Event: 2.845 Thread 0x000002a58a396880 DEOPT UNPACKING pc=0x000002a5f7de2b43 sp=0x000000b7923fb5e8 mode 3
Event: 4.248 Thread 0x000002a58a396880 DEOPT PACKING pc=0x000002a5f8368fe2 sp=0x000000b7923fab50
Event: 4.248 Thread 0x000002a58a396880 DEOPT UNPACKING pc=0x000002a5f7de2b43 sp=0x000000b7923fa058 mode 3
Event: 4.249 Thread 0x000002a58a396880 DEOPT PACKING pc=0x000002a5f835f265 sp=0x000000b7923fab10
Event: 4.249 Thread 0x000002a58a396880 DEOPT UNPACKING pc=0x000002a5f7de2b43 sp=0x000000b7923fa058 mode 3
Event: 4.567 Thread 0x000002a58a396880 DEOPT PACKING pc=0x000002a5f888f479 sp=0x000000b7923fd490
Event: 4.567 Thread 0x000002a58a396880 DEOPT UNPACKING pc=0x000002a5f7de2b43 sp=0x000000b7923fc970 mode 3

Classes unloaded (0 events):
No events

Classes redefined (0 events):
No events

Internal exceptions (20 events):
Event: 4.610 Thread 0x000002a58a396880 Exception <a 'java/lang/reflect/InvocationTargetException'{0x0000000706a93320}> (0x0000000706a93320) 
thrown [e:\jenkins\tmp\workspace\build\src\src\hotspot\share\runtime\reflection.cpp, line 1121]
Event: 4.611 Thread 0x000002a58a396880 Exception <a 'java/lang/reflect/InvocationTargetException'{0x0000000706a9eac0}> (0x0000000706a9eac0) 
thrown [e:\jenkins\tmp\workspace\build\src\src\hotspot\share\runtime\reflection.cpp, line 1121]
Event: 4.620 Thread 0x000002a58a396880 Exception <a 'java/lang/ClassNotFoundException'{0x0000000706b32830}: it/cnr/istc/psts/wikitel/db/ModelCustomizer> (0x0000000706b32830) 
thrown [e:\jenkins\tmp\workspace\build\src\src\hotspot\share\classfile\systemDictionary.cpp, line 256]
Event: 4.621 Thread 0x000002a58a396880 Exception <a 'java/lang/NoSuchMethodError'{0x0000000706b42948}: 'java.lang.Object java.lang.invoke.DirectMethodHandle$Holder.invokeInterface(java.lang.Object, java.lang.Object, int)'> (0x0000000706b42948) 
thrown [e:\jenkins\tmp\workspace\build\src\src\hotspot\share\interpreter\linkResolver.cpp, line 766]
Event: 4.622 Thread 0x000002a58a396880 Exception <a 'java/lang/reflect/InvocationTargetException'{0x0000000706b67eb0}> (0x0000000706b67eb0) 
thrown [e:\jenkins\tmp\workspace\build\src\src\hotspot\share\runtime\reflection.cpp, line 1121]
Event: 4.628 Thread 0x000002a58a396880 Exception <a 'java/lang/ClassNotFoundException'{0x0000000706bed4d8}: java/lang/ObjectCustomizer> (0x0000000706bed4d8) 
thrown [e:\jenkins\tmp\workspace\build\src\src\hotspot\share\classfile\systemDictionary.cpp, line 256]
Event: 4.628 Thread 0x000002a58a396880 Exception <a 'java/lang/ClassNotFoundException'{0x0000000706bf8020}: it/cnr/istc/psts/wikitel/db/SuggestionEntityCustomizer> (0x0000000706bf8020) 
thrown [e:\jenkins\tmp\workspace\build\src\src\hotspot\share\classfile\systemDictionary.cpp, line 256]
Event: 4.628 Thread 0x000002a58a396880 Exception <a 'java/lang/ClassNotFoundException'{0x0000000706800ec8}: it/cnr/istc/psts/wikitel/db/WikiSuggestionEntityCustomizer> (0x0000000706800ec8) 
thrown [e:\jenkins\tmp\workspace\build\src\src\hotspot\share\classfile\systemDictionary.cpp, line 256]
Event: 4.631 Thread 0x000002a58a396880 Exception <a 'java/lang/reflect/InvocationTargetException'{0x00000007068c7f10}> (0x00000007068c7f10) 
thrown [e:\jenkins\tmp\workspace\build\src\src\hotspot\share\runtime\reflection.cpp, line 1121]
Event: 4.637 Thread 0x000002a58a396880 Exception <a 'java/lang/reflect/InvocationTargetException'{0x00000007069d4750}> (0x00000007069d4750) 
thrown [e:\jenkins\tmp\workspace\build\src\src\hotspot\share\runtime\reflection.cpp, line 1121]
Event: 4.644 Thread 0x000002a58a396880 Exception <a 'java/lang/reflect/InvocationTargetException'{0x00000007066dc460}> (0x00000007066dc460) 
thrown [e:\jenkins\tmp\workspace\build\src\src\hotspot\share\runtime\reflection.cpp, line 1121]
Event: 4.739 Thread 0x000002a58a243670 Exception <a 'java/lang/reflect/InvocationTargetException'{0x0000000705e924e0}> (0x0000000705e924e0) 
thrown [e:\jenkins\tmp\workspace\build\src\src\hotspot\share\runtime\reflection.cpp, line 1121]
Event: 5.241 Thread 0x000002a58a243670 Exception <a 'java/lang/reflect/InvocationTargetException'{0x0000000705e97b78}> (0x0000000705e97b78) 
thrown [e:\jenkins\tmp\workspace\build\src\src\hotspot\share\runtime\reflection.cpp, line 1121]
Event: 5.793 Thread 0x000002a58a243670 Exception <a 'java/lang/reflect/InvocationTargetException'{0x0000000705e9bc88}> (0x0000000705e9bc88) 
thrown [e:\jenkins\tmp\workspace\build\src\src\hotspot\share\runtime\reflection.cpp, line 1121]
Event: 6.331 Thread 0x000002a58a396880 Exception <a 'java/lang/NoSuchMethodError'{0x0000000705e23808}: <init>> (0x0000000705e23808) 
thrown [e:\jenkins\tmp\workspace\build\src\src\hotspot\share\prims\jni.cpp, line 1073]
Event: 6.332 Thread 0x000002a58a396880 Exception <a 'java/lang/NoSuchMethodError'{0x0000000705e27388}: <init>> (0x0000000705e27388) 
thrown [e:\jenkins\tmp\workspace\build\src\src\hotspot\share\prims\jni.cpp, line 1073]
Event: 6.334 Thread 0x000002a58a396880 Exception <a 'java/lang/NoSuchMethodError'{0x0000000705e3e758}: <init>> (0x0000000705e3e758) 
thrown [e:\jenkins\tmp\workspace\build\src\src\hotspot\share\prims\jni.cpp, line 1073]
Event: 6.334 Thread 0x000002a58a396880 Exception <a 'java/lang/NoSuchMethodError'{0x0000000705e41f40}: <init>> (0x0000000705e41f40) 
thrown [e:\jenkins\tmp\workspace\build\src\src\hotspot\share\prims\jni.cpp, line 1073]
Event: 6.334 Thread 0x000002a58a396880 Exception <a 'java/lang/NoSuchMethodError'{0x0000000705e45298}: <init>> (0x0000000705e45298) 
thrown [e:\jenkins\tmp\workspace\build\src\src\hotspot\share\prims\jni.cpp, line 1073]
Event: 6.334 Thread 0x000002a58a396880 Exception <a 'java/lang/NoSuchMethodError'{0x0000000705e4b890}: <init>> (0x0000000705e4b890) 
thrown [e:\jenkins\tmp\workspace\build\src\src\hotspot\share\prims\jni.cpp, line 1073]

VM Operations (20 events):
Event: 4.587 Executing VM operation: CollectForMetadataAllocation
Event: 4.589 Executing VM operation: CollectForMetadataAllocation done
Event: 4.592 Executing VM operation: ICBufferFull
Event: 4.592 Executing VM operation: ICBufferFull done
Event: 4.602 Executing VM operation: G1Concurrent
Event: 4.605 Executing VM operation: G1Concurrent done
Event: 4.611 Executing VM operation: G1Concurrent
Event: 4.611 Executing VM operation: G1Concurrent done
Event: 4.616 Executing VM operation: HandshakeAllThreads
Event: 4.616 Executing VM operation: HandshakeAllThreads done
Event: 4.617 Executing VM operation: HandshakeAllThreads
Event: 4.617 Executing VM operation: HandshakeAllThreads done
Event: 4.623 Executing VM operation: ICBufferFull
Event: 4.623 Executing VM operation: ICBufferFull done
Event: 4.637 Executing VM operation: ICBufferFull
Event: 4.637 Executing VM operation: ICBufferFull done
Event: 4.644 Executing VM operation: ICBufferFull
Event: 4.644 Executing VM operation: ICBufferFull done
Event: 5.654 Executing VM operation: Cleanup
Event: 5.654 Executing VM operation: Cleanup done

Events (20 events):
Event: 4.571 loading class sun/reflect/ReflectionFactory
Event: 4.571 loading class sun/reflect/ReflectionFactory done
Event: 4.571 loading class sun/reflect/ReflectionFactory$1
Event: 4.571 loading class sun/reflect/ReflectionFactory$1 done
Event: 4.571 loading class java/io/OptionalDataException
Event: 4.571 loading class java/io/OptionalDataException done
Event: 4.628 loading class java/lang/ObjectCustomizer
Event: 4.628 loading class java/lang/ObjectCustomizer done
Event: 4.628 loading class java/lang/ObjectCustomizer
Event: 4.628 loading class java/lang/ObjectCustomizer done
Event: 4.636 loading class jdk/internal/loader/BootLoader$PackageHelper
Event: 4.636 loading class jdk/internal/loader/BootLoader$PackageHelper done
Event: 5.823 Loaded shared library C:\Windows\System32\json.dll
Event: 5.895 Loaded shared library C:\Windows\System32\smt.dll
Event: 5.966 Loaded shared library C:\Windows\System32\riddle.dll
Event: 6.042 Loaded shared library C:\Windows\System32\core.dll
Event: 6.119 Loaded shared library C:\Windows\System32\solver.dll
Event: 6.191 Loaded shared library C:\Windows\System32\executor.dll
Event: 6.260 Loaded shared library C:\Windows\System32\solver-java-api.dll
Event: 6.329 Loaded shared library C:\Windows\System32\executor-java-api.dll


Dynamic libraries:
0x00007ff75a780000 - 0x00007ff75a78e000 	C:\Users\aliyo\Downloads\sts-4.14.1.RELEASE\plugins\org.eclipse.justj.openjdk.hotspot.jre.full.win32.x86_64_17.0.2.v20220201-1208\jre\bin\javaw.exe
0x00007ffeefae0000 - 0x00007ffeefce9000 	C:\WINDOWS\SYSTEM32\ntdll.dll
0x00007ffeedef0000 - 0x00007ffeedfad000 	C:\WINDOWS\System32\KERNEL32.DLL
0x00007ffeed500000 - 0x00007ffeed879000 	C:\WINDOWS\System32\KERNELBASE.dll
0x00007ffeed340000 - 0x00007ffeed451000 	C:\WINDOWS\System32\ucrtbase.dll
0x00007ffee2150000 - 0x00007ffee2168000 	C:\Users\aliyo\Downloads\sts-4.14.1.RELEASE\plugins\org.eclipse.justj.openjdk.hotspot.jre.full.win32.x86_64_17.0.2.v20220201-1208\jre\bin\jli.dll
0x00007ffec0760000 - 0x00007ffec0779000 	C:\Users\aliyo\Downloads\sts-4.14.1.RELEASE\plugins\org.eclipse.justj.openjdk.hotspot.jre.full.win32.x86_64_17.0.2.v20220201-1208\jre\bin\VCRUNTIME140.dll
0x00007ffeef830000 - 0x00007ffeef9dc000 	C:\WINDOWS\System32\USER32.dll
0x00007ffec8b50000 - 0x00007ffec8df5000 	C:\WINDOWS\WinSxS\amd64_microsoft.windows.common-controls_6595b64144ccf1df_6.0.22000.120_none_9d947278b86cc467\COMCTL32.dll
0x00007ffeed0e0000 - 0x00007ffeed106000 	C:\WINDOWS\System32\win32u.dll
0x00007ffeeeee0000 - 0x00007ffeeef83000 	C:\WINDOWS\System32\msvcrt.dll
0x00007ffeed970000 - 0x00007ffeed999000 	C:\WINDOWS\System32\GDI32.dll
0x00007ffeecfc0000 - 0x00007ffeed0d2000 	C:\WINDOWS\System32\gdi32full.dll
0x00007ffeed460000 - 0x00007ffeed4fd000 	C:\WINDOWS\System32\msvcp_win.dll
0x00007ffeef150000 - 0x00007ffeef181000 	C:\WINDOWS\System32\IMM32.DLL
0x00007ffee0ed0000 - 0x00007ffee0edc000 	C:\Users\aliyo\Downloads\sts-4.14.1.RELEASE\plugins\org.eclipse.justj.openjdk.hotspot.jre.full.win32.x86_64_17.0.2.v20220201-1208\jre\bin\vcruntime140_1.dll
0x00007ffeaca10000 - 0x00007ffeacaa1000 	C:\Users\aliyo\Downloads\sts-4.14.1.RELEASE\plugins\org.eclipse.justj.openjdk.hotspot.jre.full.win32.x86_64_17.0.2.v20220201-1208\jre\bin\msvcp140.dll
0x00007ffe88890000 - 0x00007ffe894d7000 	C:\Users\aliyo\Downloads\sts-4.14.1.RELEASE\plugins\org.eclipse.justj.openjdk.hotspot.jre.full.win32.x86_64_17.0.2.v20220201-1208\jre\bin\server\jvm.dll
0x00007ffeef570000 - 0x00007ffeef61e000 	C:\WINDOWS\System32\ADVAPI32.dll
0x00007ffeefa00000 - 0x00007ffeefa9e000 	C:\WINDOWS\System32\sechost.dll
0x00007ffeef620000 - 0x00007ffeef740000 	C:\WINDOWS\System32\RPCRT4.dll
0x00007ffeef820000 - 0x00007ffeef828000 	C:\WINDOWS\System32\PSAPI.DLL
0x00007ffee6de0000 - 0x00007ffee6e13000 	C:\WINDOWS\SYSTEM32\WINMM.dll
0x00007ffee5a60000 - 0x00007ffee5a6a000 	C:\WINDOWS\SYSTEM32\VERSION.dll
0x00007ffed3fc0000 - 0x00007ffed3fc9000 	C:\WINDOWS\SYSTEM32\WSOCK32.dll
0x00007ffeef310000 - 0x00007ffeef37f000 	C:\WINDOWS\System32\WS2_32.dll
0x00007ffeec1b0000 - 0x00007ffeec1c8000 	C:\WINDOWS\SYSTEM32\kernel.appcore.dll
0x00007ffee6210000 - 0x00007ffee621a000 	C:\Users\aliyo\Downloads\sts-4.14.1.RELEASE\plugins\org.eclipse.justj.openjdk.hotspot.jre.full.win32.x86_64_17.0.2.v20220201-1208\jre\bin\jimage.dll
0x00007ffeea330000 - 0x00007ffeea551000 	C:\WINDOWS\SYSTEM32\DBGHELP.DLL
0x00007ffee21c0000 - 0x00007ffee21f1000 	C:\WINDOWS\SYSTEM32\dbgcore.DLL
0x00007ffeed880000 - 0x00007ffeed8ff000 	C:\WINDOWS\System32\bcryptPrimitives.dll
0x00007ffed3aa0000 - 0x00007ffed3ac5000 	C:\Users\aliyo\Downloads\sts-4.14.1.RELEASE\plugins\org.eclipse.justj.openjdk.hotspot.jre.full.win32.x86_64_17.0.2.v20220201-1208\jre\bin\java.dll
0x00007ffee1f70000 - 0x00007ffee1f88000 	C:\Users\aliyo\Downloads\sts-4.14.1.RELEASE\plugins\org.eclipse.justj.openjdk.hotspot.jre.full.win32.x86_64_17.0.2.v20220201-1208\jre\bin\zip.dll
0x00007ffeee570000 - 0x00007ffeeed28000 	C:\WINDOWS\System32\SHELL32.dll
0x00007ffeeb100000 - 0x00007ffeeb968000 	C:\WINDOWS\SYSTEM32\windows.storage.dll
0x00007ffeed9a0000 - 0x00007ffeedd19000 	C:\WINDOWS\System32\combase.dll
0x00007ffeeaf90000 - 0x00007ffeeb0f6000 	C:\WINDOWS\SYSTEM32\wintypes.dll
0x00007ffeedfb0000 - 0x00007ffeee09a000 	C:\WINDOWS\System32\SHCORE.dll
0x00007ffeee510000 - 0x00007ffeee56d000 	C:\WINDOWS\System32\shlwapi.dll
0x00007ffeecef0000 - 0x00007ffeecf11000 	C:\WINDOWS\SYSTEM32\profapi.dll
0x00007ffecf4e0000 - 0x00007ffecf4f9000 	C:\Users\aliyo\Downloads\sts-4.14.1.RELEASE\plugins\org.eclipse.justj.openjdk.hotspot.jre.full.win32.x86_64_17.0.2.v20220201-1208\jre\bin\net.dll
0x00007ffee7290000 - 0x00007ffee739c000 	C:\WINDOWS\SYSTEM32\WINHTTP.dll
0x00007ffeec5e0000 - 0x00007ffeec647000 	C:\WINDOWS\system32\mswsock.dll
0x00007ffecd200000 - 0x00007ffecd215000 	C:\Users\aliyo\Downloads\sts-4.14.1.RELEASE\plugins\org.eclipse.justj.openjdk.hotspot.jre.full.win32.x86_64_17.0.2.v20220201-1208\jre\bin\nio.dll
0x00007ffee1600000 - 0x00007ffee1609000 	C:\Users\aliyo\Downloads\sts-4.14.1.RELEASE\plugins\org.eclipse.justj.openjdk.hotspot.jre.full.win32.x86_64_17.0.2.v20220201-1208\jre\bin\management.dll
0x00007ffee10a0000 - 0x00007ffee10ab000 	C:\Users\aliyo\Downloads\sts-4.14.1.RELEASE\plugins\org.eclipse.justj.openjdk.hotspot.jre.full.win32.x86_64_17.0.2.v20220201-1208\jre\bin\management_ext.dll
0x00007ffebf770000 - 0x00007ffebf787000 	C:\WINDOWS\system32\napinsp.dll
0x00007ffebf750000 - 0x00007ffebf76b000 	C:\WINDOWS\system32\pnrpnsp.dll
0x00007ffeebd10000 - 0x00007ffeebdf8000 	C:\WINDOWS\SYSTEM32\DNSAPI.dll
0x00007ffeebca0000 - 0x00007ffeebccd000 	C:\WINDOWS\SYSTEM32\IPHLPAPI.DLL
0x00007ffeeeed0000 - 0x00007ffeeeed9000 	C:\WINDOWS\System32\NSI.dll
0x00007ffebf730000 - 0x00007ffebf742000 	C:\WINDOWS\System32\winrnr.dll
0x00007ffee71c0000 - 0x00007ffee71d5000 	C:\WINDOWS\system32\wshbth.dll
0x00007ffebec50000 - 0x00007ffebec6f000 	C:\WINDOWS\system32\nlansp_c.dll
0x00007ffee6080000 - 0x00007ffee608a000 	C:\Windows\System32\rasadhlp.dll
0x00007ffee64a0000 - 0x00007ffee6521000 	C:\WINDOWS\System32\fwpuclnt.dll
0x00007ffeec820000 - 0x00007ffeec838000 	C:\WINDOWS\SYSTEM32\CRYPTSP.dll
0x00007ffeec110000 - 0x00007ffeec145000 	C:\WINDOWS\system32\rsaenh.dll
0x00007ffeec6d0000 - 0x00007ffeec6f9000 	C:\WINDOWS\SYSTEM32\USERENV.dll
0x00007ffeec9a0000 - 0x00007ffeec9c7000 	C:\WINDOWS\SYSTEM32\bcrypt.dll
0x00007ffeec840000 - 0x00007ffeec84c000 	C:\WINDOWS\SYSTEM32\CRYPTBASE.dll
0x00007ffee7450000 - 0x00007ffee7469000 	C:\WINDOWS\SYSTEM32\dhcpcsvc6.DLL
0x00007ffee7890000 - 0x00007ffee78ae000 	C:\WINDOWS\SYSTEM32\dhcpcsvc.DLL
0x00007ffee61a0000 - 0x00007ffee61b0000 	C:\Users\aliyo\Downloads\sts-4.14.1.RELEASE\plugins\org.eclipse.justj.openjdk.hotspot.jre.full.win32.x86_64_17.0.2.v20220201-1208\jre\bin\verify.dll
0x00007ffed4600000 - 0x00007ffed460f000 	C:\Windows\System32\json.dll
0x00007ffebd480000 - 0x00007ffebd4c2000 	C:\Windows\System32\smt.dll
0x00007ffec0740000 - 0x00007ffec075f000 	C:\Windows\System32\riddle.dll
0x00007ffeb40a0000 - 0x00007ffeb40e5000 	C:\Windows\System32\core.dll
0x00007ffeb3960000 - 0x00007ffeb39a8000 	C:\Windows\System32\solver.dll
0x00007ffec0720000 - 0x00007ffec0734000 	C:\Windows\System32\executor.dll
0x00007ffec06f0000 - 0x00007ffec0704000 	C:\Windows\System32\solver-java-api.dll
0x00007ffed40d0000 - 0x00007ffed40dc000 	C:\Windows\System32\executor-java-api.dll

dbghelp: loaded successfully - version: 4.0.5 - missing functions: none
symbol engine: initialized successfully - sym options: 0x614 - pdb path: .;C:\Users\aliyo\Downloads\sts-4.14.1.RELEASE\plugins\org.eclipse.justj.openjdk.hotspot.jre.full.win32.x86_64_17.0.2.v20220201-1208\jre\bin;C:\WINDOWS\SYSTEM32;C:\WINDOWS\WinSxS\amd64_microsoft.windows.common-controls_6595b64144ccf1df_6.0.22000.120_none_9d947278b86cc467;C:\Users\aliyo\Downloads\sts-4.14.1.RELEASE\plugins\org.eclipse.justj.openjdk.hotspot.jre.full.win32.x86_64_17.0.2.v20220201-1208\jre\bin\server

VM Arguments:
jvm_args: -Dcom.sun.management.jmxremote -Dcom.sun.management.jmxremote.port=56940 -Dcom.sun.management.jmxremote.authenticate=false -Dcom.sun.management.jmxremote.ssl=false -Djava.rmi.server.hostname=localhost -Dspring.jmx.enabled=true -Dspring.application.admin.enabled=true -XX:TieredStopAtLevel=1 -Dspring.boot.project.name=Wikitel-new -Dfile.encoding=UTF-8 -XX:+ShowCodeDetailsInExceptionMessages 
java_command: it.cnr.istc.psts.WikitelNewApplication --spring.output.ansi.enabled=always
java_class_path (initial): C:\Users\aliyo\OneDrive\Documenti\GitHub\Wikitel-new\target\classes;C:\Users\aliyo\.m2\repository\org\springframework\boot\spring-boot-starter-data-jpa\2.5.7\spring-boot-starter-data-jpa-2.5.7.jar;C:\Users\aliyo\.m2\repository\org\springframework\boot\spring-boot-starter-aop\2.5.7\spring-boot-starter-aop-2.5.7.jar;C:\Users\aliyo\.m2\repository\org\aspectj\aspectjweaver\1.9.7\aspectjweaver-1.9.7.jar;C:\Users\aliyo\.m2\repository\org\springframework\boot\spring-boot-starter-jdbc\2.5.7\spring-boot-starter-jdbc-2.5.7.jar;C:\Users\aliyo\.m2\repository\com\zaxxer\HikariCP\4.0.3\HikariCP-4.0.3.jar;C:\Users\aliyo\.m2\repository\org\springframework\spring-jdbc\5.3.13\spring-jdbc-5.3.13.jar;C:\Users\aliyo\.m2\repository\jakarta\transaction\jakarta.transaction-api\1.3.3\jakarta.transaction-api-1.3.3.jar;C:\Users\aliyo\.m2\repository\jakarta\persistence\jakarta.persistence-api\2.2.3\jakarta.persistence-api-2.2.3.jar;C:\Users\aliyo\.m2\repository\org\hibernate\hibernate-core\5.4.32.Final\hibernate-core-5.4.32.Final.jar;C:\Users\aliyo\.m2\repository\org\jboss\logging\jboss-logging\3.4.2.Final\jboss-logging-3.4.2.Final.jar;C:\Users\aliyo\.m2\repository\org\javassist\javassist\3.27.0-GA\javassist-3.27.0-GA.jar;C:\Users\aliyo\.m2\repository\net\bytebuddy\byte-buddy\1.10.22\byte-buddy-1.10.22.jar;C:\Users\aliyo\.m2\repository\antlr\antlr\2.7.7\antlr-2.7.7.jar;C:\Users\aliyo\.m2\repository\org\jboss\jandex\2.2.3.Final\jandex-2.2.3.Final.jar;C:\Users\aliyo\.m2\repository\com\fasterxml\classmate\1.5.1\classmate-1.5.1.jar;C:\Users\aliyo\.m2\repository\org\dom4j\dom4j\2.1.3\dom4j-2.1.3.jar;C:\Users\aliyo\.m2\repository\org\hibernate\common\hibernate-commons-annotations\5.1.2.Final\hibernate-commons-annotations-5.1.2.Final.jar;C:\Users\aliyo\.m2\repository\org\glassfish\jaxb\jaxb-runtime\2.3.5\jaxb-runtime-2.3.5.jar;C:\Users\aliyo\.m2\repository\org\glassfish\jaxb\txw2\2.3.5\txw2-2.3.5.jar;C:\Users\aliyo\.m2\repository\com\sun\istack\istack-commons-runtime\3.0.
Launcher Type: SUN_STANDARD

[Global flags]
     intx CICompilerCount                          = 4                                         {product} {ergonomic}
     uint ConcGCThreads                            = 3                                         {product} {ergonomic}
     uint G1ConcRefinementThreads                  = 10                                        {product} {ergonomic}
   size_t G1HeapRegionSize                         = 2097152                                   {product} {ergonomic}
    uintx GCDrainStackTargetSize                   = 64                                        {product} {ergonomic}
   size_t InitialHeapSize                          = 266338304                                 {product} {ergonomic}
     bool ManagementServer                         = true                                      {product} {command line}
   size_t MarkStackSize                            = 4194304                                   {product} {ergonomic}
   size_t MaxHeapSize                              = 4257218560                                {product} {ergonomic}
   size_t MaxNewSize                               = 2554331136                                {product} {ergonomic}
   size_t MinHeapDeltaBytes                        = 2097152                                   {product} {ergonomic}
   size_t MinHeapSize                              = 8388608                                   {product} {ergonomic}
    uintx NonProfiledCodeHeapSize                  = 0                                      {pd product} {ergonomic}
     bool ProfileInterpreter                       = false                                  {pd product} {command line}
    uintx ProfiledCodeHeapSize                     = 0                                      {pd product} {ergonomic}
     bool ShowCodeDetailsInExceptionMessages       = true                                   {manageable} {command line}
   size_t SoftMaxHeapSize                          = 4257218560                             {manageable} {ergonomic}
     intx TieredStopAtLevel                        = 1                                         {product} {command line}
     bool UseCompressedClassPointers               = true                           {product lp64_product} {ergonomic}
     bool UseCompressedOops                        = true                           {product lp64_product} {ergonomic}
     bool UseG1GC                                  = true                                      {product} {ergonomic}
     bool UseLargePagesIndividualAllocation        = false                                  {pd product} {ergonomic}

Logging:
Log output configuration:
 #0: stdout all=warning uptime,level,tags
 #1: stderr all=off uptime,level,tags

Environment Variables:
JAVA_HOME=C:\Program Files\Java\jdk1.8.0_202
PATH=C:/Users/aliyo/Downloads/sts-4.14.1.RELEASE//plugins/org.eclipse.justj.openjdk.hotspot.jre.full.win32.x86_64_17.0.2.v20220201-1208/jre/bin/server;C:/Users/aliyo/Downloads/sts-4.14.1.RELEASE//plugins/org.eclipse.justj.openjdk.hotspot.jre.full.win32.x86_64_17.0.2.v20220201-1208/jre/bin;C:\Program Files (x86)\Common Files\Oracle\Java\javapath;C:\windows\system32;C:\windows;C:\windows\System32\Wbem;C:\windows\System32\WindowsPowerShell\v1.0\;C:\windows\System32\OpenSSH\;C:\Program Files (x86)\NVIDIA Corporation\PhysX\Common;C:\Program Files\NVIDIA Corporation\NVIDIA NGX;C:\Program Files\NVIDIA Corporation\NVIDIA NvDLISR;C:\WINDOWS\system32;C:\WINDOWS;C:\WINDOWS\System32\Wbem;C:\WINDOWS\System32\WindowsPowerShell\v1.0\;C:\WINDOWS\System32\OpenSSH\;C:\Users\aliyo\Downloads\apache-maven-3.8.5-bin\apache-maven-3.8.5\bin;C:\Program Files\Java\jdk1.8.0_202\bin;C:\Users\aliyo\source\repos\oRatio\build\bin;C:\MinGW\bin;C:\Users\aliyo\AppData\Local\Microsoft\WindowsApps;C:\Users\aliyo\AppData\Local\GitHubDesktop\bin;C:\Program Files\CMake\bin;C:\Users\aliyo\AppData\Local\Programs\Microsoft VS Code\bin;C:\Users\aliyo\Downloads\sts-4.14.1.RELEASE;
USERNAME=aliyo
OS=Windows_NT
PROCESSOR_IDENTIFIER=Intel64 Family 6 Model 158 Stepping 10, GenuineIntel



---------------  S Y S T E M  ---------------

OS:
 Windows 11 , 64 bit Build 22000 (10.0.22000.708)
OS uptime: 0 days 0:39 hours

CPU: total 12 (initial active 12) (6 cores per cpu, 2 threads per core) family 6 model 158 stepping 10 microcode 0xde, cx8, cmov, fxsr, ht, mmx, 3dnowpref, sse, sse2, sse3, ssse3, sse4.1, sse4.2, popcnt, lzcnt, tsc, tscinvbit, avx, avx2, aes, erms, clmul, bmi1, bmi2, adx, fma, vzeroupper, clflush, clflushopt

Memory: 4k page, system-wide physical 16233M (8336M free)
TotalPageFile size 19177M (AvailPageFile size 7518M)
current process WorkingSet (physical memory assigned to process): 208M, peak: 218M
current process commit charge ("private bytes"): 247M, peak: 368M

vm_info: OpenJDK 64-Bit Server VM (17.0.2+8) for windows-amd64 JRE (17.0.2+8), built on Jan 20 2022 04:52:34 by "" with MS VC++ 16.7 (VS2019)

END.
