#
# A fatal error has been detected by the Java Runtime Environment:
#
#  EXCEPTION_ACCESS_VIOLATION (0xc0000005) at pc=0x00007ffe88c691a6, pid=18112, tid=14064
#
# JRE version: OpenJDK Runtime Environment Temurin-17.0.2+8 (17.0.2+8) (build 17.0.2+8)
# Java VM: OpenJDK 64-Bit Server VM Temurin-17.0.2+8 (17.0.2+8, mixed mode, emulated-client, tiered, compressed oops, compressed class ptrs, g1 gc, windows-amd64)
# Problematic frame:
# V  [jvm.dll+0x3d91a6]
#
# No core dump will be written. Minidumps are not enabled by default on client versions of Windows
#
# If you would like to submit a bug report, please visit:
#   https://github.com/adoptium/adoptium-support/issues
#

---------------  S U M M A R Y ------------

Command Line: -Dcom.sun.management.jmxremote -Dcom.sun.management.jmxremote.port=56960 -Dcom.sun.management.jmxremote.authenticate=false -Dcom.sun.management.jmxremote.ssl=false -Djava.rmi.server.hostname=localhost -Dspring.jmx.enabled=true -Dspring.application.admin.enabled=true -XX:TieredStopAtLevel=1 -Dspring.boot.project.name=Wikitel-new -Dfile.encoding=UTF-8 -XX:+ShowCodeDetailsInExceptionMessages it.cnr.istc.psts.WikitelNewApplication --spring.output.ansi.enabled=always

Host: Intel(R) Core(TM) i7-9750H CPU @ 2.60GHz, 12 cores, 15G,  Windows 11 , 64 bit Build 22000 (10.0.22000.708)
Time: Sat Jun 11 12:28:14 2022 ora legale Europa occidentale elapsed time: 4.199050 seconds (0d 0h 0m 4s)

---------------  T H R E A D  ---------------

Current thread (0x0000027c1eaea380):  JavaThread "restartedMain" [_thread_in_vm, id=14064, stack(0x000000ec1b600000,0x000000ec1b700000)]

Stack: [0x000000ec1b600000,0x000000ec1b700000],  sp=0x000000ec1b6fc630,  free space=1009k
Native frames: (J=compiled Java code, j=interpreted, Vv=VM code, C=native code)
V  [jvm.dll+0x3d91a6]
C  [solver-java-api.dll+0x4550]

Java frames: (J=compiled Java code, j=interpreted, Vv=VM code)
j  it.cnr.istc.pst.oratio.Solver.new_instance()J+0
j  it.cnr.istc.pst.oratio.Solver.<init>(ZZ)V+83
j  it.cnr.istc.pst.oratio.Solver.<init>()V+3
j  it.cnr.istc.psts.wikitel.controller.pageController.<init>()V+9
v  ~StubRoutines::call_stub
J 1613  jdk.internal.reflect.NativeConstructorAccessorImpl.newInstance0(Ljava/lang/reflect/Constructor;[Ljava/lang/Object;)Ljava/lang/Object; java.base@17.0.2 (0 bytes) @ 0x0000027c0d4d470e [0x0000027c0d4d46a0+0x000000000000006e]
J 1612 c1 jdk.internal.reflect.NativeConstructorAccessorImpl.newInstance([Ljava/lang/Object;)Ljava/lang/Object; java.base@17.0.2 (122 bytes) @ 0x0000027c0d4d4eec [0x0000027c0d4d4c00+0x00000000000002ec]
J 1501 c1 jdk.internal.reflect.DelegatingConstructorAccessorImpl.newInstance([Ljava/lang/Object;)Ljava/lang/Object; java.base@17.0.2 (9 bytes) @ 0x0000027c0d4a62e4 [0x0000027c0d4a62a0+0x0000000000000044]
J 1390 c1 java.lang.reflect.Constructor.newInstanceWithCaller([Ljava/lang/Object;ZLjava/lang/Class;)Ljava/lang/Object; java.base@17.0.2 (75 bytes) @ 0x0000027c0d474834 [0x0000027c0d474760+0x00000000000000d4]
J 2835 c1 org.springframework.beans.BeanUtils.instantiateClass(Ljava/lang/reflect/Constructor;[Ljava/lang/Object;)Ljava/lang/Object; (187 bytes) @ 0x0000027c0d6cf2f4 [0x0000027c0d6cef00+0x00000000000003f4]
j  org.springframework.beans.factory.support.SimpleInstantiationStrategy.instantiate(Lorg/springframework/beans/factory/support/RootBeanDefinition;Ljava/lang/String;Lorg/springframework/beans/factory/BeanFactory;)Ljava/lang/Object;+140
j  org.springframework.beans.factory.support.AbstractAutowireCapableBeanFactory.instantiateBean(Ljava/lang/String;Lorg/springframework/beans/factory/support/RootBeanDefinition;)Lorg/springframework/beans/BeanWrapper;+32
j  org.springframework.beans.factory.support.AbstractAutowireCapableBeanFactory.createBeanInstance(Ljava/lang/String;Lorg/springframework/beans/factory/support/RootBeanDefinition;[Ljava/lang/Object;)Lorg/springframework/beans/BeanWrapper;+250
j  org.springframework.beans.factory.support.AbstractAutowireCapableBeanFactory.doCreateBean(Ljava/lang/String;Lorg/springframework/beans/factory/support/RootBeanDefinition;[Ljava/lang/Object;)Ljava/lang/Object;+34
j  org.springframework.beans.factory.support.AbstractAutowireCapableBeanFactory.createBean(Ljava/lang/String;Lorg/springframework/beans/factory/support/RootBeanDefinition;[Ljava/lang/Object;)Ljava/lang/Object;+169
j  org.springframework.beans.factory.support.AbstractBeanFactory.lambda$doGetBean$0(Ljava/lang/String;Lorg/springframework/beans/factory/support/RootBeanDefinition;[Ljava/lang/Object;)Ljava/lang/Object;+4
j  org.springframework.beans.factory.support.AbstractBeanFactory$$Lambda$373+0x0000000800323460.getObject()Ljava/lang/Object;+16
j  org.springframework.beans.factory.support.DefaultSingletonBeanRegistry.getSingleton(Ljava/lang/String;Lorg/springframework/beans/factory/ObjectFactory;)Ljava/lang/Object;+132
J 3155 c1 org.springframework.beans.factory.support.AbstractBeanFactory.doGetBean(Ljava/lang/String;Ljava/lang/Class;[Ljava/lang/Object;Z)Ljava/lang/Object; (832 bytes) @ 0x0000027c0d74db14 [0x0000027c0d74d500+0x0000000000000614]
j  org.springframework.beans.factory.support.AbstractBeanFactory.getBean(Ljava/lang/String;)Ljava/lang/Object;+5
j  org.springframework.beans.factory.support.DefaultListableBeanFactory.preInstantiateSingletons()V+248
j  org.springframework.context.support.AbstractApplicationContext.finishBeanFactoryInitialization(Lorg/springframework/beans/factory/config/ConfigurableListableBeanFactory;)V+124
j  org.springframework.context.support.AbstractApplicationContext.refresh()V+86
j  org.springframework.boot.web.servlet.context.ServletWebServerApplicationContext.refresh()V+1
j  org.springframework.boot.SpringApplication.refresh(Lorg/springframework/context/ConfigurableApplicationContext;)V+1
j  org.springframework.boot.SpringApplication.refreshContext(Lorg/springframework/context/ConfigurableApplicationContext;)V+16
j  org.springframework.boot.SpringApplication.run([Ljava/lang/String;)Lorg/springframework/context/ConfigurableApplicationContext;+111
j  org.springframework.boot.SpringApplication.run([Ljava/lang/Class;[Ljava/lang/String;)Lorg/springframework/context/ConfigurableApplicationContext;+9
j  org.springframework.boot.SpringApplication.run(Ljava/lang/Class;[Ljava/lang/String;)Lorg/springframework/context/ConfigurableApplicationContext;+9
j  it.cnr.istc.psts.WikitelNewApplication.main([Ljava/lang/String;)V+3
v  ~StubRoutines::call_stub
j  jdk.internal.reflect.NativeMethodAccessorImpl.invoke0(Ljava/lang/reflect/Method;Ljava/lang/Object;[Ljava/lang/Object;)Ljava/lang/Object;+0 java.base@17.0.2
j  jdk.internal.reflect.NativeMethodAccessorImpl.invoke(Ljava/lang/Object;[Ljava/lang/Object;)Ljava/lang/Object;+133 java.base@17.0.2
j  jdk.internal.reflect.DelegatingMethodAccessorImpl.invoke(Ljava/lang/Object;[Ljava/lang/Object;)Ljava/lang/Object;+6 java.base@17.0.2
j  java.lang.reflect.Method.invoke(Ljava/lang/Object;[Ljava/lang/Object;)Ljava/lang/Object;+59 java.base@17.0.2
j  org.springframework.boot.devtools.restart.RestartLauncher.run()V+42
v  ~StubRoutines::call_stub

siginfo: EXCEPTION_ACCESS_VIOLATION (0xc0000005), reading address 0x0000000000000000


Register to memory mapping:

RIP=0x00007ffe88c691a6 jvm.dll
RAX=0x0000027c1ea410b8 points into unknown readable memory: 0x00000007096e79e0 | e0 79 6e 09 07 00 00 00
RBX=0x0000027c1eaea380 is a thread
RCX=0x0000027c1ea410b8 points into unknown readable memory: 0x00000007096e79e0 | e0 79 6e 09 07 00 00 00
RDX=0x00000007096e79e0 is an oop: it.cnr.istc.pst.oratio.Item$ArithItem 
{0x00000007096e79e0} - klass: 'it/cnr/istc/pst/oratio/Item$ArithItem'
 - ---- fields (total size 6 words):
 - final 'solver' 'Lit/cnr/istc/pst/oratio/Solver;' @12  NULL (0)
 - final 'type' 'Lit/cnr/istc/pst/oratio/Type;' @16  NULL (0)
 - final 'exprs' 'Ljava/util/Map;' @20  NULL (0)
 - private 'name' 'Ljava/lang/String;' @24  NULL (0)
 - private final 'lin' 'Ljava/lang/String;' @28  NULL (0)
 - private final 'lb' 'Lit/cnr/istc/pst/oratio/InfRational;' @32  NULL (0)
 - private final 'ub' 'Lit/cnr/istc/pst/oratio/InfRational;' @36  NULL (0)
 - private final 'val' 'Lit/cnr/istc/pst/oratio/InfRational;' @40  NULL (0)
RSP=0x000000ec1b6fc630 is pointing into the stack for thread: 0x0000027c1eaea380
RBP=0x0000027c1eaea628 points into unknown readable memory: 0x00007ffe893907d0 | d0 07 39 89 fe 7f 00 00
RSI=0x0000027c1ea41080 points into unknown readable memory: 0x00000007096e7918 | 18 79 6e 09 07 00 00 00
RDI=0x0000027c1d042268 is a global jni handle
R8 =0x0000000000000048 is an unknown value
R9 =0x0000000000000003 is an unknown value
R10=0x00007ffe88c690b0 jvm.dll
R11=0x000000ec1b6fc4a0 is pointing into the stack for thread: 0x0000027c1eaea380
R12=0x0 is NULL
R13=0x0000027c216b8f00 points into unknown readable memory: 0x00007ffec06fc400 | 00 c4 6f c0 fe 7f 00 00
R14=0x0 is NULL
R15=0x000000ec1b6fc738 is pointing into the stack for thread: 0x0000027c1eaea380


Registers:
RAX=0x0000027c1ea410b8, RBX=0x0000027c1eaea380, RCX=0x0000027c1ea410b8, RDX=0x00000007096e79e0
RSP=0x000000ec1b6fc630, RBP=0x0000027c1eaea628, RSI=0x0000027c1ea41080, RDI=0x0000027c1d042268
R8 =0x0000000000000048, R9 =0x0000000000000003, R10=0x00007ffe88c690b0, R11=0x000000ec1b6fc4a0
R12=0x0000000000000000, R13=0x0000027c216b8f00, R14=0x0000000000000000, R15=0x000000ec1b6fc738
RIP=0x00007ffe88c691a6, EFLAGS=0x0000000000010206

Top of Stack: (sp=0x000000ec1b6fc630)
0x000000ec1b6fc630:   0000000000000000 0000027c1eaea380
0x000000ec1b6fc640:   0000027c1eaea628 0000027c1eaea380
0x000000ec1b6fc650:   0000027c21603c98 000000ec1b6fc6a0
0x000000ec1b6fc660:   0000027c1eaea380 0000000000000000
0x000000ec1b6fc670:   000000ec0000000e 00007ffee12dcf31
0x000000ec1b6fc680:   0000027c1eaea380 0000027c1ea4b490
0x000000ec1b6fc690:   0000000000000431 00007ffe891f7390
0x000000ec1b6fc6a0:   00007ffe891f7438 0000027c216d5910
0x000000ec1b6fc6b0:   000000000000000e 000000000000199c
0x000000ec1b6fc6c0:   000000ec1b6fc570 0000000000000000
0x000000ec1b6fc6d0:   0000027c1eaea628 0000027c1ea415e8
0x000000ec1b6fc6e0:   0000000000000000 00007ffec06f4550
0x000000ec1b6fc6f0:   0000027c1ea410b0 000000ec1b6fc820
0x000000ec1b6fc700:   0000027c1ea41080 0000027c1ea41098
0x000000ec1b6fc710:   0000027c216abea0 00007ffec06f74b3
0x000000ec1b6fc720:   0000000000000000 0000027c215b0c68 

Instructions: (pc=0x00007ffe88c691a6)
0x00007ffe88c690a6:   cc cc cc cc cc cc cc cc cc cc 48 89 5c 24 08 48
0x00007ffe88c690b6:   89 6c 24 10 48 89 74 24 18 48 89 7c 24 20 41 54
0x00007ffe88c690c6:   41 56 41 57 48 81 ec a0 00 00 00 8b 81 b8 00 00
0x00007ffe88c690d6:   00 48 8d 99 58 fd ff ff 05 55 21 ff ff 45 33 e4
0x00007ffe88c690e6:   4d 8b f9 4d 8b f0 48 8b fa 48 8b e9 83 f8 01 76
0x00007ffe88c690f6:   0b 48 8b cb e8 51 6d 40 00 41 8b dc c7 83 38 03
0x00007ffe88c69106:   00 00 05 00 00 00 e8 ef d7 28 00 48 8b 83 40 03
0x00007ffe88c69116:   00 00 a8 01 74 0a b2 01 48 8b cb e8 2a ce 2f 00
0x00007ffe88c69126:   44 39 a3 2c 03 00 00 75 0a 8b 83 28 03 00 00 a8
0x00007ffe88c69136:   0c 74 0a 33 d2 48 8b cb e8 ed 94 40 00 c7 83 38
0x00007ffe88c69146:   03 00 00 06 00 00 00 48 89 5c 24 50 4c 89 64 24
0x00007ffe88c69156:   58 4c 39 63 08 74 0a 48 8d 4c 24 50 e8 09 6d 2c
0x00007ffe88c69166:   00 40 f6 c7 01 74 0c 48 8d 4f ff ff 15 19 4d 72
0x00007ffe88c69176:   00 eb 09 48 8b cf ff 15 9e ce 71 00 48 8b d3 48
0x00007ffe88c69186:   8b c8 e8 e3 29 01 00 4c 39 63 08 74 05 49 8b f4
0x00007ffe88c69196:   eb 79 45 33 c0 48 8b d0 48 8b cb e8 6a 05 03 00
0x00007ffe88c691a6:   49 8b 16 48 8d 4c 24 70 48 8b f0 c7 44 24 40 0e
0x00007ffe88c691b6:   00 00 00 e8 62 25 01 00 48 8d 44 24 70 48 89 5c
0x00007ffe88c691c6:   24 30 48 89 44 24 28 48 8d 3d 64 e2 58 00 41 b9
0x00007ffe88c691d6:   02 00 00 00 4c 89 74 24 20 4c 8b c6 48 89 7c 24
0x00007ffe88c691e6:   70 48 8d 54 24 40 4c 89 bc 24 98 00 00 00 48 8b
0x00007ffe88c691f6:   cd e8 44 36 01 00 4c 39 63 08 48 89 7c 24 70 49
0x00007ffe88c69206:   0f 45 f4 4c 89 a4 24 98 00 00 00 4c 39 64 24 58
0x00007ffe88c69216:   74 0a 48 8d 4c 24 50 e8 ee 6c 2c 00 48 8b bb e8
0x00007ffe88c69226:   00 00 00 48 8b 47 10 4c 39 20 74 0c 48 8b cf e8
0x00007ffe88c69236:   b6 13 f7 ff 48 8b 47 10 48 8b 4f 08 48 89 41 10
0x00007ffe88c69246:   48 8b 57 08 48 8b 4f 18 48 89 4a 18 48 8b 57 08
0x00007ffe88c69256:   48 8b 4f 20 48 89 4a 20 48 8d 8b 88 02 00 00 48
0x00007ffe88c69266:   8b d3 e8 c3 02 ef ff 4c 8d 9c 24 a0 00 00 00 c7
0x00007ffe88c69276:   83 38 03 00 00 04 00 00 00 49 8b 5b 20 48 8b c6
0x00007ffe88c69286:   49 8b 6b 28 49 8b 73 30 49 8b 7b 38 49 8b e3 41
0x00007ffe88c69296:   5f 41 5e 41 5c c3 cc cc cc cc 4c 89 44 24 18 4c 


Stack slot to memory mapping:
stack at sp + 0 slots: 0x0 is NULL
stack at sp + 1 slots: 0x0000027c1eaea380 is a thread
stack at sp + 2 slots: 0x0000027c1eaea628 points into unknown readable memory: 0x00007ffe893907d0 | d0 07 39 89 fe 7f 00 00
stack at sp + 3 slots: 0x0000027c1eaea380 is a thread
stack at sp + 4 slots: 0x0000027c21603c98 points into unknown readable memory: 0x0000027c22f1c440 | 40 c4 f1 22 7c 02 00 00
stack at sp + 5 slots: 0x000000ec1b6fc6a0 is pointing into the stack for thread: 0x0000027c1eaea380
stack at sp + 6 slots: 0x0000027c1eaea380 is a thread
stack at sp + 7 slots: 0x0 is NULL


---------------  P R O C E S S  ---------------

Threads class SMR info:
_java_thread_list=0x0000027c1efbed00, length=28, elements={
0x0000027c099030e0, 0x0000027c1d032b10, 0x0000027c1d033f20, 0x0000027c1d092600,
0x0000027c1d093270, 0x0000027c1d0957e0, 0x0000027c1d097350, 0x0000027c1d0a1890,
0x0000027c1d0a22a0, 0x0000027c1d1171c0, 0x0000027c1d1a7030, 0x0000027c1c6b5f60,
0x0000027c1d242030, 0x0000027c1d2aee90, 0x0000027c1d9af970, 0x0000027c1db752b0,
0x0000027c1db88420, 0x0000027c1dbb64c0, 0x0000027c1e754950, 0x0000027c1e74acd0,
0x0000027c1e782ff0, 0x0000027c1eaead20, 0x0000027c1eaea380, 0x0000027c1eae9eb0,
0x0000027c1eaeca00, 0x0000027c1eaea850, 0x0000027c1eaec530, 0x0000027c1eae9510
}

Java Threads: ( => current thread )
  0x0000027c099030e0 JavaThread "main" [_thread_blocked, id=7752, stack(0x000000ec19200000,0x000000ec19300000)]
  0x0000027c1d032b10 JavaThread "Reference Handler" daemon [_thread_blocked, id=18496, stack(0x000000ec19900000,0x000000ec19a00000)]
  0x0000027c1d033f20 JavaThread "Finalizer" daemon [_thread_blocked, id=5728, stack(0x000000ec19a00000,0x000000ec19b00000)]
  0x0000027c1d092600 JavaThread "Signal Dispatcher" daemon [_thread_blocked, id=17940, stack(0x000000ec19b00000,0x000000ec19c00000)]
  0x0000027c1d093270 JavaThread "Attach Listener" daemon [_thread_blocked, id=4856, stack(0x000000ec19c00000,0x000000ec19d00000)]
  0x0000027c1d0957e0 JavaThread "Service Thread" daemon [_thread_blocked, id=15660, stack(0x000000ec19d00000,0x000000ec19e00000)]
  0x0000027c1d097350 JavaThread "Monitor Deflation Thread" daemon [_thread_blocked, id=6604, stack(0x000000ec19e00000,0x000000ec19f00000)]
  0x0000027c1d0a1890 JavaThread "C1 CompilerThread0" daemon [_thread_blocked, id=9176, stack(0x000000ec19f00000,0x000000ec1a000000)]
  0x0000027c1d0a22a0 JavaThread "Sweeper thread" daemon [_thread_blocked, id=7856, stack(0x000000ec1a000000,0x000000ec1a100000)]
  0x0000027c1d1171c0 JavaThread "Common-Cleaner" daemon [_thread_blocked, id=3004, stack(0x000000ec1a100000,0x000000ec1a200000)]
  0x0000027c1d1a7030 JavaThread "C1 CompilerThread1" daemon [_thread_blocked, id=2792, stack(0x000000ec1a200000,0x000000ec1a300000)]
  0x0000027c1c6b5f60 JavaThread "C1 CompilerThread2" daemon [_thread_blocked, id=1464, stack(0x000000ec1a300000,0x000000ec1a400000)]
  0x0000027c1d242030 JavaThread "C1 CompilerThread3" daemon [_thread_blocked, id=16692, stack(0x000000ec1a400000,0x000000ec1a500000)]
  0x0000027c1d2aee90 JavaThread "Notification Thread" daemon [_thread_blocked, id=3544, stack(0x000000ec1a500000,0x000000ec1a600000)]
  0x0000027c1d9af970 JavaThread "RMI TCP Accept-0" daemon [_thread_in_native, id=10196, stack(0x000000ec1a600000,0x000000ec1a700000)]
  0x0000027c1db752b0 JavaThread "RMI TCP Accept-56960" daemon [_thread_in_native, id=10532, stack(0x000000ec1a700000,0x000000ec1a800000)]
  0x0000027c1db88420 JavaThread "RMI TCP Accept-0" daemon [_thread_in_native, id=4360, stack(0x000000ec1a800000,0x000000ec1a900000)]
  0x0000027c1dbb64c0 JavaThread "RMI TCP Connection(1)-127.0.0.1" daemon [_thread_in_native, id=18036, stack(0x000000ec1aa00000,0x000000ec1ab00000)]
  0x0000027c1e754950 JavaThread "RMI Scheduler(0)" daemon [_thread_blocked, id=10824, stack(0x000000ec1ab00000,0x000000ec1ac00000)]
  0x0000027c1e74acd0 JavaThread "RMI TCP Connection(2)-127.0.0.1" daemon [_thread_in_native, id=11732, stack(0x000000ec1ac00000,0x000000ec1ad00000)]
  0x0000027c1e782ff0 JavaThread "JMX server connection timeout 22" daemon [_thread_blocked, id=14052, stack(0x000000ec1ad00000,0x000000ec1ae00000)]
  0x0000027c1eaead20 JavaThread "Thread-0" [_thread_blocked, id=5656, stack(0x000000ec1b500000,0x000000ec1b600000)]
=>0x0000027c1eaea380 JavaThread "restartedMain" [_thread_in_vm, id=14064, stack(0x000000ec1b600000,0x000000ec1b700000)]
  0x0000027c1eae9eb0 JavaThread "HikariPool-1 housekeeper" daemon [_thread_blocked, id=12848, stack(0x000000ec1bc00000,0x000000ec1bd00000)]
  0x0000027c1eaeca00 JavaThread "Catalina-utility-1" [_thread_blocked, id=9276, stack(0x000000ec1bd00000,0x000000ec1be00000)]
  0x0000027c1eaea850 JavaThread "Catalina-utility-2" [_thread_blocked, id=18540, stack(0x000000ec1be00000,0x000000ec1bf00000)]
  0x0000027c1eaec530 JavaThread "container-0" [_thread_blocked, id=14180, stack(0x000000ec1bf00000,0x000000ec1c000000)]
  0x0000027c1eae9510 JavaThread "HikariPool-1 connection adder" daemon [_thread_blocked, id=17892, stack(0x000000ec1c200000,0x000000ec1c300000)]

Other Threads:
  0x0000027c1d02e190 VMThread "VM Thread" [stack: 0x000000ec19800000,0x000000ec19900000] [id=3728]
  0x0000027c09978280 WatcherThread [stack: 0x000000ec1a900000,0x000000ec1aa00000] [id=17840]
  0x0000027c09955a00 GCTaskThread "GC Thread#0" [stack: 0x000000ec19300000,0x000000ec19400000] [id=17692]
  0x0000027c1e7dbac0 GCTaskThread "GC Thread#1" [stack: 0x000000ec1ae00000,0x000000ec1af00000] [id=1016]
  0x0000027c1e7dfd80 GCTaskThread "GC Thread#2" [stack: 0x000000ec1af00000,0x000000ec1b000000] [id=11220]
  0x0000027c1e7e0030 GCTaskThread "GC Thread#3" [stack: 0x000000ec1b000000,0x000000ec1b100000] [id=9928]
  0x0000027c1e7d55a0 GCTaskThread "GC Thread#4" [stack: 0x000000ec1b100000,0x000000ec1b200000] [id=9548]
  0x0000027c1e7d5850 GCTaskThread "GC Thread#5" [stack: 0x000000ec1b200000,0x000000ec1b300000] [id=9680]
  0x0000027c1e7fe590 GCTaskThread "GC Thread#6" [stack: 0x000000ec1b300000,0x000000ec1b400000] [id=19344]
  0x0000027c1e7fe840 GCTaskThread "GC Thread#7" [stack: 0x000000ec1b400000,0x000000ec1b500000] [id=19256]
  0x0000027c1eb323a0 GCTaskThread "GC Thread#8" [stack: 0x000000ec1b700000,0x000000ec1b800000] [id=15864]
  0x0000027c1eb32650 GCTaskThread "GC Thread#9" [stack: 0x000000ec1b800000,0x000000ec1b900000] [id=15884]
  0x0000027c09966f10 ConcurrentGCThread "G1 Main Marker" [stack: 0x000000ec19400000,0x000000ec19500000] [id=8372]
  0x0000027c09967920 ConcurrentGCThread "G1 Conc#0" [stack: 0x000000ec19500000,0x000000ec19600000] [id=9868]
  0x0000027c1ebcd8e0 ConcurrentGCThread "G1 Conc#1" [stack: 0x000000ec1b900000,0x000000ec1ba00000] [id=7200]
  0x0000027c1ebf2d20 ConcurrentGCThread "G1 Conc#2" [stack: 0x000000ec1ba00000,0x000000ec1bb00000] [id=18676]
  0x0000027c1c57f150 ConcurrentGCThread "G1 Refine#0" [stack: 0x000000ec19600000,0x000000ec19700000] [id=2184]
  0x0000027c20e9ba10 ConcurrentGCThread "G1 Refine#1" [stack: 0x000000ec1c000000,0x000000ec1c100000] [id=3800]
  0x0000027c20e9bcf0 ConcurrentGCThread "G1 Refine#2" [stack: 0x000000ec1c100000,0x000000ec1c200000] [id=18644]
  0x0000027c1c581990 ConcurrentGCThread "G1 Service" [stack: 0x000000ec19700000,0x000000ec19800000] [id=15224]

Threads with active compile tasks:

VM state: not at safepoint (normal execution)

VM Mutex/Monitor currently owned by a thread: None

Heap address: 0x0000000702400000, size: 4060 MB, Compressed Oops mode: Zero based, Oop shift amount: 3

CDS archive(s) not mapped
Compressed class space mapped at: 0x0000000800000000-0x0000000840000000, reserved size: 1073741824
Narrow klass base: 0x0000000800000000, Narrow klass shift: 0, Narrow klass range: 0x40000000

GC Precious Log:
 CPUs: 12 total, 12 available
 Memory: 16233M
 Large Page Support: Disabled
 NUMA Support: Disabled
 Compressed Oops: Enabled (Zero based)
 Heap Region Size: 2M
 Heap Min Capacity: 8M
 Heap Initial Capacity: 254M
 Heap Max Capacity: 4060M
 Pre-touch: Disabled
 Parallel Workers: 10
 Concurrent Workers: 3
 Concurrent Refinement Workers: 10
 Periodic GC: Disabled

Heap:
 garbage-first heap   total 69632K, used 33218K [0x0000000702400000, 0x0000000800000000)
  region size 2048K, 6 young (12288K), 2 survivors (4096K)
 Metaspace       used 60231K, committed 60672K, reserved 1105920K
  class space    used 8200K, committed 8384K, reserved 1048576K

Heap Regions: E=young(eden), S=young(survivor), O=old, HS=humongous(starts), HC=humongous(continues), CS=collection set, F=free, OA=open archive, CA=closed archive, TAMS=top-at-mark-start (previous, next)
|   0|0x0000000702400000, 0x0000000702600000, 0x0000000702600000|100%| O|  |TAMS 0x0000000702600000, 0x0000000702400000| Untracked 
|   1|0x0000000702600000, 0x0000000702800000, 0x0000000702800000|100%| O|  |TAMS 0x0000000702800000, 0x0000000702600000| Untracked 
|   2|0x0000000702800000, 0x0000000702a00000, 0x0000000702a00000|100%| O|  |TAMS 0x0000000702a00000, 0x0000000702800000| Untracked 
|   3|0x0000000702a00000, 0x0000000702c00000, 0x0000000702c00000|100%| O|  |TAMS 0x0000000702c00000, 0x0000000702a00000| Untracked 
|   4|0x0000000702c00000, 0x0000000702e00000, 0x0000000702e00000|100%| O|  |TAMS 0x0000000702e00000, 0x0000000702c00000| Untracked 
|   5|0x0000000702e00000, 0x0000000703000000, 0x0000000703000000|100%| O|  |TAMS 0x0000000703000000, 0x0000000702e00000| Untracked 
|   6|0x0000000703000000, 0x0000000703200000, 0x0000000703200000|100%| O|  |TAMS 0x00000007030efe00, 0x0000000703000000| Untracked 
|   7|0x0000000703200000, 0x0000000703400000, 0x0000000703400000|100%| O|  |TAMS 0x0000000703400000, 0x0000000703200000| Untracked 
|   8|0x0000000703400000, 0x0000000703600000, 0x0000000703600000|100%| O|  |TAMS 0x0000000703600000, 0x0000000703400000| Untracked 
|   9|0x0000000703600000, 0x0000000703800000, 0x0000000703800000|100%| O|  |TAMS 0x0000000703800000, 0x0000000703600000| Untracked 
|  10|0x0000000703800000, 0x0000000703a00000, 0x0000000703a00000|100%| O|  |TAMS 0x0000000703a00000, 0x0000000703800000| Complete 
|  11|0x0000000703a00000, 0x0000000703c00000, 0x0000000703c00000|100%| O|  |TAMS 0x0000000703a00000, 0x0000000703a00000| Untracked 
|  12|0x0000000703c00000, 0x0000000703c1de00, 0x0000000703e00000|  5%| O|  |TAMS 0x0000000703c00000, 0x0000000703c00000| Untracked 
|  13|0x0000000703e00000, 0x0000000703e00000, 0x0000000704000000|  0%| F|  |TAMS 0x0000000703e00000, 0x0000000703e00000| Untracked 
|  14|0x0000000704000000, 0x0000000704000000, 0x0000000704200000|  0%| F|  |TAMS 0x0000000704000000, 0x0000000704000000| Untracked 
|  15|0x0000000704200000, 0x0000000704200000, 0x0000000704400000|  0%| F|  |TAMS 0x0000000704200000, 0x0000000704200000| Untracked 
|  16|0x0000000704400000, 0x0000000704400000, 0x0000000704600000|  0%| F|  |TAMS 0x0000000704400000, 0x0000000704400000| Untracked 
|  17|0x0000000704600000, 0x0000000704600000, 0x0000000704800000|  0%| F|  |TAMS 0x0000000704600000, 0x0000000704600000| Untracked 
|  18|0x0000000704800000, 0x0000000704800000, 0x0000000704a00000|  0%| F|  |TAMS 0x0000000704800000, 0x0000000704800000| Untracked 
|  19|0x0000000704a00000, 0x0000000704a52aa8, 0x0000000704c00000| 16%| S|CS|TAMS 0x0000000704a00000, 0x0000000704a00000| Complete 
|  20|0x0000000704c00000, 0x0000000704e00000, 0x0000000704e00000|100%| S|CS|TAMS 0x0000000704c00000, 0x0000000704c00000| Complete 
|  21|0x0000000704e00000, 0x0000000704e00000, 0x0000000705000000|  0%| F|  |TAMS 0x0000000704e00000, 0x0000000704e00000| Untracked 
|  22|0x0000000705000000, 0x0000000705000000, 0x0000000705200000|  0%| F|  |TAMS 0x0000000705000000, 0x0000000705000000| Untracked 
|  23|0x0000000705200000, 0x0000000705200000, 0x0000000705400000|  0%| F|  |TAMS 0x0000000705200000, 0x0000000705200000| Untracked 
|  24|0x0000000705400000, 0x0000000705400000, 0x0000000705600000|  0%| F|  |TAMS 0x0000000705400000, 0x0000000705400000| Untracked 
|  25|0x0000000705600000, 0x0000000705600000, 0x0000000705800000|  0%| F|  |TAMS 0x0000000705600000, 0x0000000705600000| Untracked 
|  26|0x0000000705800000, 0x0000000705800000, 0x0000000705a00000|  0%| F|  |TAMS 0x0000000705800000, 0x0000000705800000| Untracked 
|  27|0x0000000705a00000, 0x0000000705a00000, 0x0000000705c00000|  0%| F|  |TAMS 0x0000000705a00000, 0x0000000705a00000| Untracked 
|  28|0x0000000705c00000, 0x0000000705c00000, 0x0000000705e00000|  0%| F|  |TAMS 0x0000000705c00000, 0x0000000705c00000| Untracked 
|  29|0x0000000705e00000, 0x0000000705e00000, 0x0000000706000000|  0%| F|  |TAMS 0x0000000705e00000, 0x0000000705e00000| Untracked 
|  57|0x0000000709600000, 0x00000007096e7b08, 0x0000000709800000| 45%| E|  |TAMS 0x0000000709600000, 0x0000000709600000| Complete 
|  58|0x0000000709800000, 0x0000000709a00000, 0x0000000709a00000|100%| E|CS|TAMS 0x0000000709800000, 0x0000000709800000| Complete 
|  59|0x0000000709a00000, 0x0000000709c00000, 0x0000000709c00000|100%| E|CS|TAMS 0x0000000709a00000, 0x0000000709a00000| Complete 
| 126|0x0000000712000000, 0x0000000712200000, 0x0000000712200000|100%| E|CS|TAMS 0x0000000712000000, 0x0000000712000000| Complete 

Card table byte_map: [0x0000027c10ad0000,0x0000027c112c0000] _byte_map_base: 0x0000027c0d2be000

Marking Bits (Prev, Next): (CMBitMap*) 0x0000027c09956050, (CMBitMap*) 0x0000027c09956010
 Prev Bits: [0x0000027c15a20000, 0x0000027c19990000)
 Next Bits: [0x0000027c11ab0000, 0x0000027c15a20000)

Polling page: 0x0000027c090d0000

Metaspace:

Usage:
  Non-class:     50.81 MB used.
      Class:      8.01 MB used.
       Both:     58.82 MB used.

Virtual space:
  Non-class space:       56.00 MB reserved,      51.06 MB ( 91%) committed,  7 nodes.
      Class space:        1.00 GB reserved,       8.19 MB ( <1%) committed,  1 nodes.
             Both:        1.05 GB reserved,      59.25 MB (  5%) committed. 

Chunk freelists:
   Non-Class:  880.00 KB
       Class:  3.70 MB
        Both:  4.56 MB

MaxMetaspaceSize: unlimited
CompressedClassSpaceSize: 1.00 GB
Initial GC threshold: 21.00 MB
Current GC threshold: 98.38 MB
CDS: off
MetaspaceReclaimPolicy: balanced
 - commit_granule_bytes: 65536.
 - commit_granule_words: 8192.
 - virtual_space_node_default_size: 1048576.
 - enlarge_chunks_in_place: 1.
 - new_chunks_are_fully_committed: 0.
 - uncommit_free_chunks: 1.
 - use_allocation_guard: 0.
 - handle_deallocations: 1.


Internal statistics:

num_allocs_failed_limit: 9.
num_arena_births: 552.
num_arena_deaths: 0.
num_vsnodes_births: 8.
num_vsnodes_deaths: 0.
num_space_committed: 948.
num_space_uncommitted: 0.
num_chunks_returned_to_freelist: 9.
num_chunks_taken_from_freelist: 2488.
num_chunk_merges: 9.
num_chunk_splits: 1711.
num_chunks_enlarged: 1290.
num_purges: 0.
num_inconsistent_stats: 0.

CodeCache: size=49152Kb used=12072Kb max_used=12072Kb free=37079Kb
 bounds [0x0000027c0cfb0000, 0x0000027c0db80000, 0x0000027c0ffb0000]
 total_blobs=6480 nmethods=5901 adapters=503
 compilation: enabled
              stopped_count=0, restarted_count=0
 full_count=0

Compilation events (20 events):
Event: 4.169 Thread 0x0000027c1d0a1890 nmethod 5891 0x0000027c0db76290 code [0x0000027c0db76420, 0x0000027c0db76528]
Event: 4.170 Thread 0x0000027c1c6b5f60 nmethod 5893 0x0000027c0db76610 code [0x0000027c0db767e0, 0x0000027c0db76ad8]
Event: 4.170 Thread 0x0000027c1c6b5f60 5894       1       org.springframework.beans.propertyeditors.ClassEditor::<init> (20 bytes)
Event: 4.170 Thread 0x0000027c1d0a1890 5895       1       org.springframework.beans.propertyeditors.ClassArrayEditor::<init> (20 bytes)
Event: 4.170 Thread 0x0000027c1d1a7030 5896       1       org.springframework.core.io.support.ResourceArrayPropertyEditor::<init> (26 bytes)
Event: 4.170 Thread 0x0000027c1c6b5f60 nmethod 5894 0x0000027c0db76d10 code [0x0000027c0db76ea0, 0x0000027c0db77048]
Event: 4.170 Thread 0x0000027c1d0a1890 nmethod 5895 0x0000027c0db77110 code [0x0000027c0db772a0, 0x0000027c0db77448]
Event: 4.170 Thread 0x0000027c1c6b5f60 5897       1       java.util.concurrent.ConcurrentHashMap::entrySet (25 bytes)
Event: 4.170 Thread 0x0000027c1d1a7030 nmethod 5896 0x0000027c0db77510 code [0x0000027c0db776c0, 0x0000027c0db77988]
Event: 4.170 Thread 0x0000027c1d1a7030 5898       1       java.util.concurrent.ConcurrentHashMap$EntrySetView::iterator (34 bytes)
Event: 4.170 Thread 0x0000027c1d0a1890 5899       1       java.util.concurrent.ConcurrentHashMap$EntryIterator::<init> (12 bytes)
Event: 4.170 Thread 0x0000027c1c6b5f60 nmethod 5897 0x0000027c0db77a90 code [0x0000027c0db77c20, 0x0000027c0db77e38]
Event: 4.170 Thread 0x0000027c1d0a1890 nmethod 5899 0x0000027c0db77f10 code [0x0000027c0db780c0, 0x0000027c0db78238]
Event: 4.170 Thread 0x0000027c1d1a7030 nmethod 5898 0x0000027c0db78310 code [0x0000027c0db784c0, 0x0000027c0db786f8]
Event: 4.170 Thread 0x0000027c1c6b5f60 5900       1       java.lang.reflect.Field::getRoot (5 bytes)
Event: 4.170 Thread 0x0000027c1d1a7030 5901       1       java.lang.reflect.Field::setFieldAccessor (34 bytes)
Event: 4.170 Thread 0x0000027c1c6b5f60 nmethod 5900 0x0000027c0db78810 code [0x0000027c0db789a0, 0x0000027c0db78a78]
Event: 4.170 Thread 0x0000027c1c6b5f60 5902   !   1       jdk.proxy2.$Proxy11::value (29 bytes)
Event: 4.170 Thread 0x0000027c1c6b5f60 nmethod 5902 0x0000027c0db78b10 code [0x0000027c0db78cc0, 0x0000027c0db78ed8]
Event: 4.170 Thread 0x0000027c1d1a7030 nmethod 5901 0x0000027c0db79010 code [0x0000027c0db791c0, 0x0000027c0db79488]

GC Heap History (20 events):
Event: 1.427 GC heap before
{Heap before GC invocations=6 (full 0):
 garbage-first heap   total 49152K, used 27755K [0x0000000702400000, 0x0000000800000000)
  region size 2048K, 10 young (20480K), 1 survivors (2048K)
 Metaspace       used 27599K, committed 27904K, reserved 1081344K
  class space    used 3283K, committed 3392K, reserved 1048576K
}
Event: 1.428 GC heap after
{Heap after GC invocations=7 (full 0):
 garbage-first heap   total 49152K, used 12512K [0x0000000702400000, 0x0000000800000000)
  region size 2048K, 1 young (2048K), 1 survivors (2048K)
 Metaspace       used 27599K, committed 27904K, reserved 1081344K
  class space    used 3283K, committed 3392K, reserved 1048576K
}
Event: 1.604 GC heap before
{Heap before GC invocations=7 (full 0):
 garbage-first heap   total 49152K, used 30944K [0x0000000702400000, 0x0000000800000000)
  region size 2048K, 10 young (20480K), 1 survivors (2048K)
 Metaspace       used 29107K, committed 29440K, reserved 1081344K
  class space    used 3507K, committed 3648K, reserved 1048576K
}
Event: 1.606 GC heap after
{Heap after GC invocations=8 (full 0):
 garbage-first heap   total 49152K, used 13465K [0x0000000702400000, 0x0000000800000000)
  region size 2048K, 2 young (4096K), 2 survivors (4096K)
 Metaspace       used 29107K, committed 29440K, reserved 1081344K
  class space    used 3507K, committed 3648K, reserved 1048576K
}
Event: 1.831 GC heap before
{Heap before GC invocations=8 (full 0):
 garbage-first heap   total 49152K, used 31897K [0x0000000702400000, 0x0000000800000000)
  region size 2048K, 11 young (22528K), 2 survivors (4096K)
 Metaspace       used 31569K, committed 31936K, reserved 1081344K
  class space    used 3957K, committed 4160K, reserved 1048576K
}
Event: 1.834 GC heap after
{Heap after GC invocations=9 (full 0):
 garbage-first heap   total 155648K, used 14478K [0x0000000702400000, 0x0000000800000000)
  region size 2048K, 2 young (4096K), 2 survivors (4096K)
 Metaspace       used 31569K, committed 31936K, reserved 1081344K
  class space    used 3957K, committed 4160K, reserved 1048576K
}
Event: 2.193 GC heap before
{Heap before GC invocations=9 (full 0):
 garbage-first heap   total 155648K, used 45198K [0x0000000702400000, 0x0000000800000000)
  region size 2048K, 18 young (36864K), 2 survivors (4096K)
 Metaspace       used 35666K, committed 35968K, reserved 1081344K
  class space    used 4611K, committed 4736K, reserved 1048576K
}
Event: 2.197 GC heap after
{Heap after GC invocations=10 (full 0):
 garbage-first heap   total 155648K, used 17133K [0x0000000702400000, 0x0000000800000000)
  region size 2048K, 3 young (6144K), 3 survivors (6144K)
 Metaspace       used 35666K, committed 35968K, reserved 1081344K
  class space    used 4611K, committed 4736K, reserved 1048576K
}
Event: 2.598 GC heap before
{Heap before GC invocations=11 (full 0):
 garbage-first heap   total 69632K, used 51949K [0x0000000702400000, 0x0000000800000000)
  region size 2048K, 20 young (40960K), 3 survivors (6144K)
 Metaspace       used 41132K, committed 41472K, reserved 1089536K
  class space    used 5233K, committed 5376K, reserved 1048576K
}
Event: 2.601 GC heap after
{Heap after GC invocations=12 (full 0):
 garbage-first heap   total 69632K, used 19683K [0x0000000702400000, 0x0000000800000000)
  region size 2048K, 3 young (6144K), 3 survivors (6144K)
 Metaspace       used 41132K, committed 41472K, reserved 1089536K
  class space    used 5233K, committed 5376K, reserved 1048576K
}
Event: 2.629 GC heap before
{Heap before GC invocations=12 (full 0):
 garbage-first heap   total 69632K, used 21731K [0x0000000702400000, 0x0000000800000000)
  region size 2048K, 4 young (8192K), 3 survivors (6144K)
 Metaspace       used 41442K, committed 41792K, reserved 1089536K
  class space    used 5300K, committed 5440K, reserved 1048576K
}
Event: 2.632 GC heap after
{Heap after GC invocations=13 (full 0):
 garbage-first heap   total 69632K, used 20090K [0x0000000702400000, 0x0000000800000000)
  region size 2048K, 1 young (2048K), 1 survivors (2048K)
 Metaspace       used 41442K, committed 41792K, reserved 1089536K
  class space    used 5300K, committed 5440K, reserved 1048576K
}
Event: 3.029 GC heap before
{Heap before GC invocations=13 (full 0):
 garbage-first heap   total 69632K, used 48762K [0x0000000702400000, 0x0000000800000000)
  region size 2048K, 15 young (30720K), 1 survivors (2048K)
 Metaspace       used 48186K, committed 48576K, reserved 1097728K
  class space    used 6390K, committed 6592K, reserved 1048576K
}
Event: 3.031 GC heap after
{Heap after GC invocations=14 (full 0):
 garbage-first heap   total 69632K, used 21298K [0x0000000702400000, 0x0000000800000000)
  region size 2048K, 2 young (4096K), 2 survivors (4096K)
 Metaspace       used 48186K, committed 48576K, reserved 1097728K
  class space    used 6390K, committed 6592K, reserved 1048576K
}
Event: 3.387 GC heap before
{Heap before GC invocations=14 (full 0):
 garbage-first heap   total 69632K, used 49970K [0x0000000702400000, 0x0000000800000000)
  region size 2048K, 16 young (32768K), 2 survivors (4096K)
 Metaspace       used 53478K, committed 53888K, reserved 1097728K
  class space    used 7208K, committed 7424K, reserved 1048576K
}
Event: 3.390 GC heap after
{Heap after GC invocations=15 (full 0):
 garbage-first heap   total 69632K, used 23090K [0x0000000702400000, 0x0000000800000000)
  region size 2048K, 2 young (4096K), 2 survivors (4096K)
 Metaspace       used 53478K, committed 53888K, reserved 1097728K
  class space    used 7208K, committed 7424K, reserved 1048576K
}
Event: 3.851 GC heap before
{Heap before GC invocations=15 (full 0):
 garbage-first heap   total 69632K, used 51762K [0x0000000702400000, 0x0000000800000000)
  region size 2048K, 16 young (32768K), 2 survivors (4096K)
 Metaspace       used 56339K, committed 56768K, reserved 1097728K
  class space    used 7637K, committed 7808K, reserved 1048576K
}
Event: 3.854 GC heap after
{Heap after GC invocations=16 (full 0):
 garbage-first heap   total 69632K, used 25317K [0x0000000702400000, 0x0000000800000000)
  region size 2048K, 2 young (4096K), 2 survivors (4096K)
 Metaspace       used 56339K, committed 56768K, reserved 1097728K
  class space    used 7637K, committed 7808K, reserved 1048576K
}
Event: 4.116 GC heap before
{Heap before GC invocations=16 (full 0):
 garbage-first heap   total 69632K, used 49893K [0x0000000702400000, 0x0000000800000000)
  region size 2048K, 15 young (30720K), 2 survivors (4096K)
 Metaspace       used 59907K, committed 60288K, reserved 1105920K
  class space    used 8154K, committed 8320K, reserved 1048576K
}
Event: 4.119 GC heap after
{Heap after GC invocations=17 (full 0):
 garbage-first heap   total 69632K, used 27074K [0x0000000702400000, 0x0000000800000000)
  region size 2048K, 2 young (4096K), 2 survivors (4096K)
 Metaspace       used 59907K, committed 60288K, reserved 1105920K
  class space    used 8154K, committed 8320K, reserved 1048576K
}

Deoptimization events (18 events):
Event: 0.229 Thread 0x0000027c099030e0 DEOPT PACKING pc=0x0000027c0d2b662d sp=0x000000ec192fc650
Event: 0.230 Thread 0x0000027c099030e0 DEOPT UNPACKING pc=0x0000027c0d002b43 sp=0x000000ec192fbbb0 mode 3
Event: 0.717 Thread 0x0000027c099030e0 DEOPT PACKING pc=0x0000027c0d313e81 sp=0x000000ec192fd800
Event: 0.717 Thread 0x0000027c099030e0 DEOPT UNPACKING pc=0x0000027c0d002b43 sp=0x000000ec192fcc58 mode 3
Event: 1.131 Thread 0x0000027c1eaea380 DEOPT PACKING pc=0x0000027c0d5a6ff9 sp=0x000000ec1b6fc6b0
Event: 1.131 Thread 0x0000027c1eaea380 DEOPT UNPACKING pc=0x0000027c0d002b43 sp=0x000000ec1b6fbb90 mode 3
Event: 1.690 Thread 0x0000027c1eaea380 DEOPT PACKING pc=0x0000027c0d5b5754 sp=0x000000ec1b6fcad0
Event: 1.690 Thread 0x0000027c1eaea380 DEOPT UNPACKING pc=0x0000027c0d002b43 sp=0x000000ec1b6fc028 mode 0
Event: 1.951 Thread 0x0000027c1eaea380 DEOPT PACKING pc=0x0000027c0d7d5481 sp=0x000000ec1b6fc0d0
Event: 1.951 Thread 0x0000027c1eaea380 DEOPT UNPACKING pc=0x0000027c0d002b43 sp=0x000000ec1b6fb540 mode 3
Event: 2.555 Thread 0x0000027c1eaea380 DEOPT PACKING pc=0x0000027c0d85a025 sp=0x000000ec1b6fb950
Event: 2.555 Thread 0x0000027c1eaea380 DEOPT UNPACKING pc=0x0000027c0d002b43 sp=0x000000ec1b6faeb8 mode 3
Event: 3.748 Thread 0x0000027c1eaea380 DEOPT PACKING pc=0x0000027c0d5e4c52 sp=0x000000ec1b6fa420
Event: 3.748 Thread 0x0000027c1eaea380 DEOPT UNPACKING pc=0x0000027c0d002b43 sp=0x000000ec1b6f9928 mode 3
Event: 3.749 Thread 0x0000027c1eaea380 DEOPT PACKING pc=0x0000027c0d5853e5 sp=0x000000ec1b6fa3e0
Event: 3.749 Thread 0x0000027c1eaea380 DEOPT UNPACKING pc=0x0000027c0d002b43 sp=0x000000ec1b6f9928 mode 3
Event: 4.067 Thread 0x0000027c1eaea380 DEOPT PACKING pc=0x0000027c0daae8f9 sp=0x000000ec1b6fcd60
Event: 4.067 Thread 0x0000027c1eaea380 DEOPT UNPACKING pc=0x0000027c0d002b43 sp=0x000000ec1b6fc240 mode 3

Classes unloaded (0 events):
No events

Classes redefined (0 events):
No events

Internal exceptions (20 events):
Event: 4.092 Thread 0x0000027c1eaea380 Exception <a 'java/lang/reflect/InvocationTargetException'{0x000000070536dca8}> (0x000000070536dca8) 
thrown [e:\jenkins\tmp\workspace\build\src\src\hotspot\share\runtime\reflection.cpp, line 1121]
Event: 4.093 Thread 0x0000027c1eaea380 Exception <a 'java/lang/reflect/InvocationTargetException'{0x0000000705379418}> (0x0000000705379418) 
thrown [e:\jenkins\tmp\workspace\build\src\src\hotspot\share\runtime\reflection.cpp, line 1121]
Event: 4.093 Thread 0x0000027c1eaea380 Exception <a 'java/lang/reflect/InvocationTargetException'{0x0000000705386e20}> (0x0000000705386e20) 
thrown [e:\jenkins\tmp\workspace\build\src\src\hotspot\share\runtime\reflection.cpp, line 1121]
Event: 4.106 Thread 0x0000027c1eaea380 Exception <a 'java/lang/reflect/InvocationTargetException'{0x00000007051ac500}> (0x00000007051ac500) 
thrown [e:\jenkins\tmp\workspace\build\src\src\hotspot\share\runtime\reflection.cpp, line 1121]
Event: 4.106 Thread 0x0000027c1eaea380 Exception <a 'java/lang/reflect/InvocationTargetException'{0x00000007051b7c00}> (0x00000007051b7c00) 
thrown [e:\jenkins\tmp\workspace\build\src\src\hotspot\share\runtime\reflection.cpp, line 1121]
Event: 4.115 Thread 0x0000027c1eaea380 Exception <a 'java/lang/ClassNotFoundException'{0x0000000704e48ee0}: it/cnr/istc/psts/wikitel/db/ModelCustomizer> (0x0000000704e48ee0) 
thrown [e:\jenkins\tmp\workspace\build\src\src\hotspot\share\classfile\systemDictionary.cpp, line 256]
Event: 4.115 Thread 0x0000027c1eaea380 Exception <a 'java/lang/NoSuchMethodError'{0x0000000704e58f78}: 'java.lang.Object java.lang.invoke.DirectMethodHandle$Holder.invokeInterface(java.lang.Object, java.lang.Object, int)'> (0x0000000704e58f78) 
thrown [e:\jenkins\tmp\workspace\build\src\src\hotspot\share\interpreter\linkResolver.cpp, line 766]
Event: 4.121 Thread 0x0000027c1eaea380 Exception <a 'java/lang/reflect/InvocationTargetException'{0x0000000712021f18}> (0x0000000712021f18) 
thrown [e:\jenkins\tmp\workspace\build\src\src\hotspot\share\runtime\reflection.cpp, line 1121]
Event: 4.127 Thread 0x0000027c1eaea380 Exception <a 'java/lang/ClassNotFoundException'{0x000000071209f528}: java/lang/ObjectCustomizer> (0x000000071209f528) 
thrown [e:\jenkins\tmp\workspace\build\src\src\hotspot\share\classfile\systemDictionary.cpp, line 256]
Event: 4.127 Thread 0x0000027c1eaea380 Exception <a 'java/lang/ClassNotFoundException'{0x00000007120aa070}: it/cnr/istc/psts/wikitel/db/SuggestionEntityCustomizer> (0x00000007120aa070) 
thrown [e:\jenkins\tmp\workspace\build\src\src\hotspot\share\classfile\systemDictionary.cpp, line 256]
Event: 4.128 Thread 0x0000027c1eaea380 Exception <a 'java/lang/ClassNotFoundException'{0x00000007120b2dd8}: it/cnr/istc/psts/wikitel/db/WikiSuggestionEntityCustomizer> (0x00000007120b2dd8) 
thrown [e:\jenkins\tmp\workspace\build\src\src\hotspot\share\classfile\systemDictionary.cpp, line 256]
Event: 4.134 Thread 0x0000027c1eaea380 Exception <a 'java/lang/reflect/InvocationTargetException'{0x000000071217b728}> (0x000000071217b728) 
thrown [e:\jenkins\tmp\workspace\build\src\src\hotspot\share\runtime\reflection.cpp, line 1121]
Event: 4.141 Thread 0x0000027c1eaea380 Exception <a 'java/lang/reflect/InvocationTargetException'{0x0000000709a7d250}> (0x0000000709a7d250) 
thrown [e:\jenkins\tmp\workspace\build\src\src\hotspot\share\runtime\reflection.cpp, line 1121]
Event: 4.147 Thread 0x0000027c1eaea380 Exception <a 'java/lang/reflect/InvocationTargetException'{0x0000000709b79aa0}> (0x0000000709b79aa0) 
thrown [e:\jenkins\tmp\workspace\build\src\src\hotspot\share\runtime\reflection.cpp, line 1121]
Event: 4.192 Thread 0x0000027c1eaea380 Exception <a 'java/lang/NoSuchMethodError'{0x00000007096b8998}: <init>> (0x00000007096b8998) 
thrown [e:\jenkins\tmp\workspace\build\src\src\hotspot\share\prims\jni.cpp, line 1073]
Event: 4.192 Thread 0x0000027c1eaea380 Exception <a 'java/lang/NoSuchMethodError'{0x00000007096bc518}: <init>> (0x00000007096bc518) 
thrown [e:\jenkins\tmp\workspace\build\src\src\hotspot\share\prims\jni.cpp, line 1073]
Event: 4.194 Thread 0x0000027c1eaea380 Exception <a 'java/lang/NoSuchMethodError'{0x00000007096d38e8}: <init>> (0x00000007096d38e8) 
thrown [e:\jenkins\tmp\workspace\build\src\src\hotspot\share\prims\jni.cpp, line 1073]
Event: 4.194 Thread 0x0000027c1eaea380 Exception <a 'java/lang/NoSuchMethodError'{0x00000007096d70d0}: <init>> (0x00000007096d70d0) 
thrown [e:\jenkins\tmp\workspace\build\src\src\hotspot\share\prims\jni.cpp, line 1073]
Event: 4.194 Thread 0x0000027c1eaea380 Exception <a 'java/lang/NoSuchMethodError'{0x00000007096da428}: <init>> (0x00000007096da428) 
thrown [e:\jenkins\tmp\workspace\build\src\src\hotspot\share\prims\jni.cpp, line 1073]
Event: 4.194 Thread 0x0000027c1eaea380 Exception <a 'java/lang/NoSuchMethodError'{0x00000007096e0a20}: <init>> (0x00000007096e0a20) 
thrown [e:\jenkins\tmp\workspace\build\src\src\hotspot\share\prims\jni.cpp, line 1073]

VM Operations (20 events):
Event: 4.090 Executing VM operation: ICBufferFull
Event: 4.090 Executing VM operation: ICBufferFull done
Event: 4.091 Executing VM operation: ICBufferFull
Event: 4.092 Executing VM operation: ICBufferFull done
Event: 4.111 Executing VM operation: HandshakeAllThreads
Event: 4.111 Executing VM operation: HandshakeAllThreads done
Event: 4.111 Executing VM operation: HandshakeAllThreads
Event: 4.111 Executing VM operation: HandshakeAllThreads done
Event: 4.115 Executing VM operation: CollectForMetadataAllocation
Event: 4.119 Executing VM operation: CollectForMetadataAllocation done
Event: 4.122 Executing VM operation: ICBufferFull
Event: 4.122 Executing VM operation: ICBufferFull done
Event: 4.130 Executing VM operation: G1Concurrent
Event: 4.133 Executing VM operation: G1Concurrent done
Event: 4.139 Executing VM operation: G1Concurrent
Event: 4.139 Executing VM operation: G1Concurrent done
Event: 4.141 Executing VM operation: ICBufferFull
Event: 4.141 Executing VM operation: ICBufferFull done
Event: 4.148 Executing VM operation: ICBufferFull
Event: 4.148 Executing VM operation: ICBufferFull done

Events (20 events):
Event: 4.072 loading class sun/reflect/ReflectionFactory
Event: 4.072 loading class sun/reflect/ReflectionFactory done
Event: 4.072 loading class sun/reflect/ReflectionFactory$1
Event: 4.072 loading class sun/reflect/ReflectionFactory$1 done
Event: 4.072 loading class java/io/OptionalDataException
Event: 4.072 loading class java/io/OptionalDataException done
Event: 4.127 loading class java/lang/ObjectCustomizer
Event: 4.127 loading class java/lang/ObjectCustomizer done
Event: 4.127 loading class java/lang/ObjectCustomizer
Event: 4.127 loading class java/lang/ObjectCustomizer done
Event: 4.140 loading class jdk/internal/loader/BootLoader$PackageHelper
Event: 4.140 loading class jdk/internal/loader/BootLoader$PackageHelper done
Event: 4.175 Loaded shared library C:\Windows\System32\json.dll
Event: 4.177 Loaded shared library C:\Windows\System32\smt.dll
Event: 4.181 Loaded shared library C:\Windows\System32\riddle.dll
Event: 4.183 Loaded shared library C:\Windows\System32\core.dll
Event: 4.185 Loaded shared library C:\Windows\System32\solver.dll
Event: 4.187 Loaded shared library C:\Windows\System32\executor.dll
Event: 4.188 Loaded shared library C:\Windows\System32\solver-java-api.dll
Event: 4.190 Loaded shared library C:\Windows\System32\executor-java-api.dll


Dynamic libraries:
0x00007ff75a780000 - 0x00007ff75a78e000 	C:\Users\aliyo\Downloads\sts-4.14.1.RELEASE\plugins\org.eclipse.justj.openjdk.hotspot.jre.full.win32.x86_64_17.0.2.v20220201-1208\jre\bin\javaw.exe
0x00007ffeefae0000 - 0x00007ffeefce9000 	C:\WINDOWS\SYSTEM32\ntdll.dll
0x00007ffeedef0000 - 0x00007ffeedfad000 	C:\WINDOWS\System32\KERNEL32.DLL
0x00007ffeed500000 - 0x00007ffeed879000 	C:\WINDOWS\System32\KERNELBASE.dll
0x00007ffeed340000 - 0x00007ffeed451000 	C:\WINDOWS\System32\ucrtbase.dll
0x00007ffee2150000 - 0x00007ffee2168000 	C:\Users\aliyo\Downloads\sts-4.14.1.RELEASE\plugins\org.eclipse.justj.openjdk.hotspot.jre.full.win32.x86_64_17.0.2.v20220201-1208\jre\bin\jli.dll
0x00007ffec0760000 - 0x00007ffec0779000 	C:\Users\aliyo\Downloads\sts-4.14.1.RELEASE\plugins\org.eclipse.justj.openjdk.hotspot.jre.full.win32.x86_64_17.0.2.v20220201-1208\jre\bin\VCRUNTIME140.dll
0x00007ffeef830000 - 0x00007ffeef9dc000 	C:\WINDOWS\System32\USER32.dll
0x00007ffec8b50000 - 0x00007ffec8df5000 	C:\WINDOWS\WinSxS\amd64_microsoft.windows.common-controls_6595b64144ccf1df_6.0.22000.120_none_9d947278b86cc467\COMCTL32.dll
0x00007ffeed0e0000 - 0x00007ffeed106000 	C:\WINDOWS\System32\win32u.dll
0x00007ffeeeee0000 - 0x00007ffeeef83000 	C:\WINDOWS\System32\msvcrt.dll
0x00007ffeed970000 - 0x00007ffeed999000 	C:\WINDOWS\System32\GDI32.dll
0x00007ffeecfc0000 - 0x00007ffeed0d2000 	C:\WINDOWS\System32\gdi32full.dll
0x00007ffeed460000 - 0x00007ffeed4fd000 	C:\WINDOWS\System32\msvcp_win.dll
0x00007ffeef150000 - 0x00007ffeef181000 	C:\WINDOWS\System32\IMM32.DLL
0x00007ffee0ed0000 - 0x00007ffee0edc000 	C:\Users\aliyo\Downloads\sts-4.14.1.RELEASE\plugins\org.eclipse.justj.openjdk.hotspot.jre.full.win32.x86_64_17.0.2.v20220201-1208\jre\bin\vcruntime140_1.dll
0x00007ffeaca10000 - 0x00007ffeacaa1000 	C:\Users\aliyo\Downloads\sts-4.14.1.RELEASE\plugins\org.eclipse.justj.openjdk.hotspot.jre.full.win32.x86_64_17.0.2.v20220201-1208\jre\bin\msvcp140.dll
0x00007ffe88890000 - 0x00007ffe894d7000 	C:\Users\aliyo\Downloads\sts-4.14.1.RELEASE\plugins\org.eclipse.justj.openjdk.hotspot.jre.full.win32.x86_64_17.0.2.v20220201-1208\jre\bin\server\jvm.dll
0x00007ffeef570000 - 0x00007ffeef61e000 	C:\WINDOWS\System32\ADVAPI32.dll
0x00007ffeefa00000 - 0x00007ffeefa9e000 	C:\WINDOWS\System32\sechost.dll
0x00007ffeef620000 - 0x00007ffeef740000 	C:\WINDOWS\System32\RPCRT4.dll
0x00007ffeef820000 - 0x00007ffeef828000 	C:\WINDOWS\System32\PSAPI.DLL
0x00007ffed3fc0000 - 0x00007ffed3fc9000 	C:\WINDOWS\SYSTEM32\WSOCK32.dll
0x00007ffee6de0000 - 0x00007ffee6e13000 	C:\WINDOWS\SYSTEM32\WINMM.dll
0x00007ffee5a60000 - 0x00007ffee5a6a000 	C:\WINDOWS\SYSTEM32\VERSION.dll
0x00007ffeef310000 - 0x00007ffeef37f000 	C:\WINDOWS\System32\WS2_32.dll
0x00007ffeec1b0000 - 0x00007ffeec1c8000 	C:\WINDOWS\SYSTEM32\kernel.appcore.dll
0x00007ffee6210000 - 0x00007ffee621a000 	C:\Users\aliyo\Downloads\sts-4.14.1.RELEASE\plugins\org.eclipse.justj.openjdk.hotspot.jre.full.win32.x86_64_17.0.2.v20220201-1208\jre\bin\jimage.dll
0x00007ffeea330000 - 0x00007ffeea551000 	C:\WINDOWS\SYSTEM32\DBGHELP.DLL
0x00007ffee21c0000 - 0x00007ffee21f1000 	C:\WINDOWS\SYSTEM32\dbgcore.DLL
0x00007ffeed880000 - 0x00007ffeed8ff000 	C:\WINDOWS\System32\bcryptPrimitives.dll
0x00007ffed3aa0000 - 0x00007ffed3ac5000 	C:\Users\aliyo\Downloads\sts-4.14.1.RELEASE\plugins\org.eclipse.justj.openjdk.hotspot.jre.full.win32.x86_64_17.0.2.v20220201-1208\jre\bin\java.dll
0x00007ffee1f70000 - 0x00007ffee1f88000 	C:\Users\aliyo\Downloads\sts-4.14.1.RELEASE\plugins\org.eclipse.justj.openjdk.hotspot.jre.full.win32.x86_64_17.0.2.v20220201-1208\jre\bin\zip.dll
0x00007ffeee570000 - 0x00007ffeeed28000 	C:\WINDOWS\System32\SHELL32.dll
0x00007ffeeb100000 - 0x00007ffeeb968000 	C:\WINDOWS\SYSTEM32\windows.storage.dll
0x00007ffeed9a0000 - 0x00007ffeedd19000 	C:\WINDOWS\System32\combase.dll
0x00007ffeeaf90000 - 0x00007ffeeb0f6000 	C:\WINDOWS\SYSTEM32\wintypes.dll
0x00007ffeedfb0000 - 0x00007ffeee09a000 	C:\WINDOWS\System32\SHCORE.dll
0x00007ffeee510000 - 0x00007ffeee56d000 	C:\WINDOWS\System32\shlwapi.dll
0x00007ffeecef0000 - 0x00007ffeecf11000 	C:\WINDOWS\SYSTEM32\profapi.dll
0x00007ffecf4e0000 - 0x00007ffecf4f9000 	C:\Users\aliyo\Downloads\sts-4.14.1.RELEASE\plugins\org.eclipse.justj.openjdk.hotspot.jre.full.win32.x86_64_17.0.2.v20220201-1208\jre\bin\net.dll
0x00007ffee7290000 - 0x00007ffee739c000 	C:\WINDOWS\SYSTEM32\WINHTTP.dll
0x00007ffeec5e0000 - 0x00007ffeec647000 	C:\WINDOWS\system32\mswsock.dll
0x00007ffecd200000 - 0x00007ffecd215000 	C:\Users\aliyo\Downloads\sts-4.14.1.RELEASE\plugins\org.eclipse.justj.openjdk.hotspot.jre.full.win32.x86_64_17.0.2.v20220201-1208\jre\bin\nio.dll
0x00007ffee1600000 - 0x00007ffee1609000 	C:\Users\aliyo\Downloads\sts-4.14.1.RELEASE\plugins\org.eclipse.justj.openjdk.hotspot.jre.full.win32.x86_64_17.0.2.v20220201-1208\jre\bin\management.dll
0x00007ffee10a0000 - 0x00007ffee10ab000 	C:\Users\aliyo\Downloads\sts-4.14.1.RELEASE\plugins\org.eclipse.justj.openjdk.hotspot.jre.full.win32.x86_64_17.0.2.v20220201-1208\jre\bin\management_ext.dll
0x00007ffebf770000 - 0x00007ffebf787000 	C:\WINDOWS\system32\napinsp.dll
0x00007ffebf750000 - 0x00007ffebf76b000 	C:\WINDOWS\system32\pnrpnsp.dll
0x00007ffeebd10000 - 0x00007ffeebdf8000 	C:\WINDOWS\SYSTEM32\DNSAPI.dll
0x00007ffeebca0000 - 0x00007ffeebccd000 	C:\WINDOWS\SYSTEM32\IPHLPAPI.DLL
0x00007ffeeeed0000 - 0x00007ffeeeed9000 	C:\WINDOWS\System32\NSI.dll
0x00007ffebf730000 - 0x00007ffebf742000 	C:\WINDOWS\System32\winrnr.dll
0x00007ffee71c0000 - 0x00007ffee71d5000 	C:\WINDOWS\system32\wshbth.dll
0x00007ffebec50000 - 0x00007ffebec6f000 	C:\WINDOWS\system32\nlansp_c.dll
0x00007ffee6080000 - 0x00007ffee608a000 	C:\Windows\System32\rasadhlp.dll
0x00007ffee64a0000 - 0x00007ffee6521000 	C:\WINDOWS\System32\fwpuclnt.dll
0x00007ffeec820000 - 0x00007ffeec838000 	C:\WINDOWS\SYSTEM32\CRYPTSP.dll
0x00007ffeec110000 - 0x00007ffeec145000 	C:\WINDOWS\system32\rsaenh.dll
0x00007ffeec6d0000 - 0x00007ffeec6f9000 	C:\WINDOWS\SYSTEM32\USERENV.dll
0x00007ffeec9a0000 - 0x00007ffeec9c7000 	C:\WINDOWS\SYSTEM32\bcrypt.dll
0x00007ffeec840000 - 0x00007ffeec84c000 	C:\WINDOWS\SYSTEM32\CRYPTBASE.dll
0x00007ffee7450000 - 0x00007ffee7469000 	C:\WINDOWS\SYSTEM32\dhcpcsvc6.DLL
0x00007ffee7890000 - 0x00007ffee78ae000 	C:\WINDOWS\SYSTEM32\dhcpcsvc.DLL
0x00007ffee61a0000 - 0x00007ffee61b0000 	C:\Users\aliyo\Downloads\sts-4.14.1.RELEASE\plugins\org.eclipse.justj.openjdk.hotspot.jre.full.win32.x86_64_17.0.2.v20220201-1208\jre\bin\verify.dll
0x00007ffee2140000 - 0x00007ffee214e000 	C:\Users\aliyo\Downloads\sts-4.14.1.RELEASE\plugins\org.eclipse.justj.openjdk.hotspot.jre.full.win32.x86_64_17.0.2.v20220201-1208\jre\bin\sunmscapi.dll
0x00007ffeed110000 - 0x00007ffeed272000 	C:\WINDOWS\System32\CRYPT32.dll
0x00007ffeec970000 - 0x00007ffeec998000 	C:\WINDOWS\SYSTEM32\ncrypt.dll
0x00007ffeec930000 - 0x00007ffeec967000 	C:\WINDOWS\SYSTEM32\NTASN1.dll
0x00007ffed4600000 - 0x00007ffed460f000 	C:\Windows\System32\json.dll
0x00007ffebd480000 - 0x00007ffebd4c2000 	C:\Windows\System32\smt.dll
0x00007ffec0740000 - 0x00007ffec075f000 	C:\Windows\System32\riddle.dll
0x00007ffeb40a0000 - 0x00007ffeb40e5000 	C:\Windows\System32\core.dll
0x00007ffeb3960000 - 0x00007ffeb39a8000 	C:\Windows\System32\solver.dll
0x00007ffec0720000 - 0x00007ffec0734000 	C:\Windows\System32\executor.dll
0x00007ffec06f0000 - 0x00007ffec0704000 	C:\Windows\System32\solver-java-api.dll
0x00007ffed40d0000 - 0x00007ffed40dc000 	C:\Windows\System32\executor-java-api.dll

dbghelp: loaded successfully - version: 4.0.5 - missing functions: none
symbol engine: initialized successfully - sym options: 0x614 - pdb path: .;C:\Users\aliyo\Downloads\sts-4.14.1.RELEASE\plugins\org.eclipse.justj.openjdk.hotspot.jre.full.win32.x86_64_17.0.2.v20220201-1208\jre\bin;C:\WINDOWS\SYSTEM32;C:\WINDOWS\WinSxS\amd64_microsoft.windows.common-controls_6595b64144ccf1df_6.0.22000.120_none_9d947278b86cc467;C:\Users\aliyo\Downloads\sts-4.14.1.RELEASE\plugins\org.eclipse.justj.openjdk.hotspot.jre.full.win32.x86_64_17.0.2.v20220201-1208\jre\bin\server

VM Arguments:
jvm_args: -Dcom.sun.management.jmxremote -Dcom.sun.management.jmxremote.port=56960 -Dcom.sun.management.jmxremote.authenticate=false -Dcom.sun.management.jmxremote.ssl=false -Djava.rmi.server.hostname=localhost -Dspring.jmx.enabled=true -Dspring.application.admin.enabled=true -XX:TieredStopAtLevel=1 -Dspring.boot.project.name=Wikitel-new -Dfile.encoding=UTF-8 -XX:+ShowCodeDetailsInExceptionMessages 
java_command: it.cnr.istc.psts.WikitelNewApplication --spring.output.ansi.enabled=always
java_class_path (initial): C:\Users\aliyo\OneDrive\Documenti\GitHub\Wikitel-new\target\classes;C:\Users\aliyo\.m2\repository\org\springframework\boot\spring-boot-starter-data-jpa\2.5.7\spring-boot-starter-data-jpa-2.5.7.jar;C:\Users\aliyo\.m2\repository\org\springframework\boot\spring-boot-starter-aop\2.5.7\spring-boot-starter-aop-2.5.7.jar;C:\Users\aliyo\.m2\repository\org\aspectj\aspectjweaver\1.9.7\aspectjweaver-1.9.7.jar;C:\Users\aliyo\.m2\repository\org\springframework\boot\spring-boot-starter-jdbc\2.5.7\spring-boot-starter-jdbc-2.5.7.jar;C:\Users\aliyo\.m2\repository\com\zaxxer\HikariCP\4.0.3\HikariCP-4.0.3.jar;C:\Users\aliyo\.m2\repository\org\springframework\spring-jdbc\5.3.13\spring-jdbc-5.3.13.jar;C:\Users\aliyo\.m2\repository\jakarta\transaction\jakarta.transaction-api\1.3.3\jakarta.transaction-api-1.3.3.jar;C:\Users\aliyo\.m2\repository\jakarta\persistence\jakarta.persistence-api\2.2.3\jakarta.persistence-api-2.2.3.jar;C:\Users\aliyo\.m2\repository\org\hibernate\hibernate-core\5.4.32.Final\hibernate-core-5.4.32.Final.jar;C:\Users\aliyo\.m2\repository\org\jboss\logging\jboss-logging\3.4.2.Final\jboss-logging-3.4.2.Final.jar;C:\Users\aliyo\.m2\repository\org\javassist\javassist\3.27.0-GA\javassist-3.27.0-GA.jar;C:\Users\aliyo\.m2\repository\net\bytebuddy\byte-buddy\1.10.22\byte-buddy-1.10.22.jar;C:\Users\aliyo\.m2\repository\antlr\antlr\2.7.7\antlr-2.7.7.jar;C:\Users\aliyo\.m2\repository\org\jboss\jandex\2.2.3.Final\jandex-2.2.3.Final.jar;C:\Users\aliyo\.m2\repository\com\fasterxml\classmate\1.5.1\classmate-1.5.1.jar;C:\Users\aliyo\.m2\repository\org\dom4j\dom4j\2.1.3\dom4j-2.1.3.jar;C:\Users\aliyo\.m2\repository\org\hibernate\common\hibernate-commons-annotations\5.1.2.Final\hibernate-commons-annotations-5.1.2.Final.jar;C:\Users\aliyo\.m2\repository\org\glassfish\jaxb\jaxb-runtime\2.3.5\jaxb-runtime-2.3.5.jar;C:\Users\aliyo\.m2\repository\org\glassfish\jaxb\txw2\2.3.5\txw2-2.3.5.jar;C:\Users\aliyo\.m2\repository\com\sun\istack\istack-commons-runtime\3.0.
Launcher Type: SUN_STANDARD

[Global flags]
     intx CICompilerCount                          = 4                                         {product} {ergonomic}
     uint ConcGCThreads                            = 3                                         {product} {ergonomic}
     uint G1ConcRefinementThreads                  = 10                                        {product} {ergonomic}
   size_t G1HeapRegionSize                         = 2097152                                   {product} {ergonomic}
    uintx GCDrainStackTargetSize                   = 64                                        {product} {ergonomic}
   size_t InitialHeapSize                          = 266338304                                 {product} {ergonomic}
     bool ManagementServer                         = true                                      {product} {command line}
   size_t MarkStackSize                            = 4194304                                   {product} {ergonomic}
   size_t MaxHeapSize                              = 4257218560                                {product} {ergonomic}
   size_t MaxNewSize                               = 2554331136                                {product} {ergonomic}
   size_t MinHeapDeltaBytes                        = 2097152                                   {product} {ergonomic}
   size_t MinHeapSize                              = 8388608                                   {product} {ergonomic}
    uintx NonProfiledCodeHeapSize                  = 0                                      {pd product} {ergonomic}
     bool ProfileInterpreter                       = false                                  {pd product} {command line}
    uintx ProfiledCodeHeapSize                     = 0                                      {pd product} {ergonomic}
     bool ShowCodeDetailsInExceptionMessages       = true                                   {manageable} {command line}
   size_t SoftMaxHeapSize                          = 4257218560                             {manageable} {ergonomic}
     intx TieredStopAtLevel                        = 1                                         {product} {command line}
     bool UseCompressedClassPointers               = true                           {product lp64_product} {ergonomic}
     bool UseCompressedOops                        = true                           {product lp64_product} {ergonomic}
     bool UseG1GC                                  = true                                      {product} {ergonomic}
     bool UseLargePagesIndividualAllocation        = false                                  {pd product} {ergonomic}

Logging:
Log output configuration:
 #0: stdout all=warning uptime,level,tags
 #1: stderr all=off uptime,level,tags

Environment Variables:
JAVA_HOME=C:\Program Files\Java\jdk1.8.0_202
PATH=C:/Users/aliyo/Downloads/sts-4.14.1.RELEASE//plugins/org.eclipse.justj.openjdk.hotspot.jre.full.win32.x86_64_17.0.2.v20220201-1208/jre/bin/server;C:/Users/aliyo/Downloads/sts-4.14.1.RELEASE//plugins/org.eclipse.justj.openjdk.hotspot.jre.full.win32.x86_64_17.0.2.v20220201-1208/jre/bin;C:\Program Files (x86)\Common Files\Oracle\Java\javapath;C:\windows\system32;C:\windows;C:\windows\System32\Wbem;C:\windows\System32\WindowsPowerShell\v1.0\;C:\windows\System32\OpenSSH\;C:\Program Files (x86)\NVIDIA Corporation\PhysX\Common;C:\Program Files\NVIDIA Corporation\NVIDIA NGX;C:\Program Files\NVIDIA Corporation\NVIDIA NvDLISR;C:\WINDOWS\system32;C:\WINDOWS;C:\WINDOWS\System32\Wbem;C:\WINDOWS\System32\WindowsPowerShell\v1.0\;C:\WINDOWS\System32\OpenSSH\;C:\Users\aliyo\Downloads\apache-maven-3.8.5-bin\apache-maven-3.8.5\bin;C:\Program Files\Java\jdk1.8.0_202\bin;C:\Users\aliyo\source\repos\oRatio\build\bin;C:\MinGW\bin;C:\Users\aliyo\AppData\Local\Microsoft\WindowsApps;C:\Users\aliyo\AppData\Local\GitHubDesktop\bin;C:\Program Files\CMake\bin;C:\Users\aliyo\AppData\Local\Programs\Microsoft VS Code\bin;C:\Users\aliyo\Downloads\sts-4.14.1.RELEASE;
USERNAME=aliyo
OS=Windows_NT
PROCESSOR_IDENTIFIER=Intel64 Family 6 Model 158 Stepping 10, GenuineIntel



---------------  S Y S T E M  ---------------

OS:
 Windows 11 , 64 bit Build 22000 (10.0.22000.708)
OS uptime: 0 days 0:40 hours

CPU: total 12 (initial active 12) (6 cores per cpu, 2 threads per core) family 6 model 158 stepping 10 microcode 0xde, cx8, cmov, fxsr, ht, mmx, 3dnowpref, sse, sse2, sse3, ssse3, sse4.1, sse4.2, popcnt, lzcnt, tsc, tscinvbit, avx, avx2, aes, erms, clmul, bmi1, bmi2, adx, fma, vzeroupper, clflush, clflushopt

Memory: 4k page, system-wide physical 16233M (8369M free)
TotalPageFile size 19177M (AvailPageFile size 7528M)
current process WorkingSet (physical memory assigned to process): 204M, peak: 204M
current process commit charge ("private bytes"): 243M, peak: 369M

vm_info: OpenJDK 64-Bit Server VM (17.0.2+8) for windows-amd64 JRE (17.0.2+8), built on Jan 20 2022 04:52:34 by "" with MS VC++ 16.7 (VS2019)

END.
