#
# There is insufficient memory for the Java Runtime Environment to continue.
# Native memory allocation (malloc) failed to allocate 2097152 bytes for AllocateHeap
# Possible reasons:
#   The system is out of physical RAM or swap space
#   The process is running with CompressedOops enabled, and the Java Heap may be blocking the growth of the native heap
# Possible solutions:
#   Reduce memory load on the system
#   Increase physical memory or swap space
#   Check if swap backing store is full
#   Decrease Java heap size (-Xmx/-Xms)
#   Decrease number of Java threads
#   Decrease Java thread stack sizes (-Xss)
#   Set larger code cache with -XX:ReservedCodeCacheSize=
#   JVM is running with Zero Based Compressed Oops mode in which the Java heap is
#     placed in the first 32GB address space. The Java Heap base address is the
#     maximum limit for the native heap growth. Please use -XX:HeapBaseMinAddress
#     to set the Java Heap base and to place the Java Heap above 32GB virtual address.
# This output file may be truncated or incomplete.
#
#  Out of Memory Error (allocation.cpp:44), pid=33148, tid=38780
#
# JRE version: OpenJDK Runtime Environment (16.0.2+7) (build 16.0.2+7-67)
# Java VM: OpenJDK 64-Bit Server VM (16.0.2+7-67, mixed mode, tiered, compressed oops, compressed class ptrs, g1 gc, windows-amd64)
# No core dump will be written. Minidumps are not enabled by default on client versions of Windows
#

---------------  S U M M A R Y ------------

Command Line: -Dcom.sun.management.jmxremote -Dcom.sun.management.jmxremote.port=62418 -Dcom.sun.management.jmxremote.authenticate=false -Dcom.sun.management.jmxremote.ssl=false -Djava.rmi.server.hostname=localhost -Dspring.jmx.enabled=true -Dspring.application.admin.enabled=true -Djava.library.path=C:\Users\utente\Desktop\Nuova cartella (4)\oRatio-3.0\build\bin\Release;C:\Users\utente\Desktop\Nuova cartella (6)\oRatio-3.0\build\bin\Release -XX:TieredStopAtLevel=1 -Dspring.boot.project.name=Wikitel-new -Dfile.encoding=UTF-8 -XX:+ShowCodeDetailsInExceptionMessages it.cnr.istc.psts.WikitelNewApplication --spring.output.ansi.enabled=always

Host: Intel(R) Core(TM) i7-9750H CPU @ 2.60GHz, 12 cores, 15G,  Windows 10 , 64 bit Build 22000 (10.0.22000.434)
Time: Thu Jan 20 22:59:26 2022 ora solare Europa occidentale elapsed time: 148.598527 seconds (0d 0h 2m 28s)

---------------  T H R E A D  ---------------

Current thread (0x000002bc7e82d4a0):  VMThread "VM Thread" [stack: 0x000000e581c00000,0x000000e581d00000] [id=38780]

Stack: [0x000000e581c00000,0x000000e581d00000]
Native frames: (J=compiled Java code, j=interpreted, Vv=VM code, C=native code)
V  [jvm.dll+0x6681ca]
V  [jvm.dll+0x7c9e69]
V  [jvm.dll+0x7cb61e]
V  [jvm.dll+0x7cbc73]
V  [jvm.dll+0x242c55]
V  [jvm.dll+0xa8732]
V  [jvm.dll+0x2ed1c1]
V  [jvm.dll+0x2e9114]
V  [jvm.dll+0x2d0fc1]
V  [jvm.dll+0x3153a6]
V  [jvm.dll+0x7d00ab]
V  [jvm.dll+0x7d0da4]
V  [jvm.dll+0x7d12a9]
V  [jvm.dll+0x7d1564]
V  [jvm.dll+0x7d1630]
V  [jvm.dll+0x7795aa]
V  [jvm.dll+0x667066]
C  [ucrtbase.dll+0x26c0c]
C  [KERNEL32.DLL+0x154e0]
C  [ntdll.dll+0x485b]

VM_Operation (0x000000e5843feda0): G1CollectFull, mode: safepoint, requested by thread 0x000002bc7eec7c60


---------------  P R O C E S S  ---------------

Threads class SMR info:
_java_thread_list=0x000002bc127bc780, length=21, elements={
0x000002bc7e840260, 0x000002bc7e840e60, 0x000002bc7e8724b0, 0x000002bc7e876de0,
0x000002bc7e8776f0, 0x000002bc7e87b500, 0x000002bc7e87ded0, 0x000002bc7e887840,
0x000002bc7e91bc70, 0x000002bc7ea421c0, 0x000002bc7eff59f0, 0x000002bc7eff12b0,
0x000002bc7f021440, 0x000002bc7f021f10, 0x000002bc7f022ba0, 0x000002bc6de78b40,
0x000002bc0f1265a0, 0x000002bc0f126050, 0x000002bc7eec6c70, 0x000002bc7eecc170,
0x000002bc7eec7c60
}

Java Threads: ( => current thread )
  0x000002bc7e840260 JavaThread "Reference Handler" daemon [_thread_blocked, id=18592, stack(0x000000e581d00000,0x000000e581e00000)]
  0x000002bc7e840e60 JavaThread "Finalizer" daemon [_thread_blocked, id=24088, stack(0x000000e581e00000,0x000000e581f00000)]
  0x000002bc7e8724b0 JavaThread "Signal Dispatcher" daemon [_thread_blocked, id=7896, stack(0x000000e581f00000,0x000000e582000000)]
  0x000002bc7e876de0 JavaThread "Attach Listener" daemon [_thread_blocked, id=36632, stack(0x000000e582000000,0x000000e582100000)]
  0x000002bc7e8776f0 JavaThread "Service Thread" daemon [_thread_blocked, id=21208, stack(0x000000e582100000,0x000000e582200000)]
  0x000002bc7e87b500 JavaThread "Monitor Deflation Thread" daemon [_thread_blocked, id=26232, stack(0x000000e582200000,0x000000e582300000)]
  0x000002bc7e87ded0 JavaThread "C1 CompilerThread0" daemon [_thread_blocked, id=39132, stack(0x000000e582300000,0x000000e582400000)]
  0x000002bc7e887840 JavaThread "Sweeper thread" daemon [_thread_blocked, id=35248, stack(0x000000e582400000,0x000000e582500000)]
  0x000002bc7e91bc70 JavaThread "Common-Cleaner" daemon [_thread_blocked, id=35760, stack(0x000000e582500000,0x000000e582600000)]
  0x000002bc7ea421c0 JavaThread "Notification Thread" daemon [_thread_blocked, id=29556, stack(0x000000e582600000,0x000000e582700000)]
  0x000002bc7eff59f0 JavaThread "RMI TCP Accept-0" daemon [_thread_in_native, id=32204, stack(0x000000e582700000,0x000000e582800000)]
  0x000002bc7eff12b0 JavaThread "RMI TCP Accept-62418" daemon [_thread_in_native, id=19164, stack(0x000000e582800000,0x000000e582900000)]
  0x000002bc7f021440 JavaThread "RMI Scheduler(0)" daemon [_thread_blocked, id=37232, stack(0x000000e582a00000,0x000000e582b00000)]
  0x000002bc7f021f10 JavaThread "RMI TCP Connection(idle)" daemon [_thread_blocked, id=35136, stack(0x000000e582b00000,0x000000e582c00000)]
  0x000002bc7f022ba0 JavaThread "RMI TCP Accept-0" daemon [_thread_in_native, id=24524, stack(0x000000e582c00000,0x000000e582d00000)]
  0x000002bc6de78b40 JavaThread "JMX server connection timeout 22" daemon [_thread_blocked, id=23280, stack(0x000000e582e00000,0x000000e582f00000)]
  0x000002bc0f1265a0 JavaThread "Live Reload Server" daemon [_thread_in_native, id=4376, stack(0x000000e584600000,0x000000e584700000)]
  0x000002bc0f126050 JavaThread "DestroyJavaVM" [_thread_blocked, id=24700, stack(0x000000e581600000,0x000000e581700000)]
  0x000002bc7eec6c70 JavaThread "Thread-5" [_thread_blocked, id=28804, stack(0x000000e581300000,0x000000e581400000)]
  0x000002bc7eecc170 JavaThread "restartedMain" [_thread_in_native, id=28184, stack(0x000000e581400000,0x000000e581500000)]
  0x000002bc7eec7c60 JavaThread "Thread-7" [_thread_blocked, id=17004, stack(0x000000e584300000,0x000000e584400000)]

Other Threads:
=>0x000002bc7e82d4a0 VMThread "VM Thread" [stack: 0x000000e581c00000,0x000000e581d00000] [id=38780]
  0x000002bc7f0295d0 WatcherThread [stack: 0x000000e582d00000,0x000000e582e00000] [id=7904]
  0x000002bc6dec74a0 GCTaskThread "GC Thread#0" [stack: 0x000000e581700000,0x000000e581800000] [id=23432]
  0x000002bc7f21a490 GCTaskThread "GC Thread#1" [stack: 0x000000e582f00000,0x000000e583000000] [id=26664]
  0x000002bc7f15ffb0 GCTaskThread "GC Thread#2" [stack: 0x000000e583000000,0x000000e583100000] [id=14796]
  0x000002bc7f1606c0 GCTaskThread "GC Thread#3" [stack: 0x000000e583100000,0x000000e583200000] [id=12316]
  0x000002bc7f1412a0 GCTaskThread "GC Thread#4" [stack: 0x000000e583200000,0x000000e583300000] [id=31340]
  0x000002bc0f018450 GCTaskThread "GC Thread#5" [stack: 0x000000e583300000,0x000000e583400000] [id=1328]
  0x000002bc0f020d80 GCTaskThread "GC Thread#6" [stack: 0x000000e583400000,0x000000e583500000] [id=10040]
  0x000002bc0f021090 GCTaskThread "GC Thread#7" [stack: 0x000000e583500000,0x000000e583600000] [id=18188]
  0x000002bc0f05ec50 GCTaskThread "GC Thread#8" [stack: 0x000000e583800000,0x000000e583900000] [id=2280]
  0x000002bc0f05ef60 GCTaskThread "GC Thread#9" [stack: 0x000000e583900000,0x000000e583a00000] [id=32684]
  0x000002bc6ded89b0 ConcurrentGCThread "G1 Main Marker" [stack: 0x000000e581800000,0x000000e581900000] [id=36036]
  0x000002bc6ded92c0 ConcurrentGCThread "G1 Conc#0" [stack: 0x000000e581900000,0x000000e581a00000] [id=2060]
  0x000002bc0f234340 ConcurrentGCThread "G1 Conc#1" [stack: 0x000000e583c00000,0x000000e583d00000] [id=32580]
  0x000002bc0f277040 ConcurrentGCThread "G1 Conc#2" [stack: 0x000000e583d00000,0x000000e583e00000] [id=10956]
  0x000002bc6df34700 ConcurrentGCThread "G1 Refine#0" [stack: 0x000000e581a00000,0x000000e581b00000] [id=15284]
  0x000002bc7f1be460 ConcurrentGCThread "G1 Refine#1" [stack: 0x000000e583600000,0x000000e583700000] [id=2636]
  0x000002bc0f0219c0 ConcurrentGCThread "G1 Refine#2" [stack: 0x000000e583700000,0x000000e583800000] [id=27340]
  0x000002bc7db135e0 ConcurrentGCThread "G1 Service" [stack: 0x000000e581b00000,0x000000e581c00000] [id=29540]

Threads with active compile tasks:

VM state: at safepoint (normal execution)

VM Mutex/Monitor currently owned by a thread:  ([mutex/lock_event])
[0x000002bc6de74690] Threads_lock - owner thread: 0x000002bc7e82d4a0
[0x000002bc6de736d0] Heap_lock - owner thread: 0x000002bc7eec7c60

OutOfMemory and StackOverflow Exception counts:
StackOverflowErrors=3
LinkageErrors=104

Heap address: 0x0000000702400000, size: 4060 MB, Compressed Oops mode: Zero based, Oop shift amount: 3

CDS disabled.
Compressed class space mapped at: 0x0000000800000000-0x0000000840000000, reserved size: 1073741824
Narrow klass base: 0x0000000800000000, Narrow klass shift: 0, Narrow klass range: 0x40000000

GC Precious Log:
 CPUs: 12 total, 12 available
 Memory: 16233M
 Large Page Support: Disabled
 NUMA Support: Disabled
 Compressed Oops: Enabled (Zero based)
 Heap Region Size: 2M
 Heap Min Capacity: 8M
 Heap Initial Capacity: 254M
 Heap Max Capacity: 4060M
 Pre-touch: Disabled
 Parallel Workers: 10
 Concurrent Workers: 3
 Concurrent Refinement Workers: 10
 Periodic GC: Disabled

Heap:
 garbage-first heap   total 83968K, used 41573K [0x0000000702400000, 0x0000000800000000)
  region size 2048K, 7 young (14336K), 2 survivors (4096K)
 Metaspace       used 72503K, committed 73088K, reserved 1114112K
  class space    used 9675K, committed 9984K, reserved 1048576K

Heap Regions: E=young(eden), S=young(survivor), O=old, HS=humongous(starts), HC=humongous(continues), CS=collection set, F=free, OA=open archive, CA=closed archive, TAMS=top-at-mark-start (previous, next)
|   0|0x0000000702400000, 0x00000007025fffe8, 0x0000000702600000| 99%| O|  |TAMS 0x0000000702400000, 0x0000000702400000| Untracked 
|   1|0x0000000702600000, 0x00000007027ffff0, 0x0000000702800000| 99%| O|  |TAMS 0x0000000702600000, 0x0000000702600000| Untracked 
|   2|0x0000000702800000, 0x00000007029fffc8, 0x0000000702a00000| 99%| O|  |TAMS 0x0000000702800000, 0x0000000702800000| Untracked 
|   3|0x0000000702a00000, 0x0000000702bffff0, 0x0000000702c00000| 99%| O|  |TAMS 0x0000000702a00000, 0x0000000702a00000| Untracked 
|   4|0x0000000702c00000, 0x0000000702dfffe8, 0x0000000702e00000| 99%| O|  |TAMS 0x0000000702c00000, 0x0000000702c00000| Untracked 
|   5|0x0000000702e00000, 0x0000000702ffffb0, 0x0000000703000000| 99%| O|  |TAMS 0x0000000702e00000, 0x0000000702e00000| Untracked 
|   6|0x0000000703000000, 0x00000007031fffd0, 0x0000000703200000| 99%| O|  |TAMS 0x0000000703000000, 0x0000000703000000| Untracked 
|   7|0x0000000703200000, 0x00000007033ffb28, 0x0000000703400000| 99%| O|  |TAMS 0x0000000703200000, 0x0000000703200000| Untracked 
|   8|0x0000000703400000, 0x00000007035fffd8, 0x0000000703600000| 99%| O|  |TAMS 0x0000000703400000, 0x0000000703400000| Untracked 
|   9|0x0000000703600000, 0x00000007037fffa8, 0x0000000703800000| 99%| O|  |TAMS 0x0000000703600000, 0x0000000703600000| Untracked 
|  10|0x0000000703800000, 0x00000007039ffff0, 0x0000000703a00000| 99%| O|  |TAMS 0x0000000703800000, 0x0000000703800000| Untracked 
|  11|0x0000000703a00000, 0x0000000703a318d8, 0x0000000703c00000|  9%| O|  |TAMS 0x0000000703a00000, 0x0000000703a00000| Untracked 
|  12|0x0000000703c00000, 0x0000000703dbf9f8, 0x0000000703e00000| 87%| O|  |TAMS 0x0000000703c00000, 0x0000000703c00000| Untracked 
|  13|0x0000000703e00000, 0x0000000703f29600, 0x0000000704000000| 58%| O|  |TAMS 0x0000000703e00000, 0x0000000703e00000| Untracked 
|  14|0x0000000704000000, 0x00000007040e37e0, 0x0000000704200000| 44%| O|  |TAMS 0x0000000704000000, 0x0000000704000000| Untracked 
|  15|0x0000000704200000, 0x0000000704400000, 0x0000000704400000|100%| O|  |TAMS 0x0000000704200000, 0x0000000704200000| Untracked 
|  16|0x0000000704400000, 0x000000070449ba00, 0x0000000704600000| 30%| O|  |TAMS 0x0000000704400000, 0x0000000704400000| Untracked 
|  17|0x0000000704600000, 0x0000000704600000, 0x0000000704800000|  0%| F|  |TAMS 0x0000000704600000, 0x0000000704600000| Untracked 
|  18|0x0000000704800000, 0x0000000704800000, 0x0000000704a00000|  0%| F|  |TAMS 0x0000000704800000, 0x0000000704800000| Untracked 
|  19|0x0000000704a00000, 0x0000000704a00000, 0x0000000704c00000|  0%| F|  |TAMS 0x0000000704a00000, 0x0000000704a00000| Untracked 
|  20|0x0000000704c00000, 0x0000000704c00000, 0x0000000704e00000|  0%| F|  |TAMS 0x0000000704c00000, 0x0000000704c00000| Untracked 
|  21|0x0000000704e00000, 0x0000000704e00000, 0x0000000705000000|  0%| F|  |TAMS 0x0000000704e00000, 0x0000000704e00000| Untracked 
|  22|0x0000000705000000, 0x0000000705000000, 0x0000000705200000|  0%| F|  |TAMS 0x0000000705000000, 0x0000000705000000| Untracked 
|  23|0x0000000705200000, 0x0000000705200000, 0x0000000705400000|  0%| F|  |TAMS 0x0000000705200000, 0x0000000705200000| Untracked 
|  24|0x0000000705400000, 0x0000000705600000, 0x0000000705600000|100%| S|CS|TAMS 0x0000000705400000, 0x0000000705400000| Complete 
|  25|0x0000000705600000, 0x0000000705800000, 0x0000000705800000|100%| S|CS|TAMS 0x0000000705600000, 0x0000000705600000| Complete 
|  26|0x0000000705800000, 0x0000000705800000, 0x0000000705a00000|  0%| F|  |TAMS 0x0000000705800000, 0x0000000705800000| Untracked 
|  27|0x0000000705a00000, 0x0000000705a00000, 0x0000000705c00000|  0%| F|  |TAMS 0x0000000705a00000, 0x0000000705a00000| Untracked 
|  28|0x0000000705c00000, 0x0000000705c00000, 0x0000000705e00000|  0%| F|  |TAMS 0x0000000705c00000, 0x0000000705c00000| Untracked 
|  29|0x0000000705e00000, 0x0000000705e00000, 0x0000000706000000|  0%| F|  |TAMS 0x0000000705e00000, 0x0000000705e00000| Untracked 
|  30|0x0000000706000000, 0x0000000706000000, 0x0000000706200000|  0%| F|  |TAMS 0x0000000706000000, 0x0000000706000000| Untracked 
|  31|0x0000000706200000, 0x0000000706200000, 0x0000000706400000|  0%| F|  |TAMS 0x0000000706200000, 0x0000000706200000| Untracked 
|  32|0x0000000706400000, 0x0000000706400000, 0x0000000706600000|  0%| F|  |TAMS 0x0000000706400000, 0x0000000706400000| Untracked 
|  33|0x0000000706600000, 0x0000000706600000, 0x0000000706800000|  0%| F|  |TAMS 0x0000000706600000, 0x0000000706600000| Untracked 
|  34|0x0000000706800000, 0x0000000706800000, 0x0000000706a00000|  0%| F|  |TAMS 0x0000000706800000, 0x0000000706800000| Untracked 
|  35|0x0000000706a00000, 0x0000000706a00000, 0x0000000706c00000|  0%| F|  |TAMS 0x0000000706a00000, 0x0000000706a00000| Untracked 
|  62|0x000000070a000000, 0x000000070a11e738, 0x000000070a200000| 55%| E|  |TAMS 0x000000070a000000, 0x000000070a000000| Complete 
|  63|0x000000070a200000, 0x000000070a400000, 0x000000070a400000|100%| E|CS|TAMS 0x000000070a200000, 0x000000070a200000| Complete 
|  64|0x000000070a400000, 0x000000070a600000, 0x000000070a600000|100%| E|CS|TAMS 0x000000070a400000, 0x000000070a400000| Complete 
|  65|0x000000070a600000, 0x000000070a800000, 0x000000070a800000|100%| E|CS|TAMS 0x000000070a600000, 0x000000070a600000| Complete 
| 126|0x0000000712000000, 0x0000000712200000, 0x0000000712200000|100%| E|CS|TAMS 0x0000000712000000, 0x0000000712000000| Complete 

Card table byte_map: [0x000002bc72130000,0x000002bc72920000] _byte_map_base: 0x000002bc6e91e000

Marking Bits (Prev, Next): (CMBitMap*) 0x000002bc6dec79b0, (CMBitMap*) 0x000002bc6dec79f0
 Prev Bits: [0x000002bc73110000, 0x000002bc77080000)
 Next Bits: [0x000002bc77080000, 0x000002bc7aff0000)

Polling page: 0x000002bc6be30000

Metaspace:

Usage:
  Non-class:     61.36 MB used.
      Class:      9.45 MB used.
       Both:     70.80 MB used.

Virtual space:
  Non-class space:       64.00 MB reserved,      61.62 MB ( 96%) committed,  8 nodes.
      Class space:        1.00 GB reserved,       9.75 MB ( <1%) committed,  1 nodes.
              Both:        1.06 GB reserved,      71.38 MB (  7%) committed. 

Chunk freelists:
   Non-Class:  2.01 MB
       Class:  2.27 MB
        Both:  4.29 MB

MaxMetaspaceSize: 17179869184.00 GB
CompressedClassSpaceSize: 1.00 GB
 - commit_granule_bytes: 65536.
 - commit_granule_words: 8192.
 - virtual_space_node_default_size: 1048576.
 - enlarge_chunks_in_place: 1.
 - new_chunks_are_fully_committed: 0.
 - uncommit_free_chunks: 1.
 - use_allocation_guard: 0.
 - handle_deallocations: 1.


Internal statistics:

num_allocs_failed_limit: 9.
num_arena_births: 858.
num_arena_deaths: 10.
num_vsnodes_births: 9.
num_vsnodes_deaths: 0.
num_space_committed: 1142.
num_space_uncommitted: 0.
num_chunks_returned_to_freelist: 24.
num_chunks_taken_from_freelist: 3345.
num_chunk_merges: 9.
num_chunk_splits: 2257.
num_chunks_enlarged: 1631.
num_purges: 2.

CodeHeap 'non-profiled nmethods': size=238336Kb used=14427Kb max_used=14427Kb free=223908Kb
 bounds [0x000002bc00740000, 0x000002bc01560000, 0x000002bc0f000000]
CodeHeap 'non-nmethods': size=7424Kb used=1322Kb max_used=1322Kb free=6101Kb
 bounds [0x000002bc00000000, 0x000002bc00270000, 0x000002bc00740000]
 total_blobs=9516 nmethods=8870 adapters=571
 compilation: enabled
              stopped_count=0, restarted_count=0
 full_count=0

Compilation events (20 events):
Event: 148.553 Thread 0x000002bc7e87ded0 8861       1       java.io.ObjectOutputStream::writeClassDesc (60 bytes)
Event: 148.553 Thread 0x000002bc7e87ded0 nmethod 8861 0x000002bc01554010 code [0x000002bc01554220, 0x000002bc015545a8]
Event: 148.556 Thread 0x000002bc7e87ded0 8862       1       org.apache.catalina.ContainerEvent::getType (5 bytes)
Event: 148.556 Thread 0x000002bc7e87ded0 nmethod 8862 0x000002bc01554810 code [0x000002bc015549a0, 0x000002bc01554a78]
Event: 148.557 Thread 0x000002bc7e87ded0 8863       1       org.springframework.beans.factory.support.DefaultListableBeanFactory::removeManualSingletonName (17 bytes)
Event: 148.557 Thread 0x000002bc7e87ded0 nmethod 8863 0x000002bc01554b10 code [0x000002bc01554ce0, 0x000002bc01554f48]
Event: 148.557 Thread 0x000002bc7e87ded0 8864       1       org.springframework.beans.factory.support.DefaultListableBeanFactory$$Lambda$314/0x00000008002d3d90::<init> (10 bytes)
Event: 148.558 Thread 0x000002bc7e87ded0 nmethod 8864 0x000002bc01555110 code [0x000002bc015552a0, 0x000002bc015553b8]
Event: 148.558 Thread 0x000002bc7e87ded0 8865       1       org.springframework.beans.factory.support.DefaultListableBeanFactory$$Lambda$315/0x00000008002d3fc0::<init> (10 bytes)
Event: 148.558 Thread 0x000002bc7e87ded0 nmethod 8865 0x000002bc01555410 code [0x000002bc015555a0, 0x000002bc015556b8]
Event: 148.558 Thread 0x000002bc7e87ded0 8866       1       javax.management.ObjectName::getDomainLength (9 bytes)
Event: 148.558 Thread 0x000002bc7e87ded0 nmethod 8866 0x000002bc01555710 code [0x000002bc015558a0, 0x000002bc01555978]
Event: 148.559 Thread 0x000002bc7e87ded0 8867       1       org.springframework.beans.factory.support.DefaultListableBeanFactory::clearByTypeCache (19 bytes)
Event: 148.559 Thread 0x000002bc7e87ded0 nmethod 8867 0x000002bc01555a10 code [0x000002bc01555bc0, 0x000002bc01555cf8]
Event: 148.562 Thread 0x000002bc7e87ded0 8868       1       java.util.concurrent.locks.ReentrantLock::lockInterruptibly (8 bytes)
Event: 148.563 Thread 0x000002bc7e87ded0 nmethod 8868 0x000002bc01555d90 code [0x000002bc01555f60, 0x000002bc01556198]
Event: 148.563 Thread 0x000002bc7e87ded0 8869   !   1       java.net.Socket::isClosed (19 bytes)
Event: 148.563 Thread 0x000002bc7e87ded0 nmethod 8869 0x000002bc01556310 code [0x000002bc015564a0, 0x000002bc01556658]
Event: 148.563 Thread 0x000002bc7e87ded0 8870       1       java.util.concurrent.locks.ReentrantLock$Sync::lockInterruptibly (27 bytes)
Event: 148.563 Thread 0x000002bc7e87ded0 nmethod 8870 0x000002bc01556710 code [0x000002bc015568e0, 0x000002bc01556b18]

GC Heap History (20 events):
Event: 4.708 GC heap before
{Heap before GC invocations=15 (full 0):
 garbage-first heap   total 83968K, used 33420K [0x0000000702400000, 0x0000000800000000)
  region size 2048K, 8 young (16384K), 3 survivors (6144K)
 Metaspace       used 59434K, committed 59840K, reserved 1105920K
  class space    used 7922K, committed 8128K, reserved 1048576K
}
Event: 4.711 GC heap after
{Heap after GC invocations=16 (full 0):
 garbage-first heap   total 83968K, used 25902K [0x0000000702400000, 0x0000000800000000)
  region size 2048K, 2 young (4096K), 2 survivors (4096K)
 Metaspace       used 59434K, committed 59840K, reserved 1105920K
  class space    used 7922K, committed 8128K, reserved 1048576K
}
Event: 15.409 GC heap before
{Heap before GC invocations=17 (full 0):
 garbage-first heap   total 83968K, used 62766K [0x0000000702400000, 0x0000000800000000)
  region size 2048K, 20 young (40960K), 2 survivors (4096K)
 Metaspace       used 64059K, committed 64576K, reserved 1105920K
  class space    used 8594K, committed 8832K, reserved 1048576K
}
Event: 15.414 GC heap after
{Heap after GC invocations=18 (full 0):
 garbage-first heap   total 83968K, used 28700K [0x0000000702400000, 0x0000000800000000)
  region size 2048K, 2 young (4096K), 2 survivors (4096K)
 Metaspace       used 64059K, committed 64576K, reserved 1105920K
  class space    used 8594K, committed 8832K, reserved 1048576K
}
Event: 29.619 GC heap before
{Heap before GC invocations=18 (full 0):
 garbage-first heap   total 83968K, used 59420K [0x0000000702400000, 0x0000000800000000)
  region size 2048K, 18 young (36864K), 2 survivors (4096K)
 Metaspace       used 69654K, committed 70144K, reserved 1114112K
  class space    used 9309K, committed 9536K, reserved 1048576K
}
Event: 29.624 GC heap after
{Heap after GC invocations=19 (full 0):
 garbage-first heap   total 83968K, used 31834K [0x0000000702400000, 0x0000000800000000)
  region size 2048K, 2 young (4096K), 2 survivors (4096K)
 Metaspace       used 69654K, committed 70144K, reserved 1114112K
  class space    used 9309K, committed 9536K, reserved 1048576K
}
Event: 35.456 GC heap before
{Heap before GC invocations=19 (full 0):
 garbage-first heap   total 83968K, used 62554K [0x0000000702400000, 0x0000000800000000)
  region size 2048K, 17 young (34816K), 2 survivors (4096K)
 Metaspace       used 70821K, committed 71296K, reserved 1114112K
  class space    used 9450K, committed 9664K, reserved 1048576K
}
Event: 35.459 GC heap after
{Heap after GC invocations=20 (full 0):
 garbage-first heap   total 83968K, used 32434K [0x0000000702400000, 0x0000000800000000)
  region size 2048K, 2 young (4096K), 2 survivors (4096K)
 Metaspace       used 70821K, committed 71296K, reserved 1114112K
  class space    used 9450K, committed 9664K, reserved 1048576K
}
Event: 43.532 GC heap before
{Heap before GC invocations=20 (full 0):
 garbage-first heap   total 83968K, used 63154K [0x0000000702400000, 0x0000000800000000)
  region size 2048K, 17 young (34816K), 2 survivors (4096K)
 Metaspace       used 70969K, committed 71360K, reserved 1114112K
  class space    used 9472K, committed 9664K, reserved 1048576K
}
Event: 43.534 GC heap after
{Heap after GC invocations=21 (full 0):
 garbage-first heap   total 83968K, used 33223K [0x0000000702400000, 0x0000000800000000)
  region size 2048K, 1 young (2048K), 1 survivors (2048K)
 Metaspace       used 70969K, committed 71360K, reserved 1114112K
  class space    used 9472K, committed 9664K, reserved 1048576K
}
Event: 145.733 GC heap before
{Heap before GC invocations=21 (full 0):
 garbage-first heap   total 83968K, used 61895K [0x0000000702400000, 0x0000000800000000)
  region size 2048K, 16 young (32768K), 1 survivors (2048K)
 Metaspace       used 71683K, committed 72192K, reserved 1114112K
  class space    used 9587K, committed 9856K, reserved 1048576K
}
Event: 145.778 GC heap after
{Heap after GC invocations=22 (full 1):
 garbage-first heap   total 83968K, used 26614K [0x0000000702400000, 0x0000000800000000)
  region size 2048K, 0 young (0K), 0 survivors (0K)
 Metaspace       used 71666K, committed 72192K, reserved 1114112K
  class space    used 9584K, committed 9856K, reserved 1048576K
}
Event: 146.082 GC heap before
{Heap before GC invocations=22 (full 1):
 garbage-first heap   total 83968K, used 59382K [0x0000000702400000, 0x0000000800000000)
  region size 2048K, 17 young (34816K), 0 survivors (0K)
 Metaspace       used 71800K, committed 72384K, reserved 1114112K
  class space    used 9604K, committed 9920K, reserved 1048576K
}
Event: 146.084 GC heap after
{Heap after GC invocations=23 (full 1):
 garbage-first heap   total 83968K, used 29664K [0x0000000702400000, 0x0000000800000000)
  region size 2048K, 2 young (4096K), 2 survivors (4096K)
 Metaspace       used 71800K, committed 72384K, reserved 1114112K
  class space    used 9604K, committed 9920K, reserved 1048576K
}
Event: 146.087 GC heap before
{Heap before GC invocations=23 (full 1):
 garbage-first heap   total 83968K, used 58336K [0x0000000702400000, 0x0000000800000000)
  region size 2048K, 17 young (34816K), 2 survivors (4096K)
 Metaspace       used 71800K, committed 72384K, reserved 1114112K
  class space    used 9604K, committed 9920K, reserved 1048576K
}
Event: 146.089 GC heap after
{Heap after GC invocations=24 (full 1):
 garbage-first heap   total 83968K, used 29698K [0x0000000702400000, 0x0000000800000000)
  region size 2048K, 2 young (4096K), 2 survivors (4096K)
 Metaspace       used 71800K, committed 72384K, reserved 1114112K
  class space    used 9604K, committed 9920K, reserved 1048576K
}
Event: 146.435 GC heap before
{Heap before GC invocations=24 (full 1):
 garbage-first heap   total 83968K, used 60418K [0x0000000702400000, 0x0000000800000000)
  region size 2048K, 18 young (36864K), 2 survivors (4096K)
 Metaspace       used 71951K, committed 72512K, reserved 1114112K
  class space    used 9622K, committed 9920K, reserved 1048576K
}
Event: 146.437 GC heap after
{Heap after GC invocations=25 (full 1):
 garbage-first heap   total 83968K, used 31099K [0x0000000702400000, 0x0000000800000000)
  region size 2048K, 3 young (6144K), 3 survivors (6144K)
 Metaspace       used 71951K, committed 72512K, reserved 1114112K
  class space    used 9622K, committed 9920K, reserved 1048576K
}
Event: 147.023 GC heap before
{Heap before GC invocations=25 (full 1):
 garbage-first heap   total 83968K, used 61819K [0x0000000702400000, 0x0000000800000000)
  region size 2048K, 18 young (36864K), 3 survivors (6144K)
 Metaspace       used 72407K, committed 73024K, reserved 1114112K
  class space    used 9661K, committed 9984K, reserved 1048576K
}
Event: 147.027 GC heap after
{Heap after GC invocations=26 (full 1):
 garbage-first heap   total 83968K, used 33381K [0x0000000702400000, 0x0000000800000000)
  region size 2048K, 2 young (4096K), 2 survivors (4096K)
 Metaspace       used 72407K, committed 73024K, reserved 1114112K
  class space    used 9661K, committed 9984K, reserved 1048576K
}

Deoptimization events (6 events):
Event: 1.787 Thread 0x000002bc0f126050 DEOPT PACKING pc=0x000002bc00a4e2f4 sp=0x000000e583bfcb50
Event: 1.787 Thread 0x000002bc0f126050 DEOPT UNPACKING pc=0x000002bc0004dece sp=0x000000e583bfc0a8 mode 0
Event: 4.825 Thread 0x000002bc0f126050 DEOPT PACKING pc=0x000002bc00a29c82 sp=0x000000e583bf95d0
Event: 4.825 Thread 0x000002bc0f126050 DEOPT UNPACKING pc=0x000002bc0004dece sp=0x000000e583bf8ad8 mode 3
Event: 4.825 Thread 0x000002bc0f126050 DEOPT PACKING pc=0x000002bc00a1f3e5 sp=0x000000e583bf9590
Event: 4.825 Thread 0x000002bc0f126050 DEOPT UNPACKING pc=0x000002bc0004dece sp=0x000000e583bf8ad8 mode 3

Classes unloaded (5 events):
Event: 145.745 Thread 0x000002bc7e82d4a0 Unloading class 0x00000008007ddc00 'jdk/internal/reflect/GeneratedSerializationConstructorAccessor22'
Event: 145.745 Thread 0x000002bc7e82d4a0 Unloading class 0x00000008007d3800 'jdk/internal/reflect/GeneratedSerializationConstructorAccessor21'
Event: 145.745 Thread 0x000002bc7e82d4a0 Unloading class 0x00000008007d3400 'jdk/internal/reflect/GeneratedSerializationConstructorAccessor20'
Event: 145.745 Thread 0x000002bc7e82d4a0 Unloading class 0x00000008007d0400 'jdk/internal/reflect/GeneratedSerializationConstructorAccessor19'
Event: 145.745 Thread 0x000002bc7e82d4a0 Unloading class 0x00000008007ac000 'jdk/internal/reflect/GeneratedSerializationConstructorAccessor18'

Classes redefined (0 events):
No events

Internal exceptions (20 events):
Event: 146.866 Thread 0x000002bc7eecc170 Exception <a 'java/lang/ClassNotFoundException'{0x0000000706808178}: it/cnr/istc/psts/wikitel/db/UserEntityCustomizer> (0x0000000706808178) 
thrown [t:\workspace\open\src\hotspot\share\classfile\systemDictionary.cpp, line 256]
Event: 146.869 Thread 0x000002bc7eecc170 Exception <a 'java/lang/ClassNotFoundException'{0x000000070687b760}: java/lang/ObjectCustomizer> (0x000000070687b760) 
thrown [t:\workspace\open\src\hotspot\share\classfile\systemDictionary.cpp, line 256]
Event: 146.869 Thread 0x000002bc7eecc170 Exception <a 'java/lang/ClassNotFoundException'{0x00000007068859a0}: it/cnr/istc/psts/wikitel/db/RuleEntityCustomizer> (0x00000007068859a0) 
thrown [t:\workspace\open\src\hotspot\share\classfile\systemDictionary.cpp, line 256]
Event: 146.871 Thread 0x000002bc7eecc170 Exception <a 'java/lang/ClassNotFoundException'{0x00000007068dd120}: java/lang/ObjectCustomizer> (0x00000007068dd120) 
thrown [t:\workspace\open\src\hotspot\share\classfile\systemDictionary.cpp, line 256]
Event: 146.871 Thread 0x000002bc7eecc170 Exception <a 'java/lang/ClassNotFoundException'{0x00000007068e7910}: it/cnr/istc/psts/wikitel/db/RuleSuggestionRelationEntityCustomizer> (0x00000007068e7910) 
thrown [t:\workspace\open\src\hotspot\share\classfile\systemDictionary.cpp, line 256]
Event: 146.872 Thread 0x000002bc7eecc170 Exception <a 'java/lang/ClassNotFoundException'{0x00000007068fe9b0}: java/lang/ObjectCustomizer> (0x00000007068fe9b0) 
thrown [t:\workspace\open\src\hotspot\share\classfile\systemDictionary.cpp, line 256]
Event: 146.872 Thread 0x000002bc7eecc170 Exception <a 'java/lang/ClassNotFoundException'{0x0000000706908ff0}: it/cnr/istc/psts/wikitel/db/RuleSuggestionRelationIdCustomizer> (0x0000000706908ff0) 
thrown [t:\workspace\open\src\hotspot\share\classfile\systemDictionary.cpp, line 256]
Event: 146.874 Thread 0x000002bc7eecc170 Exception <a 'java/lang/ClassNotFoundException'{0x000000070693d5d8}: java/lang/ObjectCustomizer> (0x000000070693d5d8) 
thrown [t:\workspace\open\src\hotspot\share\classfile\systemDictionary.cpp, line 256]
Event: 146.874 Thread 0x000002bc7eecc170 Exception <a 'java/lang/ClassNotFoundException'{0x00000007069479a8}: it/cnr/istc/psts/wikitel/db/SuggestionEntityCustomizer> (0x00000007069479a8) 
thrown [t:\workspace\open\src\hotspot\share\classfile\systemDictionary.cpp, line 256]
Event: 146.880 Thread 0x000002bc7eecc170 Exception <a 'java/lang/reflect/InvocationTargetException'{0x00000007066cc240}> (0x00000007066cc240) 
thrown [t:\workspace\open\src\hotspot\share\runtime\reflection.cpp, line 1157]
Event: 146.881 Thread 0x000002bc7eecc170 Exception <a 'java/lang/reflect/InvocationTargetException'{0x00000007066d9fd0}> (0x00000007066d9fd0) 
thrown [t:\workspace\open\src\hotspot\share\runtime\reflection.cpp, line 1157]
Event: 146.890 Thread 0x000002bc7eecc170 Exception <a 'java/lang/reflect/InvocationTargetException'{0x00000007064c3bf8}> (0x00000007064c3bf8) 
thrown [t:\workspace\open\src\hotspot\share\runtime\reflection.cpp, line 1157]
Event: 146.891 Thread 0x000002bc7eecc170 Exception <a 'java/lang/reflect/InvocationTargetException'{0x00000007064d4d10}> (0x00000007064d4d10) 
thrown [t:\workspace\open\src\hotspot\share\runtime\reflection.cpp, line 1157]
Event: 146.895 Thread 0x000002bc7eecc170 Exception <a 'java/lang/ClassNotFoundException'{0x0000000706548d40}: java/lang/ObjectCustomizer> (0x0000000706548d40) 
thrown [t:\workspace\open\src\hotspot\share\classfile\systemDictionary.cpp, line 256]
Event: 146.896 Thread 0x000002bc7eecc170 Exception <a 'java/lang/ClassNotFoundException'{0x0000000706552bc0}: it/cnr/istc/psts/wikitel/db/SuggestionEntityCustomizer> (0x0000000706552bc0) 
thrown [t:\workspace\open\src\hotspot\share\classfile\systemDictionary.cpp, line 256]
Event: 146.896 Thread 0x000002bc7eecc170 Exception <a 'java/lang/ClassNotFoundException'{0x000000070655aa70}: it/cnr/istc/psts/wikitel/db/WikiSuggestionEntityCustomizer> (0x000000070655aa70) 
thrown [t:\workspace\open\src\hotspot\share\classfile\systemDictionary.cpp, line 256]
Event: 146.899 Thread 0x000002bc7eecc170 Exception <a 'java/lang/reflect/InvocationTargetException'{0x0000000706220a08}> (0x0000000706220a08) 
thrown [t:\workspace\open\src\hotspot\share\runtime\reflection.cpp, line 1157]
Event: 146.922 Thread 0x000002bc7eecc170 Exception <a 'java/lang/reflect/InvocationTargetException'{0x0000000705e87ba0}> (0x0000000705e87ba0) 
thrown [t:\workspace\open\src\hotspot\share\runtime\reflection.cpp, line 1157]
Event: 146.923 Thread 0x000002bc7eecc170 Exception <a 'java/lang/reflect/InvocationTargetException'{0x0000000705e95080}> (0x0000000705e95080) 
thrown [t:\workspace\open\src\hotspot\share\runtime\reflection.cpp, line 1157]
Event: 148.556 Thread 0x000002bc7eec7710 Exception <a 'java/lang/InterruptedException'{0x000000070a073608}: sleep interrupted> (0x000000070a073608) 
thrown [t:\workspace\open\src\hotspot\share\prims\jvm.cpp, line 3305]

Events (20 events):
Event: 148.535 Thread 0x000002bc7eec7c60 Thread added: 0x000002bc7eec7c60
Event: 148.535 Thread 0x000002bc7eeca190 Thread exited: 0x000002bc7eeca190
Event: 148.553 Thread 0x000002bc7eeccc10 Thread exited: 0x000002bc7eeccc10
Event: 148.555 Executing  VM operation: ThreadDump
Event: 148.555 Executing  VM operation: ThreadDump done
Event: 148.555 Executing  VM operation: ThreadDump
Event: 148.555 Executing  VM operation: ThreadDump done
Event: 148.556 Executing  VM operation: ThreadDump
Event: 148.556 Executing  VM operation: ThreadDump done
Event: 148.556 Executing  VM operation: ThreadDump
Event: 148.556 Executing  VM operation: ThreadDump done
Event: 148.556 Thread 0x000002bc7eec5c80 Thread exited: 0x000002bc7eec5c80
Event: 148.556 Thread 0x000002bc7eec7710 Thread exited: 0x000002bc7eec7710
Event: 148.557 Thread 0x000002bc7eecac30 Thread exited: 0x000002bc7eecac30
Event: 148.557 Thread 0x000002bc7eecc6c0 Thread exited: 0x000002bc7eecc6c0
Event: 148.561 Thread 0x000002bc7eec7710 Thread added: 0x000002bc7eec7710
Event: 148.562 Thread 0x000002bc7eec6720 Thread exited: 0x000002bc7eec6720
Event: 148.562 Thread 0x000002bc7eecd6b0 Thread exited: 0x000002bc7eecd6b0
Event: 148.564 Thread 0x000002bc7eec7710 Thread exited: 0x000002bc7eec7710
Event: 148.564 Executing  VM operation: G1CollectFull


Dynamic libraries:
0x00007ff76f940000 - 0x00007ff76f94e000 	C:\Users\utente\Desktop\Uni\ST4\contents\sts-4.11.1.RELEASE\plugins\org.eclipse.justj.openjdk.hotspot.jre.full.win32.x86_64_16.0.2.v20210721-1149\jre\bin\javaw.exe
0x00007ffbac720000 - 0x00007ffbac927000 	C:\WINDOWS\SYSTEM32\ntdll.dll
0x00007ffb91270000 - 0x00007ffb91286000 	C:\Program Files\AVG\Antivirus\aswhook.dll
0x00007ffbab280000 - 0x00007ffbab33d000 	C:\WINDOWS\System32\KERNEL32.DLL
0x00007ffbaa010000 - 0x00007ffbaa384000 	C:\WINDOWS\System32\KERNELBASE.dll
0x00007ffba9e20000 - 0x00007ffba9f31000 	C:\WINDOWS\System32\ucrtbase.dll
0x00007ffb405d0000 - 0x00007ffb405e8000 	C:\Users\utente\Desktop\Uni\ST4\contents\sts-4.11.1.RELEASE\plugins\org.eclipse.justj.openjdk.hotspot.jre.full.win32.x86_64_16.0.2.v20210721-1149\jre\bin\jli.dll
0x00007ffba5070000 - 0x00007ffba5089000 	C:\Users\utente\Desktop\Uni\ST4\contents\sts-4.11.1.RELEASE\plugins\org.eclipse.justj.openjdk.hotspot.jre.full.win32.x86_64_16.0.2.v20210721-1149\jre\bin\VCRUNTIME140.dll
0x00007ffbac220000 - 0x00007ffbac3cc000 	C:\WINDOWS\System32\USER32.dll
0x00007ffb90ac0000 - 0x00007ffb90d65000 	C:\WINDOWS\WinSxS\amd64_microsoft.windows.common-controls_6595b64144ccf1df_6.0.22000.120_none_9d947278b86cc467\COMCTL32.dll
0x00007ffba9f40000 - 0x00007ffba9f66000 	C:\WINDOWS\System32\win32u.dll
0x00007ffbaa6e0000 - 0x00007ffbaa783000 	C:\WINDOWS\System32\msvcrt.dll
0x00007ffbaa810000 - 0x00007ffbaa839000 	C:\WINDOWS\System32\GDI32.dll
0x00007ffba9c10000 - 0x00007ffba9d22000 	C:\WINDOWS\System32\gdi32full.dll
0x00007ffba9f70000 - 0x00007ffbaa00d000 	C:\WINDOWS\System32\msvcp_win.dll
0x00007ffbaaa80000 - 0x00007ffbaaab1000 	C:\WINDOWS\System32\IMM32.DLL
0x00007ffba5060000 - 0x00007ffba506c000 	C:\Users\utente\Desktop\Uni\ST4\contents\sts-4.11.1.RELEASE\plugins\org.eclipse.justj.openjdk.hotspot.jre.full.win32.x86_64_16.0.2.v20210721-1149\jre\bin\vcruntime140_1.dll
0x00007ffb910e0000 - 0x00007ffb91171000 	C:\Users\utente\Desktop\Uni\ST4\contents\sts-4.11.1.RELEASE\plugins\org.eclipse.justj.openjdk.hotspot.jre.full.win32.x86_64_16.0.2.v20210721-1149\jre\bin\msvcp140.dll
0x00007ffb22d60000 - 0x00007ffb2390b000 	C:\Users\utente\Desktop\Uni\ST4\contents\sts-4.11.1.RELEASE\plugins\org.eclipse.justj.openjdk.hotspot.jre.full.win32.x86_64_16.0.2.v20210721-1149\jre\bin\server\jvm.dll
0x00007ffbac000000 - 0x00007ffbac0ae000 	C:\WINDOWS\System32\ADVAPI32.dll
0x00007ffbaa9e0000 - 0x00007ffbaaa7e000 	C:\WINDOWS\System32\sechost.dll
0x00007ffbaaf30000 - 0x00007ffbab050000 	C:\WINDOWS\System32\RPCRT4.dll
0x00007ffbab270000 - 0x00007ffbab278000 	C:\WINDOWS\System32\PSAPI.DLL
0x00007ffb907f0000 - 0x00007ffb907f9000 	C:\WINDOWS\SYSTEM32\WSOCK32.dll
0x00007ffba2ee0000 - 0x00007ffba2f13000 	C:\WINDOWS\SYSTEM32\WINMM.dll
0x00007ffba1000000 - 0x00007ffba100a000 	C:\WINDOWS\SYSTEM32\VERSION.dll
0x00007ffbab460000 - 0x00007ffbab4cf000 	C:\WINDOWS\System32\WS2_32.dll
0x00007ffba8e00000 - 0x00007ffba8e18000 	C:\WINDOWS\SYSTEM32\kernel.appcore.dll
0x00007ffba4ba0000 - 0x00007ffba4baa000 	C:\Users\utente\Desktop\Uni\ST4\contents\sts-4.11.1.RELEASE\plugins\org.eclipse.justj.openjdk.hotspot.jre.full.win32.x86_64_16.0.2.v20210721-1149\jre\bin\jimage.dll
0x00007ffba7120000 - 0x00007ffba7341000 	C:\WINDOWS\SYSTEM32\DBGHELP.DLL
0x00007ffb9ce50000 - 0x00007ffb9ce81000 	C:\WINDOWS\SYSTEM32\dbgcore.DLL
0x00007ffba9da0000 - 0x00007ffba9e1f000 	C:\WINDOWS\System32\bcryptPrimitives.dll
0x00007ffb3e2d0000 - 0x00007ffb3e2f5000 	C:\Users\utente\Desktop\Uni\ST4\contents\sts-4.11.1.RELEASE\plugins\org.eclipse.justj.openjdk.hotspot.jre.full.win32.x86_64_16.0.2.v20210721-1149\jre\bin\java.dll
0x00007ffb3fe00000 - 0x00007ffb3fe18000 	C:\Users\utente\Desktop\Uni\ST4\contents\sts-4.11.1.RELEASE\plugins\org.eclipse.justj.openjdk.hotspot.jre.full.win32.x86_64_16.0.2.v20210721-1149\jre\bin\zip.dll
0x00007ffbab850000 - 0x00007ffbabffe000 	C:\WINDOWS\System32\SHELL32.dll
0x00007ffba7d90000 - 0x00007ffba85f7000 	C:\WINDOWS\SYSTEM32\windows.storage.dll
0x00007ffbab4d0000 - 0x00007ffbab848000 	C:\WINDOWS\System32\combase.dll
0x00007ffba7c20000 - 0x00007ffba7d86000 	C:\WINDOWS\SYSTEM32\wintypes.dll
0x00007ffbab370000 - 0x00007ffbab45a000 	C:\WINDOWS\System32\SHCORE.dll
0x00007ffbaa620000 - 0x00007ffbaa67d000 	C:\WINDOWS\System32\shlwapi.dll
0x00007ffba9b40000 - 0x00007ffba9b61000 	C:\WINDOWS\SYSTEM32\profapi.dll
0x00007ffb3e1e0000 - 0x00007ffb3e1f9000 	C:\Users\utente\Desktop\Uni\ST4\contents\sts-4.11.1.RELEASE\plugins\org.eclipse.justj.openjdk.hotspot.jre.full.win32.x86_64_16.0.2.v20210721-1149\jre\bin\net.dll
0x00007ffba4720000 - 0x00007ffba482c000 	C:\WINDOWS\SYSTEM32\WINHTTP.dll
0x00007ffba9230000 - 0x00007ffba9297000 	C:\WINDOWS\system32\mswsock.dll
0x00007ffb3dc20000 - 0x00007ffb3dc33000 	C:\Users\utente\Desktop\Uni\ST4\contents\sts-4.11.1.RELEASE\plugins\org.eclipse.justj.openjdk.hotspot.jre.full.win32.x86_64_16.0.2.v20210721-1149\jre\bin\nio.dll
0x00007ffb97a50000 - 0x00007ffb97a59000 	C:\Users\utente\Desktop\Uni\ST4\contents\sts-4.11.1.RELEASE\plugins\org.eclipse.justj.openjdk.hotspot.jre.full.win32.x86_64_16.0.2.v20210721-1149\jre\bin\management.dll
0x00007ffb97a40000 - 0x00007ffb97a4b000 	C:\Users\utente\Desktop\Uni\ST4\contents\sts-4.11.1.RELEASE\plugins\org.eclipse.justj.openjdk.hotspot.jre.full.win32.x86_64_16.0.2.v20210721-1149\jre\bin\management_ext.dll
0x00007ffb857b0000 - 0x00007ffb857c7000 	C:\WINDOWS\system32\napinsp.dll
0x00007ffb85790000 - 0x00007ffb857ab000 	C:\WINDOWS\system32\pnrpnsp.dll
0x00007ffba88e0000 - 0x00007ffba89c7000 	C:\WINDOWS\SYSTEM32\DNSAPI.dll
0x00007ffba88b0000 - 0x00007ffba88dd000 	C:\WINDOWS\SYSTEM32\IPHLPAPI.DLL
0x00007ffbac5b0000 - 0x00007ffbac5b9000 	C:\WINDOWS\System32\NSI.dll
0x00007ffb85770000 - 0x00007ffb85782000 	C:\WINDOWS\System32\winrnr.dll
0x00007ffb85750000 - 0x00007ffb85765000 	C:\WINDOWS\system32\wshbth.dll
0x00007ffb85730000 - 0x00007ffb8574f000 	C:\WINDOWS\system32\nlansp_c.dll
0x00007ffba11f0000 - 0x00007ffba11fa000 	C:\Windows\System32\rasadhlp.dll
0x00007ffba22e0000 - 0x00007ffba2361000 	C:\WINDOWS\System32\fwpuclnt.dll
0x00007ffba9470000 - 0x00007ffba9488000 	C:\WINDOWS\SYSTEM32\CRYPTSP.dll
0x00007ffba8d60000 - 0x00007ffba8d95000 	C:\WINDOWS\system32\rsaenh.dll
0x00007ffba9320000 - 0x00007ffba9349000 	C:\WINDOWS\SYSTEM32\USERENV.dll
0x00007ffba95f0000 - 0x00007ffba9617000 	C:\WINDOWS\SYSTEM32\bcrypt.dll
0x00007ffba9490000 - 0x00007ffba949c000 	C:\WINDOWS\SYSTEM32\CRYPTBASE.dll
0x00007ffba4530000 - 0x00007ffba4549000 	C:\WINDOWS\SYSTEM32\dhcpcsvc6.DLL
0x00007ffba4930000 - 0x00007ffba494e000 	C:\WINDOWS\SYSTEM32\dhcpcsvc.DLL
0x00007ffb90f70000 - 0x00007ffb90f80000 	C:\Users\utente\Desktop\Uni\ST4\contents\sts-4.11.1.RELEASE\plugins\org.eclipse.justj.openjdk.hotspot.jre.full.win32.x86_64_16.0.2.v20210721-1149\jre\bin\verify.dll
0x00007ffb9c470000 - 0x00007ffb9c47e000 	C:\Users\utente\Desktop\Uni\ST4\contents\sts-4.11.1.RELEASE\plugins\org.eclipse.justj.openjdk.hotspot.jre.full.win32.x86_64_16.0.2.v20210721-1149\jre\bin\sunmscapi.dll
0x00007ffbaa450000 - 0x00007ffbaa5b2000 	C:\WINDOWS\System32\CRYPT32.dll
0x00007ffba95c0000 - 0x00007ffba95e8000 	C:\WINDOWS\SYSTEM32\ncrypt.dll
0x00007ffba9580000 - 0x00007ffba95b7000 	C:\WINDOWS\SYSTEM32\NTASN1.dll
0x00007ffba64c0000 - 0x00007ffba64cf000 	C:\Users\utente\Desktop\Nuova cartella (6)\oRatio-3.0\build\bin\Release\json.dll
0x00007ffb97c50000 - 0x00007ffb97c91000 	C:\Users\utente\Desktop\Nuova cartella (6)\oRatio-3.0\build\bin\Release\smt.dll
0x00007ffba4fd0000 - 0x00007ffba4ff0000 	C:\Users\utente\Desktop\Nuova cartella (6)\oRatio-3.0\build\bin\Release\riddle.dll
0x00007ffb97970000 - 0x00007ffb979b7000 	C:\Users\utente\Desktop\Nuova cartella (6)\oRatio-3.0\build\bin\Release\core.dll
0x00007ffb95430000 - 0x00007ffb95472000 	C:\Users\utente\Desktop\Nuova cartella (6)\oRatio-3.0\build\bin\Release\solver.dll
0x00007ffba0fc0000 - 0x00007ffba0fd3000 	C:\Users\utente\Desktop\Nuova cartella (6)\oRatio-3.0\build\bin\Release\executor.dll
0x00007ffb9cae0000 - 0x00007ffb9caf4000 	C:\Users\utente\Desktop\Nuova cartella (6)\oRatio-3.0\build\bin\Release\solver-java-api.dll
0x00007ffba50b0000 - 0x00007ffba50bc000 	C:\Users\utente\Desktop\Nuova cartella (6)\oRatio-3.0\build\bin\Release\executor-java-api.dll
0x00007ffba4b10000 - 0x00007ffba4b18000 	C:\WINDOWS\system32\wshunix.dll
0x00007ffb85830000 - 0x00007ffb85856000 	C:\WINDOWS\SYSTEM32\apisethost.appexecutionalias.dll
0x00007ffb84c60000 - 0x00007ffb84d64000 	C:\WINDOWS\SYSTEM32\daxexec.dll
0x00007ffbac0b0000 - 0x00007ffbac186000 	C:\WINDOWS\System32\OLEAUT32.dll
0x00007ffb84c10000 - 0x00007ffb84c53000 	C:\WINDOWS\SYSTEM32\container.dll
0x00007ffbab0d0000 - 0x00007ffbab17f000 	C:\WINDOWS\System32\clbcatq.dll
0x00007ffb8f4b0000 - 0x00007ffb8f5e4000 	C:\Windows\System32\Windows.StateRepositoryPS.dll
0x00007ffb84710000 - 0x00007ffb8477c000 	C:\WINDOWS\SYSTEM32\AppXAllUserStore.dll
0x00007ffb99850000 - 0x00007ffb9988e000 	C:\WINDOWS\SYSTEM32\windows.staterepositoryclient.dll
0x00007ffba20c0000 - 0x00007ffba20db000 	C:\WINDOWS\SYSTEM32\windows.staterepositorycore.dll
0x00007ffb84250000 - 0x00007ffb842b3000 	C:\WINDOWS\SYSTEM32\capauthz.dll
0x00007ffba75c0000 - 0x00007ffba75f4000 	C:\WINDOWS\SYSTEM32\ntmarta.dll

dbghelp: loaded successfully - version: 4.0.5 - missing functions: none
symbol engine: initialized successfully - sym options: 0x614 - pdb path: .;C:\Users\utente\Desktop\Uni\ST4\contents\sts-4.11.1.RELEASE\plugins\org.eclipse.justj.openjdk.hotspot.jre.full.win32.x86_64_16.0.2.v20210721-1149\jre\bin;C:\WINDOWS\SYSTEM32;C:\Program Files\AVG\Antivirus;C:\WINDOWS\WinSxS\amd64_microsoft.windows.common-controls_6595b64144ccf1df_6.0.22000.120_none_9d947278b86cc467;C:\Users\utente\Desktop\Uni\ST4\contents\sts-4.11.1.RELEASE\plugins\org.eclipse.justj.openjdk.hotspot.jre.full.win32.x86_64_16.0.2.v20210721-1149\jre\bin\server;C:\Users\utente\Desktop\Nuova cartella (6)\oRatio-3.0\build\bin\Release

VM Arguments:
jvm_args: -Dcom.sun.management.jmxremote -Dcom.sun.management.jmxremote.port=62418 -Dcom.sun.management.jmxremote.authenticate=false -Dcom.sun.management.jmxremote.ssl=false -Djava.rmi.server.hostname=localhost -Dspring.jmx.enabled=true -Dspring.application.admin.enabled=true -Djava.library.path=C:\Users\utente\Desktop\Nuova cartella (4)\oRatio-3.0\build\bin\Release;C:\Users\utente\Desktop\Nuova cartella (6)\oRatio-3.0\build\bin\Release -XX:TieredStopAtLevel=1 -Dspring.boot.project.name=Wikitel-new -Dfile.encoding=UTF-8 -XX:+ShowCodeDetailsInExceptionMessages 
java_command: it.cnr.istc.psts.WikitelNewApplication --spring.output.ansi.enabled=always
java_class_path (initial): C:\Users\utente\Documents\workspace-spring-tool-suite-4-4.11.1.RELEASE\Wikitel-new\target\classes;C:\Users\utente\Desktop\Nuova cartella (6)\oRatio-3.0\api\java\target\oratio-1.0.jar;C:\Users\utente\.m2\repository\org\springframework\boot\spring-boot-starter-data-jpa\2.5.7\spring-boot-starter-data-jpa-2.5.7.jar;C:\Users\utente\.m2\repository\org\springframework\boot\spring-boot-starter-aop\2.5.7\spring-boot-starter-aop-2.5.7.jar;C:\Users\utente\.m2\repository\org\aspectj\aspectjweaver\1.9.7\aspectjweaver-1.9.7.jar;C:\Users\utente\.m2\repository\org\springframework\boot\spring-boot-starter-jdbc\2.5.7\spring-boot-starter-jdbc-2.5.7.jar;C:\Users\utente\.m2\repository\com\zaxxer\HikariCP\4.0.3\HikariCP-4.0.3.jar;C:\Users\utente\.m2\repository\org\springframework\spring-jdbc\5.3.13\spring-jdbc-5.3.13.jar;C:\Users\utente\.m2\repository\jakarta\transaction\jakarta.transaction-api\1.3.3\jakarta.transaction-api-1.3.3.jar;C:\Users\utente\.m2\repository\jakarta\persistence\jakarta.persistence-api\2.2.3\jakarta.persistence-api-2.2.3.jar;C:\Users\utente\.m2\repository\org\hibernate\hibernate-core\5.4.32.Final\hibernate-core-5.4.32.Final.jar;C:\Users\utente\.m2\repository\org\jboss\logging\jboss-logging\3.4.2.Final\jboss-logging-3.4.2.Final.jar;C:\Users\utente\.m2\repository\org\javassist\javassist\3.27.0-GA\javassist-3.27.0-GA.jar;C:\Users\utente\.m2\repository\net\bytebuddy\byte-buddy\1.10.22\byte-buddy-1.10.22.jar;C:\Users\utente\.m2\repository\antlr\antlr\2.7.7\antlr-2.7.7.jar;C:\Users\utente\.m2\repository\org\jboss\jandex\2.2.3.Final\jandex-2.2.3.Final.jar;C:\Users\utente\.m2\repository\com\fasterxml\classmate\1.5.1\classmate-1.5.1.jar;C:\Users\utente\.m2\repository\org\dom4j\dom4j\2.1.3\dom4j-2.1.3.jar;C:\Users\utente\.m2\repository\org\hibernate\common\hibernate-commons-annotations\5.1.2.Final\hibernate-commons-annotations-5.1.2.Final.jar;C:\Users\utente\.m2\repository\org\glassfish\jaxb\jaxb-runtime\2.3.5\jaxb-runtime-2.3.5.jar;C:\Users\utent
Launcher Type: SUN_STANDARD

[Global flags]
     intx CICompilerCount                          = 4                                         {product} {ergonomic}
     uint ConcGCThreads                            = 3                                         {product} {ergonomic}
     uint G1ConcRefinementThreads                  = 10                                        {product} {ergonomic}
   size_t G1HeapRegionSize                         = 2097152                                   {product} {ergonomic}
    uintx GCDrainStackTargetSize                   = 64                                        {product} {ergonomic}
   size_t InitialHeapSize                          = 266338304                                 {product} {ergonomic}
     bool ManagementServer                         = true                                      {product} {command line}
   size_t MarkStackSize                            = 4194304                                   {product} {ergonomic}
   size_t MaxHeapSize                              = 4257218560                                {product} {ergonomic}
   size_t MaxNewSize                               = 2554331136                                {product} {ergonomic}
   size_t MinHeapDeltaBytes                        = 2097152                                   {product} {ergonomic}
   size_t MinHeapSize                              = 8388608                                   {product} {ergonomic}
    uintx NonNMethodCodeHeapSize                   = 7549744                                {pd product} {ergonomic}
    uintx NonProfiledCodeHeapSize                  = 244108496                              {pd product} {ergonomic}
    uintx ProfiledCodeHeapSize                     = 0                                      {pd product} {ergonomic}
    uintx ReservedCodeCacheSize                    = 251658240                              {pd product} {ergonomic}
     bool SegmentedCodeCache                       = true                                      {product} {ergonomic}
     bool ShowCodeDetailsInExceptionMessages       = true                                   {manageable} {command line}
   size_t SoftMaxHeapSize                          = 4257218560                             {manageable} {ergonomic}
     intx TieredStopAtLevel                        = 1                                         {product} {command line}
     bool UseCompressedClassPointers               = true                           {product lp64_product} {ergonomic}
     bool UseCompressedOops                        = true                           {product lp64_product} {ergonomic}
     bool UseG1GC                                  = true                                      {product} {ergonomic}
     bool UseLargePagesIndividualAllocation        = false                                  {pd product} {ergonomic}

Logging:
Log output configuration:
 #0: stdout all=warning uptime,level,tags
 #1: stderr all=off uptime,level,tags

Environment Variables:
JAVA_HOME=C:\Program Files\Java\jdk-17.0.1
PATH=C:/Users/utente/Desktop/Uni/ST4/contents/sts-4.11.1.RELEASE//plugins/org.eclipse.justj.openjdk.hotspot.jre.full.win32.x86_64_16.0.2.v20210721-1149/jre/bin/server;C:/Users/utente/Desktop/Uni/ST4/contents/sts-4.11.1.RELEASE//plugins/org.eclipse.justj.openjdk.hotspot.jre.full.win32.x86_64_16.0.2.v20210721-1149/jre/bin;C:\Program Files (x86)\Common Files\Intel\Shared Libraries\redist\intel64\compiler;C:\Program Files (x86)\Common Files\Oracle\Java\javapath;C:\windows\system32;C:\windows;C:\windows\System32\Wbem;C:\windows\System32\WindowsPowerShell\v1.0\;C:\windows\System32\OpenSSH\;C:\Program Files (x86)\NVIDIA Corporation\PhysX\Common;C:\Program Files\NVIDIA Corporation\NVIDIA NvDLISR;C:\WINDOWS\system32;C:\WINDOWS;C:\WINDOWS\System32\Wbem;C:\WINDOWS\System32\WindowsPowerShell\v1.0\;C:\WINDOWS\System32\OpenSSH\;C:\Program Files (x86)\Objective Caml\bin;C:\WINDOWS\system32;C:\WINDOWS;C:\WINDOWS\System32\Wbem;C:\WINDOWS\System32\WindowsPowerShell\v1.0\;C:\WINDOWS\System32\OpenSSH\;C:\Program Files\Git\cmd;C:\apache-maven-3.8.3\bin;C:\apache-maven-3.8.3\bin;C:\db-derby-10.14.2.0-bin;C:\db-derby-10.14.2.0-bin;C:\Program Files\Git\bin;C:\Program Files\CMake\bin;C:\Users\utente\Documents\oRatio-3.0\oRatio-3.0\build\bin\Debug;C:\msys64\mingw64\bin;C:\Users\utente\AppData\Local\Microsoft\WindowsApps;C:\Users\utente\AppData\Local\GitHubDesktop\bin;C:\Users\utente\AppData\Local\Programs\Microsoft VS Code\bin;C:\Users\utente\Desktop\apache-maven-3.8.3;C:\Program Files\CMake\bin;C:\Users\utente\Documents\oRatio-3.0\oRatio-3.0\build\bin\Debug;C:\msys64\mingw64\bin;;C:\Users\utente\Desktop\Uni\ST4\contents\sts-4.11.1.RELEASE;
USERNAME=utente
OS=Windows_NT
PROCESSOR_IDENTIFIER=Intel64 Family 6 Model 158 Stepping 10, GenuineIntel



---------------  S Y S T E M  ---------------

OS:
 Windows 10 , 64 bit Build 22000 (10.0.22000.434)
OS uptime: 6 days 23:07 hours

CPU: total 12 (initial active 12) (6 cores per cpu, 2 threads per core) family 6 model 158 stepping 10 microcode 0xde, cx8, cmov, fxsr, ht, mmx, 3dnowpref, sse, sse2, sse3, ssse3, sse4.1, sse4.2, popcnt, lzcnt, tsc, tscinvbit, avx, avx2, aes, erms, clmul, bmi1, bmi2, adx, fma, vzeroupper, clflush, clflushopt

Memory: 4k page, system-wide physical 16233M (2545M free)
TotalPageFile size 65385M (AvailPageFile size 40M)
current process WorkingSet (physical memory assigned to process): 241M, peak: 243M
current process commit charge ("private bytes"): 276M, peak: 366M

vm_info: OpenJDK 64-Bit Server VM (16.0.2+7-67) for windows-amd64 JRE (16.0.2+7-67), built on Jun  8 2021 23:21:43 by "mach5one" with MS VC++ 16.7 (VS2019)

END.
